[0.847s] DEBUG:colcon:Command line arguments: ['/usr/bin/colcon', 'build']
[0.847s] DEBUG:colcon:Parsed command line arguments: Namespace(log_base=None, log_level=None, verb_name='build', build_base='build', install_base='install', merge_install=False, symlink_install=False, test_result_base=None, continue_on_error=False, executor='parallel', parallel_workers=16, event_handlers=None, ignore_user_meta=False, metas=['./colcon.meta'], base_paths=['.'], packages_ignore=None, packages_ignore_regex=None, paths=None, packages_up_to=None, packages_up_to_regex=None, packages_above=None, packages_above_and_dependencies=None, packages_above_depth=None, packages_select_by_dep=None, packages_skip_by_dep=None, packages_skip_up_to=None, packages_select_build_failed=False, packages_skip_build_finished=False, packages_select_test_failures=False, packages_skip_test_passed=False, packages_select=None, packages_skip=None, packages_select_regex=None, packages_skip_regex=None, packages_start=None, packages_end=None, allow_overriding=[], cmake_args=None, cmake_target=None, cmake_target_skip_unavailable=False, cmake_clean_cache=False, cmake_clean_first=False, cmake_force_configure=False, ament_cmake_args=None, catkin_cmake_args=None, catkin_skip_building_tests=False, verb_parser=<colcon_defaults.argument_parser.defaults.DefaultArgumentsDecorator object at 0x7fcba4306500>, verb_extension=<colcon_core.verb.build.BuildVerb object at 0x7fcba4497700>, main=<bound method BuildVerb.main of <colcon_core.verb.build.BuildVerb object at 0x7fcba4497700>>)
[0.887s] Level 1:colcon.colcon_core.package_discovery:discover_packages(colcon_meta) check parameters
[0.887s] Level 1:colcon.colcon_core.package_discovery:discover_packages(recursive) check parameters
[0.887s] Level 1:colcon.colcon_core.package_discovery:discover_packages(ignore) check parameters
[0.887s] Level 1:colcon.colcon_core.package_discovery:discover_packages(path) check parameters
[0.887s] Level 1:colcon.colcon_core.package_discovery:discover_packages(colcon_meta) discover
[0.887s] Level 1:colcon.colcon_core.package_discovery:discover_packages(recursive) discover
[0.887s] INFO:colcon.colcon_core.package_discovery:Crawling recursively for packages in '/home/akshar/eyrc_hb/hb_task5_ws'
[0.887s] Level 1:colcon.colcon_core.package_identification:_identify(.) by extensions ['ignore', 'ignore_ament_install']
[0.888s] Level 1:colcon.colcon_core.package_identification:_identify(.) by extension 'ignore'
[0.888s] Level 1:colcon.colcon_core.package_identification:_identify(.) by extension 'ignore_ament_install'
[0.888s] Level 1:colcon.colcon_core.package_identification:_identify(.) by extensions ['colcon_pkg']
[0.888s] Level 1:colcon.colcon_core.package_identification:_identify(.) by extension 'colcon_pkg'
[0.888s] Level 1:colcon.colcon_core.package_identification:_identify(.) by extensions ['colcon_meta']
[0.888s] Level 1:colcon.colcon_core.package_identification:_identify(.) by extension 'colcon_meta'
[0.888s] Level 1:colcon.colcon_core.package_identification:_identify(.) by extensions ['ros']
[0.888s] Level 1:colcon.colcon_core.package_identification:_identify(.) by extension 'ros'
[0.898s] Level 1:colcon.colcon_core.package_identification:_identify(.) by extensions ['cmake', 'python']
[0.898s] Level 1:colcon.colcon_core.package_identification:_identify(.) by extension 'cmake'
[0.898s] Level 1:colcon.colcon_core.package_identification:_identify(.) by extension 'python'
[0.898s] Level 1:colcon.colcon_core.package_identification:_identify(.) by extensions ['python_setup_py']
[0.898s] Level 1:colcon.colcon_core.package_identification:_identify(.) by extension 'python_setup_py'
[0.898s] Level 1:colcon.colcon_core.package_identification:_identify(build) by extensions ['ignore', 'ignore_ament_install']
[0.898s] Level 1:colcon.colcon_core.package_identification:_identify(build) by extension 'ignore'
[0.899s] Level 1:colcon.colcon_core.package_identification:_identify(build) ignored
[0.899s] Level 1:colcon.colcon_core.package_identification:_identify(install) by extensions ['ignore', 'ignore_ament_install']
[0.899s] Level 1:colcon.colcon_core.package_identification:_identify(install) by extension 'ignore'
[0.899s] Level 1:colcon.colcon_core.package_identification:_identify(install) ignored
[0.899s] Level 1:colcon.colcon_core.package_identification:_identify(log) by extensions ['ignore', 'ignore_ament_install']
[0.899s] Level 1:colcon.colcon_core.package_identification:_identify(log) by extension 'ignore'
[0.899s] Level 1:colcon.colcon_core.package_identification:_identify(log) ignored
[0.899s] Level 1:colcon.colcon_core.package_identification:_identify(src) by extensions ['ignore', 'ignore_ament_install']
[0.899s] Level 1:colcon.colcon_core.package_identification:_identify(src) by extension 'ignore'
[0.899s] Level 1:colcon.colcon_core.package_identification:_identify(src) by extension 'ignore_ament_install'
[0.899s] Level 1:colcon.colcon_core.package_identification:_identify(src) by extensions ['colcon_pkg']
[0.899s] Level 1:colcon.colcon_core.package_identification:_identify(src) by extension 'colcon_pkg'
[0.900s] Level 1:colcon.colcon_core.package_identification:_identify(src) by extensions ['colcon_meta']
[0.900s] Level 1:colcon.colcon_core.package_identification:_identify(src) by extension 'colcon_meta'
[0.900s] Level 1:colcon.colcon_core.package_identification:_identify(src) by extensions ['ros']
[0.900s] Level 1:colcon.colcon_core.package_identification:_identify(src) by extension 'ros'
[0.900s] Level 1:colcon.colcon_core.package_identification:_identify(src) by extensions ['cmake', 'python']
[0.900s] Level 1:colcon.colcon_core.package_identification:_identify(src) by extension 'cmake'
[0.900s] Level 1:colcon.colcon_core.package_identification:_identify(src) by extension 'python'
[0.900s] Level 1:colcon.colcon_core.package_identification:_identify(src) by extensions ['python_setup_py']
[0.900s] Level 1:colcon.colcon_core.package_identification:_identify(src) by extension 'python_setup_py'
[0.900s] Level 1:colcon.colcon_core.package_identification:_identify(src/hb_task5a) by extensions ['ignore', 'ignore_ament_install']
[0.900s] Level 1:colcon.colcon_core.package_identification:_identify(src/hb_task5a) by extension 'ignore'
[0.900s] Level 1:colcon.colcon_core.package_identification:_identify(src/hb_task5a) by extension 'ignore_ament_install'
[0.900s] Level 1:colcon.colcon_core.package_identification:_identify(src/hb_task5a) by extensions ['colcon_pkg']
[0.900s] Level 1:colcon.colcon_core.package_identification:_identify(src/hb_task5a) by extension 'colcon_pkg'
[0.900s] Level 1:colcon.colcon_core.package_identification:_identify(src/hb_task5a) by extensions ['colcon_meta']
[0.900s] Level 1:colcon.colcon_core.package_identification:_identify(src/hb_task5a) by extension 'colcon_meta'
[0.900s] Level 1:colcon.colcon_core.package_identification:_identify(src/hb_task5a) by extensions ['ros']
[0.900s] Level 1:colcon.colcon_core.package_identification:_identify(src/hb_task5a) by extension 'ros'
[0.903s] DEBUG:colcon.colcon_core.package_identification:Package 'src/hb_task5a' with type 'ros.ament_python' and name 'hb_task5a'
[0.903s] Level 1:colcon.colcon_core.package_identification:_identify(src/my_robot_interfaces) by extensions ['ignore', 'ignore_ament_install']
[0.903s] Level 1:colcon.colcon_core.package_identification:_identify(src/my_robot_interfaces) by extension 'ignore'
[0.903s] Level 1:colcon.colcon_core.package_identification:_identify(src/my_robot_interfaces) by extension 'ignore_ament_install'
[0.903s] Level 1:colcon.colcon_core.package_identification:_identify(src/my_robot_interfaces) by extensions ['colcon_pkg']
[0.903s] Level 1:colcon.colcon_core.package_identification:_identify(src/my_robot_interfaces) by extension 'colcon_pkg'
[0.903s] Level 1:colcon.colcon_core.package_identification:_identify(src/my_robot_interfaces) by extensions ['colcon_meta']
[0.903s] Level 1:colcon.colcon_core.package_identification:_identify(src/my_robot_interfaces) by extension 'colcon_meta'
[0.903s] Level 1:colcon.colcon_core.package_identification:_identify(src/my_robot_interfaces) by extensions ['ros']
[0.903s] Level 1:colcon.colcon_core.package_identification:_identify(src/my_robot_interfaces) by extension 'ros'
[0.904s] DEBUG:colcon.colcon_core.package_identification:Package 'src/my_robot_interfaces' with type 'ros.ament_cmake' and name 'my_robot_interfaces'
[0.904s] Level 1:colcon.colcon_core.package_discovery:discover_packages(recursive) using defaults
[0.904s] Level 1:colcon.colcon_core.package_discovery:discover_packages(ignore) discover
[0.904s] Level 1:colcon.colcon_core.package_discovery:discover_packages(ignore) using defaults
[0.904s] Level 1:colcon.colcon_core.package_discovery:discover_packages(path) discover
[0.904s] Level 1:colcon.colcon_core.package_discovery:discover_packages(path) using defaults
[0.982s] Level 1:colcon.colcon_core.package_discovery:discover_packages(prefix_path) check parameters
[0.982s] Level 1:colcon.colcon_core.package_discovery:discover_packages(prefix_path) discover
[1.009s] DEBUG:colcon.colcon_installed_package_information.package_discovery:Found 2 installed packages in /home/akshar/eyrc_hb/hb_task5_ws/install
[1.021s] DEBUG:colcon.colcon_installed_package_information.package_discovery:Found 286 installed packages in /opt/ros/humble
[1.022s] Level 1:colcon.colcon_core.package_discovery:discover_packages(prefix_path) using defaults
[1.110s] Level 5:colcon.colcon_core.verb:set package 'hb_task5a' build argument 'cmake_args' from command line to 'None'
[1.110s] Level 5:colcon.colcon_core.verb:set package 'hb_task5a' build argument 'cmake_target' from command line to 'None'
[1.110s] Level 5:colcon.colcon_core.verb:set package 'hb_task5a' build argument 'cmake_target_skip_unavailable' from command line to 'False'
[1.110s] Level 5:colcon.colcon_core.verb:set package 'hb_task5a' build argument 'cmake_clean_cache' from command line to 'False'
[1.111s] Level 5:colcon.colcon_core.verb:set package 'hb_task5a' build argument 'cmake_clean_first' from command line to 'False'
[1.111s] Level 5:colcon.colcon_core.verb:set package 'hb_task5a' build argument 'cmake_force_configure' from command line to 'False'
[1.111s] Level 5:colcon.colcon_core.verb:set package 'hb_task5a' build argument 'ament_cmake_args' from command line to 'None'
[1.111s] Level 5:colcon.colcon_core.verb:set package 'hb_task5a' build argument 'catkin_cmake_args' from command line to 'None'
[1.111s] Level 5:colcon.colcon_core.verb:set package 'hb_task5a' build argument 'catkin_skip_building_tests' from command line to 'False'
[1.111s] DEBUG:colcon.colcon_core.verb:Building package 'hb_task5a' with the following arguments: {'ament_cmake_args': None, 'build_base': '/home/akshar/eyrc_hb/hb_task5_ws/build/hb_task5a', 'catkin_cmake_args': None, 'catkin_skip_building_tests': False, 'cmake_args': None, 'cmake_clean_cache': False, 'cmake_clean_first': False, 'cmake_force_configure': False, 'cmake_target': None, 'cmake_target_skip_unavailable': False, 'install_base': '/home/akshar/eyrc_hb/hb_task5_ws/install/hb_task5a', 'merge_install': False, 'path': '/home/akshar/eyrc_hb/hb_task5_ws/src/hb_task5a', 'symlink_install': False, 'test_result_base': None}
[1.122s] Level 5:colcon.colcon_core.verb:set package 'my_robot_interfaces' build argument 'cmake_args' from command line to 'None'
[1.122s] Level 5:colcon.colcon_core.verb:set package 'my_robot_interfaces' build argument 'cmake_target' from command line to 'None'
[1.122s] Level 5:colcon.colcon_core.verb:set package 'my_robot_interfaces' build argument 'cmake_target_skip_unavailable' from command line to 'False'
[1.122s] Level 5:colcon.colcon_core.verb:set package 'my_robot_interfaces' build argument 'cmake_clean_cache' from command line to 'False'
[1.122s] Level 5:colcon.colcon_core.verb:set package 'my_robot_interfaces' build argument 'cmake_clean_first' from command line to 'False'
[1.122s] Level 5:colcon.colcon_core.verb:set package 'my_robot_interfaces' build argument 'cmake_force_configure' from command line to 'False'
[1.122s] Level 5:colcon.colcon_core.verb:set package 'my_robot_interfaces' build argument 'ament_cmake_args' from command line to 'None'
[1.122s] Level 5:colcon.colcon_core.verb:set package 'my_robot_interfaces' build argument 'catkin_cmake_args' from command line to 'None'
[1.122s] Level 5:colcon.colcon_core.verb:set package 'my_robot_interfaces' build argument 'catkin_skip_building_tests' from command line to 'False'
[1.122s] DEBUG:colcon.colcon_core.verb:Building package 'my_robot_interfaces' with the following arguments: {'ament_cmake_args': None, 'build_base': '/home/akshar/eyrc_hb/hb_task5_ws/build/my_robot_interfaces', 'catkin_cmake_args': None, 'catkin_skip_building_tests': False, 'cmake_args': None, 'cmake_clean_cache': False, 'cmake_clean_first': False, 'cmake_force_configure': False, 'cmake_target': None, 'cmake_target_skip_unavailable': False, 'install_base': '/home/akshar/eyrc_hb/hb_task5_ws/install/my_robot_interfaces', 'merge_install': False, 'path': '/home/akshar/eyrc_hb/hb_task5_ws/src/my_robot_interfaces', 'symlink_install': False, 'test_result_base': None}
[1.136s] INFO:colcon.colcon_core.executor:Executing jobs using 'parallel' executor
[1.149s] DEBUG:colcon.colcon_parallel_executor.executor.parallel:run_until_complete
[1.150s] INFO:colcon.colcon_ros.task.ament_python.build:Building ROS package in '/home/akshar/eyrc_hb/hb_task5_ws/src/hb_task5a' with build type 'ament_python'
[1.150s] Level 1:colcon.colcon_core.shell:create_environment_hook('hb_task5a', 'ament_prefix_path')
[1.162s] INFO:colcon.colcon_core.plugin_system:Skipping extension 'colcon_core.shell.bat': Not used on non-Windows systems
[1.162s] INFO:colcon.colcon_core.shell:Creating environment hook '/home/akshar/eyrc_hb/hb_task5_ws/install/hb_task5a/share/hb_task5a/hook/ament_prefix_path.ps1'
[1.163s] INFO:colcon.colcon_core.shell:Creating environment descriptor '/home/akshar/eyrc_hb/hb_task5_ws/install/hb_task5a/share/hb_task5a/hook/ament_prefix_path.dsv'
[1.163s] INFO:colcon.colcon_core.shell:Creating environment hook '/home/akshar/eyrc_hb/hb_task5_ws/install/hb_task5a/share/hb_task5a/hook/ament_prefix_path.sh'
[1.177s] INFO:colcon.colcon_core.shell:Skip shell extension 'powershell' for command environment: Not usable outside of PowerShell
[1.177s] DEBUG:colcon.colcon_core.shell:Skip shell extension 'dsv' for command environment
[1.216s] INFO:colcon.colcon_ros.task.ament_cmake.build:Building ROS package in '/home/akshar/eyrc_hb/hb_task5_ws/src/my_robot_interfaces' with build type 'ament_cmake'
[1.216s] INFO:colcon.colcon_cmake.task.cmake.build:Building CMake package in '/home/akshar/eyrc_hb/hb_task5_ws/src/my_robot_interfaces'
[1.228s] INFO:colcon.colcon_core.shell:Skip shell extension 'powershell' for command environment: Not usable outside of PowerShell
[1.228s] DEBUG:colcon.colcon_core.shell:Skip shell extension 'dsv' for command environment
[1.488s] INFO:colcon.colcon_core.task.python.build:Building Python package in '/home/akshar/eyrc_hb/hb_task5_ws/src/hb_task5a'
[1.500s] INFO:colcon.colcon_core.shell:Skip shell extension 'powershell' for command environment: Not usable outside of PowerShell
[1.501s] DEBUG:colcon.colcon_core.shell:Skip shell extension 'dsv' for command environment
[1.547s] DEBUG:colcon.colcon_core.event_handler.log_command:Invoking command in '/home/akshar/eyrc_hb/hb_task5_ws/build/my_robot_interfaces': CMAKE_PREFIX_PATH=${CMAKE_PREFIX_PATH}:/home/akshar/eyrc_hb/hb_task5_ws/install/hb_task5a:/opt/ros/humble /usr/bin/cmake --build /home/akshar/eyrc_hb/hb_task5_ws/build/my_robot_interfaces -- -j16 -l16
[1.867s] DEBUG:colcon.colcon_core.event_handler.log_command:Invoking command in '/home/akshar/eyrc_hb/hb_task5_ws/src/hb_task5a': PYTHONPATH=/home/akshar/eyrc_hb/hb_task5_ws/build/hb_task5a/prefix_override:/home/akshar/eyrc_hb/hb_task5_ws/install/hb_task5a/lib/python3.10/site-packages:${PYTHONPATH} /usr/bin/python3 setup.py egg_info --egg-base ../../build/hb_task5a build --build-base /home/akshar/eyrc_hb/hb_task5_ws/build/hb_task5a/build install --record /home/akshar/eyrc_hb/hb_task5_ws/build/hb_task5a/install.log --single-version-externally-managed
[1.891s] DEBUG:colcon.colcon_core.event_handler.log_command:Invoked command in '/home/akshar/eyrc_hb/hb_task5_ws/build/my_robot_interfaces' returned '0': CMAKE_PREFIX_PATH=${CMAKE_PREFIX_PATH}:/home/akshar/eyrc_hb/hb_task5_ws/install/hb_task5a:/opt/ros/humble /usr/bin/cmake --build /home/akshar/eyrc_hb/hb_task5_ws/build/my_robot_interfaces -- -j16 -l16
[1.999s] DEBUG:colcon.colcon_core.event_handler.log_command:Invoking command in '/home/akshar/eyrc_hb/hb_task5_ws/build/my_robot_interfaces': CMAKE_PREFIX_PATH=${CMAKE_PREFIX_PATH}:/home/akshar/eyrc_hb/hb_task5_ws/install/hb_task5a:/opt/ros/humble /usr/bin/cmake --install /home/akshar/eyrc_hb/hb_task5_ws/build/my_robot_interfaces
[2.051s] Level 1:colcon.colcon_core.environment:create_environment_scripts_only(my_robot_interfaces)
[2.052s] DEBUG:colcon.colcon_core.event_handler.log_command:Invoked command in '/home/akshar/eyrc_hb/hb_task5_ws/build/my_robot_interfaces' returned '0': CMAKE_PREFIX_PATH=${CMAKE_PREFIX_PATH}:/home/akshar/eyrc_hb/hb_task5_ws/install/hb_task5a:/opt/ros/humble /usr/bin/cmake --install /home/akshar/eyrc_hb/hb_task5_ws/build/my_robot_interfaces
[2.066s] Level 1:colcon.colcon_core.environment:checking '/home/akshar/eyrc_hb/hb_task5_ws/install/my_robot_interfaces' for CMake module files
[2.067s] Level 1:colcon.colcon_core.environment:checking '/home/akshar/eyrc_hb/hb_task5_ws/install/my_robot_interfaces' for CMake config files
[2.068s] Level 1:colcon.colcon_core.shell:create_environment_hook('my_robot_interfaces', 'cmake_prefix_path')
[2.085s] INFO:colcon.colcon_core.shell:Creating environment hook '/home/akshar/eyrc_hb/hb_task5_ws/install/my_robot_interfaces/share/my_robot_interfaces/hook/cmake_prefix_path.ps1'
[2.085s] INFO:colcon.colcon_core.shell:Creating environment descriptor '/home/akshar/eyrc_hb/hb_task5_ws/install/my_robot_interfaces/share/my_robot_interfaces/hook/cmake_prefix_path.dsv'
[2.086s] INFO:colcon.colcon_core.shell:Creating environment hook '/home/akshar/eyrc_hb/hb_task5_ws/install/my_robot_interfaces/share/my_robot_interfaces/hook/cmake_prefix_path.sh'
[2.086s] Level 1:colcon.colcon_core.environment:checking '/home/akshar/eyrc_hb/hb_task5_ws/install/my_robot_interfaces/lib'
[2.087s] Level 1:colcon.colcon_core.shell:create_environment_hook('my_robot_interfaces', 'ld_library_path_lib')
[2.101s] INFO:colcon.colcon_core.shell:Creating environment hook '/home/akshar/eyrc_hb/hb_task5_ws/install/my_robot_interfaces/share/my_robot_interfaces/hook/ld_library_path_lib.ps1'
[2.102s] INFO:colcon.colcon_core.shell:Creating environment descriptor '/home/akshar/eyrc_hb/hb_task5_ws/install/my_robot_interfaces/share/my_robot_interfaces/hook/ld_library_path_lib.dsv'
[2.102s] INFO:colcon.colcon_core.shell:Creating environment hook '/home/akshar/eyrc_hb/hb_task5_ws/install/my_robot_interfaces/share/my_robot_interfaces/hook/ld_library_path_lib.sh'
[2.102s] Level 1:colcon.colcon_core.environment:checking '/home/akshar/eyrc_hb/hb_task5_ws/install/my_robot_interfaces/bin'
[2.102s] Level 1:colcon.colcon_core.environment:checking '/home/akshar/eyrc_hb/hb_task5_ws/install/my_robot_interfaces/lib/pkgconfig/my_robot_interfaces.pc'
[2.103s] Level 1:colcon.colcon_core.environment:checking '/home/akshar/eyrc_hb/hb_task5_ws/install/my_robot_interfaces/lib/python3.10/site-packages'
[2.103s] Level 1:colcon.colcon_core.environment:checking '/home/akshar/eyrc_hb/hb_task5_ws/install/my_robot_interfaces/bin'
[2.116s] INFO:colcon.colcon_core.shell:Creating package script '/home/akshar/eyrc_hb/hb_task5_ws/install/my_robot_interfaces/share/my_robot_interfaces/package.ps1'
[2.117s] INFO:colcon.colcon_core.shell:Creating package descriptor '/home/akshar/eyrc_hb/hb_task5_ws/install/my_robot_interfaces/share/my_robot_interfaces/package.dsv'
[2.118s] INFO:colcon.colcon_core.shell:Creating package script '/home/akshar/eyrc_hb/hb_task5_ws/install/my_robot_interfaces/share/my_robot_interfaces/package.sh'
[2.118s] INFO:colcon.colcon_core.shell:Creating package script '/home/akshar/eyrc_hb/hb_task5_ws/install/my_robot_interfaces/share/my_robot_interfaces/package.bash'
[2.119s] INFO:colcon.colcon_core.shell:Creating package script '/home/akshar/eyrc_hb/hb_task5_ws/install/my_robot_interfaces/share/my_robot_interfaces/package.zsh'
[2.120s] Level 1:colcon.colcon_core.environment:create_file_with_runtime_dependencies(/home/akshar/eyrc_hb/hb_task5_ws/install/my_robot_interfaces/share/colcon-core/packages/my_robot_interfaces)
[2.127s] DEBUG:colcon.colcon_core.event_handler.log_command:Invoked command in '/home/akshar/eyrc_hb/hb_task5_ws/src/hb_task5a' returned '0': PYTHONPATH=/home/akshar/eyrc_hb/hb_task5_ws/build/hb_task5a/prefix_override:/home/akshar/eyrc_hb/hb_task5_ws/install/hb_task5a/lib/python3.10/site-packages:${PYTHONPATH} /usr/bin/python3 setup.py egg_info --egg-base ../../build/hb_task5a build --build-base /home/akshar/eyrc_hb/hb_task5_ws/build/hb_task5a/build install --record /home/akshar/eyrc_hb/hb_task5_ws/build/hb_task5a/install.log --single-version-externally-managed
[2.138s] Level 1:colcon.colcon_core.environment:checking '/home/akshar/eyrc_hb/hb_task5_ws/install/hb_task5a' for CMake module files
[2.138s] Level 1:colcon.colcon_core.environment:checking '/home/akshar/eyrc_hb/hb_task5_ws/install/hb_task5a' for CMake config files
[2.139s] Level 1:colcon.colcon_core.environment:checking '/home/akshar/eyrc_hb/hb_task5_ws/install/hb_task5a/lib'
[2.139s] Level 1:colcon.colcon_core.environment:checking '/home/akshar/eyrc_hb/hb_task5_ws/install/hb_task5a/bin'
[2.139s] Level 1:colcon.colcon_core.environment:checking '/home/akshar/eyrc_hb/hb_task5_ws/install/hb_task5a/lib/pkgconfig/hb_task5a.pc'
[2.139s] Level 1:colcon.colcon_core.environment:checking '/home/akshar/eyrc_hb/hb_task5_ws/install/hb_task5a/lib/python3.10/site-packages'
[2.139s] Level 1:colcon.colcon_core.shell:create_environment_hook('hb_task5a', 'pythonpath')
[2.154s] INFO:colcon.colcon_core.shell:Creating environment hook '/home/akshar/eyrc_hb/hb_task5_ws/install/hb_task5a/share/hb_task5a/hook/pythonpath.ps1'
[2.154s] INFO:colcon.colcon_core.shell:Creating environment descriptor '/home/akshar/eyrc_hb/hb_task5_ws/install/hb_task5a/share/hb_task5a/hook/pythonpath.dsv'
[2.155s] INFO:colcon.colcon_core.shell:Creating environment hook '/home/akshar/eyrc_hb/hb_task5_ws/install/hb_task5a/share/hb_task5a/hook/pythonpath.sh'
[2.155s] Level 1:colcon.colcon_core.environment:checking '/home/akshar/eyrc_hb/hb_task5_ws/install/hb_task5a/bin'
[2.155s] Level 1:colcon.colcon_core.environment:create_environment_scripts_only(hb_task5a)
[2.168s] INFO:colcon.colcon_core.shell:Creating package script '/home/akshar/eyrc_hb/hb_task5_ws/install/hb_task5a/share/hb_task5a/package.ps1'
[2.168s] INFO:colcon.colcon_core.shell:Creating package descriptor '/home/akshar/eyrc_hb/hb_task5_ws/install/hb_task5a/share/hb_task5a/package.dsv'
[2.169s] INFO:colcon.colcon_core.shell:Creating package script '/home/akshar/eyrc_hb/hb_task5_ws/install/hb_task5a/share/hb_task5a/package.sh'
[2.169s] INFO:colcon.colcon_core.shell:Creating package script '/home/akshar/eyrc_hb/hb_task5_ws/install/hb_task5a/share/hb_task5a/package.bash'
[2.169s] INFO:colcon.colcon_core.shell:Creating package script '/home/akshar/eyrc_hb/hb_task5_ws/install/hb_task5a/share/hb_task5a/package.zsh'
[2.170s] Level 1:colcon.colcon_core.environment:create_file_with_runtime_dependencies(/home/akshar/eyrc_hb/hb_task5_ws/install/hb_task5a/share/colcon-core/packages/hb_task5a)
[2.233s] Level 1:colcon.colcon_core.environment:create_environment_scripts_only(my_robot_interfaces)
[2.243s] Level 1:colcon.colcon_core.environment:checking '/home/akshar/eyrc_hb/hb_task5_ws/install/my_robot_interfaces' for CMake module files
[2.244s] Level 1:colcon.colcon_core.environment:checking '/home/akshar/eyrc_hb/hb_task5_ws/install/my_robot_interfaces' for CMake config files
[2.245s] Level 1:colcon.colcon_core.shell:create_environment_hook('my_robot_interfaces', 'cmake_prefix_path')
[2.258s] INFO:colcon.colcon_core.shell:Creating environment hook '/home/akshar/eyrc_hb/hb_task5_ws/install/my_robot_interfaces/share/my_robot_interfaces/hook/cmake_prefix_path.ps1'
[2.258s] INFO:colcon.colcon_core.shell:Creating environment descriptor '/home/akshar/eyrc_hb/hb_task5_ws/install/my_robot_interfaces/share/my_robot_interfaces/hook/cmake_prefix_path.dsv'
[2.259s] INFO:colcon.colcon_core.shell:Creating environment hook '/home/akshar/eyrc_hb/hb_task5_ws/install/my_robot_interfaces/share/my_robot_interfaces/hook/cmake_prefix_path.sh'
[2.259s] Level 1:colcon.colcon_core.environment:checking '/home/akshar/eyrc_hb/hb_task5_ws/install/my_robot_interfaces/lib'
[2.259s] Level 1:colcon.colcon_core.shell:create_environment_hook('my_robot_interfaces', 'ld_library_path_lib')
[2.270s] INFO:colcon.colcon_core.shell:Creating environment hook '/home/akshar/eyrc_hb/hb_task5_ws/install/my_robot_interfaces/share/my_robot_interfaces/hook/ld_library_path_lib.ps1'
[2.271s] INFO:colcon.colcon_core.shell:Creating environment descriptor '/home/akshar/eyrc_hb/hb_task5_ws/install/my_robot_interfaces/share/my_robot_interfaces/hook/ld_library_path_lib.dsv'
[2.271s] INFO:colcon.colcon_core.shell:Creating environment hook '/home/akshar/eyrc_hb/hb_task5_ws/install/my_robot_interfaces/share/my_robot_interfaces/hook/ld_library_path_lib.sh'
[2.271s] Level 1:colcon.colcon_core.environment:checking '/home/akshar/eyrc_hb/hb_task5_ws/install/my_robot_interfaces/bin'
[2.271s] Level 1:colcon.colcon_core.environment:checking '/home/akshar/eyrc_hb/hb_task5_ws/install/my_robot_interfaces/lib/pkgconfig/my_robot_interfaces.pc'
[2.272s] Level 1:colcon.colcon_core.environment:checking '/home/akshar/eyrc_hb/hb_task5_ws/install/my_robot_interfaces/lib/python3.10/site-packages'
[2.272s] Level 1:colcon.colcon_core.environment:checking '/home/akshar/eyrc_hb/hb_task5_ws/install/my_robot_interfaces/bin'
[2.285s] INFO:colcon.colcon_core.shell:Creating package script '/home/akshar/eyrc_hb/hb_task5_ws/install/my_robot_interfaces/share/my_robot_interfaces/package.ps1'
[2.286s] INFO:colcon.colcon_core.shell:Creating package descriptor '/home/akshar/eyrc_hb/hb_task5_ws/install/my_robot_interfaces/share/my_robot_interfaces/package.dsv'
[2.286s] INFO:colcon.colcon_core.shell:Creating package script '/home/akshar/eyrc_hb/hb_task5_ws/install/my_robot_interfaces/share/my_robot_interfaces/package.sh'
[2.286s] INFO:colcon.colcon_core.shell:Creating package script '/home/akshar/eyrc_hb/hb_task5_ws/install/my_robot_interfaces/share/my_robot_interfaces/package.bash'
[2.287s] INFO:colcon.colcon_core.shell:Creating package script '/home/akshar/eyrc_hb/hb_task5_ws/install/my_robot_interfaces/share/my_robot_interfaces/package.zsh'
[2.287s] Level 1:colcon.colcon_core.environment:create_file_with_runtime_dependencies(/home/akshar/eyrc_hb/hb_task5_ws/install/my_robot_interfaces/share/colcon-core/packages/my_robot_interfaces)
[2.287s] DEBUG:colcon.colcon_parallel_executor.executor.parallel:closing loop
[2.288s] DEBUG:colcon.colcon_parallel_executor.executor.parallel:loop closed
[2.288s] DEBUG:colcon.colcon_parallel_executor.executor.parallel:run_until_complete finished with '0'
[2.288s] DEBUG:colcon.colcon_core.event_reactor:joining thread
[2.304s] INFO:colcon.colcon_core.plugin_system:Skipping extension 'colcon_notification.desktop_notification.terminal_notifier': Not used on non-Darwin systems
[2.304s] INFO:colcon.colcon_core.plugin_system:Skipping extension 'colcon_notification.desktop_notification.win32': Not used on non-Windows systems
[2.304s] INFO:colcon.colcon_notification.desktop_notification:Sending desktop notification using 'notify2'
[2.313s] DEBUG:colcon.colcon_core.event_reactor:joined thread
[2.328s] INFO:colcon.colcon_core.shell:Creating prefix script '/home/akshar/eyrc_hb/hb_task5_ws/install/local_setup.ps1'
[2.329s] INFO:colcon.colcon_core.shell:Creating prefix util module '/home/akshar/eyrc_hb/hb_task5_ws/install/_local_setup_util_ps1.py'
[2.330s] INFO:colcon.colcon_core.shell:Creating prefix chain script '/home/akshar/eyrc_hb/hb_task5_ws/install/setup.ps1'
[2.342s] INFO:colcon.colcon_core.shell:Creating prefix script '/home/akshar/eyrc_hb/hb_task5_ws/install/local_setup.sh'
[2.342s] INFO:colcon.colcon_core.shell:Creating prefix util module '/home/akshar/eyrc_hb/hb_task5_ws/install/_local_setup_util_sh.py'
[2.343s] INFO:colcon.colcon_core.shell:Creating prefix chain script '/home/akshar/eyrc_hb/hb_task5_ws/install/setup.sh'
[2.359s] INFO:colcon.colcon_core.shell:Creating prefix script '/home/akshar/eyrc_hb/hb_task5_ws/install/local_setup.bash'
[2.360s] INFO:colcon.colcon_core.shell:Creating prefix chain script '/home/akshar/eyrc_hb/hb_task5_ws/install/setup.bash'
[2.373s] INFO:colcon.colcon_core.shell:Creating prefix script '/home/akshar/eyrc_hb/hb_task5_ws/install/local_setup.zsh'
[2.373s] INFO:colcon.colcon_core.shell:Creating prefix chain script '/home/akshar/eyrc_hb/hb_task5_ws/install/setup.zsh'
