[0.753s] DEBUG:colcon:Command line arguments: ['/usr/bin/colcon', 'build']
[0.753s] DEBUG:colcon:Parsed command line arguments: Namespace(log_base=None, log_level=None, verb_name='build', build_base='build', install_base='install', merge_install=False, symlink_install=False, test_result_base=None, continue_on_error=False, executor='parallel', parallel_workers=16, event_handlers=None, ignore_user_meta=False, metas=['./colcon.meta'], base_paths=['.'], packages_ignore=None, packages_ignore_regex=None, paths=None, packages_up_to=None, packages_up_to_regex=None, packages_above=None, packages_above_and_dependencies=None, packages_above_depth=None, packages_select_by_dep=None, packages_skip_by_dep=None, packages_skip_up_to=None, packages_select_build_failed=False, packages_skip_build_finished=False, packages_select_test_failures=False, packages_skip_test_passed=False, packages_select=None, packages_skip=None, packages_select_regex=None, packages_skip_regex=None, packages_start=None, packages_end=None, allow_overriding=[], cmake_args=None, cmake_target=None, cmake_target_skip_unavailable=False, cmake_clean_cache=False, cmake_clean_first=False, cmake_force_configure=False, ament_cmake_args=None, catkin_cmake_args=None, catkin_skip_building_tests=False, verb_parser=<colcon_defaults.argument_parser.defaults.DefaultArgumentsDecorator object at 0x7f764506f7f0>, verb_extension=<colcon_core.verb.build.BuildVerb object at 0x7f764506ca00>, main=<bound method BuildVerb.main of <colcon_core.verb.build.BuildVerb object at 0x7f764506ca00>>)
[0.789s] Level 1:colcon.colcon_core.package_discovery:discover_packages(colcon_meta) check parameters
[0.789s] Level 1:colcon.colcon_core.package_discovery:discover_packages(recursive) check parameters
[0.789s] Level 1:colcon.colcon_core.package_discovery:discover_packages(ignore) check parameters
[0.789s] Level 1:colcon.colcon_core.package_discovery:discover_packages(path) check parameters
[0.789s] Level 1:colcon.colcon_core.package_discovery:discover_packages(colcon_meta) discover
[0.789s] Level 1:colcon.colcon_core.package_discovery:discover_packages(recursive) discover
[0.789s] INFO:colcon.colcon_core.package_discovery:Crawling recursively for packages in '/home/akshar/eyrc_hb/hb_task_2_ws'
[0.789s] Level 1:colcon.colcon_core.package_identification:_identify(.) by extensions ['ignore', 'ignore_ament_install']
[0.789s] Level 1:colcon.colcon_core.package_identification:_identify(.) by extension 'ignore'
[0.790s] Level 1:colcon.colcon_core.package_identification:_identify(.) by extension 'ignore_ament_install'
[0.790s] Level 1:colcon.colcon_core.package_identification:_identify(.) by extensions ['colcon_pkg']
[0.790s] Level 1:colcon.colcon_core.package_identification:_identify(.) by extension 'colcon_pkg'
[0.790s] Level 1:colcon.colcon_core.package_identification:_identify(.) by extensions ['colcon_meta']
[0.790s] Level 1:colcon.colcon_core.package_identification:_identify(.) by extension 'colcon_meta'
[0.790s] Level 1:colcon.colcon_core.package_identification:_identify(.) by extensions ['ros']
[0.790s] Level 1:colcon.colcon_core.package_identification:_identify(.) by extension 'ros'
[0.798s] Level 1:colcon.colcon_core.package_identification:_identify(.) by extensions ['cmake', 'python']
[0.798s] Level 1:colcon.colcon_core.package_identification:_identify(.) by extension 'cmake'
[0.798s] Level 1:colcon.colcon_core.package_identification:_identify(.) by extension 'python'
[0.798s] Level 1:colcon.colcon_core.package_identification:_identify(.) by extensions ['python_setup_py']
[0.798s] Level 1:colcon.colcon_core.package_identification:_identify(.) by extension 'python_setup_py'
[0.798s] Level 1:colcon.colcon_core.package_identification:_identify(build) by extensions ['ignore', 'ignore_ament_install']
[0.798s] Level 1:colcon.colcon_core.package_identification:_identify(build) by extension 'ignore'
[0.798s] Level 1:colcon.colcon_core.package_identification:_identify(build) ignored
[0.798s] Level 1:colcon.colcon_core.package_identification:_identify(install) by extensions ['ignore', 'ignore_ament_install']
[0.798s] Level 1:colcon.colcon_core.package_identification:_identify(install) by extension 'ignore'
[0.798s] Level 1:colcon.colcon_core.package_identification:_identify(install) ignored
[0.798s] Level 1:colcon.colcon_core.package_identification:_identify(log) by extensions ['ignore', 'ignore_ament_install']
[0.799s] Level 1:colcon.colcon_core.package_identification:_identify(log) by extension 'ignore'
[0.799s] Level 1:colcon.colcon_core.package_identification:_identify(log) ignored
[0.799s] Level 1:colcon.colcon_core.package_identification:_identify(src) by extensions ['ignore', 'ignore_ament_install']
[0.799s] Level 1:colcon.colcon_core.package_identification:_identify(src) by extension 'ignore'
[0.799s] Level 1:colcon.colcon_core.package_identification:_identify(src) by extension 'ignore_ament_install'
[0.799s] Level 1:colcon.colcon_core.package_identification:_identify(src) by extensions ['colcon_pkg']
[0.799s] Level 1:colcon.colcon_core.package_identification:_identify(src) by extension 'colcon_pkg'
[0.799s] Level 1:colcon.colcon_core.package_identification:_identify(src) by extensions ['colcon_meta']
[0.799s] Level 1:colcon.colcon_core.package_identification:_identify(src) by extension 'colcon_meta'
[0.799s] Level 1:colcon.colcon_core.package_identification:_identify(src) by extensions ['ros']
[0.799s] Level 1:colcon.colcon_core.package_identification:_identify(src) by extension 'ros'
[0.799s] Level 1:colcon.colcon_core.package_identification:_identify(src) by extensions ['cmake', 'python']
[0.799s] Level 1:colcon.colcon_core.package_identification:_identify(src) by extension 'cmake'
[0.799s] Level 1:colcon.colcon_core.package_identification:_identify(src) by extension 'python'
[0.799s] Level 1:colcon.colcon_core.package_identification:_identify(src) by extensions ['python_setup_py']
[0.799s] Level 1:colcon.colcon_core.package_identification:_identify(src) by extension 'python_setup_py'
[0.799s] Level 1:colcon.colcon_core.package_identification:_identify(src/hb_bot) by extensions ['ignore', 'ignore_ament_install']
[0.799s] Level 1:colcon.colcon_core.package_identification:_identify(src/hb_bot) by extension 'ignore'
[0.799s] Level 1:colcon.colcon_core.package_identification:_identify(src/hb_bot) by extension 'ignore_ament_install'
[0.799s] Level 1:colcon.colcon_core.package_identification:_identify(src/hb_bot) by extensions ['colcon_pkg']
[0.799s] Level 1:colcon.colcon_core.package_identification:_identify(src/hb_bot) by extension 'colcon_pkg'
[0.799s] Level 1:colcon.colcon_core.package_identification:_identify(src/hb_bot) by extensions ['colcon_meta']
[0.799s] Level 1:colcon.colcon_core.package_identification:_identify(src/hb_bot) by extension 'colcon_meta'
[0.799s] Level 1:colcon.colcon_core.package_identification:_identify(src/hb_bot) by extensions ['ros']
[0.799s] Level 1:colcon.colcon_core.package_identification:_identify(src/hb_bot) by extension 'ros'
[0.801s] DEBUG:colcon.colcon_core.package_identification:Package 'src/hb_bot' with type 'ros.ament_cmake' and name 'hb_bot'
[0.801s] Level 1:colcon.colcon_core.package_identification:_identify(src/hb_task2a) by extensions ['ignore', 'ignore_ament_install']
[0.801s] Level 1:colcon.colcon_core.package_identification:_identify(src/hb_task2a) by extension 'ignore'
[0.801s] Level 1:colcon.colcon_core.package_identification:_identify(src/hb_task2a) by extension 'ignore_ament_install'
[0.801s] Level 1:colcon.colcon_core.package_identification:_identify(src/hb_task2a) by extensions ['colcon_pkg']
[0.801s] Level 1:colcon.colcon_core.package_identification:_identify(src/hb_task2a) by extension 'colcon_pkg'
[0.801s] Level 1:colcon.colcon_core.package_identification:_identify(src/hb_task2a) by extensions ['colcon_meta']
[0.802s] Level 1:colcon.colcon_core.package_identification:_identify(src/hb_task2a) by extension 'colcon_meta'
[0.802s] Level 1:colcon.colcon_core.package_identification:_identify(src/hb_task2a) by extensions ['ros']
[0.802s] Level 1:colcon.colcon_core.package_identification:_identify(src/hb_task2a) by extension 'ros'
[0.802s] DEBUG:colcon.colcon_core.package_identification:Package 'src/hb_task2a' with type 'ros.ament_python' and name 'hb_task2a'
[0.802s] Level 1:colcon.colcon_core.package_identification:_identify(src/hb_task2b) by extensions ['ignore', 'ignore_ament_install']
[0.802s] Level 1:colcon.colcon_core.package_identification:_identify(src/hb_task2b) by extension 'ignore'
[0.802s] Level 1:colcon.colcon_core.package_identification:_identify(src/hb_task2b) by extension 'ignore_ament_install'
[0.802s] Level 1:colcon.colcon_core.package_identification:_identify(src/hb_task2b) by extensions ['colcon_pkg']
[0.802s] Level 1:colcon.colcon_core.package_identification:_identify(src/hb_task2b) by extension 'colcon_pkg'
[0.802s] Level 1:colcon.colcon_core.package_identification:_identify(src/hb_task2b) by extensions ['colcon_meta']
[0.802s] Level 1:colcon.colcon_core.package_identification:_identify(src/hb_task2b) by extension 'colcon_meta'
[0.802s] Level 1:colcon.colcon_core.package_identification:_identify(src/hb_task2b) by extensions ['ros']
[0.802s] Level 1:colcon.colcon_core.package_identification:_identify(src/hb_task2b) by extension 'ros'
[0.803s] DEBUG:colcon.colcon_core.package_identification:Package 'src/hb_task2b' with type 'ros.ament_python' and name 'hb_task2b'
[0.803s] Level 1:colcon.colcon_core.package_identification:_identify(src/hb_world) by extensions ['ignore', 'ignore_ament_install']
[0.803s] Level 1:colcon.colcon_core.package_identification:_identify(src/hb_world) by extension 'ignore'
[0.803s] Level 1:colcon.colcon_core.package_identification:_identify(src/hb_world) by extension 'ignore_ament_install'
[0.803s] Level 1:colcon.colcon_core.package_identification:_identify(src/hb_world) by extensions ['colcon_pkg']
[0.803s] Level 1:colcon.colcon_core.package_identification:_identify(src/hb_world) by extension 'colcon_pkg'
[0.803s] Level 1:colcon.colcon_core.package_identification:_identify(src/hb_world) by extensions ['colcon_meta']
[0.803s] Level 1:colcon.colcon_core.package_identification:_identify(src/hb_world) by extension 'colcon_meta'
[0.803s] Level 1:colcon.colcon_core.package_identification:_identify(src/hb_world) by extensions ['ros']
[0.803s] Level 1:colcon.colcon_core.package_identification:_identify(src/hb_world) by extension 'ros'
[0.804s] DEBUG:colcon.colcon_core.package_identification:Package 'src/hb_world' with type 'ros.ament_cmake' and name 'hb_world'
[0.804s] Level 1:colcon.colcon_core.package_identification:_identify(src/my_robot_interfaces) by extensions ['ignore', 'ignore_ament_install']
[0.804s] Level 1:colcon.colcon_core.package_identification:_identify(src/my_robot_interfaces) by extension 'ignore'
[0.804s] Level 1:colcon.colcon_core.package_identification:_identify(src/my_robot_interfaces) by extension 'ignore_ament_install'
[0.804s] Level 1:colcon.colcon_core.package_identification:_identify(src/my_robot_interfaces) by extensions ['colcon_pkg']
[0.804s] Level 1:colcon.colcon_core.package_identification:_identify(src/my_robot_interfaces) by extension 'colcon_pkg'
[0.804s] Level 1:colcon.colcon_core.package_identification:_identify(src/my_robot_interfaces) by extensions ['colcon_meta']
[0.804s] Level 1:colcon.colcon_core.package_identification:_identify(src/my_robot_interfaces) by extension 'colcon_meta'
[0.804s] Level 1:colcon.colcon_core.package_identification:_identify(src/my_robot_interfaces) by extensions ['ros']
[0.804s] Level 1:colcon.colcon_core.package_identification:_identify(src/my_robot_interfaces) by extension 'ros'
[0.804s] DEBUG:colcon.colcon_core.package_identification:Package 'src/my_robot_interfaces' with type 'ros.ament_cmake' and name 'my_robot_interfaces'
[0.804s] Level 1:colcon.colcon_core.package_discovery:discover_packages(recursive) using defaults
[0.804s] Level 1:colcon.colcon_core.package_discovery:discover_packages(ignore) discover
[0.804s] Level 1:colcon.colcon_core.package_discovery:discover_packages(ignore) using defaults
[0.804s] Level 1:colcon.colcon_core.package_discovery:discover_packages(path) discover
[0.804s] Level 1:colcon.colcon_core.package_discovery:discover_packages(path) using defaults
[0.877s] Level 1:colcon.colcon_core.package_discovery:discover_packages(prefix_path) check parameters
[0.877s] Level 1:colcon.colcon_core.package_discovery:discover_packages(prefix_path) discover
[0.899s] DEBUG:colcon.colcon_installed_package_information.package_discovery:Found 286 installed packages in /opt/ros/humble
[0.901s] Level 1:colcon.colcon_core.package_discovery:discover_packages(prefix_path) using defaults
[0.970s] Level 5:colcon.colcon_core.verb:set package 'hb_bot' build argument 'cmake_args' from command line to 'None'
[0.970s] Level 5:colcon.colcon_core.verb:set package 'hb_bot' build argument 'cmake_target' from command line to 'None'
[0.970s] Level 5:colcon.colcon_core.verb:set package 'hb_bot' build argument 'cmake_target_skip_unavailable' from command line to 'False'
[0.970s] Level 5:colcon.colcon_core.verb:set package 'hb_bot' build argument 'cmake_clean_cache' from command line to 'False'
[0.970s] Level 5:colcon.colcon_core.verb:set package 'hb_bot' build argument 'cmake_clean_first' from command line to 'False'
[0.970s] Level 5:colcon.colcon_core.verb:set package 'hb_bot' build argument 'cmake_force_configure' from command line to 'False'
[0.970s] Level 5:colcon.colcon_core.verb:set package 'hb_bot' build argument 'ament_cmake_args' from command line to 'None'
[0.970s] Level 5:colcon.colcon_core.verb:set package 'hb_bot' build argument 'catkin_cmake_args' from command line to 'None'
[0.970s] Level 5:colcon.colcon_core.verb:set package 'hb_bot' build argument 'catkin_skip_building_tests' from command line to 'False'
[0.970s] DEBUG:colcon.colcon_core.verb:Building package 'hb_bot' with the following arguments: {'ament_cmake_args': None, 'build_base': '/home/akshar/eyrc_hb/hb_task_2_ws/build/hb_bot', 'catkin_cmake_args': None, 'catkin_skip_building_tests': False, 'cmake_args': None, 'cmake_clean_cache': False, 'cmake_clean_first': False, 'cmake_force_configure': False, 'cmake_target': None, 'cmake_target_skip_unavailable': False, 'install_base': '/home/akshar/eyrc_hb/hb_task_2_ws/install/hb_bot', 'merge_install': False, 'path': '/home/akshar/eyrc_hb/hb_task_2_ws/src/hb_bot', 'symlink_install': False, 'test_result_base': None}
[0.982s] Level 5:colcon.colcon_core.verb:set package 'hb_task2a' build argument 'cmake_args' from command line to 'None'
[0.982s] Level 5:colcon.colcon_core.verb:set package 'hb_task2a' build argument 'cmake_target' from command line to 'None'
[0.982s] Level 5:colcon.colcon_core.verb:set package 'hb_task2a' build argument 'cmake_target_skip_unavailable' from command line to 'False'
[0.982s] Level 5:colcon.colcon_core.verb:set package 'hb_task2a' build argument 'cmake_clean_cache' from command line to 'False'
[0.982s] Level 5:colcon.colcon_core.verb:set package 'hb_task2a' build argument 'cmake_clean_first' from command line to 'False'
[0.982s] Level 5:colcon.colcon_core.verb:set package 'hb_task2a' build argument 'cmake_force_configure' from command line to 'False'
[0.982s] Level 5:colcon.colcon_core.verb:set package 'hb_task2a' build argument 'ament_cmake_args' from command line to 'None'
[0.982s] Level 5:colcon.colcon_core.verb:set package 'hb_task2a' build argument 'catkin_cmake_args' from command line to 'None'
[0.982s] Level 5:colcon.colcon_core.verb:set package 'hb_task2a' build argument 'catkin_skip_building_tests' from command line to 'False'
[0.982s] DEBUG:colcon.colcon_core.verb:Building package 'hb_task2a' with the following arguments: {'ament_cmake_args': None, 'build_base': '/home/akshar/eyrc_hb/hb_task_2_ws/build/hb_task2a', 'catkin_cmake_args': None, 'catkin_skip_building_tests': False, 'cmake_args': None, 'cmake_clean_cache': False, 'cmake_clean_first': False, 'cmake_force_configure': False, 'cmake_target': None, 'cmake_target_skip_unavailable': False, 'install_base': '/home/akshar/eyrc_hb/hb_task_2_ws/install/hb_task2a', 'merge_install': False, 'path': '/home/akshar/eyrc_hb/hb_task_2_ws/src/hb_task2a', 'symlink_install': False, 'test_result_base': None}
[0.992s] Level 5:colcon.colcon_core.verb:set package 'hb_task2b' build argument 'cmake_args' from command line to 'None'
[0.992s] Level 5:colcon.colcon_core.verb:set package 'hb_task2b' build argument 'cmake_target' from command line to 'None'
[0.993s] Level 5:colcon.colcon_core.verb:set package 'hb_task2b' build argument 'cmake_target_skip_unavailable' from command line to 'False'
[0.993s] Level 5:colcon.colcon_core.verb:set package 'hb_task2b' build argument 'cmake_clean_cache' from command line to 'False'
[0.993s] Level 5:colcon.colcon_core.verb:set package 'hb_task2b' build argument 'cmake_clean_first' from command line to 'False'
[0.993s] Level 5:colcon.colcon_core.verb:set package 'hb_task2b' build argument 'cmake_force_configure' from command line to 'False'
[0.993s] Level 5:colcon.colcon_core.verb:set package 'hb_task2b' build argument 'ament_cmake_args' from command line to 'None'
[0.993s] Level 5:colcon.colcon_core.verb:set package 'hb_task2b' build argument 'catkin_cmake_args' from command line to 'None'
[0.993s] Level 5:colcon.colcon_core.verb:set package 'hb_task2b' build argument 'catkin_skip_building_tests' from command line to 'False'
[0.993s] DEBUG:colcon.colcon_core.verb:Building package 'hb_task2b' with the following arguments: {'ament_cmake_args': None, 'build_base': '/home/akshar/eyrc_hb/hb_task_2_ws/build/hb_task2b', 'catkin_cmake_args': None, 'catkin_skip_building_tests': False, 'cmake_args': None, 'cmake_clean_cache': False, 'cmake_clean_first': False, 'cmake_force_configure': False, 'cmake_target': None, 'cmake_target_skip_unavailable': False, 'install_base': '/home/akshar/eyrc_hb/hb_task_2_ws/install/hb_task2b', 'merge_install': False, 'path': '/home/akshar/eyrc_hb/hb_task_2_ws/src/hb_task2b', 'symlink_install': False, 'test_result_base': None}
[1.003s] Level 5:colcon.colcon_core.verb:set package 'hb_world' build argument 'cmake_args' from command line to 'None'
[1.003s] Level 5:colcon.colcon_core.verb:set package 'hb_world' build argument 'cmake_target' from command line to 'None'
[1.003s] Level 5:colcon.colcon_core.verb:set package 'hb_world' build argument 'cmake_target_skip_unavailable' from command line to 'False'
[1.003s] Level 5:colcon.colcon_core.verb:set package 'hb_world' build argument 'cmake_clean_cache' from command line to 'False'
[1.003s] Level 5:colcon.colcon_core.verb:set package 'hb_world' build argument 'cmake_clean_first' from command line to 'False'
[1.003s] Level 5:colcon.colcon_core.verb:set package 'hb_world' build argument 'cmake_force_configure' from command line to 'False'
[1.003s] Level 5:colcon.colcon_core.verb:set package 'hb_world' build argument 'ament_cmake_args' from command line to 'None'
[1.003s] Level 5:colcon.colcon_core.verb:set package 'hb_world' build argument 'catkin_cmake_args' from command line to 'None'
[1.003s] Level 5:colcon.colcon_core.verb:set package 'hb_world' build argument 'catkin_skip_building_tests' from command line to 'False'
[1.003s] DEBUG:colcon.colcon_core.verb:Building package 'hb_world' with the following arguments: {'ament_cmake_args': None, 'build_base': '/home/akshar/eyrc_hb/hb_task_2_ws/build/hb_world', 'catkin_cmake_args': None, 'catkin_skip_building_tests': False, 'cmake_args': None, 'cmake_clean_cache': False, 'cmake_clean_first': False, 'cmake_force_configure': False, 'cmake_target': None, 'cmake_target_skip_unavailable': False, 'install_base': '/home/akshar/eyrc_hb/hb_task_2_ws/install/hb_world', 'merge_install': False, 'path': '/home/akshar/eyrc_hb/hb_task_2_ws/src/hb_world', 'symlink_install': False, 'test_result_base': None}
[1.015s] Level 5:colcon.colcon_core.verb:set package 'my_robot_interfaces' build argument 'cmake_args' from command line to 'None'
[1.015s] Level 5:colcon.colcon_core.verb:set package 'my_robot_interfaces' build argument 'cmake_target' from command line to 'None'
[1.015s] Level 5:colcon.colcon_core.verb:set package 'my_robot_interfaces' build argument 'cmake_target_skip_unavailable' from command line to 'False'
[1.015s] Level 5:colcon.colcon_core.verb:set package 'my_robot_interfaces' build argument 'cmake_clean_cache' from command line to 'False'
[1.015s] Level 5:colcon.colcon_core.verb:set package 'my_robot_interfaces' build argument 'cmake_clean_first' from command line to 'False'
[1.015s] Level 5:colcon.colcon_core.verb:set package 'my_robot_interfaces' build argument 'cmake_force_configure' from command line to 'False'
[1.015s] Level 5:colcon.colcon_core.verb:set package 'my_robot_interfaces' build argument 'ament_cmake_args' from command line to 'None'
[1.015s] Level 5:colcon.colcon_core.verb:set package 'my_robot_interfaces' build argument 'catkin_cmake_args' from command line to 'None'
[1.015s] Level 5:colcon.colcon_core.verb:set package 'my_robot_interfaces' build argument 'catkin_skip_building_tests' from command line to 'False'
[1.015s] DEBUG:colcon.colcon_core.verb:Building package 'my_robot_interfaces' with the following arguments: {'ament_cmake_args': None, 'build_base': '/home/akshar/eyrc_hb/hb_task_2_ws/build/my_robot_interfaces', 'catkin_cmake_args': None, 'catkin_skip_building_tests': False, 'cmake_args': None, 'cmake_clean_cache': False, 'cmake_clean_first': False, 'cmake_force_configure': False, 'cmake_target': None, 'cmake_target_skip_unavailable': False, 'install_base': '/home/akshar/eyrc_hb/hb_task_2_ws/install/my_robot_interfaces', 'merge_install': False, 'path': '/home/akshar/eyrc_hb/hb_task_2_ws/src/my_robot_interfaces', 'symlink_install': False, 'test_result_base': None}
[1.026s] INFO:colcon.colcon_core.executor:Executing jobs using 'parallel' executor
[1.037s] DEBUG:colcon.colcon_parallel_executor.executor.parallel:run_until_complete
[1.037s] INFO:colcon.colcon_ros.task.ament_cmake.build:Building ROS package in '/home/akshar/eyrc_hb/hb_task_2_ws/src/hb_bot' with build type 'ament_cmake'
[1.037s] INFO:colcon.colcon_cmake.task.cmake.build:Building CMake package in '/home/akshar/eyrc_hb/hb_task_2_ws/src/hb_bot'
[1.050s] INFO:colcon.colcon_core.plugin_system:Skipping extension 'colcon_core.shell.bat': Not used on non-Windows systems
[1.051s] INFO:colcon.colcon_core.shell:Skip shell extension 'powershell' for command environment: Not usable outside of PowerShell
[1.051s] DEBUG:colcon.colcon_core.shell:Skip shell extension 'dsv' for command environment
[1.076s] INFO:colcon.colcon_ros.task.ament_python.build:Building ROS package in '/home/akshar/eyrc_hb/hb_task_2_ws/src/hb_task2a' with build type 'ament_python'
[1.076s] Level 1:colcon.colcon_core.shell:create_environment_hook('hb_task2a', 'ament_prefix_path')
[1.087s] INFO:colcon.colcon_core.shell:Creating environment hook '/home/akshar/eyrc_hb/hb_task_2_ws/install/hb_task2a/share/hb_task2a/hook/ament_prefix_path.ps1'
[1.088s] INFO:colcon.colcon_core.shell:Creating environment descriptor '/home/akshar/eyrc_hb/hb_task_2_ws/install/hb_task2a/share/hb_task2a/hook/ament_prefix_path.dsv'
[1.088s] INFO:colcon.colcon_core.shell:Creating environment hook '/home/akshar/eyrc_hb/hb_task_2_ws/install/hb_task2a/share/hb_task2a/hook/ament_prefix_path.sh'
[1.100s] INFO:colcon.colcon_core.shell:Skip shell extension 'powershell' for command environment: Not usable outside of PowerShell
[1.100s] DEBUG:colcon.colcon_core.shell:Skip shell extension 'dsv' for command environment
[1.125s] INFO:colcon.colcon_ros.task.ament_python.build:Building ROS package in '/home/akshar/eyrc_hb/hb_task_2_ws/src/hb_task2b' with build type 'ament_python'
[1.125s] Level 1:colcon.colcon_core.shell:create_environment_hook('hb_task2b', 'ament_prefix_path')
[1.136s] INFO:colcon.colcon_core.shell:Creating environment hook '/home/akshar/eyrc_hb/hb_task_2_ws/install/hb_task2b/share/hb_task2b/hook/ament_prefix_path.ps1'
[1.136s] INFO:colcon.colcon_core.shell:Creating environment descriptor '/home/akshar/eyrc_hb/hb_task_2_ws/install/hb_task2b/share/hb_task2b/hook/ament_prefix_path.dsv'
[1.136s] INFO:colcon.colcon_core.shell:Creating environment hook '/home/akshar/eyrc_hb/hb_task_2_ws/install/hb_task2b/share/hb_task2b/hook/ament_prefix_path.sh'
[1.150s] INFO:colcon.colcon_core.shell:Skip shell extension 'powershell' for command environment: Not usable outside of PowerShell
[1.150s] DEBUG:colcon.colcon_core.shell:Skip shell extension 'dsv' for command environment
[1.185s] INFO:colcon.colcon_ros.task.ament_cmake.build:Building ROS package in '/home/akshar/eyrc_hb/hb_task_2_ws/src/hb_world' with build type 'ament_cmake'
[1.185s] INFO:colcon.colcon_cmake.task.cmake.build:Building CMake package in '/home/akshar/eyrc_hb/hb_task_2_ws/src/hb_world'
[1.196s] INFO:colcon.colcon_core.shell:Skip shell extension 'powershell' for command environment: Not usable outside of PowerShell
[1.196s] DEBUG:colcon.colcon_core.shell:Skip shell extension 'dsv' for command environment
[1.221s] INFO:colcon.colcon_ros.task.ament_cmake.build:Building ROS package in '/home/akshar/eyrc_hb/hb_task_2_ws/src/my_robot_interfaces' with build type 'ament_cmake'
[1.221s] INFO:colcon.colcon_cmake.task.cmake.build:Building CMake package in '/home/akshar/eyrc_hb/hb_task_2_ws/src/my_robot_interfaces'
[1.232s] INFO:colcon.colcon_core.shell:Skip shell extension 'powershell' for command environment: Not usable outside of PowerShell
[1.232s] DEBUG:colcon.colcon_core.shell:Skip shell extension 'dsv' for command environment
[1.262s] DEBUG:colcon.colcon_core.event_handler.log_command:Invoking command in '/home/akshar/eyrc_hb/hb_task_2_ws/build/hb_bot': CMAKE_PREFIX_PATH=/opt/ros/humble /usr/bin/cmake --build /home/akshar/eyrc_hb/hb_task_2_ws/build/hb_bot -- -j16 -l16
[1.447s] INFO:colcon.colcon_core.task.python.build:Building Python package in '/home/akshar/eyrc_hb/hb_task_2_ws/src/hb_task2a'
[1.458s] INFO:colcon.colcon_core.shell:Skip shell extension 'powershell' for command environment: Not usable outside of PowerShell
[1.458s] DEBUG:colcon.colcon_core.shell:Skip shell extension 'dsv' for command environment
[1.666s] INFO:colcon.colcon_core.task.python.build:Building Python package in '/home/akshar/eyrc_hb/hb_task_2_ws/src/hb_task2b'
[1.677s] INFO:colcon.colcon_core.shell:Skip shell extension 'powershell' for command environment: Not usable outside of PowerShell
[1.677s] DEBUG:colcon.colcon_core.shell:Skip shell extension 'dsv' for command environment
[1.704s] DEBUG:colcon.colcon_core.event_handler.log_command:Invoking command in '/home/akshar/eyrc_hb/hb_task_2_ws/build/hb_world': CMAKE_PREFIX_PATH=/opt/ros/humble /usr/bin/cmake --build /home/akshar/eyrc_hb/hb_task_2_ws/build/hb_world -- -j16 -l16
[1.707s] DEBUG:colcon.colcon_core.event_handler.log_command:Invoking command in '/home/akshar/eyrc_hb/hb_task_2_ws/build/my_robot_interfaces': CMAKE_PREFIX_PATH=/opt/ros/humble /usr/bin/cmake --build /home/akshar/eyrc_hb/hb_task_2_ws/build/my_robot_interfaces -- -j16 -l16
[1.707s] DEBUG:colcon.colcon_core.event_handler.log_command:Invoked command in '/home/akshar/eyrc_hb/hb_task_2_ws/build/hb_bot' returned '0': CMAKE_PREFIX_PATH=/opt/ros/humble /usr/bin/cmake --build /home/akshar/eyrc_hb/hb_task_2_ws/build/hb_bot -- -j16 -l16
[1.741s] DEBUG:colcon.colcon_core.event_handler.log_command:Invoking command in '/home/akshar/eyrc_hb/hb_task_2_ws/build/hb_bot': CMAKE_PREFIX_PATH=/opt/ros/humble /usr/bin/cmake --install /home/akshar/eyrc_hb/hb_task_2_ws/build/hb_bot
[1.751s] DEBUG:colcon.colcon_core.event_handler.log_command:Invoked command in '/home/akshar/eyrc_hb/hb_task_2_ws/build/hb_world' returned '0': CMAKE_PREFIX_PATH=/opt/ros/humble /usr/bin/cmake --build /home/akshar/eyrc_hb/hb_task_2_ws/build/hb_world -- -j16 -l16
[1.762s] Level 1:colcon.colcon_core.environment:create_environment_scripts_only(hb_bot)
[1.763s] DEBUG:colcon.colcon_core.event_handler.log_command:Invoked command in '/home/akshar/eyrc_hb/hb_task_2_ws/build/hb_bot' returned '0': CMAKE_PREFIX_PATH=/opt/ros/humble /usr/bin/cmake --install /home/akshar/eyrc_hb/hb_task_2_ws/build/hb_bot
[1.789s] Level 1:colcon.colcon_core.environment:checking '/home/akshar/eyrc_hb/hb_task_2_ws/install/hb_bot' for CMake module files
[1.790s] Level 1:colcon.colcon_core.environment:checking '/home/akshar/eyrc_hb/hb_task_2_ws/install/hb_bot' for CMake config files
[1.790s] Level 1:colcon.colcon_core.shell:create_environment_hook('hb_bot', 'cmake_prefix_path')
[1.808s] INFO:colcon.colcon_core.shell:Creating environment hook '/home/akshar/eyrc_hb/hb_task_2_ws/install/hb_bot/share/hb_bot/hook/cmake_prefix_path.ps1'
[1.809s] INFO:colcon.colcon_core.shell:Creating environment descriptor '/home/akshar/eyrc_hb/hb_task_2_ws/install/hb_bot/share/hb_bot/hook/cmake_prefix_path.dsv'
[1.809s] INFO:colcon.colcon_core.shell:Creating environment hook '/home/akshar/eyrc_hb/hb_task_2_ws/install/hb_bot/share/hb_bot/hook/cmake_prefix_path.sh'
[1.810s] Level 1:colcon.colcon_core.environment:checking '/home/akshar/eyrc_hb/hb_task_2_ws/install/hb_bot/bin'
[1.810s] Level 1:colcon.colcon_core.environment:checking '/home/akshar/eyrc_hb/hb_task_2_ws/install/hb_bot/lib/pkgconfig/hb_bot.pc'
[1.810s] Level 1:colcon.colcon_core.environment:checking '/home/akshar/eyrc_hb/hb_task_2_ws/install/hb_bot/lib/python3.10/site-packages'
[1.810s] Level 1:colcon.colcon_core.environment:checking '/home/akshar/eyrc_hb/hb_task_2_ws/install/hb_bot/bin'
[1.825s] INFO:colcon.colcon_core.shell:Creating package script '/home/akshar/eyrc_hb/hb_task_2_ws/install/hb_bot/share/hb_bot/package.ps1'
[1.827s] INFO:colcon.colcon_core.shell:Creating package descriptor '/home/akshar/eyrc_hb/hb_task_2_ws/install/hb_bot/share/hb_bot/package.dsv'
[1.827s] INFO:colcon.colcon_core.shell:Creating package script '/home/akshar/eyrc_hb/hb_task_2_ws/install/hb_bot/share/hb_bot/package.sh'
[1.828s] INFO:colcon.colcon_core.shell:Creating package script '/home/akshar/eyrc_hb/hb_task_2_ws/install/hb_bot/share/hb_bot/package.bash'
[1.829s] INFO:colcon.colcon_core.shell:Creating package script '/home/akshar/eyrc_hb/hb_task_2_ws/install/hb_bot/share/hb_bot/package.zsh'
[1.830s] Level 1:colcon.colcon_core.environment:create_file_with_runtime_dependencies(/home/akshar/eyrc_hb/hb_task_2_ws/install/hb_bot/share/colcon-core/packages/hb_bot)
[1.835s] DEBUG:colcon.colcon_core.event_handler.log_command:Invoking command in '/home/akshar/eyrc_hb/hb_task_2_ws/build/hb_world': CMAKE_PREFIX_PATH=/opt/ros/humble /usr/bin/cmake --install /home/akshar/eyrc_hb/hb_task_2_ws/build/hb_world
[1.846s] Level 1:colcon.colcon_core.environment:create_environment_scripts_only(hb_world)
[1.847s] DEBUG:colcon.colcon_core.event_handler.log_command:Invoked command in '/home/akshar/eyrc_hb/hb_task_2_ws/build/hb_world' returned '0': CMAKE_PREFIX_PATH=/opt/ros/humble /usr/bin/cmake --install /home/akshar/eyrc_hb/hb_task_2_ws/build/hb_world
[1.863s] Level 1:colcon.colcon_core.environment:checking '/home/akshar/eyrc_hb/hb_task_2_ws/install/hb_world' for CMake module files
[1.863s] Level 1:colcon.colcon_core.environment:checking '/home/akshar/eyrc_hb/hb_task_2_ws/install/hb_world' for CMake config files
[1.864s] Level 1:colcon.colcon_core.shell:create_environment_hook('hb_world', 'cmake_prefix_path')
[1.878s] INFO:colcon.colcon_core.shell:Creating environment hook '/home/akshar/eyrc_hb/hb_task_2_ws/install/hb_world/share/hb_world/hook/cmake_prefix_path.ps1'
[1.878s] INFO:colcon.colcon_core.shell:Creating environment descriptor '/home/akshar/eyrc_hb/hb_task_2_ws/install/hb_world/share/hb_world/hook/cmake_prefix_path.dsv'
[1.878s] INFO:colcon.colcon_core.shell:Creating environment hook '/home/akshar/eyrc_hb/hb_task_2_ws/install/hb_world/share/hb_world/hook/cmake_prefix_path.sh'
[1.879s] Level 1:colcon.colcon_core.environment:checking '/home/akshar/eyrc_hb/hb_task_2_ws/install/hb_world/bin'
[1.879s] Level 1:colcon.colcon_core.environment:checking '/home/akshar/eyrc_hb/hb_task_2_ws/install/hb_world/lib/pkgconfig/hb_world.pc'
[1.879s] Level 1:colcon.colcon_core.environment:checking '/home/akshar/eyrc_hb/hb_task_2_ws/install/hb_world/lib/python3.10/site-packages'
[1.879s] Level 1:colcon.colcon_core.environment:checking '/home/akshar/eyrc_hb/hb_task_2_ws/install/hb_world/bin'
[1.896s] INFO:colcon.colcon_core.shell:Creating package script '/home/akshar/eyrc_hb/hb_task_2_ws/install/hb_world/share/hb_world/package.ps1'
[1.896s] INFO:colcon.colcon_core.shell:Creating package descriptor '/home/akshar/eyrc_hb/hb_task_2_ws/install/hb_world/share/hb_world/package.dsv'
[1.897s] INFO:colcon.colcon_core.shell:Creating package script '/home/akshar/eyrc_hb/hb_task_2_ws/install/hb_world/share/hb_world/package.sh'
[1.897s] INFO:colcon.colcon_core.shell:Creating package script '/home/akshar/eyrc_hb/hb_task_2_ws/install/hb_world/share/hb_world/package.bash'
[1.897s] INFO:colcon.colcon_core.shell:Creating package script '/home/akshar/eyrc_hb/hb_task_2_ws/install/hb_world/share/hb_world/package.zsh'
[1.898s] Level 1:colcon.colcon_core.environment:create_file_with_runtime_dependencies(/home/akshar/eyrc_hb/hb_task_2_ws/install/hb_world/share/colcon-core/packages/hb_world)
[1.914s] Level 1:colcon.colcon_core.environment:create_environment_scripts_only(hb_bot)
[1.933s] Level 1:colcon.colcon_core.environment:checking '/home/akshar/eyrc_hb/hb_task_2_ws/install/hb_bot' for CMake module files
[1.933s] Level 1:colcon.colcon_core.environment:checking '/home/akshar/eyrc_hb/hb_task_2_ws/install/hb_bot' for CMake config files
[1.934s] Level 1:colcon.colcon_core.shell:create_environment_hook('hb_bot', 'cmake_prefix_path')
[1.947s] INFO:colcon.colcon_core.shell:Creating environment hook '/home/akshar/eyrc_hb/hb_task_2_ws/install/hb_bot/share/hb_bot/hook/cmake_prefix_path.ps1'
[1.947s] INFO:colcon.colcon_core.shell:Creating environment descriptor '/home/akshar/eyrc_hb/hb_task_2_ws/install/hb_bot/share/hb_bot/hook/cmake_prefix_path.dsv'
[1.948s] INFO:colcon.colcon_core.shell:Creating environment hook '/home/akshar/eyrc_hb/hb_task_2_ws/install/hb_bot/share/hb_bot/hook/cmake_prefix_path.sh'
[1.948s] Level 1:colcon.colcon_core.environment:checking '/home/akshar/eyrc_hb/hb_task_2_ws/install/hb_bot/bin'
[1.948s] Level 1:colcon.colcon_core.environment:checking '/home/akshar/eyrc_hb/hb_task_2_ws/install/hb_bot/lib/pkgconfig/hb_bot.pc'
[1.949s] Level 1:colcon.colcon_core.environment:checking '/home/akshar/eyrc_hb/hb_task_2_ws/install/hb_bot/lib/python3.10/site-packages'
[1.949s] Level 1:colcon.colcon_core.environment:checking '/home/akshar/eyrc_hb/hb_task_2_ws/install/hb_bot/bin'
[1.964s] INFO:colcon.colcon_core.shell:Creating package script '/home/akshar/eyrc_hb/hb_task_2_ws/install/hb_bot/share/hb_bot/package.ps1'
[1.965s] INFO:colcon.colcon_core.shell:Creating package descriptor '/home/akshar/eyrc_hb/hb_task_2_ws/install/hb_bot/share/hb_bot/package.dsv'
[1.965s] INFO:colcon.colcon_core.shell:Creating package script '/home/akshar/eyrc_hb/hb_task_2_ws/install/hb_bot/share/hb_bot/package.sh'
[1.966s] INFO:colcon.colcon_core.shell:Creating package script '/home/akshar/eyrc_hb/hb_task_2_ws/install/hb_bot/share/hb_bot/package.bash'
[1.966s] INFO:colcon.colcon_core.shell:Creating package script '/home/akshar/eyrc_hb/hb_task_2_ws/install/hb_bot/share/hb_bot/package.zsh'
[1.967s] Level 1:colcon.colcon_core.environment:create_file_with_runtime_dependencies(/home/akshar/eyrc_hb/hb_task_2_ws/install/hb_bot/share/colcon-core/packages/hb_bot)
[1.981s] Level 1:colcon.colcon_core.environment:create_environment_scripts_only(hb_world)
[1.996s] Level 1:colcon.colcon_core.environment:checking '/home/akshar/eyrc_hb/hb_task_2_ws/install/hb_world' for CMake module files
[1.997s] Level 1:colcon.colcon_core.environment:checking '/home/akshar/eyrc_hb/hb_task_2_ws/install/hb_world' for CMake config files
[1.997s] Level 1:colcon.colcon_core.shell:create_environment_hook('hb_world', 'cmake_prefix_path')
[2.011s] INFO:colcon.colcon_core.shell:Creating environment hook '/home/akshar/eyrc_hb/hb_task_2_ws/install/hb_world/share/hb_world/hook/cmake_prefix_path.ps1'
[2.012s] INFO:colcon.colcon_core.shell:Creating environment descriptor '/home/akshar/eyrc_hb/hb_task_2_ws/install/hb_world/share/hb_world/hook/cmake_prefix_path.dsv'
[2.012s] INFO:colcon.colcon_core.shell:Creating environment hook '/home/akshar/eyrc_hb/hb_task_2_ws/install/hb_world/share/hb_world/hook/cmake_prefix_path.sh'
[2.012s] Level 1:colcon.colcon_core.environment:checking '/home/akshar/eyrc_hb/hb_task_2_ws/install/hb_world/bin'
[2.012s] Level 1:colcon.colcon_core.environment:checking '/home/akshar/eyrc_hb/hb_task_2_ws/install/hb_world/lib/pkgconfig/hb_world.pc'
[2.013s] Level 1:colcon.colcon_core.environment:checking '/home/akshar/eyrc_hb/hb_task_2_ws/install/hb_world/lib/python3.10/site-packages'
[2.013s] Level 1:colcon.colcon_core.environment:checking '/home/akshar/eyrc_hb/hb_task_2_ws/install/hb_world/bin'
[2.026s] INFO:colcon.colcon_core.shell:Creating package script '/home/akshar/eyrc_hb/hb_task_2_ws/install/hb_world/share/hb_world/package.ps1'
[2.027s] INFO:colcon.colcon_core.shell:Creating package descriptor '/home/akshar/eyrc_hb/hb_task_2_ws/install/hb_world/share/hb_world/package.dsv'
[2.028s] INFO:colcon.colcon_core.shell:Creating package script '/home/akshar/eyrc_hb/hb_task_2_ws/install/hb_world/share/hb_world/package.sh'
[2.028s] INFO:colcon.colcon_core.shell:Creating package script '/home/akshar/eyrc_hb/hb_task_2_ws/install/hb_world/share/hb_world/package.bash'
[2.029s] INFO:colcon.colcon_core.shell:Creating package script '/home/akshar/eyrc_hb/hb_task_2_ws/install/hb_world/share/hb_world/package.zsh'
[2.029s] Level 1:colcon.colcon_core.environment:create_file_with_runtime_dependencies(/home/akshar/eyrc_hb/hb_task_2_ws/install/hb_world/share/colcon-core/packages/hb_world)
[2.041s] DEBUG:colcon.colcon_core.event_handler.log_command:Invoking command in '/home/akshar/eyrc_hb/hb_task_2_ws/src/hb_task2a': PYTHONPATH=/home/akshar/eyrc_hb/hb_task_2_ws/build/hb_task2a/prefix_override:/home/akshar/eyrc_hb/hb_task_2_ws/install/hb_task2a/lib/python3.10/site-packages:${PYTHONPATH} /usr/bin/python3 setup.py egg_info --egg-base ../../build/hb_task2a build --build-base /home/akshar/eyrc_hb/hb_task_2_ws/build/hb_task2a/build install --record /home/akshar/eyrc_hb/hb_task_2_ws/build/hb_task2a/install.log --single-version-externally-managed
[2.050s] DEBUG:colcon.colcon_core.event_handler.log_command:Invoking command in '/home/akshar/eyrc_hb/hb_task_2_ws/src/hb_task2b': PYTHONPATH=/home/akshar/eyrc_hb/hb_task_2_ws/build/hb_task2b/prefix_override:/home/akshar/eyrc_hb/hb_task_2_ws/install/hb_task2b/lib/python3.10/site-packages:${PYTHONPATH} /usr/bin/python3 setup.py egg_info --egg-base ../../build/hb_task2b build --build-base /home/akshar/eyrc_hb/hb_task_2_ws/build/hb_task2b/build install --record /home/akshar/eyrc_hb/hb_task_2_ws/build/hb_task2b/install.log --single-version-externally-managed
[2.087s] DEBUG:colcon.colcon_core.event_handler.log_command:Invoked command in '/home/akshar/eyrc_hb/hb_task_2_ws/build/my_robot_interfaces' returned '0': CMAKE_PREFIX_PATH=/opt/ros/humble /usr/bin/cmake --build /home/akshar/eyrc_hb/hb_task_2_ws/build/my_robot_interfaces -- -j16 -l16
[2.196s] DEBUG:colcon.colcon_core.event_handler.log_command:Invoking command in '/home/akshar/eyrc_hb/hb_task_2_ws/build/my_robot_interfaces': CMAKE_PREFIX_PATH=/opt/ros/humble /usr/bin/cmake --install /home/akshar/eyrc_hb/hb_task_2_ws/build/my_robot_interfaces
[2.244s] Level 1:colcon.colcon_core.environment:create_environment_scripts_only(my_robot_interfaces)
[2.244s] DEBUG:colcon.colcon_core.event_handler.log_command:Invoked command in '/home/akshar/eyrc_hb/hb_task_2_ws/build/my_robot_interfaces' returned '0': CMAKE_PREFIX_PATH=/opt/ros/humble /usr/bin/cmake --install /home/akshar/eyrc_hb/hb_task_2_ws/build/my_robot_interfaces
[2.262s] Level 1:colcon.colcon_core.environment:checking '/home/akshar/eyrc_hb/hb_task_2_ws/install/my_robot_interfaces' for CMake module files
[2.262s] Level 1:colcon.colcon_core.environment:checking '/home/akshar/eyrc_hb/hb_task_2_ws/install/my_robot_interfaces' for CMake config files
[2.263s] Level 1:colcon.colcon_core.shell:create_environment_hook('my_robot_interfaces', 'cmake_prefix_path')
[2.276s] INFO:colcon.colcon_core.shell:Creating environment hook '/home/akshar/eyrc_hb/hb_task_2_ws/install/my_robot_interfaces/share/my_robot_interfaces/hook/cmake_prefix_path.ps1'
[2.277s] INFO:colcon.colcon_core.shell:Creating environment descriptor '/home/akshar/eyrc_hb/hb_task_2_ws/install/my_robot_interfaces/share/my_robot_interfaces/hook/cmake_prefix_path.dsv'
[2.277s] INFO:colcon.colcon_core.shell:Creating environment hook '/home/akshar/eyrc_hb/hb_task_2_ws/install/my_robot_interfaces/share/my_robot_interfaces/hook/cmake_prefix_path.sh'
[2.278s] Level 1:colcon.colcon_core.environment:checking '/home/akshar/eyrc_hb/hb_task_2_ws/install/my_robot_interfaces/lib'
[2.278s] Level 1:colcon.colcon_core.shell:create_environment_hook('my_robot_interfaces', 'ld_library_path_lib')
[2.291s] INFO:colcon.colcon_core.shell:Creating environment hook '/home/akshar/eyrc_hb/hb_task_2_ws/install/my_robot_interfaces/share/my_robot_interfaces/hook/ld_library_path_lib.ps1'
[2.291s] INFO:colcon.colcon_core.shell:Creating environment descriptor '/home/akshar/eyrc_hb/hb_task_2_ws/install/my_robot_interfaces/share/my_robot_interfaces/hook/ld_library_path_lib.dsv'
[2.292s] INFO:colcon.colcon_core.shell:Creating environment hook '/home/akshar/eyrc_hb/hb_task_2_ws/install/my_robot_interfaces/share/my_robot_interfaces/hook/ld_library_path_lib.sh'
[2.292s] Level 1:colcon.colcon_core.environment:checking '/home/akshar/eyrc_hb/hb_task_2_ws/install/my_robot_interfaces/bin'
[2.292s] Level 1:colcon.colcon_core.environment:checking '/home/akshar/eyrc_hb/hb_task_2_ws/install/my_robot_interfaces/lib/pkgconfig/my_robot_interfaces.pc'
[2.293s] Level 1:colcon.colcon_core.environment:checking '/home/akshar/eyrc_hb/hb_task_2_ws/install/my_robot_interfaces/lib/python3.10/site-packages'
[2.293s] Level 1:colcon.colcon_core.environment:checking '/home/akshar/eyrc_hb/hb_task_2_ws/install/my_robot_interfaces/bin'
[2.305s] INFO:colcon.colcon_core.shell:Creating package script '/home/akshar/eyrc_hb/hb_task_2_ws/install/my_robot_interfaces/share/my_robot_interfaces/package.ps1'
[2.305s] INFO:colcon.colcon_core.shell:Creating package descriptor '/home/akshar/eyrc_hb/hb_task_2_ws/install/my_robot_interfaces/share/my_robot_interfaces/package.dsv'
[2.306s] INFO:colcon.colcon_core.shell:Creating package script '/home/akshar/eyrc_hb/hb_task_2_ws/install/my_robot_interfaces/share/my_robot_interfaces/package.sh'
[2.306s] INFO:colcon.colcon_core.shell:Creating package script '/home/akshar/eyrc_hb/hb_task_2_ws/install/my_robot_interfaces/share/my_robot_interfaces/package.bash'
[2.306s] INFO:colcon.colcon_core.shell:Creating package script '/home/akshar/eyrc_hb/hb_task_2_ws/install/my_robot_interfaces/share/my_robot_interfaces/package.zsh'
[2.306s] Level 1:colcon.colcon_core.environment:create_file_with_runtime_dependencies(/home/akshar/eyrc_hb/hb_task_2_ws/install/my_robot_interfaces/share/colcon-core/packages/my_robot_interfaces)
[2.308s] DEBUG:colcon.colcon_core.event_handler.log_command:Invoked command in '/home/akshar/eyrc_hb/hb_task_2_ws/src/hb_task2b' returned '0': PYTHONPATH=/home/akshar/eyrc_hb/hb_task_2_ws/build/hb_task2b/prefix_override:/home/akshar/eyrc_hb/hb_task_2_ws/install/hb_task2b/lib/python3.10/site-packages:${PYTHONPATH} /usr/bin/python3 setup.py egg_info --egg-base ../../build/hb_task2b build --build-base /home/akshar/eyrc_hb/hb_task_2_ws/build/hb_task2b/build install --record /home/akshar/eyrc_hb/hb_task_2_ws/build/hb_task2b/install.log --single-version-externally-managed
[2.319s] Level 1:colcon.colcon_core.environment:checking '/home/akshar/eyrc_hb/hb_task_2_ws/install/hb_task2b' for CMake module files
[2.319s] Level 1:colcon.colcon_core.environment:checking '/home/akshar/eyrc_hb/hb_task_2_ws/install/hb_task2b' for CMake config files
[2.320s] Level 1:colcon.colcon_core.environment:checking '/home/akshar/eyrc_hb/hb_task_2_ws/install/hb_task2b/lib'
[2.320s] Level 1:colcon.colcon_core.environment:checking '/home/akshar/eyrc_hb/hb_task_2_ws/install/hb_task2b/bin'
[2.320s] Level 1:colcon.colcon_core.environment:checking '/home/akshar/eyrc_hb/hb_task_2_ws/install/hb_task2b/lib/pkgconfig/hb_task2b.pc'
[2.320s] Level 1:colcon.colcon_core.environment:checking '/home/akshar/eyrc_hb/hb_task_2_ws/install/hb_task2b/lib/python3.10/site-packages'
[2.320s] Level 1:colcon.colcon_core.shell:create_environment_hook('hb_task2b', 'pythonpath')
[2.332s] INFO:colcon.colcon_core.shell:Creating environment hook '/home/akshar/eyrc_hb/hb_task_2_ws/install/hb_task2b/share/hb_task2b/hook/pythonpath.ps1'
[2.333s] INFO:colcon.colcon_core.shell:Creating environment descriptor '/home/akshar/eyrc_hb/hb_task_2_ws/install/hb_task2b/share/hb_task2b/hook/pythonpath.dsv'
[2.333s] INFO:colcon.colcon_core.shell:Creating environment hook '/home/akshar/eyrc_hb/hb_task_2_ws/install/hb_task2b/share/hb_task2b/hook/pythonpath.sh'
[2.333s] Level 1:colcon.colcon_core.environment:checking '/home/akshar/eyrc_hb/hb_task_2_ws/install/hb_task2b/bin'
[2.333s] Level 1:colcon.colcon_core.environment:create_environment_scripts_only(hb_task2b)
[2.344s] INFO:colcon.colcon_core.shell:Creating package script '/home/akshar/eyrc_hb/hb_task_2_ws/install/hb_task2b/share/hb_task2b/package.ps1'
[2.344s] INFO:colcon.colcon_core.shell:Creating package descriptor '/home/akshar/eyrc_hb/hb_task_2_ws/install/hb_task2b/share/hb_task2b/package.dsv'
[2.345s] INFO:colcon.colcon_core.shell:Creating package script '/home/akshar/eyrc_hb/hb_task_2_ws/install/hb_task2b/share/hb_task2b/package.sh'
[2.345s] INFO:colcon.colcon_core.shell:Creating package script '/home/akshar/eyrc_hb/hb_task_2_ws/install/hb_task2b/share/hb_task2b/package.bash'
[2.345s] INFO:colcon.colcon_core.shell:Creating package script '/home/akshar/eyrc_hb/hb_task_2_ws/install/hb_task2b/share/hb_task2b/package.zsh'
[2.345s] Level 1:colcon.colcon_core.environment:create_file_with_runtime_dependencies(/home/akshar/eyrc_hb/hb_task_2_ws/install/hb_task2b/share/colcon-core/packages/hb_task2b)
[2.347s] DEBUG:colcon.colcon_core.event_handler.log_command:Invoked command in '/home/akshar/eyrc_hb/hb_task_2_ws/src/hb_task2a' returned '0': PYTHONPATH=/home/akshar/eyrc_hb/hb_task_2_ws/build/hb_task2a/prefix_override:/home/akshar/eyrc_hb/hb_task_2_ws/install/hb_task2a/lib/python3.10/site-packages:${PYTHONPATH} /usr/bin/python3 setup.py egg_info --egg-base ../../build/hb_task2a build --build-base /home/akshar/eyrc_hb/hb_task_2_ws/build/hb_task2a/build install --record /home/akshar/eyrc_hb/hb_task_2_ws/build/hb_task2a/install.log --single-version-externally-managed
[2.358s] Level 1:colcon.colcon_core.environment:checking '/home/akshar/eyrc_hb/hb_task_2_ws/install/hb_task2a' for CMake module files
[2.358s] Level 1:colcon.colcon_core.environment:checking '/home/akshar/eyrc_hb/hb_task_2_ws/install/hb_task2a' for CMake config files
[2.359s] Level 1:colcon.colcon_core.environment:checking '/home/akshar/eyrc_hb/hb_task_2_ws/install/hb_task2a/lib'
[2.359s] Level 1:colcon.colcon_core.environment:checking '/home/akshar/eyrc_hb/hb_task_2_ws/install/hb_task2a/bin'
[2.359s] Level 1:colcon.colcon_core.environment:checking '/home/akshar/eyrc_hb/hb_task_2_ws/install/hb_task2a/lib/pkgconfig/hb_task2a.pc'
[2.359s] Level 1:colcon.colcon_core.environment:checking '/home/akshar/eyrc_hb/hb_task_2_ws/install/hb_task2a/lib/python3.10/site-packages'
[2.360s] Level 1:colcon.colcon_core.shell:create_environment_hook('hb_task2a', 'pythonpath')
[2.371s] INFO:colcon.colcon_core.shell:Creating environment hook '/home/akshar/eyrc_hb/hb_task_2_ws/install/hb_task2a/share/hb_task2a/hook/pythonpath.ps1'
[2.372s] INFO:colcon.colcon_core.shell:Creating environment descriptor '/home/akshar/eyrc_hb/hb_task_2_ws/install/hb_task2a/share/hb_task2a/hook/pythonpath.dsv'
[2.372s] INFO:colcon.colcon_core.shell:Creating environment hook '/home/akshar/eyrc_hb/hb_task_2_ws/install/hb_task2a/share/hb_task2a/hook/pythonpath.sh'
[2.372s] Level 1:colcon.colcon_core.environment:checking '/home/akshar/eyrc_hb/hb_task_2_ws/install/hb_task2a/bin'
[2.372s] Level 1:colcon.colcon_core.environment:create_environment_scripts_only(hb_task2a)
[2.383s] INFO:colcon.colcon_core.shell:Creating package script '/home/akshar/eyrc_hb/hb_task_2_ws/install/hb_task2a/share/hb_task2a/package.ps1'
[2.384s] INFO:colcon.colcon_core.shell:Creating package descriptor '/home/akshar/eyrc_hb/hb_task_2_ws/install/hb_task2a/share/hb_task2a/package.dsv'
[2.384s] INFO:colcon.colcon_core.shell:Creating package script '/home/akshar/eyrc_hb/hb_task_2_ws/install/hb_task2a/share/hb_task2a/package.sh'
[2.384s] INFO:colcon.colcon_core.shell:Creating package script '/home/akshar/eyrc_hb/hb_task_2_ws/install/hb_task2a/share/hb_task2a/package.bash'
[2.384s] INFO:colcon.colcon_core.shell:Creating package script '/home/akshar/eyrc_hb/hb_task_2_ws/install/hb_task2a/share/hb_task2a/package.zsh'
[2.385s] Level 1:colcon.colcon_core.environment:create_file_with_runtime_dependencies(/home/akshar/eyrc_hb/hb_task_2_ws/install/hb_task2a/share/colcon-core/packages/hb_task2a)
[2.412s] Level 1:colcon.colcon_core.environment:create_environment_scripts_only(my_robot_interfaces)
[2.422s] Level 1:colcon.colcon_core.environment:checking '/home/akshar/eyrc_hb/hb_task_2_ws/install/my_robot_interfaces' for CMake module files
[2.423s] Level 1:colcon.colcon_core.environment:checking '/home/akshar/eyrc_hb/hb_task_2_ws/install/my_robot_interfaces' for CMake config files
[2.424s] Level 1:colcon.colcon_core.shell:create_environment_hook('my_robot_interfaces', 'cmake_prefix_path')
[2.436s] INFO:colcon.colcon_core.shell:Creating environment hook '/home/akshar/eyrc_hb/hb_task_2_ws/install/my_robot_interfaces/share/my_robot_interfaces/hook/cmake_prefix_path.ps1'
[2.436s] INFO:colcon.colcon_core.shell:Creating environment descriptor '/home/akshar/eyrc_hb/hb_task_2_ws/install/my_robot_interfaces/share/my_robot_interfaces/hook/cmake_prefix_path.dsv'
[2.436s] INFO:colcon.colcon_core.shell:Creating environment hook '/home/akshar/eyrc_hb/hb_task_2_ws/install/my_robot_interfaces/share/my_robot_interfaces/hook/cmake_prefix_path.sh'
[2.437s] Level 1:colcon.colcon_core.environment:checking '/home/akshar/eyrc_hb/hb_task_2_ws/install/my_robot_interfaces/lib'
[2.437s] Level 1:colcon.colcon_core.shell:create_environment_hook('my_robot_interfaces', 'ld_library_path_lib')
[2.447s] INFO:colcon.colcon_core.shell:Creating environment hook '/home/akshar/eyrc_hb/hb_task_2_ws/install/my_robot_interfaces/share/my_robot_interfaces/hook/ld_library_path_lib.ps1'
[2.448s] INFO:colcon.colcon_core.shell:Creating environment descriptor '/home/akshar/eyrc_hb/hb_task_2_ws/install/my_robot_interfaces/share/my_robot_interfaces/hook/ld_library_path_lib.dsv'
[2.448s] INFO:colcon.colcon_core.shell:Creating environment hook '/home/akshar/eyrc_hb/hb_task_2_ws/install/my_robot_interfaces/share/my_robot_interfaces/hook/ld_library_path_lib.sh'
[2.448s] Level 1:colcon.colcon_core.environment:checking '/home/akshar/eyrc_hb/hb_task_2_ws/install/my_robot_interfaces/bin'
[2.448s] Level 1:colcon.colcon_core.environment:checking '/home/akshar/eyrc_hb/hb_task_2_ws/install/my_robot_interfaces/lib/pkgconfig/my_robot_interfaces.pc'
[2.448s] Level 1:colcon.colcon_core.environment:checking '/home/akshar/eyrc_hb/hb_task_2_ws/install/my_robot_interfaces/lib/python3.10/site-packages'
[2.448s] Level 1:colcon.colcon_core.environment:checking '/home/akshar/eyrc_hb/hb_task_2_ws/install/my_robot_interfaces/bin'
[2.461s] INFO:colcon.colcon_core.shell:Creating package script '/home/akshar/eyrc_hb/hb_task_2_ws/install/my_robot_interfaces/share/my_robot_interfaces/package.ps1'
[2.462s] INFO:colcon.colcon_core.shell:Creating package descriptor '/home/akshar/eyrc_hb/hb_task_2_ws/install/my_robot_interfaces/share/my_robot_interfaces/package.dsv'
[2.462s] INFO:colcon.colcon_core.shell:Creating package script '/home/akshar/eyrc_hb/hb_task_2_ws/install/my_robot_interfaces/share/my_robot_interfaces/package.sh'
[2.462s] INFO:colcon.colcon_core.shell:Creating package script '/home/akshar/eyrc_hb/hb_task_2_ws/install/my_robot_interfaces/share/my_robot_interfaces/package.bash'
[2.463s] INFO:colcon.colcon_core.shell:Creating package script '/home/akshar/eyrc_hb/hb_task_2_ws/install/my_robot_interfaces/share/my_robot_interfaces/package.zsh'
[2.463s] Level 1:colcon.colcon_core.environment:create_file_with_runtime_dependencies(/home/akshar/eyrc_hb/hb_task_2_ws/install/my_robot_interfaces/share/colcon-core/packages/my_robot_interfaces)
[2.463s] DEBUG:colcon.colcon_parallel_executor.executor.parallel:closing loop
[2.463s] DEBUG:colcon.colcon_parallel_executor.executor.parallel:loop closed
[2.463s] DEBUG:colcon.colcon_parallel_executor.executor.parallel:run_until_complete finished with '0'
[2.463s] DEBUG:colcon.colcon_core.event_reactor:joining thread
[2.478s] INFO:colcon.colcon_core.plugin_system:Skipping extension 'colcon_notification.desktop_notification.terminal_notifier': Not used on non-Darwin systems
[2.478s] INFO:colcon.colcon_core.plugin_system:Skipping extension 'colcon_notification.desktop_notification.win32': Not used on non-Windows systems
[2.478s] INFO:colcon.colcon_notification.desktop_notification:Sending desktop notification using 'notify2'
[2.490s] DEBUG:colcon.colcon_core.event_reactor:joined thread
[2.503s] INFO:colcon.colcon_core.shell:Creating prefix script '/home/akshar/eyrc_hb/hb_task_2_ws/install/local_setup.ps1'
[2.504s] INFO:colcon.colcon_core.shell:Creating prefix util module '/home/akshar/eyrc_hb/hb_task_2_ws/install/_local_setup_util_ps1.py'
[2.505s] INFO:colcon.colcon_core.shell:Creating prefix chain script '/home/akshar/eyrc_hb/hb_task_2_ws/install/setup.ps1'
[2.517s] INFO:colcon.colcon_core.shell:Creating prefix script '/home/akshar/eyrc_hb/hb_task_2_ws/install/local_setup.sh'
[2.517s] INFO:colcon.colcon_core.shell:Creating prefix util module '/home/akshar/eyrc_hb/hb_task_2_ws/install/_local_setup_util_sh.py'
[2.517s] INFO:colcon.colcon_core.shell:Creating prefix chain script '/home/akshar/eyrc_hb/hb_task_2_ws/install/setup.sh'
[2.531s] INFO:colcon.colcon_core.shell:Creating prefix script '/home/akshar/eyrc_hb/hb_task_2_ws/install/local_setup.bash'
[2.531s] INFO:colcon.colcon_core.shell:Creating prefix chain script '/home/akshar/eyrc_hb/hb_task_2_ws/install/setup.bash'
[2.543s] INFO:colcon.colcon_core.shell:Creating prefix script '/home/akshar/eyrc_hb/hb_task_2_ws/install/local_setup.zsh'
[2.544s] INFO:colcon.colcon_core.shell:Creating prefix chain script '/home/akshar/eyrc_hb/hb_task_2_ws/install/setup.zsh'
