[0.472s] Invoking command in '/home/premsai/eyrc23_HB_1282/hb_task5_ws/src/hb_task5a': PYTHONPATH=/home/premsai/eyrc23_HB_1282/hb_task5_ws/build/hb_task5a/prefix_override:/home/premsai/eyrc23_HB_1282/hb_task5_ws/install/hb_task5a/lib/python3.10/site-packages:${PYTHONPATH} /usr/bin/python3 setup.py egg_info --egg-base ../../build/hb_task5a build --build-base /home/premsai/eyrc23_HB_1282/hb_task5_ws/build/hb_task5a/build install --record /home/premsai/eyrc23_HB_1282/hb_task5_ws/build/hb_task5a/install.log --single-version-externally-managed
[0.628s] running egg_info
[0.628s] writing ../../build/hb_task5a/hb_task5a.egg-info/PKG-INFO
[0.628s] writing dependency_links to ../../build/hb_task5a/hb_task5a.egg-info/dependency_links.txt
[0.628s] writing entry points to ../../build/hb_task5a/hb_task5a.egg-info/entry_points.txt
[0.628s] writing requirements to ../../build/hb_task5a/hb_task5a.egg-info/requires.txt
[0.628s] writing top-level names to ../../build/hb_task5a/hb_task5a.egg-info/top_level.txt
[0.629s] reading manifest file '../../build/hb_task5a/hb_task5a.egg-info/SOURCES.txt'
[0.630s] writing manifest file '../../build/hb_task5a/hb_task5a.egg-info/SOURCES.txt'
[0.630s] running build
[0.630s] running build_py
[0.630s] copying hb_task5a/nextGoalPub.py -> /home/premsai/eyrc23_HB_1282/hb_task5_ws/build/hb_task5a/build/lib/hb_task5a
[0.630s] running install
[0.630s] /usr/lib/python3/dist-packages/setuptools/command/install.py:34: SetuptoolsDeprecationWarning: setup.py install is deprecated. Use build and pip and other standards-based tools.
[0.631s]   warnings.warn(
[0.631s] running install_lib
[0.631s] copying /home/premsai/eyrc23_HB_1282/hb_task5_ws/build/hb_task5a/build/lib/hb_task5a/nextGoalPub.py -> /home/premsai/eyrc23_HB_1282/hb_task5_ws/install/hb_task5a/lib/python3.10/site-packages/hb_task5a
[0.632s] byte-compiling /home/premsai/eyrc23_HB_1282/hb_task5_ws/install/hb_task5a/lib/python3.10/site-packages/hb_task5a/nextGoalPub.py to nextGoalPub.cpython-310.pyc
[0.634s] running install_data
[0.634s] running install_egg_info
[0.635s] removing '/home/premsai/eyrc23_HB_1282/hb_task5_ws/install/hb_task5a/lib/python3.10/site-packages/hb_task5a-0.0.0-py3.10.egg-info' (and everything under it)
[0.636s] Copying ../../build/hb_task5a/hb_task5a.egg-info to /home/premsai/eyrc23_HB_1282/hb_task5_ws/install/hb_task5a/lib/python3.10/site-packages/hb_task5a-0.0.0-py3.10.egg-info
[0.636s] running install_scripts
[0.649s] Installing StopFlag script to /home/premsai/eyrc23_HB_1282/hb_task5_ws/install/hb_task5a/lib/hb_task5a
[0.650s] Installing controller script to /home/premsai/eyrc23_HB_1282/hb_task5_ws/install/hb_task5a/lib/hb_task5a
[0.650s] Installing controllerik script to /home/premsai/eyrc23_HB_1282/hb_task5_ws/install/hb_task5a/lib/hb_task5a
[0.650s] Installing controllerik2 script to /home/premsai/eyrc23_HB_1282/hb_task5_ws/install/hb_task5a/lib/hb_task5a
[0.650s] Installing controllerik3 script to /home/premsai/eyrc23_HB_1282/hb_task5_ws/install/hb_task5a/lib/hb_task5a
[0.650s] Installing feedback script to /home/premsai/eyrc23_HB_1282/hb_task5_ws/install/hb_task5a/lib/hb_task5a
[0.650s] Installing img script to /home/premsai/eyrc23_HB_1282/hb_task5_ws/install/hb_task5a/lib/hb_task5a
[0.650s] Installing interp script to /home/premsai/eyrc23_HB_1282/hb_task5_ws/install/hb_task5a/lib/hb_task5a
[0.650s] Installing interp2 script to /home/premsai/eyrc23_HB_1282/hb_task5_ws/install/hb_task5a/lib/hb_task5a
[0.650s] Installing interp3 script to /home/premsai/eyrc23_HB_1282/hb_task5_ws/install/hb_task5a/lib/hb_task5a
[0.650s] Installing map script to /home/premsai/eyrc23_HB_1282/hb_task5_ws/install/hb_task5a/lib/hb_task5a
[0.650s] Installing map2 script to /home/premsai/eyrc23_HB_1282/hb_task5_ws/install/hb_task5a/lib/hb_task5a
[0.650s] Installing map3 script to /home/premsai/eyrc23_HB_1282/hb_task5_ws/install/hb_task5a/lib/hb_task5a
[0.650s] Installing nextgoal script to /home/premsai/eyrc23_HB_1282/hb_task5_ws/install/hb_task5a/lib/hb_task5a
[0.650s] Installing server script to /home/premsai/eyrc23_HB_1282/hb_task5_ws/install/hb_task5a/lib/hb_task5a
[0.651s] writing list of installed files to '/home/premsai/eyrc23_HB_1282/hb_task5_ws/build/hb_task5a/install.log'
[0.670s] Invoked command in '/home/premsai/eyrc23_HB_1282/hb_task5_ws/src/hb_task5a' returned '0': PYTHONPATH=/home/premsai/eyrc23_HB_1282/hb_task5_ws/build/hb_task5a/prefix_override:/home/premsai/eyrc23_HB_1282/hb_task5_ws/install/hb_task5a/lib/python3.10/site-packages:${PYTHONPATH} /usr/bin/python3 setup.py egg_info --egg-base ../../build/hb_task5a build --build-base /home/premsai/eyrc23_HB_1282/hb_task5_ws/build/hb_task5a/build install --record /home/premsai/eyrc23_HB_1282/hb_task5_ws/build/hb_task5a/install.log --single-version-externally-managed
