[0.645s] Invoking command in '/home/akshar/eyrc_hb/hb_task5_ws/src/hb_task5a': PYTHONPATH=/home/akshar/eyrc_hb/hb_task5_ws/build/hb_task5a/prefix_override:/home/akshar/eyrc_hb/hb_task5_ws/install/hb_task5a/lib/python3.10/site-packages:${PYTHONPATH} /usr/bin/python3 setup.py egg_info --egg-base ../../build/hb_task5a build --build-base /home/akshar/eyrc_hb/hb_task5_ws/build/hb_task5a/build install --record /home/akshar/eyrc_hb/hb_task5_ws/build/hb_task5a/install.log --single-version-externally-managed
[0.837s] running egg_info
[0.838s] writing ../../build/hb_task5a/hb_task5a.egg-info/PKG-INFO
[0.838s] writing dependency_links to ../../build/hb_task5a/hb_task5a.egg-info/dependency_links.txt
[0.838s] writing entry points to ../../build/hb_task5a/hb_task5a.egg-info/entry_points.txt
[0.838s] writing requirements to ../../build/hb_task5a/hb_task5a.egg-info/requires.txt
[0.838s] writing top-level names to ../../build/hb_task5a/hb_task5a.egg-info/top_level.txt
[0.840s] reading manifest file '../../build/hb_task5a/hb_task5a.egg-info/SOURCES.txt'
[0.841s] writing manifest file '../../build/hb_task5a/hb_task5a.egg-info/SOURCES.txt'
[0.841s] running build
[0.841s] running build_py
[0.841s] copying hb_task5a/controller_ik.py -> /home/akshar/eyrc_hb/hb_task5_ws/build/hb_task5a/build/lib/hb_task5a
[0.842s] running install
[0.842s] /usr/lib/python3/dist-packages/setuptools/command/install.py:34: SetuptoolsDeprecationWarning: setup.py install is deprecated. Use build and pip and other standards-based tools.
[0.842s]   warnings.warn(
[0.843s] running install_lib
[0.845s] copying /home/akshar/eyrc_hb/hb_task5_ws/build/hb_task5a/build/lib/hb_task5a/controller_ik.py -> /home/akshar/eyrc_hb/hb_task5_ws/install/hb_task5a/lib/python3.10/site-packages/hb_task5a
[0.846s] byte-compiling /home/akshar/eyrc_hb/hb_task5_ws/install/hb_task5a/lib/python3.10/site-packages/hb_task5a/controller_ik.py to controller_ik.cpython-310.pyc
[0.848s] running install_data
[0.848s] running install_egg_info
[0.850s] removing '/home/akshar/eyrc_hb/hb_task5_ws/install/hb_task5a/lib/python3.10/site-packages/hb_task5a-0.0.0-py3.10.egg-info' (and everything under it)
[0.850s] Copying ../../build/hb_task5a/hb_task5a.egg-info to /home/akshar/eyrc_hb/hb_task5_ws/install/hb_task5a/lib/python3.10/site-packages/hb_task5a-0.0.0-py3.10.egg-info
[0.851s] running install_scripts
[0.875s] Installing controller script to /home/akshar/eyrc_hb/hb_task5_ws/install/hb_task5a/lib/hb_task5a
[0.875s] Installing controllerik script to /home/akshar/eyrc_hb/hb_task5_ws/install/hb_task5a/lib/hb_task5a
[0.876s] Installing feedback script to /home/akshar/eyrc_hb/hb_task5_ws/install/hb_task5a/lib/hb_task5a
[0.876s] Installing interp script to /home/akshar/eyrc_hb/hb_task5_ws/install/hb_task5a/lib/hb_task5a
[0.876s] Installing map script to /home/akshar/eyrc_hb/hb_task5_ws/install/hb_task5a/lib/hb_task5a
[0.876s] Installing nextgoal script to /home/akshar/eyrc_hb/hb_task5_ws/install/hb_task5a/lib/hb_task5a
[0.876s] writing list of installed files to '/home/akshar/eyrc_hb/hb_task5_ws/build/hb_task5a/install.log'
[0.927s] Invoked command in '/home/akshar/eyrc_hb/hb_task5_ws/src/hb_task5a' returned '0': PYTHONPATH=/home/akshar/eyrc_hb/hb_task5_ws/build/hb_task5a/prefix_override:/home/akshar/eyrc_hb/hb_task5_ws/install/hb_task5a/lib/python3.10/site-packages:${PYTHONPATH} /usr/bin/python3 setup.py egg_info --egg-base ../../build/hb_task5a build --build-base /home/akshar/eyrc_hb/hb_task5_ws/build/hb_task5a/build install --record /home/akshar/eyrc_hb/hb_task5_ws/build/hb_task5a/install.log --single-version-externally-managed
