[0.541s] Invoking command in '/home/premsai/eyrc23_HB_1282/hb_task6_ws/src/hb_task6': PYTHONPATH=/home/premsai/eyrc23_HB_1282/hb_task6_ws/build/hb_task6/prefix_override:/home/premsai/eyrc23_HB_1282/hb_task6_ws/install/hb_task6/lib/python3.10/site-packages:${PYTHONPATH} /usr/bin/python3 setup.py egg_info --egg-base ../../build/hb_task6 build --build-base /home/premsai/eyrc23_HB_1282/hb_task6_ws/build/hb_task6/build install --record /home/premsai/eyrc23_HB_1282/hb_task6_ws/build/hb_task6/install.log --single-version-externally-managed
[0.720s] running egg_info
[0.720s] writing ../../build/hb_task6/hb_task6.egg-info/PKG-INFO
[0.721s] writing dependency_links to ../../build/hb_task6/hb_task6.egg-info/dependency_links.txt
[0.721s] writing entry points to ../../build/hb_task6/hb_task6.egg-info/entry_points.txt
[0.721s] writing requirements to ../../build/hb_task6/hb_task6.egg-info/requires.txt
[0.721s] writing top-level names to ../../build/hb_task6/hb_task6.egg-info/top_level.txt
[0.722s] reading manifest file '../../build/hb_task6/hb_task6.egg-info/SOURCES.txt'
[0.723s] writing manifest file '../../build/hb_task6/hb_task6.egg-info/SOURCES.txt'
[0.723s] running build
[0.724s] running build_py
[0.724s] copying hb_task6/mapping.py -> /home/premsai/eyrc23_HB_1282/hb_task6_ws/build/hb_task6/build/lib/hb_task6
[0.724s] copying hb_task6/mapping2.py -> /home/premsai/eyrc23_HB_1282/hb_task6_ws/build/hb_task6/build/lib/hb_task6
[0.725s] /usr/lib/python3/dist-packages/setuptools/command/install.py:34: SetuptoolsDeprecationWarning: setup.py install is deprecated. Use build and pip and other standards-based tools.
[0.725s]   warnings.warn(
[0.725s] running install
[0.725s] running install_lib
[0.726s] copying /home/premsai/eyrc23_HB_1282/hb_task6_ws/build/hb_task6/build/lib/hb_task6/mapping.py -> /home/premsai/eyrc23_HB_1282/hb_task6_ws/install/hb_task6/lib/python3.10/site-packages/hb_task6
[0.727s] copying /home/premsai/eyrc23_HB_1282/hb_task6_ws/build/hb_task6/build/lib/hb_task6/mapping2.py -> /home/premsai/eyrc23_HB_1282/hb_task6_ws/install/hb_task6/lib/python3.10/site-packages/hb_task6
[0.727s] byte-compiling /home/premsai/eyrc23_HB_1282/hb_task6_ws/install/hb_task6/lib/python3.10/site-packages/hb_task6/mapping.py to mapping.cpython-310.pyc
[0.727s] byte-compiling /home/premsai/eyrc23_HB_1282/hb_task6_ws/install/hb_task6/lib/python3.10/site-packages/hb_task6/mapping2.py to mapping2.cpython-310.pyc
[0.728s] running install_data
[0.728s] running install_egg_info
[0.730s] removing '/home/premsai/eyrc23_HB_1282/hb_task6_ws/install/hb_task6/lib/python3.10/site-packages/hb_task6-0.0.0-py3.10.egg-info' (and everything under it)
[0.730s] Copying ../../build/hb_task6/hb_task6.egg-info to /home/premsai/eyrc23_HB_1282/hb_task6_ws/install/hb_task6/lib/python3.10/site-packages/hb_task6-0.0.0-py3.10.egg-info
[0.730s] running install_scripts
[0.749s] Installing StopFlag script to /home/premsai/eyrc23_HB_1282/hb_task6_ws/install/hb_task6/lib/hb_task6
[0.749s] Installing controller script to /home/premsai/eyrc23_HB_1282/hb_task6_ws/install/hb_task6/lib/hb_task6
[0.749s] Installing controllerik script to /home/premsai/eyrc23_HB_1282/hb_task6_ws/install/hb_task6/lib/hb_task6
[0.750s] Installing controllerik2 script to /home/premsai/eyrc23_HB_1282/hb_task6_ws/install/hb_task6/lib/hb_task6
[0.750s] Installing controllerik3 script to /home/premsai/eyrc23_HB_1282/hb_task6_ws/install/hb_task6/lib/hb_task6
[0.750s] Installing feedback script to /home/premsai/eyrc23_HB_1282/hb_task6_ws/install/hb_task6/lib/hb_task6
[0.750s] Installing img script to /home/premsai/eyrc23_HB_1282/hb_task6_ws/install/hb_task6/lib/hb_task6
[0.750s] Installing interp script to /home/premsai/eyrc23_HB_1282/hb_task6_ws/install/hb_task6/lib/hb_task6
[0.750s] Installing interp2 script to /home/premsai/eyrc23_HB_1282/hb_task6_ws/install/hb_task6/lib/hb_task6
[0.750s] Installing interp3 script to /home/premsai/eyrc23_HB_1282/hb_task6_ws/install/hb_task6/lib/hb_task6
[0.750s] Installing map script to /home/premsai/eyrc23_HB_1282/hb_task6_ws/install/hb_task6/lib/hb_task6
[0.751s] Installing map2 script to /home/premsai/eyrc23_HB_1282/hb_task6_ws/install/hb_task6/lib/hb_task6
[0.751s] Installing map3 script to /home/premsai/eyrc23_HB_1282/hb_task6_ws/install/hb_task6/lib/hb_task6
[0.751s] Installing nextgoal script to /home/premsai/eyrc23_HB_1282/hb_task6_ws/install/hb_task6/lib/hb_task6
[0.751s] Installing server script to /home/premsai/eyrc23_HB_1282/hb_task6_ws/install/hb_task6/lib/hb_task6
[0.751s] Installing startFlag script to /home/premsai/eyrc23_HB_1282/hb_task6_ws/install/hb_task6/lib/hb_task6
[0.751s] writing list of installed files to '/home/premsai/eyrc23_HB_1282/hb_task6_ws/build/hb_task6/install.log'
[0.782s] Invoked command in '/home/premsai/eyrc23_HB_1282/hb_task6_ws/src/hb_task6' returned '0': PYTHONPATH=/home/premsai/eyrc23_HB_1282/hb_task6_ws/build/hb_task6/prefix_override:/home/premsai/eyrc23_HB_1282/hb_task6_ws/install/hb_task6/lib/python3.10/site-packages:${PYTHONPATH} /usr/bin/python3 setup.py egg_info --egg-base ../../build/hb_task6 build --build-base /home/premsai/eyrc23_HB_1282/hb_task6_ws/build/hb_task6/build install --record /home/premsai/eyrc23_HB_1282/hb_task6_ws/build/hb_task6/install.log --single-version-externally-managed
