[0.247s] Invoking command in '/home/akshar/eyrc_hb/hb_task_4/build/my_custom_msgs': CMAKE_PREFIX_PATH=/opt/ros/humble /usr/bin/cmake --build /home/akshar/eyrc_hb/hb_task_4/build/my_custom_msgs -- -j16 -l16
[0.315s] [  3%] Built target my_custom_msgs__cpp
[0.323s] [ 12%] Built target my_custom_msgs__rosidl_generator_c
[0.330s] [ 12%] Built target ament_cmake_python_copy_my_custom_msgs
[0.350s] [ 25%] Built target my_custom_msgs__rosidl_typesupport_cpp
[0.351s] [ 41%] Built target my_custom_msgs__rosidl_typesupport_fastrtps_cpp
[0.351s] [ 41%] Built target my_custom_msgs__rosidl_typesupport_introspection_cpp
[0.351s] [ 54%] Built target my_custom_msgs__rosidl_typesupport_introspection_c
[0.351s] [ 61%] Built target my_custom_msgs__rosidl_typesupport_c
[0.351s] [ 70%] Built target my_custom_msgs__rosidl_typesupport_fastrtps_c
[0.374s] [ 70%] Built target my_custom_msgs
[0.399s] [ 74%] Built target my_custom_msgs__py
[0.426s] [ 80%] Built target my_custom_msgs__rosidl_generator_py
[0.451s] [100%] Built target my_custom_msgs__rosidl_typesupport_introspection_c__pyext
[0.451s] [100%] Built target my_custom_msgs__rosidl_typesupport_fastrtps_c__pyext
[0.451s] [100%] Built target my_custom_msgs__rosidl_typesupport_c__pyext
[0.528s] running egg_info
[0.528s] writing my_custom_msgs.egg-info/PKG-INFO
[0.528s] writing dependency_links to my_custom_msgs.egg-info/dependency_links.txt
[0.529s] writing top-level names to my_custom_msgs.egg-info/top_level.txt
[0.530s] reading manifest file 'my_custom_msgs.egg-info/SOURCES.txt'
[0.531s] writing manifest file 'my_custom_msgs.egg-info/SOURCES.txt'
[0.555s] [100%] Built target ament_cmake_python_build_my_custom_msgs_egg
[0.566s] Invoked command in '/home/akshar/eyrc_hb/hb_task_4/build/my_custom_msgs' returned '0': CMAKE_PREFIX_PATH=/opt/ros/humble /usr/bin/cmake --build /home/akshar/eyrc_hb/hb_task_4/build/my_custom_msgs -- -j16 -l16
[0.636s] Invoking command in '/home/akshar/eyrc_hb/hb_task_4/build/my_custom_msgs': CMAKE_PREFIX_PATH=/opt/ros/humble /usr/bin/cmake --install /home/akshar/eyrc_hb/hb_task_4/build/my_custom_msgs
[0.646s] -- Install configuration: ""
[0.646s] -- Up-to-date: /home/akshar/eyrc_hb/hb_task_4/install/my_custom_msgs/share/ament_index/resource_index/rosidl_interfaces/my_custom_msgs
[0.646s] -- Up-to-date: /home/akshar/eyrc_hb/hb_task_4/install/my_custom_msgs/include/my_custom_msgs/my_custom_msgs
[0.646s] -- Up-to-date: /home/akshar/eyrc_hb/hb_task_4/install/my_custom_msgs/include/my_custom_msgs/my_custom_msgs/msg
[0.646s] -- Up-to-date: /home/akshar/eyrc_hb/hb_task_4/install/my_custom_msgs/include/my_custom_msgs/my_custom_msgs/msg/rosidl_generator_c__visibility_control.h
[0.646s] -- Up-to-date: /home/akshar/eyrc_hb/hb_task_4/install/my_custom_msgs/include/my_custom_msgs/my_custom_msgs/msg/wheel_vel.h
[0.646s] -- Up-to-date: /home/akshar/eyrc_hb/hb_task_4/install/my_custom_msgs/include/my_custom_msgs/my_custom_msgs/msg/detail
[0.646s] -- Up-to-date: /home/akshar/eyrc_hb/hb_task_4/install/my_custom_msgs/include/my_custom_msgs/my_custom_msgs/msg/detail/wheel_vel__functions.c
[0.647s] -- Up-to-date: /home/akshar/eyrc_hb/hb_task_4/install/my_custom_msgs/include/my_custom_msgs/my_custom_msgs/msg/detail/wheel_vel__type_support.h
[0.647s] -- Up-to-date: /home/akshar/eyrc_hb/hb_task_4/install/my_custom_msgs/include/my_custom_msgs/my_custom_msgs/msg/detail/wheel_vel__functions.h
[0.647s] -- Up-to-date: /home/akshar/eyrc_hb/hb_task_4/install/my_custom_msgs/include/my_custom_msgs/my_custom_msgs/msg/detail/wheel_vel__struct.h
[0.647s] -- Up-to-date: /home/akshar/eyrc_hb/hb_task_4/install/my_custom_msgs/share/my_custom_msgs/environment/library_path.sh
[0.647s] -- Up-to-date: /home/akshar/eyrc_hb/hb_task_4/install/my_custom_msgs/share/my_custom_msgs/environment/library_path.dsv
[0.647s] -- Up-to-date: /home/akshar/eyrc_hb/hb_task_4/install/my_custom_msgs/lib/libmy_custom_msgs__rosidl_generator_c.so
[0.647s] -- Up-to-date: /home/akshar/eyrc_hb/hb_task_4/install/my_custom_msgs/include/my_custom_msgs/my_custom_msgs
[0.647s] -- Up-to-date: /home/akshar/eyrc_hb/hb_task_4/install/my_custom_msgs/include/my_custom_msgs/my_custom_msgs/msg
[0.647s] -- Up-to-date: /home/akshar/eyrc_hb/hb_task_4/install/my_custom_msgs/include/my_custom_msgs/my_custom_msgs/msg/rosidl_typesupport_fastrtps_c__visibility_control.h
[0.647s] -- Up-to-date: /home/akshar/eyrc_hb/hb_task_4/install/my_custom_msgs/include/my_custom_msgs/my_custom_msgs/msg/detail
[0.647s] -- Up-to-date: /home/akshar/eyrc_hb/hb_task_4/install/my_custom_msgs/include/my_custom_msgs/my_custom_msgs/msg/detail/wheel_vel__rosidl_typesupport_fastrtps_c.h
[0.648s] -- Up-to-date: /home/akshar/eyrc_hb/hb_task_4/install/my_custom_msgs/lib/libmy_custom_msgs__rosidl_typesupport_fastrtps_c.so
[0.648s] -- Up-to-date: /home/akshar/eyrc_hb/hb_task_4/install/my_custom_msgs/include/my_custom_msgs/my_custom_msgs
[0.648s] -- Up-to-date: /home/akshar/eyrc_hb/hb_task_4/install/my_custom_msgs/include/my_custom_msgs/my_custom_msgs/msg
[0.648s] -- Up-to-date: /home/akshar/eyrc_hb/hb_task_4/install/my_custom_msgs/include/my_custom_msgs/my_custom_msgs/msg/rosidl_typesupport_introspection_c__visibility_control.h
[0.648s] -- Up-to-date: /home/akshar/eyrc_hb/hb_task_4/install/my_custom_msgs/include/my_custom_msgs/my_custom_msgs/msg/detail
[0.648s] -- Up-to-date: /home/akshar/eyrc_hb/hb_task_4/install/my_custom_msgs/include/my_custom_msgs/my_custom_msgs/msg/detail/wheel_vel__rosidl_typesupport_introspection_c.h
[0.648s] -- Up-to-date: /home/akshar/eyrc_hb/hb_task_4/install/my_custom_msgs/include/my_custom_msgs/my_custom_msgs/msg/detail/wheel_vel__type_support.c
[0.648s] -- Up-to-date: /home/akshar/eyrc_hb/hb_task_4/install/my_custom_msgs/lib/libmy_custom_msgs__rosidl_typesupport_introspection_c.so
[0.649s] -- Up-to-date: /home/akshar/eyrc_hb/hb_task_4/install/my_custom_msgs/lib/libmy_custom_msgs__rosidl_typesupport_c.so
[0.649s] -- Up-to-date: /home/akshar/eyrc_hb/hb_task_4/install/my_custom_msgs/include/my_custom_msgs/my_custom_msgs
[0.649s] -- Up-to-date: /home/akshar/eyrc_hb/hb_task_4/install/my_custom_msgs/include/my_custom_msgs/my_custom_msgs/msg
[0.649s] -- Up-to-date: /home/akshar/eyrc_hb/hb_task_4/install/my_custom_msgs/include/my_custom_msgs/my_custom_msgs/msg/wheel_vel.hpp
[0.649s] -- Up-to-date: /home/akshar/eyrc_hb/hb_task_4/install/my_custom_msgs/include/my_custom_msgs/my_custom_msgs/msg/detail
[0.649s] -- Up-to-date: /home/akshar/eyrc_hb/hb_task_4/install/my_custom_msgs/include/my_custom_msgs/my_custom_msgs/msg/detail/wheel_vel__struct.hpp
[0.649s] -- Up-to-date: /home/akshar/eyrc_hb/hb_task_4/install/my_custom_msgs/include/my_custom_msgs/my_custom_msgs/msg/detail/wheel_vel__traits.hpp
[0.649s] -- Up-to-date: /home/akshar/eyrc_hb/hb_task_4/install/my_custom_msgs/include/my_custom_msgs/my_custom_msgs/msg/detail/wheel_vel__builder.hpp
[0.649s] -- Up-to-date: /home/akshar/eyrc_hb/hb_task_4/install/my_custom_msgs/include/my_custom_msgs/my_custom_msgs
[0.649s] -- Up-to-date: /home/akshar/eyrc_hb/hb_task_4/install/my_custom_msgs/include/my_custom_msgs/my_custom_msgs/msg
[0.650s] -- Up-to-date: /home/akshar/eyrc_hb/hb_task_4/install/my_custom_msgs/include/my_custom_msgs/my_custom_msgs/msg/rosidl_typesupport_fastrtps_cpp__visibility_control.h
[0.650s] -- Up-to-date: /home/akshar/eyrc_hb/hb_task_4/install/my_custom_msgs/include/my_custom_msgs/my_custom_msgs/msg/detail
[0.650s] -- Up-to-date: /home/akshar/eyrc_hb/hb_task_4/install/my_custom_msgs/include/my_custom_msgs/my_custom_msgs/msg/detail/dds_fastrtps
[0.650s] -- Up-to-date: /home/akshar/eyrc_hb/hb_task_4/install/my_custom_msgs/include/my_custom_msgs/my_custom_msgs/msg/detail/wheel_vel__rosidl_typesupport_fastrtps_cpp.hpp
[0.650s] -- Up-to-date: /home/akshar/eyrc_hb/hb_task_4/install/my_custom_msgs/lib/libmy_custom_msgs__rosidl_typesupport_fastrtps_cpp.so
[0.650s] -- Up-to-date: /home/akshar/eyrc_hb/hb_task_4/install/my_custom_msgs/include/my_custom_msgs/my_custom_msgs
[0.650s] -- Up-to-date: /home/akshar/eyrc_hb/hb_task_4/install/my_custom_msgs/include/my_custom_msgs/my_custom_msgs/msg
[0.650s] -- Up-to-date: /home/akshar/eyrc_hb/hb_task_4/install/my_custom_msgs/include/my_custom_msgs/my_custom_msgs/msg/detail
[0.650s] -- Up-to-date: /home/akshar/eyrc_hb/hb_task_4/install/my_custom_msgs/include/my_custom_msgs/my_custom_msgs/msg/detail/wheel_vel__rosidl_typesupport_introspection_cpp.hpp
[0.650s] -- Up-to-date: /home/akshar/eyrc_hb/hb_task_4/install/my_custom_msgs/include/my_custom_msgs/my_custom_msgs/msg/detail/wheel_vel__type_support.cpp
[0.651s] -- Up-to-date: /home/akshar/eyrc_hb/hb_task_4/install/my_custom_msgs/lib/libmy_custom_msgs__rosidl_typesupport_introspection_cpp.so
[0.651s] -- Up-to-date: /home/akshar/eyrc_hb/hb_task_4/install/my_custom_msgs/lib/libmy_custom_msgs__rosidl_typesupport_cpp.so
[0.651s] -- Up-to-date: /home/akshar/eyrc_hb/hb_task_4/install/my_custom_msgs/share/my_custom_msgs/environment/pythonpath.sh
[0.651s] -- Up-to-date: /home/akshar/eyrc_hb/hb_task_4/install/my_custom_msgs/share/my_custom_msgs/environment/pythonpath.dsv
[0.651s] -- Up-to-date: /home/akshar/eyrc_hb/hb_task_4/install/my_custom_msgs/local/lib/python3.10/dist-packages/my_custom_msgs-0.0.0-py3.10.egg-info
[0.651s] -- Installing: /home/akshar/eyrc_hb/hb_task_4/install/my_custom_msgs/local/lib/python3.10/dist-packages/my_custom_msgs-0.0.0-py3.10.egg-info/PKG-INFO
[0.651s] -- Installing: /home/akshar/eyrc_hb/hb_task_4/install/my_custom_msgs/local/lib/python3.10/dist-packages/my_custom_msgs-0.0.0-py3.10.egg-info/SOURCES.txt
[0.651s] -- Installing: /home/akshar/eyrc_hb/hb_task_4/install/my_custom_msgs/local/lib/python3.10/dist-packages/my_custom_msgs-0.0.0-py3.10.egg-info/top_level.txt
[0.652s] -- Installing: /home/akshar/eyrc_hb/hb_task_4/install/my_custom_msgs/local/lib/python3.10/dist-packages/my_custom_msgs-0.0.0-py3.10.egg-info/dependency_links.txt
[0.652s] -- Up-to-date: /home/akshar/eyrc_hb/hb_task_4/install/my_custom_msgs/local/lib/python3.10/dist-packages/my_custom_msgs
[0.652s] -- Up-to-date: /home/akshar/eyrc_hb/hb_task_4/install/my_custom_msgs/local/lib/python3.10/dist-packages/my_custom_msgs/my_custom_msgs_s__rosidl_typesupport_fastrtps_c.cpython-310-x86_64-linux-gnu.so
[0.652s] -- Up-to-date: /home/akshar/eyrc_hb/hb_task_4/install/my_custom_msgs/local/lib/python3.10/dist-packages/my_custom_msgs/my_custom_msgs_s__rosidl_typesupport_c.cpython-310-x86_64-linux-gnu.so
[0.652s] -- Up-to-date: /home/akshar/eyrc_hb/hb_task_4/install/my_custom_msgs/local/lib/python3.10/dist-packages/my_custom_msgs/_my_custom_msgs_s.ep.rosidl_typesupport_c.c
[0.652s] -- Up-to-date: /home/akshar/eyrc_hb/hb_task_4/install/my_custom_msgs/local/lib/python3.10/dist-packages/my_custom_msgs/my_custom_msgs_s__rosidl_typesupport_introspection_c.cpython-310-x86_64-linux-gnu.so
[0.652s] -- Up-to-date: /home/akshar/eyrc_hb/hb_task_4/install/my_custom_msgs/local/lib/python3.10/dist-packages/my_custom_msgs/_my_custom_msgs_s.ep.rosidl_typesupport_introspection_c.c
[0.652s] -- Up-to-date: /home/akshar/eyrc_hb/hb_task_4/install/my_custom_msgs/local/lib/python3.10/dist-packages/my_custom_msgs/libmy_custom_msgs__rosidl_generator_py.so
[0.652s] -- Up-to-date: /home/akshar/eyrc_hb/hb_task_4/install/my_custom_msgs/local/lib/python3.10/dist-packages/my_custom_msgs/__init__.py
[0.652s] -- Up-to-date: /home/akshar/eyrc_hb/hb_task_4/install/my_custom_msgs/local/lib/python3.10/dist-packages/my_custom_msgs/_my_custom_msgs_s.ep.rosidl_typesupport_fastrtps_c.c
[0.652s] -- Up-to-date: /home/akshar/eyrc_hb/hb_task_4/install/my_custom_msgs/local/lib/python3.10/dist-packages/my_custom_msgs/msg
[0.652s] -- Up-to-date: /home/akshar/eyrc_hb/hb_task_4/install/my_custom_msgs/local/lib/python3.10/dist-packages/my_custom_msgs/msg/_wheel_vel_s.c
[0.652s] -- Up-to-date: /home/akshar/eyrc_hb/hb_task_4/install/my_custom_msgs/local/lib/python3.10/dist-packages/my_custom_msgs/msg/_wheel_vel.py
[0.653s] -- Up-to-date: /home/akshar/eyrc_hb/hb_task_4/install/my_custom_msgs/local/lib/python3.10/dist-packages/my_custom_msgs/msg/__init__.py
[0.676s] Listing '/home/akshar/eyrc_hb/hb_task_4/install/my_custom_msgs/local/lib/python3.10/dist-packages/my_custom_msgs'...
[0.676s] Listing '/home/akshar/eyrc_hb/hb_task_4/install/my_custom_msgs/local/lib/python3.10/dist-packages/my_custom_msgs/msg'...
[0.680s] -- Up-to-date: /home/akshar/eyrc_hb/hb_task_4/install/my_custom_msgs/local/lib/python3.10/dist-packages/my_custom_msgs/my_custom_msgs_s__rosidl_typesupport_fastrtps_c.cpython-310-x86_64-linux-gnu.so
[0.680s] -- Up-to-date: /home/akshar/eyrc_hb/hb_task_4/install/my_custom_msgs/local/lib/python3.10/dist-packages/my_custom_msgs/my_custom_msgs_s__rosidl_typesupport_introspection_c.cpython-310-x86_64-linux-gnu.so
[0.681s] -- Up-to-date: /home/akshar/eyrc_hb/hb_task_4/install/my_custom_msgs/local/lib/python3.10/dist-packages/my_custom_msgs/my_custom_msgs_s__rosidl_typesupport_c.cpython-310-x86_64-linux-gnu.so
[0.681s] -- Up-to-date: /home/akshar/eyrc_hb/hb_task_4/install/my_custom_msgs/lib/libmy_custom_msgs__rosidl_generator_py.so
[0.681s] -- Up-to-date: /home/akshar/eyrc_hb/hb_task_4/install/my_custom_msgs/share/my_custom_msgs/msg/WheelVel.idl
[0.681s] -- Up-to-date: /home/akshar/eyrc_hb/hb_task_4/install/my_custom_msgs/share/my_custom_msgs/msg/WheelVel.msg
[0.681s] -- Up-to-date: /home/akshar/eyrc_hb/hb_task_4/install/my_custom_msgs/share/ament_index/resource_index/package_run_dependencies/my_custom_msgs
[0.681s] -- Up-to-date: /home/akshar/eyrc_hb/hb_task_4/install/my_custom_msgs/share/ament_index/resource_index/parent_prefix_path/my_custom_msgs
[0.682s] -- Up-to-date: /home/akshar/eyrc_hb/hb_task_4/install/my_custom_msgs/share/my_custom_msgs/environment/ament_prefix_path.sh
[0.682s] -- Up-to-date: /home/akshar/eyrc_hb/hb_task_4/install/my_custom_msgs/share/my_custom_msgs/environment/ament_prefix_path.dsv
[0.682s] -- Up-to-date: /home/akshar/eyrc_hb/hb_task_4/install/my_custom_msgs/share/my_custom_msgs/environment/path.sh
[0.682s] -- Up-to-date: /home/akshar/eyrc_hb/hb_task_4/install/my_custom_msgs/share/my_custom_msgs/environment/path.dsv
[0.682s] -- Up-to-date: /home/akshar/eyrc_hb/hb_task_4/install/my_custom_msgs/share/my_custom_msgs/local_setup.bash
[0.682s] -- Up-to-date: /home/akshar/eyrc_hb/hb_task_4/install/my_custom_msgs/share/my_custom_msgs/local_setup.sh
[0.682s] -- Up-to-date: /home/akshar/eyrc_hb/hb_task_4/install/my_custom_msgs/share/my_custom_msgs/local_setup.zsh
[0.682s] -- Up-to-date: /home/akshar/eyrc_hb/hb_task_4/install/my_custom_msgs/share/my_custom_msgs/local_setup.dsv
[0.682s] -- Installing: /home/akshar/eyrc_hb/hb_task_4/install/my_custom_msgs/share/my_custom_msgs/package.dsv
[0.682s] -- Up-to-date: /home/akshar/eyrc_hb/hb_task_4/install/my_custom_msgs/share/ament_index/resource_index/packages/my_custom_msgs
[0.682s] -- Up-to-date: /home/akshar/eyrc_hb/hb_task_4/install/my_custom_msgs/share/my_custom_msgs/cmake/export_my_custom_msgs__rosidl_generator_cExport.cmake
[0.682s] -- Up-to-date: /home/akshar/eyrc_hb/hb_task_4/install/my_custom_msgs/share/my_custom_msgs/cmake/export_my_custom_msgs__rosidl_generator_cExport-noconfig.cmake
[0.683s] -- Up-to-date: /home/akshar/eyrc_hb/hb_task_4/install/my_custom_msgs/share/my_custom_msgs/cmake/export_my_custom_msgs__rosidl_typesupport_fastrtps_cExport.cmake
[0.683s] -- Up-to-date: /home/akshar/eyrc_hb/hb_task_4/install/my_custom_msgs/share/my_custom_msgs/cmake/export_my_custom_msgs__rosidl_typesupport_fastrtps_cExport-noconfig.cmake
[0.684s] -- Up-to-date: /home/akshar/eyrc_hb/hb_task_4/install/my_custom_msgs/share/my_custom_msgs/cmake/my_custom_msgs__rosidl_typesupport_introspection_cExport.cmake
[0.684s] -- Up-to-date: /home/akshar/eyrc_hb/hb_task_4/install/my_custom_msgs/share/my_custom_msgs/cmake/my_custom_msgs__rosidl_typesupport_introspection_cExport-noconfig.cmake
[0.684s] -- Up-to-date: /home/akshar/eyrc_hb/hb_task_4/install/my_custom_msgs/share/my_custom_msgs/cmake/my_custom_msgs__rosidl_typesupport_cExport.cmake
[0.684s] -- Up-to-date: /home/akshar/eyrc_hb/hb_task_4/install/my_custom_msgs/share/my_custom_msgs/cmake/my_custom_msgs__rosidl_typesupport_cExport-noconfig.cmake
[0.685s] -- Up-to-date: /home/akshar/eyrc_hb/hb_task_4/install/my_custom_msgs/share/my_custom_msgs/cmake/export_my_custom_msgs__rosidl_generator_cppExport.cmake
[0.685s] -- Up-to-date: /home/akshar/eyrc_hb/hb_task_4/install/my_custom_msgs/share/my_custom_msgs/cmake/export_my_custom_msgs__rosidl_typesupport_fastrtps_cppExport.cmake
[0.686s] -- Up-to-date: /home/akshar/eyrc_hb/hb_task_4/install/my_custom_msgs/share/my_custom_msgs/cmake/export_my_custom_msgs__rosidl_typesupport_fastrtps_cppExport-noconfig.cmake
[0.686s] -- Up-to-date: /home/akshar/eyrc_hb/hb_task_4/install/my_custom_msgs/share/my_custom_msgs/cmake/my_custom_msgs__rosidl_typesupport_introspection_cppExport.cmake
[0.686s] -- Up-to-date: /home/akshar/eyrc_hb/hb_task_4/install/my_custom_msgs/share/my_custom_msgs/cmake/my_custom_msgs__rosidl_typesupport_introspection_cppExport-noconfig.cmake
[0.687s] -- Up-to-date: /home/akshar/eyrc_hb/hb_task_4/install/my_custom_msgs/share/my_custom_msgs/cmake/my_custom_msgs__rosidl_typesupport_cppExport.cmake
[0.687s] -- Up-to-date: /home/akshar/eyrc_hb/hb_task_4/install/my_custom_msgs/share/my_custom_msgs/cmake/my_custom_msgs__rosidl_typesupport_cppExport-noconfig.cmake
[0.688s] -- Up-to-date: /home/akshar/eyrc_hb/hb_task_4/install/my_custom_msgs/share/my_custom_msgs/cmake/export_my_custom_msgs__rosidl_generator_pyExport.cmake
[0.688s] -- Up-to-date: /home/akshar/eyrc_hb/hb_task_4/install/my_custom_msgs/share/my_custom_msgs/cmake/export_my_custom_msgs__rosidl_generator_pyExport-noconfig.cmake
[0.688s] -- Up-to-date: /home/akshar/eyrc_hb/hb_task_4/install/my_custom_msgs/share/my_custom_msgs/cmake/rosidl_cmake-extras.cmake
[0.688s] -- Up-to-date: /home/akshar/eyrc_hb/hb_task_4/install/my_custom_msgs/share/my_custom_msgs/cmake/ament_cmake_export_include_directories-extras.cmake
[0.688s] -- Up-to-date: /home/akshar/eyrc_hb/hb_task_4/install/my_custom_msgs/share/my_custom_msgs/cmake/ament_cmake_export_libraries-extras.cmake
[0.688s] -- Up-to-date: /home/akshar/eyrc_hb/hb_task_4/install/my_custom_msgs/share/my_custom_msgs/cmake/ament_cmake_export_targets-extras.cmake
[0.688s] -- Up-to-date: /home/akshar/eyrc_hb/hb_task_4/install/my_custom_msgs/share/my_custom_msgs/cmake/rosidl_cmake_export_typesupport_targets-extras.cmake
[0.688s] -- Up-to-date: /home/akshar/eyrc_hb/hb_task_4/install/my_custom_msgs/share/my_custom_msgs/cmake/ament_cmake_export_dependencies-extras.cmake
[0.688s] -- Up-to-date: /home/akshar/eyrc_hb/hb_task_4/install/my_custom_msgs/share/my_custom_msgs/cmake/rosidl_cmake_export_typesupport_libraries-extras.cmake
[0.688s] -- Up-to-date: /home/akshar/eyrc_hb/hb_task_4/install/my_custom_msgs/share/my_custom_msgs/cmake/my_custom_msgsConfig.cmake
[0.688s] -- Up-to-date: /home/akshar/eyrc_hb/hb_task_4/install/my_custom_msgs/share/my_custom_msgs/cmake/my_custom_msgsConfig-version.cmake
[0.688s] -- Up-to-date: /home/akshar/eyrc_hb/hb_task_4/install/my_custom_msgs/share/my_custom_msgs/package.xml
[0.691s] Invoked command in '/home/akshar/eyrc_hb/hb_task_4/build/my_custom_msgs' returned '0': CMAKE_PREFIX_PATH=/opt/ros/humble /usr/bin/cmake --install /home/akshar/eyrc_hb/hb_task_4/build/my_custom_msgs
