[0.409s] Invoking command in '/home/premsai/eyrc23_HB_1282/hb_task6_ws/src/hb_task6': PYTHONPATH=/home/premsai/eyrc23_HB_1282/hb_task6_ws/build/hb_task6/prefix_override:/home/premsai/eyrc23_HB_1282/hb_task6_ws/install/hb_task6/lib/python3.10/site-packages:${PYTHONPATH} /usr/bin/python3 setup.py egg_info --egg-base ../../build/hb_task6 build --build-base /home/premsai/eyrc23_HB_1282/hb_task6_ws/build/hb_task6/build install --record /home/premsai/eyrc23_HB_1282/hb_task6_ws/build/hb_task6/install.log --single-version-externally-managed
[0.538s] running egg_info
[0.538s] writing ../../build/hb_task6/hb_task6.egg-info/PKG-INFO
[0.538s] writing dependency_links to ../../build/hb_task6/hb_task6.egg-info/dependency_links.txt
[0.538s] writing entry points to ../../build/hb_task6/hb_task6.egg-info/entry_points.txt
[0.538s] writing requirements to ../../build/hb_task6/hb_task6.egg-info/requires.txt
[0.538s] writing top-level names to ../../build/hb_task6/hb_task6.egg-info/top_level.txt
[0.539s] reading manifest file '../../build/hb_task6/hb_task6.egg-info/SOURCES.txt'
[0.540s] writing manifest file '../../build/hb_task6/hb_task6.egg-info/SOURCES.txt'
[0.540s] running build
[0.540s] running build_py
[0.540s] copying hb_task6/feedback.py -> /home/premsai/eyrc23_HB_1282/hb_task6_ws/build/hb_task6/build/lib/hb_task6
[0.540s] copying hb_task6/controller_ik.py -> /home/premsai/eyrc23_HB_1282/hb_task6_ws/build/hb_task6/build/lib/hb_task6
[0.540s] running install
[0.541s] /usr/lib/python3/dist-packages/setuptools/command/install.py:34: SetuptoolsDeprecationWarning: setup.py install is deprecated. Use build and pip and other standards-based tools.
[0.541s]   warnings.warn(
[0.541s] running install_lib
[0.541s] copying /home/premsai/eyrc23_HB_1282/hb_task6_ws/build/hb_task6/build/lib/hb_task6/feedback.py -> /home/premsai/eyrc23_HB_1282/hb_task6_ws/install/hb_task6/lib/python3.10/site-packages/hb_task6
[0.542s] copying /home/premsai/eyrc23_HB_1282/hb_task6_ws/build/hb_task6/build/lib/hb_task6/controller_ik.py -> /home/premsai/eyrc23_HB_1282/hb_task6_ws/install/hb_task6/lib/python3.10/site-packages/hb_task6
[0.542s] byte-compiling /home/premsai/eyrc23_HB_1282/hb_task6_ws/install/hb_task6/lib/python3.10/site-packages/hb_task6/feedback.py to feedback.cpython-310.pyc
[0.543s] byte-compiling /home/premsai/eyrc23_HB_1282/hb_task6_ws/install/hb_task6/lib/python3.10/site-packages/hb_task6/mapping3.py to mapping3.cpython-310.pyc
[0.544s] byte-compiling /home/premsai/eyrc23_HB_1282/hb_task6_ws/install/hb_task6/lib/python3.10/site-packages/hb_task6/controller_ik.py to controller_ik.cpython-310.pyc
[0.545s] byte-compiling /home/premsai/eyrc23_HB_1282/hb_task6_ws/install/hb_task6/lib/python3.10/site-packages/hb_task6/interpolation3.py to interpolation3.cpython-310.pyc
[0.545s] running install_data
[0.546s] running install_egg_info
[0.547s] removing '/home/premsai/eyrc23_HB_1282/hb_task6_ws/install/hb_task6/lib/python3.10/site-packages/hb_task6-0.0.0-py3.10.egg-info' (and everything under it)
[0.547s] Copying ../../build/hb_task6/hb_task6.egg-info to /home/premsai/eyrc23_HB_1282/hb_task6_ws/install/hb_task6/lib/python3.10/site-packages/hb_task6-0.0.0-py3.10.egg-info
[0.547s] running install_scripts
[0.560s] Installing StopFlag script to /home/premsai/eyrc23_HB_1282/hb_task6_ws/install/hb_task6/lib/hb_task6
[0.560s] Installing controller script to /home/premsai/eyrc23_HB_1282/hb_task6_ws/install/hb_task6/lib/hb_task6
[0.560s] Installing controllerik script to /home/premsai/eyrc23_HB_1282/hb_task6_ws/install/hb_task6/lib/hb_task6
[0.560s] Installing controllerik2 script to /home/premsai/eyrc23_HB_1282/hb_task6_ws/install/hb_task6/lib/hb_task6
[0.560s] Installing controllerik3 script to /home/premsai/eyrc23_HB_1282/hb_task6_ws/install/hb_task6/lib/hb_task6
[0.560s] Installing feedback script to /home/premsai/eyrc23_HB_1282/hb_task6_ws/install/hb_task6/lib/hb_task6
[0.560s] Installing img script to /home/premsai/eyrc23_HB_1282/hb_task6_ws/install/hb_task6/lib/hb_task6
[0.560s] Installing interp script to /home/premsai/eyrc23_HB_1282/hb_task6_ws/install/hb_task6/lib/hb_task6
[0.560s] Installing interp2 script to /home/premsai/eyrc23_HB_1282/hb_task6_ws/install/hb_task6/lib/hb_task6
[0.560s] Installing interp3 script to /home/premsai/eyrc23_HB_1282/hb_task6_ws/install/hb_task6/lib/hb_task6
[0.560s] Installing map script to /home/premsai/eyrc23_HB_1282/hb_task6_ws/install/hb_task6/lib/hb_task6
[0.560s] Installing map2 script to /home/premsai/eyrc23_HB_1282/hb_task6_ws/install/hb_task6/lib/hb_task6
[0.560s] Installing map3 script to /home/premsai/eyrc23_HB_1282/hb_task6_ws/install/hb_task6/lib/hb_task6
[0.560s] Installing nextgoal script to /home/premsai/eyrc23_HB_1282/hb_task6_ws/install/hb_task6/lib/hb_task6
[0.560s] Installing server script to /home/premsai/eyrc23_HB_1282/hb_task6_ws/install/hb_task6/lib/hb_task6
[0.561s] writing list of installed files to '/home/premsai/eyrc23_HB_1282/hb_task6_ws/build/hb_task6/install.log'
[0.577s] Invoked command in '/home/premsai/eyrc23_HB_1282/hb_task6_ws/src/hb_task6' returned '0': PYTHONPATH=/home/premsai/eyrc23_HB_1282/hb_task6_ws/build/hb_task6/prefix_override:/home/premsai/eyrc23_HB_1282/hb_task6_ws/install/hb_task6/lib/python3.10/site-packages:${PYTHONPATH} /usr/bin/python3 setup.py egg_info --egg-base ../../build/hb_task6 build --build-base /home/premsai/eyrc23_HB_1282/hb_task6_ws/build/hb_task6/build install --record /home/premsai/eyrc23_HB_1282/hb_task6_ws/build/hb_task6/install.log --single-version-externally-managed
