[0.662s] Invoking command in '/home/akshar/eyrc_hb/hb_task6_ws/build/my_robot_interfaces': CMAKE_PREFIX_PATH=${CMAKE_PREFIX_PATH}:/home/akshar/eyrc_hb/hb_task6_ws/install/hb_taskbonus:/home/akshar/eyrc_hb/hb_task6_ws/install/hb_task_6:/home/akshar/eyrc_hb/hb_task6_ws/install/hb_task6:/opt/ros/humble /usr/bin/cmake --build /home/akshar/eyrc_hb/hb_task6_ws/build/my_robot_interfaces -- -j16 -l16
[0.728s] [  4%] Built target my_robot_interfaces__cpp
[0.729s] [ 12%] Built target my_robot_interfaces__rosidl_generator_c
[0.742s] [ 12%] Built target ament_cmake_python_copy_my_robot_interfaces
[0.759s] [ 23%] Built target my_robot_interfaces__rosidl_typesupport_fastrtps_cpp
[0.759s] [ 38%] Built target my_robot_interfaces__rosidl_typesupport_introspection_cpp
[0.760s] [ 44%] Built target my_robot_interfaces__rosidl_typesupport_cpp
[0.782s] [ 57%] Built target my_robot_interfaces__rosidl_typesupport_c
[0.782s] [ 65%] Built target my_robot_interfaces__rosidl_typesupport_introspection_c
[0.783s] [ 76%] Built target my_robot_interfaces__rosidl_typesupport_fastrtps_c
[0.816s] [ 76%] Built target my_robot_interfaces
[0.843s] [ 78%] Built target my_robot_interfaces__py
[0.875s] [ 87%] Built target my_robot_interfaces__rosidl_generator_py
[0.905s] [ 95%] Built target my_robot_interfaces__rosidl_typesupport_fastrtps_c__pyext
[0.905s] [ 95%] Built target my_robot_interfaces__rosidl_typesupport_introspection_c__pyext
[0.907s] [100%] Built target my_robot_interfaces__rosidl_typesupport_c__pyext
[1.036s] running egg_info
[1.036s] writing my_robot_interfaces.egg-info/PKG-INFO
[1.036s] writing dependency_links to my_robot_interfaces.egg-info/dependency_links.txt
[1.037s] writing top-level names to my_robot_interfaces.egg-info/top_level.txt
[1.038s] reading manifest file 'my_robot_interfaces.egg-info/SOURCES.txt'
[1.039s] writing manifest file 'my_robot_interfaces.egg-info/SOURCES.txt'
[1.079s] [100%] Built target ament_cmake_python_build_my_robot_interfaces_egg
[1.098s] Invoked command in '/home/akshar/eyrc_hb/hb_task6_ws/build/my_robot_interfaces' returned '0': CMAKE_PREFIX_PATH=${CMAKE_PREFIX_PATH}:/home/akshar/eyrc_hb/hb_task6_ws/install/hb_taskbonus:/home/akshar/eyrc_hb/hb_task6_ws/install/hb_task_6:/home/akshar/eyrc_hb/hb_task6_ws/install/hb_task6:/opt/ros/humble /usr/bin/cmake --build /home/akshar/eyrc_hb/hb_task6_ws/build/my_robot_interfaces -- -j16 -l16
[1.232s] Invoking command in '/home/akshar/eyrc_hb/hb_task6_ws/build/my_robot_interfaces': CMAKE_PREFIX_PATH=${CMAKE_PREFIX_PATH}:/home/akshar/eyrc_hb/hb_task6_ws/install/hb_taskbonus:/home/akshar/eyrc_hb/hb_task6_ws/install/hb_task_6:/home/akshar/eyrc_hb/hb_task6_ws/install/hb_task6:/opt/ros/humble /usr/bin/cmake --install /home/akshar/eyrc_hb/hb_task6_ws/build/my_robot_interfaces
[1.241s] -- Install configuration: ""
[1.242s] -- Up-to-date: /home/akshar/eyrc_hb/hb_task6_ws/install/my_robot_interfaces/share/ament_index/resource_index/rosidl_interfaces/my_robot_interfaces
[1.242s] -- Up-to-date: /home/akshar/eyrc_hb/hb_task6_ws/install/my_robot_interfaces/include/my_robot_interfaces/my_robot_interfaces
[1.242s] -- Up-to-date: /home/akshar/eyrc_hb/hb_task6_ws/install/my_robot_interfaces/include/my_robot_interfaces/my_robot_interfaces/srv
[1.242s] -- Up-to-date: /home/akshar/eyrc_hb/hb_task6_ws/install/my_robot_interfaces/include/my_robot_interfaces/my_robot_interfaces/srv/next_goal.h
[1.242s] -- Up-to-date: /home/akshar/eyrc_hb/hb_task6_ws/install/my_robot_interfaces/include/my_robot_interfaces/my_robot_interfaces/srv/detail
[1.242s] -- Up-to-date: /home/akshar/eyrc_hb/hb_task6_ws/install/my_robot_interfaces/include/my_robot_interfaces/my_robot_interfaces/srv/detail/next_goal__struct.h
[1.242s] -- Up-to-date: /home/akshar/eyrc_hb/hb_task6_ws/install/my_robot_interfaces/include/my_robot_interfaces/my_robot_interfaces/srv/detail/next_goal__functions.c
[1.242s] -- Up-to-date: /home/akshar/eyrc_hb/hb_task6_ws/install/my_robot_interfaces/include/my_robot_interfaces/my_robot_interfaces/srv/detail/next_goal__functions.h
[1.243s] -- Up-to-date: /home/akshar/eyrc_hb/hb_task6_ws/install/my_robot_interfaces/include/my_robot_interfaces/my_robot_interfaces/srv/detail/next_goal__type_support.h
[1.243s] -- Up-to-date: /home/akshar/eyrc_hb/hb_task6_ws/install/my_robot_interfaces/include/my_robot_interfaces/my_robot_interfaces/msg
[1.243s] -- Up-to-date: /home/akshar/eyrc_hb/hb_task6_ws/install/my_robot_interfaces/include/my_robot_interfaces/my_robot_interfaces/msg/goal.h
[1.243s] -- Up-to-date: /home/akshar/eyrc_hb/hb_task6_ws/install/my_robot_interfaces/include/my_robot_interfaces/my_robot_interfaces/msg/shape.h
[1.243s] -- Up-to-date: /home/akshar/eyrc_hb/hb_task6_ws/install/my_robot_interfaces/include/my_robot_interfaces/my_robot_interfaces/msg/rosidl_generator_c__visibility_control.h
[1.243s] -- Up-to-date: /home/akshar/eyrc_hb/hb_task6_ws/install/my_robot_interfaces/include/my_robot_interfaces/my_robot_interfaces/msg/detail
[1.243s] -- Up-to-date: /home/akshar/eyrc_hb/hb_task6_ws/install/my_robot_interfaces/include/my_robot_interfaces/my_robot_interfaces/msg/detail/shape__functions.h
[1.243s] -- Up-to-date: /home/akshar/eyrc_hb/hb_task6_ws/install/my_robot_interfaces/include/my_robot_interfaces/my_robot_interfaces/msg/detail/goal__struct.h
[1.243s] -- Up-to-date: /home/akshar/eyrc_hb/hb_task6_ws/install/my_robot_interfaces/include/my_robot_interfaces/my_robot_interfaces/msg/detail/goal__type_support.h
[1.244s] -- Up-to-date: /home/akshar/eyrc_hb/hb_task6_ws/install/my_robot_interfaces/include/my_robot_interfaces/my_robot_interfaces/msg/detail/shape__type_support.h
[1.244s] -- Up-to-date: /home/akshar/eyrc_hb/hb_task6_ws/install/my_robot_interfaces/include/my_robot_interfaces/my_robot_interfaces/msg/detail/shape__functions.c
[1.244s] -- Up-to-date: /home/akshar/eyrc_hb/hb_task6_ws/install/my_robot_interfaces/include/my_robot_interfaces/my_robot_interfaces/msg/detail/goal__functions.c
[1.244s] -- Up-to-date: /home/akshar/eyrc_hb/hb_task6_ws/install/my_robot_interfaces/include/my_robot_interfaces/my_robot_interfaces/msg/detail/goal__functions.h
[1.244s] -- Up-to-date: /home/akshar/eyrc_hb/hb_task6_ws/install/my_robot_interfaces/include/my_robot_interfaces/my_robot_interfaces/msg/detail/shape__struct.h
[1.244s] -- Up-to-date: /home/akshar/eyrc_hb/hb_task6_ws/install/my_robot_interfaces/share/my_robot_interfaces/environment/library_path.sh
[1.244s] -- Up-to-date: /home/akshar/eyrc_hb/hb_task6_ws/install/my_robot_interfaces/share/my_robot_interfaces/environment/library_path.dsv
[1.244s] -- Up-to-date: /home/akshar/eyrc_hb/hb_task6_ws/install/my_robot_interfaces/lib/libmy_robot_interfaces__rosidl_generator_c.so
[1.245s] -- Up-to-date: /home/akshar/eyrc_hb/hb_task6_ws/install/my_robot_interfaces/include/my_robot_interfaces/my_robot_interfaces
[1.245s] -- Up-to-date: /home/akshar/eyrc_hb/hb_task6_ws/install/my_robot_interfaces/include/my_robot_interfaces/my_robot_interfaces/srv
[1.245s] -- Up-to-date: /home/akshar/eyrc_hb/hb_task6_ws/install/my_robot_interfaces/include/my_robot_interfaces/my_robot_interfaces/srv/detail
[1.245s] -- Up-to-date: /home/akshar/eyrc_hb/hb_task6_ws/install/my_robot_interfaces/include/my_robot_interfaces/my_robot_interfaces/srv/detail/next_goal__rosidl_typesupport_fastrtps_c.h
[1.245s] -- Up-to-date: /home/akshar/eyrc_hb/hb_task6_ws/install/my_robot_interfaces/include/my_robot_interfaces/my_robot_interfaces/msg
[1.245s] -- Up-to-date: /home/akshar/eyrc_hb/hb_task6_ws/install/my_robot_interfaces/include/my_robot_interfaces/my_robot_interfaces/msg/rosidl_typesupport_fastrtps_c__visibility_control.h
[1.245s] -- Up-to-date: /home/akshar/eyrc_hb/hb_task6_ws/install/my_robot_interfaces/include/my_robot_interfaces/my_robot_interfaces/msg/detail
[1.245s] -- Up-to-date: /home/akshar/eyrc_hb/hb_task6_ws/install/my_robot_interfaces/include/my_robot_interfaces/my_robot_interfaces/msg/detail/goal__rosidl_typesupport_fastrtps_c.h
[1.245s] -- Up-to-date: /home/akshar/eyrc_hb/hb_task6_ws/install/my_robot_interfaces/include/my_robot_interfaces/my_robot_interfaces/msg/detail/shape__rosidl_typesupport_fastrtps_c.h
[1.246s] -- Up-to-date: /home/akshar/eyrc_hb/hb_task6_ws/install/my_robot_interfaces/lib/libmy_robot_interfaces__rosidl_typesupport_fastrtps_c.so
[1.246s] -- Up-to-date: /home/akshar/eyrc_hb/hb_task6_ws/install/my_robot_interfaces/include/my_robot_interfaces/my_robot_interfaces
[1.246s] -- Up-to-date: /home/akshar/eyrc_hb/hb_task6_ws/install/my_robot_interfaces/include/my_robot_interfaces/my_robot_interfaces/srv
[1.246s] -- Up-to-date: /home/akshar/eyrc_hb/hb_task6_ws/install/my_robot_interfaces/include/my_robot_interfaces/my_robot_interfaces/srv/detail
[1.246s] -- Up-to-date: /home/akshar/eyrc_hb/hb_task6_ws/install/my_robot_interfaces/include/my_robot_interfaces/my_robot_interfaces/srv/detail/next_goal__type_support.c
[1.246s] -- Up-to-date: /home/akshar/eyrc_hb/hb_task6_ws/install/my_robot_interfaces/include/my_robot_interfaces/my_robot_interfaces/srv/detail/next_goal__rosidl_typesupport_introspection_c.h
[1.246s] -- Up-to-date: /home/akshar/eyrc_hb/hb_task6_ws/install/my_robot_interfaces/include/my_robot_interfaces/my_robot_interfaces/msg
[1.246s] -- Up-to-date: /home/akshar/eyrc_hb/hb_task6_ws/install/my_robot_interfaces/include/my_robot_interfaces/my_robot_interfaces/msg/rosidl_typesupport_introspection_c__visibility_control.h
[1.246s] -- Up-to-date: /home/akshar/eyrc_hb/hb_task6_ws/install/my_robot_interfaces/include/my_robot_interfaces/my_robot_interfaces/msg/detail
[1.247s] -- Up-to-date: /home/akshar/eyrc_hb/hb_task6_ws/install/my_robot_interfaces/include/my_robot_interfaces/my_robot_interfaces/msg/detail/goal__type_support.c
[1.247s] -- Up-to-date: /home/akshar/eyrc_hb/hb_task6_ws/install/my_robot_interfaces/include/my_robot_interfaces/my_robot_interfaces/msg/detail/goal__rosidl_typesupport_introspection_c.h
[1.247s] -- Up-to-date: /home/akshar/eyrc_hb/hb_task6_ws/install/my_robot_interfaces/include/my_robot_interfaces/my_robot_interfaces/msg/detail/shape__rosidl_typesupport_introspection_c.h
[1.247s] -- Up-to-date: /home/akshar/eyrc_hb/hb_task6_ws/install/my_robot_interfaces/include/my_robot_interfaces/my_robot_interfaces/msg/detail/shape__type_support.c
[1.247s] -- Up-to-date: /home/akshar/eyrc_hb/hb_task6_ws/install/my_robot_interfaces/lib/libmy_robot_interfaces__rosidl_typesupport_introspection_c.so
[1.247s] -- Up-to-date: /home/akshar/eyrc_hb/hb_task6_ws/install/my_robot_interfaces/lib/libmy_robot_interfaces__rosidl_typesupport_c.so
[1.247s] -- Up-to-date: /home/akshar/eyrc_hb/hb_task6_ws/install/my_robot_interfaces/include/my_robot_interfaces/my_robot_interfaces
[1.247s] -- Up-to-date: /home/akshar/eyrc_hb/hb_task6_ws/install/my_robot_interfaces/include/my_robot_interfaces/my_robot_interfaces/srv
[1.248s] -- Up-to-date: /home/akshar/eyrc_hb/hb_task6_ws/install/my_robot_interfaces/include/my_robot_interfaces/my_robot_interfaces/srv/next_goal.hpp
[1.248s] -- Up-to-date: /home/akshar/eyrc_hb/hb_task6_ws/install/my_robot_interfaces/include/my_robot_interfaces/my_robot_interfaces/srv/detail
[1.248s] -- Up-to-date: /home/akshar/eyrc_hb/hb_task6_ws/install/my_robot_interfaces/include/my_robot_interfaces/my_robot_interfaces/srv/detail/next_goal__struct.hpp
[1.248s] -- Up-to-date: /home/akshar/eyrc_hb/hb_task6_ws/install/my_robot_interfaces/include/my_robot_interfaces/my_robot_interfaces/srv/detail/next_goal__builder.hpp
[1.248s] -- Up-to-date: /home/akshar/eyrc_hb/hb_task6_ws/install/my_robot_interfaces/include/my_robot_interfaces/my_robot_interfaces/srv/detail/next_goal__traits.hpp
[1.248s] -- Up-to-date: /home/akshar/eyrc_hb/hb_task6_ws/install/my_robot_interfaces/include/my_robot_interfaces/my_robot_interfaces/msg
[1.248s] -- Up-to-date: /home/akshar/eyrc_hb/hb_task6_ws/install/my_robot_interfaces/include/my_robot_interfaces/my_robot_interfaces/msg/shape.hpp
[1.248s] -- Up-to-date: /home/akshar/eyrc_hb/hb_task6_ws/install/my_robot_interfaces/include/my_robot_interfaces/my_robot_interfaces/msg/goal.hpp
[1.249s] -- Up-to-date: /home/akshar/eyrc_hb/hb_task6_ws/install/my_robot_interfaces/include/my_robot_interfaces/my_robot_interfaces/msg/detail
[1.249s] -- Up-to-date: /home/akshar/eyrc_hb/hb_task6_ws/install/my_robot_interfaces/include/my_robot_interfaces/my_robot_interfaces/msg/detail/shape__struct.hpp
[1.249s] -- Up-to-date: /home/akshar/eyrc_hb/hb_task6_ws/install/my_robot_interfaces/include/my_robot_interfaces/my_robot_interfaces/msg/detail/goal__traits.hpp
[1.249s] -- Up-to-date: /home/akshar/eyrc_hb/hb_task6_ws/install/my_robot_interfaces/include/my_robot_interfaces/my_robot_interfaces/msg/detail/shape__traits.hpp
[1.249s] -- Up-to-date: /home/akshar/eyrc_hb/hb_task6_ws/install/my_robot_interfaces/include/my_robot_interfaces/my_robot_interfaces/msg/detail/shape__builder.hpp
[1.249s] -- Up-to-date: /home/akshar/eyrc_hb/hb_task6_ws/install/my_robot_interfaces/include/my_robot_interfaces/my_robot_interfaces/msg/detail/goal__builder.hpp
[1.251s] -- Up-to-date: /home/akshar/eyrc_hb/hb_task6_ws/install/my_robot_interfaces/include/my_robot_interfaces/my_robot_interfaces/msg/detail/goal__struct.hpp
[1.252s] -- Up-to-date: /home/akshar/eyrc_hb/hb_task6_ws/install/my_robot_interfaces/include/my_robot_interfaces/my_robot_interfaces
[1.252s] -- Up-to-date: /home/akshar/eyrc_hb/hb_task6_ws/install/my_robot_interfaces/include/my_robot_interfaces/my_robot_interfaces/srv
[1.252s] -- Up-to-date: /home/akshar/eyrc_hb/hb_task6_ws/install/my_robot_interfaces/include/my_robot_interfaces/my_robot_interfaces/srv/detail
[1.252s] -- Up-to-date: /home/akshar/eyrc_hb/hb_task6_ws/install/my_robot_interfaces/include/my_robot_interfaces/my_robot_interfaces/srv/detail/dds_fastrtps
[1.252s] -- Up-to-date: /home/akshar/eyrc_hb/hb_task6_ws/install/my_robot_interfaces/include/my_robot_interfaces/my_robot_interfaces/srv/detail/next_goal__rosidl_typesupport_fastrtps_cpp.hpp
[1.253s] -- Up-to-date: /home/akshar/eyrc_hb/hb_task6_ws/install/my_robot_interfaces/include/my_robot_interfaces/my_robot_interfaces/msg
[1.253s] -- Up-to-date: /home/akshar/eyrc_hb/hb_task6_ws/install/my_robot_interfaces/include/my_robot_interfaces/my_robot_interfaces/msg/rosidl_typesupport_fastrtps_cpp__visibility_control.h
[1.253s] -- Up-to-date: /home/akshar/eyrc_hb/hb_task6_ws/install/my_robot_interfaces/include/my_robot_interfaces/my_robot_interfaces/msg/detail
[1.253s] -- Up-to-date: /home/akshar/eyrc_hb/hb_task6_ws/install/my_robot_interfaces/include/my_robot_interfaces/my_robot_interfaces/msg/detail/shape__rosidl_typesupport_fastrtps_cpp.hpp
[1.253s] -- Up-to-date: /home/akshar/eyrc_hb/hb_task6_ws/install/my_robot_interfaces/include/my_robot_interfaces/my_robot_interfaces/msg/detail/goal__rosidl_typesupport_fastrtps_cpp.hpp
[1.253s] -- Up-to-date: /home/akshar/eyrc_hb/hb_task6_ws/install/my_robot_interfaces/include/my_robot_interfaces/my_robot_interfaces/msg/detail/dds_fastrtps
[1.253s] -- Up-to-date: /home/akshar/eyrc_hb/hb_task6_ws/install/my_robot_interfaces/lib/libmy_robot_interfaces__rosidl_typesupport_fastrtps_cpp.so
[1.253s] -- Up-to-date: /home/akshar/eyrc_hb/hb_task6_ws/install/my_robot_interfaces/include/my_robot_interfaces/my_robot_interfaces
[1.253s] -- Up-to-date: /home/akshar/eyrc_hb/hb_task6_ws/install/my_robot_interfaces/include/my_robot_interfaces/my_robot_interfaces/srv
[1.254s] -- Up-to-date: /home/akshar/eyrc_hb/hb_task6_ws/install/my_robot_interfaces/include/my_robot_interfaces/my_robot_interfaces/srv/detail
[1.254s] -- Up-to-date: /home/akshar/eyrc_hb/hb_task6_ws/install/my_robot_interfaces/include/my_robot_interfaces/my_robot_interfaces/srv/detail/next_goal__rosidl_typesupport_introspection_cpp.hpp
[1.254s] -- Up-to-date: /home/akshar/eyrc_hb/hb_task6_ws/install/my_robot_interfaces/include/my_robot_interfaces/my_robot_interfaces/srv/detail/next_goal__type_support.cpp
[1.254s] -- Up-to-date: /home/akshar/eyrc_hb/hb_task6_ws/install/my_robot_interfaces/include/my_robot_interfaces/my_robot_interfaces/msg
[1.254s] -- Up-to-date: /home/akshar/eyrc_hb/hb_task6_ws/install/my_robot_interfaces/include/my_robot_interfaces/my_robot_interfaces/msg/detail
[1.254s] -- Up-to-date: /home/akshar/eyrc_hb/hb_task6_ws/install/my_robot_interfaces/include/my_robot_interfaces/my_robot_interfaces/msg/detail/shape__type_support.cpp
[1.254s] -- Up-to-date: /home/akshar/eyrc_hb/hb_task6_ws/install/my_robot_interfaces/include/my_robot_interfaces/my_robot_interfaces/msg/detail/shape__rosidl_typesupport_introspection_cpp.hpp
[1.254s] -- Up-to-date: /home/akshar/eyrc_hb/hb_task6_ws/install/my_robot_interfaces/include/my_robot_interfaces/my_robot_interfaces/msg/detail/goal__type_support.cpp
[1.254s] -- Up-to-date: /home/akshar/eyrc_hb/hb_task6_ws/install/my_robot_interfaces/include/my_robot_interfaces/my_robot_interfaces/msg/detail/goal__rosidl_typesupport_introspection_cpp.hpp
[1.255s] -- Up-to-date: /home/akshar/eyrc_hb/hb_task6_ws/install/my_robot_interfaces/lib/libmy_robot_interfaces__rosidl_typesupport_introspection_cpp.so
[1.255s] -- Up-to-date: /home/akshar/eyrc_hb/hb_task6_ws/install/my_robot_interfaces/lib/libmy_robot_interfaces__rosidl_typesupport_cpp.so
[1.255s] -- Up-to-date: /home/akshar/eyrc_hb/hb_task6_ws/install/my_robot_interfaces/share/my_robot_interfaces/environment/pythonpath.sh
[1.255s] -- Up-to-date: /home/akshar/eyrc_hb/hb_task6_ws/install/my_robot_interfaces/share/my_robot_interfaces/environment/pythonpath.dsv
[1.255s] -- Up-to-date: /home/akshar/eyrc_hb/hb_task6_ws/install/my_robot_interfaces/local/lib/python3.10/dist-packages/my_robot_interfaces-0.0.0-py3.10.egg-info
[1.255s] -- Installing: /home/akshar/eyrc_hb/hb_task6_ws/install/my_robot_interfaces/local/lib/python3.10/dist-packages/my_robot_interfaces-0.0.0-py3.10.egg-info/PKG-INFO
[1.255s] -- Installing: /home/akshar/eyrc_hb/hb_task6_ws/install/my_robot_interfaces/local/lib/python3.10/dist-packages/my_robot_interfaces-0.0.0-py3.10.egg-info/SOURCES.txt
[1.255s] -- Installing: /home/akshar/eyrc_hb/hb_task6_ws/install/my_robot_interfaces/local/lib/python3.10/dist-packages/my_robot_interfaces-0.0.0-py3.10.egg-info/top_level.txt
[1.256s] -- Installing: /home/akshar/eyrc_hb/hb_task6_ws/install/my_robot_interfaces/local/lib/python3.10/dist-packages/my_robot_interfaces-0.0.0-py3.10.egg-info/dependency_links.txt
[1.256s] -- Up-to-date: /home/akshar/eyrc_hb/hb_task6_ws/install/my_robot_interfaces/local/lib/python3.10/dist-packages/my_robot_interfaces
[1.256s] -- Up-to-date: /home/akshar/eyrc_hb/hb_task6_ws/install/my_robot_interfaces/local/lib/python3.10/dist-packages/my_robot_interfaces/my_robot_interfaces_s__rosidl_typesupport_fastrtps_c.cpython-310-x86_64-linux-gnu.so
[1.256s] -- Up-to-date: /home/akshar/eyrc_hb/hb_task6_ws/install/my_robot_interfaces/local/lib/python3.10/dist-packages/my_robot_interfaces/_my_robot_interfaces_s.ep.rosidl_typesupport_fastrtps_c.c
[1.256s] -- Up-to-date: /home/akshar/eyrc_hb/hb_task6_ws/install/my_robot_interfaces/local/lib/python3.10/dist-packages/my_robot_interfaces/_my_robot_interfaces_s.ep.rosidl_typesupport_introspection_c.c
[1.256s] -- Up-to-date: /home/akshar/eyrc_hb/hb_task6_ws/install/my_robot_interfaces/local/lib/python3.10/dist-packages/my_robot_interfaces/_my_robot_interfaces_s.ep.rosidl_typesupport_c.c
[1.256s] -- Up-to-date: /home/akshar/eyrc_hb/hb_task6_ws/install/my_robot_interfaces/local/lib/python3.10/dist-packages/my_robot_interfaces/my_robot_interfaces_s__rosidl_typesupport_c.cpython-310-x86_64-linux-gnu.so
[1.256s] -- Up-to-date: /home/akshar/eyrc_hb/hb_task6_ws/install/my_robot_interfaces/local/lib/python3.10/dist-packages/my_robot_interfaces/libmy_robot_interfaces__rosidl_generator_py.so
[1.256s] -- Up-to-date: /home/akshar/eyrc_hb/hb_task6_ws/install/my_robot_interfaces/local/lib/python3.10/dist-packages/my_robot_interfaces/my_robot_interfaces_s__rosidl_typesupport_introspection_c.cpython-310-x86_64-linux-gnu.so
[1.256s] -- Up-to-date: /home/akshar/eyrc_hb/hb_task6_ws/install/my_robot_interfaces/local/lib/python3.10/dist-packages/my_robot_interfaces/__init__.py
[1.257s] -- Up-to-date: /home/akshar/eyrc_hb/hb_task6_ws/install/my_robot_interfaces/local/lib/python3.10/dist-packages/my_robot_interfaces/srv
[1.257s] -- Up-to-date: /home/akshar/eyrc_hb/hb_task6_ws/install/my_robot_interfaces/local/lib/python3.10/dist-packages/my_robot_interfaces/srv/_next_goal.py
[1.257s] -- Up-to-date: /home/akshar/eyrc_hb/hb_task6_ws/install/my_robot_interfaces/local/lib/python3.10/dist-packages/my_robot_interfaces/srv/_next_goal_s.c
[1.257s] -- Up-to-date: /home/akshar/eyrc_hb/hb_task6_ws/install/my_robot_interfaces/local/lib/python3.10/dist-packages/my_robot_interfaces/srv/__init__.py
[1.257s] -- Up-to-date: /home/akshar/eyrc_hb/hb_task6_ws/install/my_robot_interfaces/local/lib/python3.10/dist-packages/my_robot_interfaces/msg
[1.257s] -- Up-to-date: /home/akshar/eyrc_hb/hb_task6_ws/install/my_robot_interfaces/local/lib/python3.10/dist-packages/my_robot_interfaces/msg/_shape_s.c
[1.257s] -- Up-to-date: /home/akshar/eyrc_hb/hb_task6_ws/install/my_robot_interfaces/local/lib/python3.10/dist-packages/my_robot_interfaces/msg/_shape.py
[1.258s] -- Up-to-date: /home/akshar/eyrc_hb/hb_task6_ws/install/my_robot_interfaces/local/lib/python3.10/dist-packages/my_robot_interfaces/msg/_goal_s.c
[1.258s] -- Up-to-date: /home/akshar/eyrc_hb/hb_task6_ws/install/my_robot_interfaces/local/lib/python3.10/dist-packages/my_robot_interfaces/msg/__init__.py
[1.258s] -- Up-to-date: /home/akshar/eyrc_hb/hb_task6_ws/install/my_robot_interfaces/local/lib/python3.10/dist-packages/my_robot_interfaces/msg/_goal.py
[1.289s] Listing '/home/akshar/eyrc_hb/hb_task6_ws/install/my_robot_interfaces/local/lib/python3.10/dist-packages/my_robot_interfaces'...
[1.290s] Listing '/home/akshar/eyrc_hb/hb_task6_ws/install/my_robot_interfaces/local/lib/python3.10/dist-packages/my_robot_interfaces/msg'...
[1.290s] Listing '/home/akshar/eyrc_hb/hb_task6_ws/install/my_robot_interfaces/local/lib/python3.10/dist-packages/my_robot_interfaces/srv'...
[1.299s] -- Up-to-date: /home/akshar/eyrc_hb/hb_task6_ws/install/my_robot_interfaces/local/lib/python3.10/dist-packages/my_robot_interfaces/my_robot_interfaces_s__rosidl_typesupport_fastrtps_c.cpython-310-x86_64-linux-gnu.so
[1.299s] -- Up-to-date: /home/akshar/eyrc_hb/hb_task6_ws/install/my_robot_interfaces/local/lib/python3.10/dist-packages/my_robot_interfaces/my_robot_interfaces_s__rosidl_typesupport_introspection_c.cpython-310-x86_64-linux-gnu.so
[1.299s] -- Up-to-date: /home/akshar/eyrc_hb/hb_task6_ws/install/my_robot_interfaces/local/lib/python3.10/dist-packages/my_robot_interfaces/my_robot_interfaces_s__rosidl_typesupport_c.cpython-310-x86_64-linux-gnu.so
[1.299s] -- Up-to-date: /home/akshar/eyrc_hb/hb_task6_ws/install/my_robot_interfaces/lib/libmy_robot_interfaces__rosidl_generator_py.so
[1.300s] -- Up-to-date: /home/akshar/eyrc_hb/hb_task6_ws/install/my_robot_interfaces/share/my_robot_interfaces/srv/NextGoal.idl
[1.300s] -- Up-to-date: /home/akshar/eyrc_hb/hb_task6_ws/install/my_robot_interfaces/share/my_robot_interfaces/msg/Goal.idl
[1.300s] -- Up-to-date: /home/akshar/eyrc_hb/hb_task6_ws/install/my_robot_interfaces/share/my_robot_interfaces/msg/Shape.idl
[1.300s] -- Up-to-date: /home/akshar/eyrc_hb/hb_task6_ws/install/my_robot_interfaces/share/my_robot_interfaces/srv/NextGoal.srv
[1.300s] -- Up-to-date: /home/akshar/eyrc_hb/hb_task6_ws/install/my_robot_interfaces/share/my_robot_interfaces/srv/NextGoal_Request.msg
[1.300s] -- Up-to-date: /home/akshar/eyrc_hb/hb_task6_ws/install/my_robot_interfaces/share/my_robot_interfaces/srv/NextGoal_Response.msg
[1.301s] -- Up-to-date: /home/akshar/eyrc_hb/hb_task6_ws/install/my_robot_interfaces/share/my_robot_interfaces/msg/Goal.msg
[1.301s] -- Up-to-date: /home/akshar/eyrc_hb/hb_task6_ws/install/my_robot_interfaces/share/my_robot_interfaces/msg/Shape.msg
[1.301s] -- Up-to-date: /home/akshar/eyrc_hb/hb_task6_ws/install/my_robot_interfaces/share/ament_index/resource_index/package_run_dependencies/my_robot_interfaces
[1.301s] -- Up-to-date: /home/akshar/eyrc_hb/hb_task6_ws/install/my_robot_interfaces/share/ament_index/resource_index/parent_prefix_path/my_robot_interfaces
[1.301s] -- Up-to-date: /home/akshar/eyrc_hb/hb_task6_ws/install/my_robot_interfaces/share/my_robot_interfaces/environment/ament_prefix_path.sh
[1.301s] -- Up-to-date: /home/akshar/eyrc_hb/hb_task6_ws/install/my_robot_interfaces/share/my_robot_interfaces/environment/ament_prefix_path.dsv
[1.301s] -- Up-to-date: /home/akshar/eyrc_hb/hb_task6_ws/install/my_robot_interfaces/share/my_robot_interfaces/environment/path.sh
[1.301s] -- Up-to-date: /home/akshar/eyrc_hb/hb_task6_ws/install/my_robot_interfaces/share/my_robot_interfaces/environment/path.dsv
[1.301s] -- Up-to-date: /home/akshar/eyrc_hb/hb_task6_ws/install/my_robot_interfaces/share/my_robot_interfaces/local_setup.bash
[1.302s] -- Up-to-date: /home/akshar/eyrc_hb/hb_task6_ws/install/my_robot_interfaces/share/my_robot_interfaces/local_setup.sh
[1.302s] -- Up-to-date: /home/akshar/eyrc_hb/hb_task6_ws/install/my_robot_interfaces/share/my_robot_interfaces/local_setup.zsh
[1.302s] -- Up-to-date: /home/akshar/eyrc_hb/hb_task6_ws/install/my_robot_interfaces/share/my_robot_interfaces/local_setup.dsv
[1.302s] -- Installing: /home/akshar/eyrc_hb/hb_task6_ws/install/my_robot_interfaces/share/my_robot_interfaces/package.dsv
[1.302s] -- Up-to-date: /home/akshar/eyrc_hb/hb_task6_ws/install/my_robot_interfaces/share/ament_index/resource_index/packages/my_robot_interfaces
[1.302s] -- Up-to-date: /home/akshar/eyrc_hb/hb_task6_ws/install/my_robot_interfaces/share/my_robot_interfaces/cmake/export_my_robot_interfaces__rosidl_generator_cExport.cmake
[1.302s] -- Up-to-date: /home/akshar/eyrc_hb/hb_task6_ws/install/my_robot_interfaces/share/my_robot_interfaces/cmake/export_my_robot_interfaces__rosidl_generator_cExport-noconfig.cmake
[1.303s] -- Up-to-date: /home/akshar/eyrc_hb/hb_task6_ws/install/my_robot_interfaces/share/my_robot_interfaces/cmake/export_my_robot_interfaces__rosidl_typesupport_fastrtps_cExport.cmake
[1.303s] -- Up-to-date: /home/akshar/eyrc_hb/hb_task6_ws/install/my_robot_interfaces/share/my_robot_interfaces/cmake/export_my_robot_interfaces__rosidl_typesupport_fastrtps_cExport-noconfig.cmake
[1.303s] -- Up-to-date: /home/akshar/eyrc_hb/hb_task6_ws/install/my_robot_interfaces/share/my_robot_interfaces/cmake/my_robot_interfaces__rosidl_typesupport_introspection_cExport.cmake
[1.303s] -- Up-to-date: /home/akshar/eyrc_hb/hb_task6_ws/install/my_robot_interfaces/share/my_robot_interfaces/cmake/my_robot_interfaces__rosidl_typesupport_introspection_cExport-noconfig.cmake
[1.303s] -- Up-to-date: /home/akshar/eyrc_hb/hb_task6_ws/install/my_robot_interfaces/share/my_robot_interfaces/cmake/my_robot_interfaces__rosidl_typesupport_cExport.cmake
[1.303s] -- Up-to-date: /home/akshar/eyrc_hb/hb_task6_ws/install/my_robot_interfaces/share/my_robot_interfaces/cmake/my_robot_interfaces__rosidl_typesupport_cExport-noconfig.cmake
[1.304s] -- Up-to-date: /home/akshar/eyrc_hb/hb_task6_ws/install/my_robot_interfaces/share/my_robot_interfaces/cmake/export_my_robot_interfaces__rosidl_generator_cppExport.cmake
[1.304s] -- Up-to-date: /home/akshar/eyrc_hb/hb_task6_ws/install/my_robot_interfaces/share/my_robot_interfaces/cmake/export_my_robot_interfaces__rosidl_typesupport_fastrtps_cppExport.cmake
[1.304s] -- Up-to-date: /home/akshar/eyrc_hb/hb_task6_ws/install/my_robot_interfaces/share/my_robot_interfaces/cmake/export_my_robot_interfaces__rosidl_typesupport_fastrtps_cppExport-noconfig.cmake
[1.304s] -- Up-to-date: /home/akshar/eyrc_hb/hb_task6_ws/install/my_robot_interfaces/share/my_robot_interfaces/cmake/my_robot_interfaces__rosidl_typesupport_introspection_cppExport.cmake
[1.304s] -- Up-to-date: /home/akshar/eyrc_hb/hb_task6_ws/install/my_robot_interfaces/share/my_robot_interfaces/cmake/my_robot_interfaces__rosidl_typesupport_introspection_cppExport-noconfig.cmake
[1.304s] -- Up-to-date: /home/akshar/eyrc_hb/hb_task6_ws/install/my_robot_interfaces/share/my_robot_interfaces/cmake/my_robot_interfaces__rosidl_typesupport_cppExport.cmake
[1.305s] -- Up-to-date: /home/akshar/eyrc_hb/hb_task6_ws/install/my_robot_interfaces/share/my_robot_interfaces/cmake/my_robot_interfaces__rosidl_typesupport_cppExport-noconfig.cmake
[1.305s] -- Up-to-date: /home/akshar/eyrc_hb/hb_task6_ws/install/my_robot_interfaces/share/my_robot_interfaces/cmake/export_my_robot_interfaces__rosidl_generator_pyExport.cmake
[1.305s] -- Up-to-date: /home/akshar/eyrc_hb/hb_task6_ws/install/my_robot_interfaces/share/my_robot_interfaces/cmake/export_my_robot_interfaces__rosidl_generator_pyExport-noconfig.cmake
[1.305s] -- Up-to-date: /home/akshar/eyrc_hb/hb_task6_ws/install/my_robot_interfaces/share/my_robot_interfaces/cmake/rosidl_cmake-extras.cmake
[1.305s] -- Up-to-date: /home/akshar/eyrc_hb/hb_task6_ws/install/my_robot_interfaces/share/my_robot_interfaces/cmake/ament_cmake_export_include_directories-extras.cmake
[1.305s] -- Up-to-date: /home/akshar/eyrc_hb/hb_task6_ws/install/my_robot_interfaces/share/my_robot_interfaces/cmake/ament_cmake_export_libraries-extras.cmake
[1.305s] -- Up-to-date: /home/akshar/eyrc_hb/hb_task6_ws/install/my_robot_interfaces/share/my_robot_interfaces/cmake/ament_cmake_export_targets-extras.cmake
[1.305s] -- Up-to-date: /home/akshar/eyrc_hb/hb_task6_ws/install/my_robot_interfaces/share/my_robot_interfaces/cmake/rosidl_cmake_export_typesupport_targets-extras.cmake
[1.305s] -- Up-to-date: /home/akshar/eyrc_hb/hb_task6_ws/install/my_robot_interfaces/share/my_robot_interfaces/cmake/ament_cmake_export_dependencies-extras.cmake
[1.306s] -- Up-to-date: /home/akshar/eyrc_hb/hb_task6_ws/install/my_robot_interfaces/share/my_robot_interfaces/cmake/rosidl_cmake_export_typesupport_libraries-extras.cmake
[1.306s] -- Up-to-date: /home/akshar/eyrc_hb/hb_task6_ws/install/my_robot_interfaces/share/my_robot_interfaces/cmake/my_robot_interfacesConfig.cmake
[1.306s] -- Up-to-date: /home/akshar/eyrc_hb/hb_task6_ws/install/my_robot_interfaces/share/my_robot_interfaces/cmake/my_robot_interfacesConfig-version.cmake
[1.306s] -- Up-to-date: /home/akshar/eyrc_hb/hb_task6_ws/install/my_robot_interfaces/share/my_robot_interfaces/package.xml
[1.307s] Invoked command in '/home/akshar/eyrc_hb/hb_task6_ws/build/my_robot_interfaces' returned '0': CMAKE_PREFIX_PATH=${CMAKE_PREFIX_PATH}:/home/akshar/eyrc_hb/hb_task6_ws/install/hb_taskbonus:/home/akshar/eyrc_hb/hb_task6_ws/install/hb_task_6:/home/akshar/eyrc_hb/hb_task6_ws/install/hb_task6:/opt/ros/humble /usr/bin/cmake --install /home/akshar/eyrc_hb/hb_task6_ws/build/my_robot_interfaces
