[0.676s] Invoking command in '/home/premsai/eyrc23_HB_1282/hb_task6_ws/src/hb_taskbonus': PYTHONPATH=/home/premsai/eyrc23_HB_1282/hb_task6_ws/build/hb_taskbonus/prefix_override:/home/premsai/eyrc23_HB_1282/hb_task6_ws/install/hb_taskbonus/lib/python3.10/site-packages:${PYTHONPATH} /usr/bin/python3 setup.py egg_info --egg-base ../../build/hb_taskbonus build --build-base /home/premsai/eyrc23_HB_1282/hb_task6_ws/build/hb_taskbonus/build install --record /home/premsai/eyrc23_HB_1282/hb_task6_ws/build/hb_taskbonus/install.log --single-version-externally-managed
[0.827s] running egg_info
[0.827s] writing ../../build/hb_taskbonus/hb_taskbonus.egg-info/PKG-INFO
[0.827s] writing dependency_links to ../../build/hb_taskbonus/hb_taskbonus.egg-info/dependency_links.txt
[0.828s] writing entry points to ../../build/hb_taskbonus/hb_taskbonus.egg-info/entry_points.txt
[0.828s] writing requirements to ../../build/hb_taskbonus/hb_taskbonus.egg-info/requires.txt
[0.828s] writing top-level names to ../../build/hb_taskbonus/hb_taskbonus.egg-info/top_level.txt
[0.829s] reading manifest file '../../build/hb_taskbonus/hb_taskbonus.egg-info/SOURCES.txt'
[0.830s] writing manifest file '../../build/hb_taskbonus/hb_taskbonus.egg-info/SOURCES.txt'
[0.830s] running build
[0.830s] running build_py
[0.830s] copying hb_taskbonus/nextGoal_image1.py -> /home/premsai/eyrc23_HB_1282/hb_task6_ws/build/hb_taskbonus/build/lib/hb_taskbonus
[0.830s] copying hb_taskbonus/mapping.py -> /home/premsai/eyrc23_HB_1282/hb_task6_ws/build/hb_taskbonus/build/lib/hb_taskbonus
[0.831s] running install
[0.831s] /usr/lib/python3/dist-packages/setuptools/command/install.py:34: SetuptoolsDeprecationWarning: setup.py install is deprecated. Use build and pip and other standards-based tools.
[0.831s]   warnings.warn(
[0.831s] running install_lib
[0.832s] copying /home/premsai/eyrc23_HB_1282/hb_task6_ws/build/hb_taskbonus/build/lib/hb_taskbonus/nextGoal_image1.py -> /home/premsai/eyrc23_HB_1282/hb_task6_ws/install/hb_taskbonus/lib/python3.10/site-packages/hb_taskbonus
[0.832s] copying /home/premsai/eyrc23_HB_1282/hb_task6_ws/build/hb_taskbonus/build/lib/hb_taskbonus/mapping.py -> /home/premsai/eyrc23_HB_1282/hb_task6_ws/install/hb_taskbonus/lib/python3.10/site-packages/hb_taskbonus
[0.833s] byte-compiling /home/premsai/eyrc23_HB_1282/hb_task6_ws/install/hb_taskbonus/lib/python3.10/site-packages/hb_taskbonus/nextGoal_image1.py to nextGoal_image1.cpython-310.pyc
[0.834s] byte-compiling /home/premsai/eyrc23_HB_1282/hb_task6_ws/install/hb_taskbonus/lib/python3.10/site-packages/hb_taskbonus/mapping.py to mapping.cpython-310.pyc
[0.834s] running install_data
[0.835s] running install_egg_info
[0.836s] removing '/home/premsai/eyrc23_HB_1282/hb_task6_ws/install/hb_taskbonus/lib/python3.10/site-packages/hb_taskbonus-0.0.0-py3.10.egg-info' (and everything under it)
[0.836s] Copying ../../build/hb_taskbonus/hb_taskbonus.egg-info to /home/premsai/eyrc23_HB_1282/hb_task6_ws/install/hb_taskbonus/lib/python3.10/site-packages/hb_taskbonus-0.0.0-py3.10.egg-info
[0.837s] running install_scripts
[0.853s] Installing StopFlag script to /home/premsai/eyrc23_HB_1282/hb_task6_ws/install/hb_taskbonus/lib/hb_taskbonus
[0.853s] Installing controller1 script to /home/premsai/eyrc23_HB_1282/hb_task6_ws/install/hb_taskbonus/lib/hb_taskbonus
[0.853s] Installing controller2 script to /home/premsai/eyrc23_HB_1282/hb_task6_ws/install/hb_taskbonus/lib/hb_taskbonus
[0.853s] Installing controller3 script to /home/premsai/eyrc23_HB_1282/hb_task6_ws/install/hb_taskbonus/lib/hb_taskbonus
[0.853s] Installing feedback script to /home/premsai/eyrc23_HB_1282/hb_task6_ws/install/hb_taskbonus/lib/hb_taskbonus
[0.853s] Installing imgutl script to /home/premsai/eyrc23_HB_1282/hb_task6_ws/install/hb_taskbonus/lib/hb_taskbonus
[0.854s] Installing interp1 script to /home/premsai/eyrc23_HB_1282/hb_task6_ws/install/hb_taskbonus/lib/hb_taskbonus
[0.854s] Installing interp2 script to /home/premsai/eyrc23_HB_1282/hb_task6_ws/install/hb_taskbonus/lib/hb_taskbonus
[0.854s] Installing interp3 script to /home/premsai/eyrc23_HB_1282/hb_task6_ws/install/hb_taskbonus/lib/hb_taskbonus
[0.854s] Installing map1 script to /home/premsai/eyrc23_HB_1282/hb_task6_ws/install/hb_taskbonus/lib/hb_taskbonus
[0.854s] Installing map2 script to /home/premsai/eyrc23_HB_1282/hb_task6_ws/install/hb_taskbonus/lib/hb_taskbonus
[0.854s] Installing map3 script to /home/premsai/eyrc23_HB_1282/hb_task6_ws/install/hb_taskbonus/lib/hb_taskbonus
[0.854s] Installing nextGoal1 script to /home/premsai/eyrc23_HB_1282/hb_task6_ws/install/hb_taskbonus/lib/hb_taskbonus
[0.854s] Installing nextGoal2 script to /home/premsai/eyrc23_HB_1282/hb_task6_ws/install/hb_taskbonus/lib/hb_taskbonus
[0.854s] Installing nextGoal3 script to /home/premsai/eyrc23_HB_1282/hb_task6_ws/install/hb_taskbonus/lib/hb_taskbonus
[0.854s] Installing nextGoalfunc script to /home/premsai/eyrc23_HB_1282/hb_task6_ws/install/hb_taskbonus/lib/hb_taskbonus
[0.855s] Installing startpoint script to /home/premsai/eyrc23_HB_1282/hb_task6_ws/install/hb_taskbonus/lib/hb_taskbonus
[0.855s] writing list of installed files to '/home/premsai/eyrc23_HB_1282/hb_task6_ws/build/hb_taskbonus/install.log'
[0.877s] Invoked command in '/home/premsai/eyrc23_HB_1282/hb_task6_ws/src/hb_taskbonus' returned '0': PYTHONPATH=/home/premsai/eyrc23_HB_1282/hb_task6_ws/build/hb_taskbonus/prefix_override:/home/premsai/eyrc23_HB_1282/hb_task6_ws/install/hb_taskbonus/lib/python3.10/site-packages:${PYTHONPATH} /usr/bin/python3 setup.py egg_info --egg-base ../../build/hb_taskbonus build --build-base /home/premsai/eyrc23_HB_1282/hb_task6_ws/build/hb_taskbonus/build install --record /home/premsai/eyrc23_HB_1282/hb_task6_ws/build/hb_taskbonus/install.log --single-version-externally-managed
