-- Found ament_cmake: 1.3.5 (/opt/ros/humble/share/ament_cmake/cmake)
-- Found rosidl_default_generators: 1.2.0 (/opt/ros/humble/share/rosidl_default_generators/cmake)
-- Using all available rosidl_typesupport_c: rosidl_typesupport_fastrtps_c;rosidl_typesupport_introspection_c
-- Found rosidl_adapter: 3.1.5 (/opt/ros/humble/share/rosidl_adapter/cmake)
-- Using all available rosidl_typesupport_cpp: rosidl_typesupport_fastrtps_cpp;rosidl_typesupport_introspection_cpp
-- Found ament_lint_auto: 0.12.8 (/opt/ros/humble/share/ament_lint_auto/cmake)
-- Added test 'lint_cmake' to check CMake code style
-- Added test 'xmllint' to check XML markup files
-- Configuring done
-- Generating done
-- Build files have been written to: /home/akshar/eyrc_hb/hb_task_4/build/my_custom_msgs
-- Install configuration: ""
-- Installing: /home/akshar/eyrc_hb/hb_task_4/install/my_custom_msgs/share/ament_index/resource_index/package_run_dependencies/my_custom_msgs
-- Installing: /home/akshar/eyrc_hb/hb_task_4/install/my_custom_msgs/share/ament_index/resource_index/parent_prefix_path/my_custom_msgs
-- Installing: /home/akshar/eyrc_hb/hb_task_4/install/my_custom_msgs/share/my_custom_msgs/environment/ament_prefix_path.sh
-- Installing: /home/akshar/eyrc_hb/hb_task_4/install/my_custom_msgs/share/my_custom_msgs/environment/ament_prefix_path.dsv
-- Installing: /home/akshar/eyrc_hb/hb_task_4/install/my_custom_msgs/share/my_custom_msgs/environment/path.sh
-- Installing: /home/akshar/eyrc_hb/hb_task_4/install/my_custom_msgs/share/my_custom_msgs/environment/path.dsv
-- Installing: /home/akshar/eyrc_hb/hb_task_4/install/my_custom_msgs/share/my_custom_msgs/local_setup.bash
-- Installing: /home/akshar/eyrc_hb/hb_task_4/install/my_custom_msgs/share/my_custom_msgs/local_setup.sh
-- Installing: /home/akshar/eyrc_hb/hb_task_4/install/my_custom_msgs/share/my_custom_msgs/local_setup.zsh
-- Installing: /home/akshar/eyrc_hb/hb_task_4/install/my_custom_msgs/share/my_custom_msgs/local_setup.dsv
-- Installing: /home/akshar/eyrc_hb/hb_task_4/install/my_custom_msgs/share/my_custom_msgs/package.dsv
-- Installing: /home/akshar/eyrc_hb/hb_task_4/install/my_custom_msgs/share/ament_index/resource_index/packages/my_custom_msgs
-- Installing: /home/akshar/eyrc_hb/hb_task_4/install/my_custom_msgs/share/my_custom_msgs/cmake/my_custom_msgsConfig.cmake
-- Installing: /home/akshar/eyrc_hb/hb_task_4/install/my_custom_msgs/share/my_custom_msgs/cmake/my_custom_msgsConfig-version.cmake
-- Installing: /home/akshar/eyrc_hb/hb_task_4/install/my_custom_msgs/share/my_custom_msgs/package.xml
