[0.255s] Invoking command in '/home/akshar/eyrc_hb/hb_task_4/build/my_custom_msgs': CMAKE_PREFIX_PATH=/opt/ros/humble /usr/bin/cmake /home/akshar/eyrc_hb/hb_task_4/src/my_custom_msgs -DCMAKE_INSTALL_PREFIX=/home/akshar/eyrc_hb/hb_task_4/install/my_custom_msgs
[0.266s] -- Found ament_cmake: 1.3.5 (/opt/ros/humble/share/ament_cmake/cmake)
[0.374s] -- Found rosidl_default_generators: 1.2.0 (/opt/ros/humble/share/rosidl_default_generators/cmake)
[0.375s] -- Using all available rosidl_typesupport_c: rosidl_typesupport_fastrtps_c;rosidl_typesupport_introspection_c
[0.377s] -- Found rosidl_adapter: 3.1.5 (/opt/ros/humble/share/rosidl_adapter/cmake)
[0.400s] -- Using all available rosidl_typesupport_cpp: rosidl_typesupport_fastrtps_cpp;rosidl_typesupport_introspection_cpp
[0.419s] -- Found ament_lint_auto: 0.12.8 (/opt/ros/humble/share/ament_lint_auto/cmake)
[0.492s] -- Added test 'lint_cmake' to check CMake code style
[0.493s] -- Added test 'xmllint' to check XML markup files
[0.495s] -- Configuring done
[0.499s] -- Generating done
[0.499s] -- Build files have been written to: /home/akshar/eyrc_hb/hb_task_4/build/my_custom_msgs
[0.506s] Invoked command in '/home/akshar/eyrc_hb/hb_task_4/build/my_custom_msgs' returned '0': CMAKE_PREFIX_PATH=/opt/ros/humble /usr/bin/cmake /home/akshar/eyrc_hb/hb_task_4/src/my_custom_msgs -DCMAKE_INSTALL_PREFIX=/home/akshar/eyrc_hb/hb_task_4/install/my_custom_msgs
[0.508s] Invoking command in '/home/akshar/eyrc_hb/hb_task_4/build/my_custom_msgs': CMAKE_PREFIX_PATH=/opt/ros/humble /usr/bin/cmake --build /home/akshar/eyrc_hb/hb_task_4/build/my_custom_msgs -- -j16 -l16
[0.550s] Invoked command in '/home/akshar/eyrc_hb/hb_task_4/build/my_custom_msgs' returned '0': CMAKE_PREFIX_PATH=/opt/ros/humble /usr/bin/cmake --build /home/akshar/eyrc_hb/hb_task_4/build/my_custom_msgs -- -j16 -l16
[0.584s] Invoking command in '/home/akshar/eyrc_hb/hb_task_4/build/my_custom_msgs': CMAKE_PREFIX_PATH=/opt/ros/humble /usr/bin/cmake --install /home/akshar/eyrc_hb/hb_task_4/build/my_custom_msgs
[0.592s] -- Install configuration: ""
[0.592s] -- Installing: /home/akshar/eyrc_hb/hb_task_4/install/my_custom_msgs/share/ament_index/resource_index/package_run_dependencies/my_custom_msgs
[0.592s] -- Installing: /home/akshar/eyrc_hb/hb_task_4/install/my_custom_msgs/share/ament_index/resource_index/parent_prefix_path/my_custom_msgs
[0.593s] -- Installing: /home/akshar/eyrc_hb/hb_task_4/install/my_custom_msgs/share/my_custom_msgs/environment/ament_prefix_path.sh
[0.593s] -- Installing: /home/akshar/eyrc_hb/hb_task_4/install/my_custom_msgs/share/my_custom_msgs/environment/ament_prefix_path.dsv
[0.593s] -- Installing: /home/akshar/eyrc_hb/hb_task_4/install/my_custom_msgs/share/my_custom_msgs/environment/path.sh
[0.593s] -- Installing: /home/akshar/eyrc_hb/hb_task_4/install/my_custom_msgs/share/my_custom_msgs/environment/path.dsv
[0.593s] -- Installing: /home/akshar/eyrc_hb/hb_task_4/install/my_custom_msgs/share/my_custom_msgs/local_setup.bash
[0.593s] -- Installing: /home/akshar/eyrc_hb/hb_task_4/install/my_custom_msgs/share/my_custom_msgs/local_setup.sh
[0.593s] -- Installing: /home/akshar/eyrc_hb/hb_task_4/install/my_custom_msgs/share/my_custom_msgs/local_setup.zsh
[0.593s] -- Installing: /home/akshar/eyrc_hb/hb_task_4/install/my_custom_msgs/share/my_custom_msgs/local_setup.dsv
[0.594s] -- Installing: /home/akshar/eyrc_hb/hb_task_4/install/my_custom_msgs/share/my_custom_msgs/package.dsv
[0.594s] -- Installing: /home/akshar/eyrc_hb/hb_task_4/install/my_custom_msgs/share/ament_index/resource_index/packages/my_custom_msgs
[0.594s] -- Installing: /home/akshar/eyrc_hb/hb_task_4/install/my_custom_msgs/share/my_custom_msgs/cmake/my_custom_msgsConfig.cmake
[0.594s] -- Installing: /home/akshar/eyrc_hb/hb_task_4/install/my_custom_msgs/share/my_custom_msgs/cmake/my_custom_msgsConfig-version.cmake
[0.594s] -- Installing: /home/akshar/eyrc_hb/hb_task_4/install/my_custom_msgs/share/my_custom_msgs/package.xml
[0.597s] Invoked command in '/home/akshar/eyrc_hb/hb_task_4/build/my_custom_msgs' returned '0': CMAKE_PREFIX_PATH=/opt/ros/humble /usr/bin/cmake --install /home/akshar/eyrc_hb/hb_task_4/build/my_custom_msgs
