[0.941s] Invoking command in '/home/akshar/eyrc_hb/hb_task5_ws/src/hb_task5a': PYTHONPATH=/home/akshar/eyrc_hb/hb_task5_ws/build/hb_task5a/prefix_override:/home/akshar/eyrc_hb/hb_task5_ws/install/hb_task5a/lib/python3.10/site-packages:${PYTHONPATH} /usr/bin/python3 setup.py egg_info --egg-base ../../build/hb_task5a build --build-base /home/akshar/eyrc_hb/hb_task5_ws/build/hb_task5a/build install --record /home/akshar/eyrc_hb/hb_task5_ws/build/hb_task5a/install.log --single-version-externally-managed
[1.193s] running egg_info
[1.193s] writing ../../build/hb_task5a/hb_task5a.egg-info/PKG-INFO
[1.193s] writing dependency_links to ../../build/hb_task5a/hb_task5a.egg-info/dependency_links.txt
[1.194s] writing entry points to ../../build/hb_task5a/hb_task5a.egg-info/entry_points.txt
[1.194s] writing requirements to ../../build/hb_task5a/hb_task5a.egg-info/requires.txt
[1.194s] writing top-level names to ../../build/hb_task5a/hb_task5a.egg-info/top_level.txt
[1.196s] reading manifest file '../../build/hb_task5a/hb_task5a.egg-info/SOURCES.txt'
[1.196s] writing manifest file '../../build/hb_task5a/hb_task5a.egg-info/SOURCES.txt'
[1.196s] running build
[1.196s] running build_py
[1.197s] running install
[1.198s] /usr/lib/python3/dist-packages/setuptools/command/install.py:34: SetuptoolsDeprecationWarning: setup.py install is deprecated. Use build and pip and other standards-based tools.
[1.198s]   warnings.warn(
[1.198s] running install_lib
[1.199s] running install_data
[1.200s] running install_egg_info
[1.201s] removing '/home/akshar/eyrc_hb/hb_task5_ws/install/hb_task5a/lib/python3.10/site-packages/hb_task5a-0.0.0-py3.10.egg-info' (and everything under it)
[1.210s] Copying ../../build/hb_task5a/hb_task5a.egg-info to /home/akshar/eyrc_hb/hb_task5_ws/install/hb_task5a/lib/python3.10/site-packages/hb_task5a-0.0.0-py3.10.egg-info
[1.210s] running install_scripts
[1.228s] Installing StopFlag script to /home/akshar/eyrc_hb/hb_task5_ws/install/hb_task5a/lib/hb_task5a
[1.229s] Installing controller script to /home/akshar/eyrc_hb/hb_task5_ws/install/hb_task5a/lib/hb_task5a
[1.229s] Installing controllerik script to /home/akshar/eyrc_hb/hb_task5_ws/install/hb_task5a/lib/hb_task5a
[1.229s] Installing controllerik2 script to /home/akshar/eyrc_hb/hb_task5_ws/install/hb_task5a/lib/hb_task5a
[1.229s] Installing controllerik3 script to /home/akshar/eyrc_hb/hb_task5_ws/install/hb_task5a/lib/hb_task5a
[1.229s] Installing feedback script to /home/akshar/eyrc_hb/hb_task5_ws/install/hb_task5a/lib/hb_task5a
[1.229s] Installing interp script to /home/akshar/eyrc_hb/hb_task5_ws/install/hb_task5a/lib/hb_task5a
[1.229s] Installing interp2 script to /home/akshar/eyrc_hb/hb_task5_ws/install/hb_task5a/lib/hb_task5a
[1.229s] Installing interp3 script to /home/akshar/eyrc_hb/hb_task5_ws/install/hb_task5a/lib/hb_task5a
[1.229s] Installing map script to /home/akshar/eyrc_hb/hb_task5_ws/install/hb_task5a/lib/hb_task5a
[1.229s] Installing map2 script to /home/akshar/eyrc_hb/hb_task5_ws/install/hb_task5a/lib/hb_task5a
[1.229s] Installing map3 script to /home/akshar/eyrc_hb/hb_task5_ws/install/hb_task5a/lib/hb_task5a
[1.230s] Installing nextgoal script to /home/akshar/eyrc_hb/hb_task5_ws/install/hb_task5a/lib/hb_task5a
[1.230s] Installing server script to /home/akshar/eyrc_hb/hb_task5_ws/install/hb_task5a/lib/hb_task5a
[1.230s] writing list of installed files to '/home/akshar/eyrc_hb/hb_task5_ws/build/hb_task5a/install.log'
[1.275s] Invoked command in '/home/akshar/eyrc_hb/hb_task5_ws/src/hb_task5a' returned '0': PYTHONPATH=/home/akshar/eyrc_hb/hb_task5_ws/build/hb_task5a/prefix_override:/home/akshar/eyrc_hb/hb_task5_ws/install/hb_task5a/lib/python3.10/site-packages:${PYTHONPATH} /usr/bin/python3 setup.py egg_info --egg-base ../../build/hb_task5a build --build-base /home/akshar/eyrc_hb/hb_task5_ws/build/hb_task5a/build install --record /home/akshar/eyrc_hb/hb_task5_ws/build/hb_task5a/install.log --single-version-externally-managed
