[1.531s] Invoking command in '/home/akshar/eyrc_hb/hb_task6_ws/src/hb_taskbonus': PYTHONPATH=/home/akshar/eyrc_hb/hb_task6_ws/build/hb_taskbonus/prefix_override:/home/akshar/eyrc_hb/hb_task6_ws/install/hb_taskbonus/lib/python3.10/site-packages:${PYTHONPATH} /usr/bin/python3 setup.py egg_info --egg-base ../../build/hb_taskbonus build --build-base /home/akshar/eyrc_hb/hb_task6_ws/build/hb_taskbonus/build install --record /home/akshar/eyrc_hb/hb_task6_ws/build/hb_taskbonus/install.log --single-version-externally-managed
[1.864s] running egg_info
[1.865s] writing ../../build/hb_taskbonus/hb_taskbonus.egg-info/PKG-INFO
[1.865s] writing dependency_links to ../../build/hb_taskbonus/hb_taskbonus.egg-info/dependency_links.txt
[1.865s] writing entry points to ../../build/hb_taskbonus/hb_taskbonus.egg-info/entry_points.txt
[1.866s] writing requirements to ../../build/hb_taskbonus/hb_taskbonus.egg-info/requires.txt
[1.866s] writing top-level names to ../../build/hb_taskbonus/hb_taskbonus.egg-info/top_level.txt
[1.867s] reading manifest file '../../build/hb_taskbonus/hb_taskbonus.egg-info/SOURCES.txt'
[1.868s] writing manifest file '../../build/hb_taskbonus/hb_taskbonus.egg-info/SOURCES.txt'
[1.869s] running build
[1.869s] running build_py
[1.870s] copying hb_taskbonus/mapping3.py -> /home/akshar/eyrc_hb/hb_task6_ws/build/hb_taskbonus/build/lib/hb_taskbonus
[1.870s] running install
[1.871s] /usr/lib/python3/dist-packages/setuptools/command/install.py:34: SetuptoolsDeprecationWarning: setup.py install is deprecated. Use build and pip and other standards-based tools.
[1.871s]   warnings.warn(
[1.871s] running install_lib
[1.872s] copying /home/akshar/eyrc_hb/hb_task6_ws/build/hb_taskbonus/build/lib/hb_taskbonus/mapping3.py -> /home/akshar/eyrc_hb/hb_task6_ws/install/hb_taskbonus/lib/python3.10/site-packages/hb_taskbonus
[1.873s] byte-compiling /home/akshar/eyrc_hb/hb_task6_ws/install/hb_taskbonus/lib/python3.10/site-packages/hb_taskbonus/mapping3.py to mapping3.cpython-310.pyc
[1.875s] running install_data
[1.876s] running install_egg_info
[1.880s] removing '/home/akshar/eyrc_hb/hb_task6_ws/install/hb_taskbonus/lib/python3.10/site-packages/hb_taskbonus-0.0.0-py3.10.egg-info' (and everything under it)
[1.883s] Copying ../../build/hb_taskbonus/hb_taskbonus.egg-info to /home/akshar/eyrc_hb/hb_task6_ws/install/hb_taskbonus/lib/python3.10/site-packages/hb_taskbonus-0.0.0-py3.10.egg-info
[1.889s] running install_scripts
[1.912s] Installing StopFlag script to /home/akshar/eyrc_hb/hb_task6_ws/install/hb_taskbonus/lib/hb_taskbonus
[1.912s] Installing controller1 script to /home/akshar/eyrc_hb/hb_task6_ws/install/hb_taskbonus/lib/hb_taskbonus
[1.912s] Installing controller2 script to /home/akshar/eyrc_hb/hb_task6_ws/install/hb_taskbonus/lib/hb_taskbonus
[1.914s] Installing controller3 script to /home/akshar/eyrc_hb/hb_task6_ws/install/hb_taskbonus/lib/hb_taskbonus
[1.915s] Installing feedback script to /home/akshar/eyrc_hb/hb_task6_ws/install/hb_taskbonus/lib/hb_taskbonus
[1.915s] Installing imgutl script to /home/akshar/eyrc_hb/hb_task6_ws/install/hb_taskbonus/lib/hb_taskbonus
[1.915s] Installing interp1 script to /home/akshar/eyrc_hb/hb_task6_ws/install/hb_taskbonus/lib/hb_taskbonus
[1.915s] Installing interp2 script to /home/akshar/eyrc_hb/hb_task6_ws/install/hb_taskbonus/lib/hb_taskbonus
[1.916s] Installing interp3 script to /home/akshar/eyrc_hb/hb_task6_ws/install/hb_taskbonus/lib/hb_taskbonus
[1.916s] Installing map1 script to /home/akshar/eyrc_hb/hb_task6_ws/install/hb_taskbonus/lib/hb_taskbonus
[1.916s] Installing map2 script to /home/akshar/eyrc_hb/hb_task6_ws/install/hb_taskbonus/lib/hb_taskbonus
[1.916s] Installing map3 script to /home/akshar/eyrc_hb/hb_task6_ws/install/hb_taskbonus/lib/hb_taskbonus
[1.916s] Installing nextGoal1 script to /home/akshar/eyrc_hb/hb_task6_ws/install/hb_taskbonus/lib/hb_taskbonus
[1.916s] Installing nextGoal2 script to /home/akshar/eyrc_hb/hb_task6_ws/install/hb_taskbonus/lib/hb_taskbonus
[1.916s] Installing nextGoal3 script to /home/akshar/eyrc_hb/hb_task6_ws/install/hb_taskbonus/lib/hb_taskbonus
[1.917s] Installing nextGoalfunc script to /home/akshar/eyrc_hb/hb_task6_ws/install/hb_taskbonus/lib/hb_taskbonus
[1.917s] Installing startpoint script to /home/akshar/eyrc_hb/hb_task6_ws/install/hb_taskbonus/lib/hb_taskbonus
[1.918s] writing list of installed files to '/home/akshar/eyrc_hb/hb_task6_ws/build/hb_taskbonus/install.log'
[1.979s] Invoked command in '/home/akshar/eyrc_hb/hb_task6_ws/src/hb_taskbonus' returned '0': PYTHONPATH=/home/akshar/eyrc_hb/hb_task6_ws/build/hb_taskbonus/prefix_override:/home/akshar/eyrc_hb/hb_task6_ws/install/hb_taskbonus/lib/python3.10/site-packages:${PYTHONPATH} /usr/bin/python3 setup.py egg_info --egg-base ../../build/hb_taskbonus build --build-base /home/akshar/eyrc_hb/hb_task6_ws/build/hb_taskbonus/build install --record /home/akshar/eyrc_hb/hb_task6_ws/build/hb_taskbonus/install.log --single-version-externally-managed
