[0.555s] Invoking command in '/home/akshar/eyrc_hb/hb_task_4/src/hb_task4': PYTHONPATH=/home/akshar/eyrc_hb/hb_task_4/build/hb_task4/prefix_override:/home/akshar/eyrc_hb/hb_task_4/install/hb_task4/lib/python3.10/site-packages:${PYTHONPATH} /usr/bin/python3 setup.py egg_info --egg-base ../../build/hb_task4 build --build-base /home/akshar/eyrc_hb/hb_task_4/build/hb_task4/build install --record /home/akshar/eyrc_hb/hb_task_4/build/hb_task4/install.log --single-version-externally-managed
[0.723s] running egg_info
[0.723s] writing ../../build/hb_task4/hb_task4.egg-info/PKG-INFO
[0.723s] writing dependency_links to ../../build/hb_task4/hb_task4.egg-info/dependency_links.txt
[0.723s] writing entry points to ../../build/hb_task4/hb_task4.egg-info/entry_points.txt
[0.723s] writing requirements to ../../build/hb_task4/hb_task4.egg-info/requires.txt
[0.723s] writing top-level names to ../../build/hb_task4/hb_task4.egg-info/top_level.txt
[0.724s] reading manifest file '../../build/hb_task4/hb_task4.egg-info/SOURCES.txt'
[0.725s] writing manifest file '../../build/hb_task4/hb_task4.egg-info/SOURCES.txt'
[0.725s] running build
[0.725s] running build_py
[0.725s] running install
[0.726s] /usr/lib/python3/dist-packages/setuptools/command/install.py:34: SetuptoolsDeprecationWarning: setup.py install is deprecated. Use build and pip and other standards-based tools.
[0.726s]   warnings.warn(
[0.726s] running install_lib
[0.726s] running install_data
[0.727s] running install_egg_info
[0.728s] removing '/home/akshar/eyrc_hb/hb_task_4/install/hb_task4/lib/python3.10/site-packages/hb_task4-0.0.0-py3.10.egg-info' (and everything under it)
[0.728s] Copying ../../build/hb_task4/hb_task4.egg-info to /home/akshar/eyrc_hb/hb_task_4/install/hb_task4/lib/python3.10/site-packages/hb_task4-0.0.0-py3.10.egg-info
[0.729s] running install_scripts
[0.745s] Installing feedback script to /home/akshar/eyrc_hb/hb_task_4/install/hb_task4/lib/hb_task4
[0.745s] writing list of installed files to '/home/akshar/eyrc_hb/hb_task_4/build/hb_task4/install.log'
