[0.822s] DEBUG:colcon:Command line arguments: ['/usr/bin/colcon', 'build']
[0.822s] DEBUG:colcon:Parsed command line arguments: Namespace(log_base=None, log_level=None, verb_name='build', build_base='build', install_base='install', merge_install=False, symlink_install=False, test_result_base=None, continue_on_error=False, executor='parallel', parallel_workers=16, event_handlers=None, ignore_user_meta=False, metas=['./colcon.meta'], base_paths=['.'], packages_ignore=None, packages_ignore_regex=None, paths=None, packages_up_to=None, packages_up_to_regex=None, packages_above=None, packages_above_and_dependencies=None, packages_above_depth=None, packages_select_by_dep=None, packages_skip_by_dep=None, packages_skip_up_to=None, packages_select_build_failed=False, packages_skip_build_finished=False, packages_select_test_failures=False, packages_skip_test_passed=False, packages_select=None, packages_skip=None, packages_select_regex=None, packages_skip_regex=None, packages_start=None, packages_end=None, allow_overriding=[], cmake_args=None, cmake_target=None, cmake_target_skip_unavailable=False, cmake_clean_cache=False, cmake_clean_first=False, cmake_force_configure=False, ament_cmake_args=None, catkin_cmake_args=None, catkin_skip_building_tests=False, verb_parser=<colcon_defaults.argument_parser.defaults.DefaultArgumentsDecorator object at 0x7f60293a5390>, verb_extension=<colcon_core.verb.build.BuildVerb object at 0x7f60293430a0>, main=<bound method BuildVerb.main of <colcon_core.verb.build.BuildVerb object at 0x7f60293430a0>>)
[0.882s] Level 1:colcon.colcon_core.package_discovery:discover_packages(colcon_meta) check parameters
[0.882s] Level 1:colcon.colcon_core.package_discovery:discover_packages(recursive) check parameters
[0.882s] Level 1:colcon.colcon_core.package_discovery:discover_packages(ignore) check parameters
[0.882s] Level 1:colcon.colcon_core.package_discovery:discover_packages(path) check parameters
[0.882s] Level 1:colcon.colcon_core.package_discovery:discover_packages(colcon_meta) discover
[0.883s] Level 1:colcon.colcon_core.package_discovery:discover_packages(recursive) discover
[0.883s] INFO:colcon.colcon_core.package_discovery:Crawling recursively for packages in '/home/akshar/eyrc_hb/hb_task_4'
[0.883s] Level 1:colcon.colcon_core.package_identification:_identify(.) by extensions ['ignore', 'ignore_ament_install']
[0.883s] Level 1:colcon.colcon_core.package_identification:_identify(.) by extension 'ignore'
[0.883s] Level 1:colcon.colcon_core.package_identification:_identify(.) by extension 'ignore_ament_install'
[0.883s] Level 1:colcon.colcon_core.package_identification:_identify(.) by extensions ['colcon_pkg']
[0.883s] Level 1:colcon.colcon_core.package_identification:_identify(.) by extension 'colcon_pkg'
[0.883s] Level 1:colcon.colcon_core.package_identification:_identify(.) by extensions ['colcon_meta']
[0.883s] Level 1:colcon.colcon_core.package_identification:_identify(.) by extension 'colcon_meta'
[0.883s] Level 1:colcon.colcon_core.package_identification:_identify(.) by extensions ['ros']
[0.883s] Level 1:colcon.colcon_core.package_identification:_identify(.) by extension 'ros'
[0.894s] Level 1:colcon.colcon_core.package_identification:_identify(.) by extensions ['cmake', 'python']
[0.894s] Level 1:colcon.colcon_core.package_identification:_identify(.) by extension 'cmake'
[0.894s] Level 1:colcon.colcon_core.package_identification:_identify(.) by extension 'python'
[0.894s] Level 1:colcon.colcon_core.package_identification:_identify(.) by extensions ['python_setup_py']
[0.894s] Level 1:colcon.colcon_core.package_identification:_identify(.) by extension 'python_setup_py'
[0.894s] Level 1:colcon.colcon_core.package_identification:_identify(build) by extensions ['ignore', 'ignore_ament_install']
[0.894s] Level 1:colcon.colcon_core.package_identification:_identify(build) by extension 'ignore'
[0.894s] Level 1:colcon.colcon_core.package_identification:_identify(build) ignored
[0.894s] Level 1:colcon.colcon_core.package_identification:_identify(install) by extensions ['ignore', 'ignore_ament_install']
[0.894s] Level 1:colcon.colcon_core.package_identification:_identify(install) by extension 'ignore'
[0.895s] Level 1:colcon.colcon_core.package_identification:_identify(install) ignored
[0.895s] Level 1:colcon.colcon_core.package_identification:_identify(log) by extensions ['ignore', 'ignore_ament_install']
[0.895s] Level 1:colcon.colcon_core.package_identification:_identify(log) by extension 'ignore'
[0.895s] Level 1:colcon.colcon_core.package_identification:_identify(log) ignored
[0.895s] Level 1:colcon.colcon_core.package_identification:_identify(src) by extensions ['ignore', 'ignore_ament_install']
[0.895s] Level 1:colcon.colcon_core.package_identification:_identify(src) by extension 'ignore'
[0.895s] Level 1:colcon.colcon_core.package_identification:_identify(src) by extension 'ignore_ament_install'
[0.895s] Level 1:colcon.colcon_core.package_identification:_identify(src) by extensions ['colcon_pkg']
[0.895s] Level 1:colcon.colcon_core.package_identification:_identify(src) by extension 'colcon_pkg'
[0.895s] Level 1:colcon.colcon_core.package_identification:_identify(src) by extensions ['colcon_meta']
[0.895s] Level 1:colcon.colcon_core.package_identification:_identify(src) by extension 'colcon_meta'
[0.895s] Level 1:colcon.colcon_core.package_identification:_identify(src) by extensions ['ros']
[0.895s] Level 1:colcon.colcon_core.package_identification:_identify(src) by extension 'ros'
[0.895s] Level 1:colcon.colcon_core.package_identification:_identify(src) by extensions ['cmake', 'python']
[0.895s] Level 1:colcon.colcon_core.package_identification:_identify(src) by extension 'cmake'
[0.895s] Level 1:colcon.colcon_core.package_identification:_identify(src) by extension 'python'
[0.895s] Level 1:colcon.colcon_core.package_identification:_identify(src) by extensions ['python_setup_py']
[0.895s] Level 1:colcon.colcon_core.package_identification:_identify(src) by extension 'python_setup_py'
[0.895s] Level 1:colcon.colcon_core.package_identification:_identify(src/hb_task4) by extensions ['ignore', 'ignore_ament_install']
[0.895s] Level 1:colcon.colcon_core.package_identification:_identify(src/hb_task4) by extension 'ignore'
[0.896s] Level 1:colcon.colcon_core.package_identification:_identify(src/hb_task4) by extension 'ignore_ament_install'
[0.896s] Level 1:colcon.colcon_core.package_identification:_identify(src/hb_task4) by extensions ['colcon_pkg']
[0.896s] Level 1:colcon.colcon_core.package_identification:_identify(src/hb_task4) by extension 'colcon_pkg'
[0.896s] Level 1:colcon.colcon_core.package_identification:_identify(src/hb_task4) by extensions ['colcon_meta']
[0.896s] Level 1:colcon.colcon_core.package_identification:_identify(src/hb_task4) by extension 'colcon_meta'
[0.896s] Level 1:colcon.colcon_core.package_identification:_identify(src/hb_task4) by extensions ['ros']
[0.896s] Level 1:colcon.colcon_core.package_identification:_identify(src/hb_task4) by extension 'ros'
[0.898s] DEBUG:colcon.colcon_core.package_identification:Package 'src/hb_task4' with type 'ros.ament_python' and name 'hb_task4'
[0.898s] Level 1:colcon.colcon_core.package_identification:_identify(src/my_custom_msgs) by extensions ['ignore', 'ignore_ament_install']
[0.898s] Level 1:colcon.colcon_core.package_identification:_identify(src/my_custom_msgs) by extension 'ignore'
[0.898s] Level 1:colcon.colcon_core.package_identification:_identify(src/my_custom_msgs) by extension 'ignore_ament_install'
[0.898s] Level 1:colcon.colcon_core.package_identification:_identify(src/my_custom_msgs) by extensions ['colcon_pkg']
[0.899s] Level 1:colcon.colcon_core.package_identification:_identify(src/my_custom_msgs) by extension 'colcon_pkg'
[0.899s] Level 1:colcon.colcon_core.package_identification:_identify(src/my_custom_msgs) by extensions ['colcon_meta']
[0.899s] Level 1:colcon.colcon_core.package_identification:_identify(src/my_custom_msgs) by extension 'colcon_meta'
[0.899s] Level 1:colcon.colcon_core.package_identification:_identify(src/my_custom_msgs) by extensions ['ros']
[0.899s] Level 1:colcon.colcon_core.package_identification:_identify(src/my_custom_msgs) by extension 'ros'
[0.899s] DEBUG:colcon.colcon_core.package_identification:Package 'src/my_custom_msgs' with type 'ros.ament_cmake' and name 'my_custom_msgs'
[0.899s] Level 1:colcon.colcon_core.package_discovery:discover_packages(recursive) using defaults
[0.899s] Level 1:colcon.colcon_core.package_discovery:discover_packages(ignore) discover
[0.899s] Level 1:colcon.colcon_core.package_discovery:discover_packages(ignore) using defaults
[0.900s] Level 1:colcon.colcon_core.package_discovery:discover_packages(path) discover
[0.900s] Level 1:colcon.colcon_core.package_discovery:discover_packages(path) using defaults
[0.976s] Level 1:colcon.colcon_core.package_discovery:discover_packages(prefix_path) check parameters
[0.976s] Level 1:colcon.colcon_core.package_discovery:discover_packages(prefix_path) discover
[0.999s] DEBUG:colcon.colcon_installed_package_information.package_discovery:Found 286 installed packages in /opt/ros/humble
[1.000s] Level 1:colcon.colcon_core.package_discovery:discover_packages(prefix_path) using defaults
[1.067s] Level 5:colcon.colcon_core.verb:set package 'hb_task4' build argument 'cmake_args' from command line to 'None'
[1.067s] Level 5:colcon.colcon_core.verb:set package 'hb_task4' build argument 'cmake_target' from command line to 'None'
[1.067s] Level 5:colcon.colcon_core.verb:set package 'hb_task4' build argument 'cmake_target_skip_unavailable' from command line to 'False'
[1.067s] Level 5:colcon.colcon_core.verb:set package 'hb_task4' build argument 'cmake_clean_cache' from command line to 'False'
[1.067s] Level 5:colcon.colcon_core.verb:set package 'hb_task4' build argument 'cmake_clean_first' from command line to 'False'
[1.067s] Level 5:colcon.colcon_core.verb:set package 'hb_task4' build argument 'cmake_force_configure' from command line to 'False'
[1.067s] Level 5:colcon.colcon_core.verb:set package 'hb_task4' build argument 'ament_cmake_args' from command line to 'None'
[1.067s] Level 5:colcon.colcon_core.verb:set package 'hb_task4' build argument 'catkin_cmake_args' from command line to 'None'
[1.067s] Level 5:colcon.colcon_core.verb:set package 'hb_task4' build argument 'catkin_skip_building_tests' from command line to 'False'
[1.067s] DEBUG:colcon.colcon_core.verb:Building package 'hb_task4' with the following arguments: {'ament_cmake_args': None, 'build_base': '/home/akshar/eyrc_hb/hb_task_4/build/hb_task4', 'catkin_cmake_args': None, 'catkin_skip_building_tests': False, 'cmake_args': None, 'cmake_clean_cache': False, 'cmake_clean_first': False, 'cmake_force_configure': False, 'cmake_target': None, 'cmake_target_skip_unavailable': False, 'install_base': '/home/akshar/eyrc_hb/hb_task_4/install/hb_task4', 'merge_install': False, 'path': '/home/akshar/eyrc_hb/hb_task_4/src/hb_task4', 'symlink_install': False, 'test_result_base': None}
[1.078s] Level 5:colcon.colcon_core.verb:set package 'my_custom_msgs' build argument 'cmake_args' from command line to 'None'
[1.078s] Level 5:colcon.colcon_core.verb:set package 'my_custom_msgs' build argument 'cmake_target' from command line to 'None'
[1.078s] Level 5:colcon.colcon_core.verb:set package 'my_custom_msgs' build argument 'cmake_target_skip_unavailable' from command line to 'False'
[1.078s] Level 5:colcon.colcon_core.verb:set package 'my_custom_msgs' build argument 'cmake_clean_cache' from command line to 'False'
[1.078s] Level 5:colcon.colcon_core.verb:set package 'my_custom_msgs' build argument 'cmake_clean_first' from command line to 'False'
[1.078s] Level 5:colcon.colcon_core.verb:set package 'my_custom_msgs' build argument 'cmake_force_configure' from command line to 'False'
[1.078s] Level 5:colcon.colcon_core.verb:set package 'my_custom_msgs' build argument 'ament_cmake_args' from command line to 'None'
[1.078s] Level 5:colcon.colcon_core.verb:set package 'my_custom_msgs' build argument 'catkin_cmake_args' from command line to 'None'
[1.078s] Level 5:colcon.colcon_core.verb:set package 'my_custom_msgs' build argument 'catkin_skip_building_tests' from command line to 'False'
[1.078s] DEBUG:colcon.colcon_core.verb:Building package 'my_custom_msgs' with the following arguments: {'ament_cmake_args': None, 'build_base': '/home/akshar/eyrc_hb/hb_task_4/build/my_custom_msgs', 'catkin_cmake_args': None, 'catkin_skip_building_tests': False, 'cmake_args': None, 'cmake_clean_cache': False, 'cmake_clean_first': False, 'cmake_force_configure': False, 'cmake_target': None, 'cmake_target_skip_unavailable': False, 'install_base': '/home/akshar/eyrc_hb/hb_task_4/install/my_custom_msgs', 'merge_install': False, 'path': '/home/akshar/eyrc_hb/hb_task_4/src/my_custom_msgs', 'symlink_install': False, 'test_result_base': None}
[1.088s] INFO:colcon.colcon_core.executor:Executing jobs using 'parallel' executor
[1.099s] DEBUG:colcon.colcon_parallel_executor.executor.parallel:run_until_complete
[1.099s] INFO:colcon.colcon_ros.task.ament_python.build:Building ROS package in '/home/akshar/eyrc_hb/hb_task_4/src/hb_task4' with build type 'ament_python'
[1.099s] Level 1:colcon.colcon_core.shell:create_environment_hook('hb_task4', 'ament_prefix_path')
[1.113s] INFO:colcon.colcon_core.plugin_system:Skipping extension 'colcon_core.shell.bat': Not used on non-Windows systems
[1.113s] INFO:colcon.colcon_core.shell:Creating environment hook '/home/akshar/eyrc_hb/hb_task_4/install/hb_task4/share/hb_task4/hook/ament_prefix_path.ps1'
[1.114s] INFO:colcon.colcon_core.shell:Creating environment descriptor '/home/akshar/eyrc_hb/hb_task_4/install/hb_task4/share/hb_task4/hook/ament_prefix_path.dsv'
[1.114s] INFO:colcon.colcon_core.shell:Creating environment hook '/home/akshar/eyrc_hb/hb_task_4/install/hb_task4/share/hb_task4/hook/ament_prefix_path.sh'
[1.125s] INFO:colcon.colcon_core.shell:Skip shell extension 'powershell' for command environment: Not usable outside of PowerShell
[1.125s] DEBUG:colcon.colcon_core.shell:Skip shell extension 'dsv' for command environment
[1.150s] INFO:colcon.colcon_ros.task.ament_cmake.build:Building ROS package in '/home/akshar/eyrc_hb/hb_task_4/src/my_custom_msgs' with build type 'ament_cmake'
[1.150s] INFO:colcon.colcon_cmake.task.cmake.build:Building CMake package in '/home/akshar/eyrc_hb/hb_task_4/src/my_custom_msgs'
[1.162s] INFO:colcon.colcon_core.shell:Skip shell extension 'powershell' for command environment: Not usable outside of PowerShell
[1.162s] DEBUG:colcon.colcon_core.shell:Skip shell extension 'dsv' for command environment
[1.381s] INFO:colcon.colcon_core.task.python.build:Building Python package in '/home/akshar/eyrc_hb/hb_task_4/src/hb_task4'
[1.393s] INFO:colcon.colcon_core.shell:Skip shell extension 'powershell' for command environment: Not usable outside of PowerShell
[1.393s] DEBUG:colcon.colcon_core.shell:Skip shell extension 'dsv' for command environment
[1.461s] DEBUG:colcon.colcon_core.event_handler.log_command:Invoking command in '/home/akshar/eyrc_hb/hb_task_4/build/my_custom_msgs': CMAKE_PREFIX_PATH=/opt/ros/humble /usr/bin/cmake --build /home/akshar/eyrc_hb/hb_task_4/build/my_custom_msgs -- -j16 -l16
[1.793s] DEBUG:colcon.colcon_core.event_handler.log_command:Invoking command in '/home/akshar/eyrc_hb/hb_task_4/src/hb_task4': PYTHONPATH=/home/akshar/eyrc_hb/hb_task_4/build/hb_task4/prefix_override:/home/akshar/eyrc_hb/hb_task_4/install/hb_task4/lib/python3.10/site-packages:${PYTHONPATH} /usr/bin/python3 setup.py egg_info --egg-base ../../build/hb_task4 build --build-base /home/akshar/eyrc_hb/hb_task_4/build/hb_task4/build install --record /home/akshar/eyrc_hb/hb_task_4/build/hb_task4/install.log --single-version-externally-managed
[1.811s] DEBUG:colcon.colcon_core.event_handler.log_command:Invoked command in '/home/akshar/eyrc_hb/hb_task_4/build/my_custom_msgs' returned '0': CMAKE_PREFIX_PATH=/opt/ros/humble /usr/bin/cmake --build /home/akshar/eyrc_hb/hb_task_4/build/my_custom_msgs -- -j16 -l16
[1.885s] DEBUG:colcon.colcon_core.event_handler.log_command:Invoking command in '/home/akshar/eyrc_hb/hb_task_4/build/my_custom_msgs': CMAKE_PREFIX_PATH=/opt/ros/humble /usr/bin/cmake --install /home/akshar/eyrc_hb/hb_task_4/build/my_custom_msgs
[1.943s] Level 1:colcon.colcon_core.environment:create_environment_scripts_only(my_custom_msgs)
[1.944s] DEBUG:colcon.colcon_core.event_handler.log_command:Invoked command in '/home/akshar/eyrc_hb/hb_task_4/build/my_custom_msgs' returned '0': CMAKE_PREFIX_PATH=/opt/ros/humble /usr/bin/cmake --install /home/akshar/eyrc_hb/hb_task_4/build/my_custom_msgs
[1.959s] Level 1:colcon.colcon_core.environment:checking '/home/akshar/eyrc_hb/hb_task_4/install/my_custom_msgs' for CMake module files
[1.959s] Level 1:colcon.colcon_core.environment:checking '/home/akshar/eyrc_hb/hb_task_4/install/my_custom_msgs' for CMake config files
[1.960s] Level 1:colcon.colcon_core.shell:create_environment_hook('my_custom_msgs', 'cmake_prefix_path')
[1.971s] INFO:colcon.colcon_core.shell:Creating environment hook '/home/akshar/eyrc_hb/hb_task_4/install/my_custom_msgs/share/my_custom_msgs/hook/cmake_prefix_path.ps1'
[1.972s] INFO:colcon.colcon_core.shell:Creating environment descriptor '/home/akshar/eyrc_hb/hb_task_4/install/my_custom_msgs/share/my_custom_msgs/hook/cmake_prefix_path.dsv'
[1.972s] INFO:colcon.colcon_core.shell:Creating environment hook '/home/akshar/eyrc_hb/hb_task_4/install/my_custom_msgs/share/my_custom_msgs/hook/cmake_prefix_path.sh'
[1.973s] Level 1:colcon.colcon_core.environment:checking '/home/akshar/eyrc_hb/hb_task_4/install/my_custom_msgs/lib'
[1.973s] Level 1:colcon.colcon_core.shell:create_environment_hook('my_custom_msgs', 'ld_library_path_lib')
[1.987s] INFO:colcon.colcon_core.shell:Creating environment hook '/home/akshar/eyrc_hb/hb_task_4/install/my_custom_msgs/share/my_custom_msgs/hook/ld_library_path_lib.ps1'
[1.987s] INFO:colcon.colcon_core.shell:Creating environment descriptor '/home/akshar/eyrc_hb/hb_task_4/install/my_custom_msgs/share/my_custom_msgs/hook/ld_library_path_lib.dsv'
[1.987s] INFO:colcon.colcon_core.shell:Creating environment hook '/home/akshar/eyrc_hb/hb_task_4/install/my_custom_msgs/share/my_custom_msgs/hook/ld_library_path_lib.sh'
[1.988s] Level 1:colcon.colcon_core.environment:checking '/home/akshar/eyrc_hb/hb_task_4/install/my_custom_msgs/bin'
[1.988s] Level 1:colcon.colcon_core.environment:checking '/home/akshar/eyrc_hb/hb_task_4/install/my_custom_msgs/lib/pkgconfig/my_custom_msgs.pc'
[1.988s] Level 1:colcon.colcon_core.environment:checking '/home/akshar/eyrc_hb/hb_task_4/install/my_custom_msgs/lib/python3.10/site-packages'
[1.988s] Level 1:colcon.colcon_core.environment:checking '/home/akshar/eyrc_hb/hb_task_4/install/my_custom_msgs/bin'
[2.000s] INFO:colcon.colcon_core.shell:Creating package script '/home/akshar/eyrc_hb/hb_task_4/install/my_custom_msgs/share/my_custom_msgs/package.ps1'
[2.001s] INFO:colcon.colcon_core.shell:Creating package descriptor '/home/akshar/eyrc_hb/hb_task_4/install/my_custom_msgs/share/my_custom_msgs/package.dsv'
[2.001s] INFO:colcon.colcon_core.shell:Creating package script '/home/akshar/eyrc_hb/hb_task_4/install/my_custom_msgs/share/my_custom_msgs/package.sh'
[2.002s] INFO:colcon.colcon_core.shell:Creating package script '/home/akshar/eyrc_hb/hb_task_4/install/my_custom_msgs/share/my_custom_msgs/package.bash'
[2.003s] INFO:colcon.colcon_core.shell:Creating package script '/home/akshar/eyrc_hb/hb_task_4/install/my_custom_msgs/share/my_custom_msgs/package.zsh'
[2.003s] Level 1:colcon.colcon_core.environment:create_file_with_runtime_dependencies(/home/akshar/eyrc_hb/hb_task_4/install/my_custom_msgs/share/colcon-core/packages/my_custom_msgs)
[2.046s] DEBUG:colcon.colcon_core.event_handler.log_command:Invoked command in '/home/akshar/eyrc_hb/hb_task_4/src/hb_task4' returned '0': PYTHONPATH=/home/akshar/eyrc_hb/hb_task_4/build/hb_task4/prefix_override:/home/akshar/eyrc_hb/hb_task_4/install/hb_task4/lib/python3.10/site-packages:${PYTHONPATH} /usr/bin/python3 setup.py egg_info --egg-base ../../build/hb_task4 build --build-base /home/akshar/eyrc_hb/hb_task_4/build/hb_task4/build install --record /home/akshar/eyrc_hb/hb_task_4/build/hb_task4/install.log --single-version-externally-managed
[2.058s] Level 1:colcon.colcon_core.environment:checking '/home/akshar/eyrc_hb/hb_task_4/install/hb_task4' for CMake module files
[2.058s] Level 1:colcon.colcon_core.environment:checking '/home/akshar/eyrc_hb/hb_task_4/install/hb_task4' for CMake config files
[2.059s] Level 1:colcon.colcon_core.environment:checking '/home/akshar/eyrc_hb/hb_task_4/install/hb_task4/lib'
[2.059s] Level 1:colcon.colcon_core.environment:checking '/home/akshar/eyrc_hb/hb_task_4/install/hb_task4/bin'
[2.059s] Level 1:colcon.colcon_core.environment:checking '/home/akshar/eyrc_hb/hb_task_4/install/hb_task4/lib/pkgconfig/hb_task4.pc'
[2.059s] Level 1:colcon.colcon_core.environment:checking '/home/akshar/eyrc_hb/hb_task_4/install/hb_task4/lib/python3.10/site-packages'
[2.059s] Level 1:colcon.colcon_core.shell:create_environment_hook('hb_task4', 'pythonpath')
[2.071s] INFO:colcon.colcon_core.shell:Creating environment hook '/home/akshar/eyrc_hb/hb_task_4/install/hb_task4/share/hb_task4/hook/pythonpath.ps1'
[2.071s] INFO:colcon.colcon_core.shell:Creating environment descriptor '/home/akshar/eyrc_hb/hb_task_4/install/hb_task4/share/hb_task4/hook/pythonpath.dsv'
[2.072s] INFO:colcon.colcon_core.shell:Creating environment hook '/home/akshar/eyrc_hb/hb_task_4/install/hb_task4/share/hb_task4/hook/pythonpath.sh'
[2.072s] Level 1:colcon.colcon_core.environment:checking '/home/akshar/eyrc_hb/hb_task_4/install/hb_task4/bin'
[2.072s] Level 1:colcon.colcon_core.environment:create_environment_scripts_only(hb_task4)
[2.083s] INFO:colcon.colcon_core.shell:Creating package script '/home/akshar/eyrc_hb/hb_task_4/install/hb_task4/share/hb_task4/package.ps1'
[2.083s] INFO:colcon.colcon_core.shell:Creating package descriptor '/home/akshar/eyrc_hb/hb_task_4/install/hb_task4/share/hb_task4/package.dsv'
[2.084s] INFO:colcon.colcon_core.shell:Creating package script '/home/akshar/eyrc_hb/hb_task_4/install/hb_task4/share/hb_task4/package.sh'
[2.084s] INFO:colcon.colcon_core.shell:Creating package script '/home/akshar/eyrc_hb/hb_task_4/install/hb_task4/share/hb_task4/package.bash'
[2.084s] INFO:colcon.colcon_core.shell:Creating package script '/home/akshar/eyrc_hb/hb_task_4/install/hb_task4/share/hb_task4/package.zsh'
[2.085s] Level 1:colcon.colcon_core.environment:create_file_with_runtime_dependencies(/home/akshar/eyrc_hb/hb_task_4/install/hb_task4/share/colcon-core/packages/hb_task4)
[2.097s] Level 1:colcon.colcon_core.environment:create_environment_scripts_only(my_custom_msgs)
[2.107s] Level 1:colcon.colcon_core.environment:checking '/home/akshar/eyrc_hb/hb_task_4/install/my_custom_msgs' for CMake module files
[2.108s] Level 1:colcon.colcon_core.environment:checking '/home/akshar/eyrc_hb/hb_task_4/install/my_custom_msgs' for CMake config files
[2.108s] Level 1:colcon.colcon_core.shell:create_environment_hook('my_custom_msgs', 'cmake_prefix_path')
[2.119s] INFO:colcon.colcon_core.shell:Creating environment hook '/home/akshar/eyrc_hb/hb_task_4/install/my_custom_msgs/share/my_custom_msgs/hook/cmake_prefix_path.ps1'
[2.119s] INFO:colcon.colcon_core.shell:Creating environment descriptor '/home/akshar/eyrc_hb/hb_task_4/install/my_custom_msgs/share/my_custom_msgs/hook/cmake_prefix_path.dsv'
[2.119s] INFO:colcon.colcon_core.shell:Creating environment hook '/home/akshar/eyrc_hb/hb_task_4/install/my_custom_msgs/share/my_custom_msgs/hook/cmake_prefix_path.sh'
[2.120s] Level 1:colcon.colcon_core.environment:checking '/home/akshar/eyrc_hb/hb_task_4/install/my_custom_msgs/lib'
[2.120s] Level 1:colcon.colcon_core.shell:create_environment_hook('my_custom_msgs', 'ld_library_path_lib')
[2.130s] INFO:colcon.colcon_core.shell:Creating environment hook '/home/akshar/eyrc_hb/hb_task_4/install/my_custom_msgs/share/my_custom_msgs/hook/ld_library_path_lib.ps1'
[2.130s] INFO:colcon.colcon_core.shell:Creating environment descriptor '/home/akshar/eyrc_hb/hb_task_4/install/my_custom_msgs/share/my_custom_msgs/hook/ld_library_path_lib.dsv'
[2.131s] INFO:colcon.colcon_core.shell:Creating environment hook '/home/akshar/eyrc_hb/hb_task_4/install/my_custom_msgs/share/my_custom_msgs/hook/ld_library_path_lib.sh'
[2.131s] Level 1:colcon.colcon_core.environment:checking '/home/akshar/eyrc_hb/hb_task_4/install/my_custom_msgs/bin'
[2.131s] Level 1:colcon.colcon_core.environment:checking '/home/akshar/eyrc_hb/hb_task_4/install/my_custom_msgs/lib/pkgconfig/my_custom_msgs.pc'
[2.131s] Level 1:colcon.colcon_core.environment:checking '/home/akshar/eyrc_hb/hb_task_4/install/my_custom_msgs/lib/python3.10/site-packages'
[2.131s] Level 1:colcon.colcon_core.environment:checking '/home/akshar/eyrc_hb/hb_task_4/install/my_custom_msgs/bin'
[2.142s] INFO:colcon.colcon_core.shell:Creating package script '/home/akshar/eyrc_hb/hb_task_4/install/my_custom_msgs/share/my_custom_msgs/package.ps1'
[2.143s] INFO:colcon.colcon_core.shell:Creating package descriptor '/home/akshar/eyrc_hb/hb_task_4/install/my_custom_msgs/share/my_custom_msgs/package.dsv'
[2.143s] INFO:colcon.colcon_core.shell:Creating package script '/home/akshar/eyrc_hb/hb_task_4/install/my_custom_msgs/share/my_custom_msgs/package.sh'
[2.143s] INFO:colcon.colcon_core.shell:Creating package script '/home/akshar/eyrc_hb/hb_task_4/install/my_custom_msgs/share/my_custom_msgs/package.bash'
[2.144s] INFO:colcon.colcon_core.shell:Creating package script '/home/akshar/eyrc_hb/hb_task_4/install/my_custom_msgs/share/my_custom_msgs/package.zsh'
[2.144s] Level 1:colcon.colcon_core.environment:create_file_with_runtime_dependencies(/home/akshar/eyrc_hb/hb_task_4/install/my_custom_msgs/share/colcon-core/packages/my_custom_msgs)
[2.144s] DEBUG:colcon.colcon_parallel_executor.executor.parallel:closing loop
[2.144s] DEBUG:colcon.colcon_parallel_executor.executor.parallel:loop closed
[2.145s] DEBUG:colcon.colcon_parallel_executor.executor.parallel:run_until_complete finished with '0'
[2.145s] DEBUG:colcon.colcon_core.event_reactor:joining thread
[2.163s] INFO:colcon.colcon_core.plugin_system:Skipping extension 'colcon_notification.desktop_notification.terminal_notifier': Not used on non-Darwin systems
[2.163s] INFO:colcon.colcon_core.plugin_system:Skipping extension 'colcon_notification.desktop_notification.win32': Not used on non-Windows systems
[2.163s] INFO:colcon.colcon_notification.desktop_notification:Sending desktop notification using 'notify2'
[2.178s] DEBUG:colcon.colcon_core.event_reactor:joined thread
[2.191s] INFO:colcon.colcon_core.shell:Creating prefix script '/home/akshar/eyrc_hb/hb_task_4/install/local_setup.ps1'
[2.192s] INFO:colcon.colcon_core.shell:Creating prefix util module '/home/akshar/eyrc_hb/hb_task_4/install/_local_setup_util_ps1.py'
[2.194s] INFO:colcon.colcon_core.shell:Creating prefix chain script '/home/akshar/eyrc_hb/hb_task_4/install/setup.ps1'
[2.205s] INFO:colcon.colcon_core.shell:Creating prefix script '/home/akshar/eyrc_hb/hb_task_4/install/local_setup.sh'
[2.206s] INFO:colcon.colcon_core.shell:Creating prefix util module '/home/akshar/eyrc_hb/hb_task_4/install/_local_setup_util_sh.py'
[2.206s] INFO:colcon.colcon_core.shell:Creating prefix chain script '/home/akshar/eyrc_hb/hb_task_4/install/setup.sh'
[2.218s] INFO:colcon.colcon_core.shell:Creating prefix script '/home/akshar/eyrc_hb/hb_task_4/install/local_setup.bash'
[2.219s] INFO:colcon.colcon_core.shell:Creating prefix chain script '/home/akshar/eyrc_hb/hb_task_4/install/setup.bash'
[2.230s] INFO:colcon.colcon_core.shell:Creating prefix script '/home/akshar/eyrc_hb/hb_task_4/install/local_setup.zsh'
[2.231s] INFO:colcon.colcon_core.shell:Creating prefix chain script '/home/akshar/eyrc_hb/hb_task_4/install/setup.zsh'
