[0.736s] DEBUG:colcon:Command line arguments: ['/usr/bin/colcon', 'build']
[0.737s] DEBUG:colcon:Parsed command line arguments: Namespace(log_base=None, log_level=None, verb_name='build', build_base='build', install_base='install', merge_install=False, symlink_install=False, test_result_base=None, continue_on_error=False, executor='parallel', parallel_workers=16, event_handlers=None, ignore_user_meta=False, metas=['./colcon.meta'], base_paths=['.'], packages_ignore=None, packages_ignore_regex=None, paths=None, packages_up_to=None, packages_up_to_regex=None, packages_above=None, packages_above_and_dependencies=None, packages_above_depth=None, packages_select_by_dep=None, packages_skip_by_dep=None, packages_skip_up_to=None, packages_select_build_failed=False, packages_skip_build_finished=False, packages_select_test_failures=False, packages_skip_test_passed=False, packages_select=None, packages_skip=None, packages_select_regex=None, packages_skip_regex=None, packages_start=None, packages_end=None, allow_overriding=[], cmake_args=None, cmake_target=None, cmake_target_skip_unavailable=False, cmake_clean_cache=False, cmake_clean_first=False, cmake_force_configure=False, ament_cmake_args=None, catkin_cmake_args=None, catkin_skip_building_tests=False, verb_parser=<colcon_defaults.argument_parser.defaults.DefaultArgumentsDecorator object at 0x780e7f98a710>, verb_extension=<colcon_core.verb.build.BuildVerb object at 0x780e7fc74c70>, main=<bound method BuildVerb.main of <colcon_core.verb.build.BuildVerb object at 0x780e7fc74c70>>)
[0.771s] Level 1:colcon.colcon_core.package_discovery:discover_packages(colcon_meta) check parameters
[0.771s] Level 1:colcon.colcon_core.package_discovery:discover_packages(recursive) check parameters
[0.771s] Level 1:colcon.colcon_core.package_discovery:discover_packages(ignore) check parameters
[0.771s] Level 1:colcon.colcon_core.package_discovery:discover_packages(path) check parameters
[0.771s] Level 1:colcon.colcon_core.package_discovery:discover_packages(colcon_meta) discover
[0.771s] Level 1:colcon.colcon_core.package_discovery:discover_packages(recursive) discover
[0.771s] INFO:colcon.colcon_core.package_discovery:Crawling recursively for packages in '/home/akshar/eyrc_hb/hb_task6_ws'
[0.772s] Level 1:colcon.colcon_core.package_identification:_identify(.) by extensions ['ignore', 'ignore_ament_install']
[0.772s] Level 1:colcon.colcon_core.package_identification:_identify(.) by extension 'ignore'
[0.772s] Level 1:colcon.colcon_core.package_identification:_identify(.) by extension 'ignore_ament_install'
[0.772s] Level 1:colcon.colcon_core.package_identification:_identify(.) by extensions ['colcon_pkg']
[0.772s] Level 1:colcon.colcon_core.package_identification:_identify(.) by extension 'colcon_pkg'
[0.772s] Level 1:colcon.colcon_core.package_identification:_identify(.) by extensions ['colcon_meta']
[0.772s] Level 1:colcon.colcon_core.package_identification:_identify(.) by extension 'colcon_meta'
[0.772s] Level 1:colcon.colcon_core.package_identification:_identify(.) by extensions ['ros']
[0.772s] Level 1:colcon.colcon_core.package_identification:_identify(.) by extension 'ros'
[0.780s] Level 1:colcon.colcon_core.package_identification:_identify(.) by extensions ['cmake', 'python']
[0.780s] Level 1:colcon.colcon_core.package_identification:_identify(.) by extension 'cmake'
[0.780s] Level 1:colcon.colcon_core.package_identification:_identify(.) by extension 'python'
[0.780s] Level 1:colcon.colcon_core.package_identification:_identify(.) by extensions ['python_setup_py']
[0.780s] Level 1:colcon.colcon_core.package_identification:_identify(.) by extension 'python_setup_py'
[0.780s] Level 1:colcon.colcon_core.package_identification:_identify(build) by extensions ['ignore', 'ignore_ament_install']
[0.780s] Level 1:colcon.colcon_core.package_identification:_identify(build) by extension 'ignore'
[0.780s] Level 1:colcon.colcon_core.package_identification:_identify(build) ignored
[0.780s] Level 1:colcon.colcon_core.package_identification:_identify(install) by extensions ['ignore', 'ignore_ament_install']
[0.780s] Level 1:colcon.colcon_core.package_identification:_identify(install) by extension 'ignore'
[0.780s] Level 1:colcon.colcon_core.package_identification:_identify(install) ignored
[0.780s] Level 1:colcon.colcon_core.package_identification:_identify(log) by extensions ['ignore', 'ignore_ament_install']
[0.781s] Level 1:colcon.colcon_core.package_identification:_identify(log) by extension 'ignore'
[0.781s] Level 1:colcon.colcon_core.package_identification:_identify(log) ignored
[0.781s] Level 1:colcon.colcon_core.package_identification:_identify(src) by extensions ['ignore', 'ignore_ament_install']
[0.781s] Level 1:colcon.colcon_core.package_identification:_identify(src) by extension 'ignore'
[0.781s] Level 1:colcon.colcon_core.package_identification:_identify(src) by extension 'ignore_ament_install'
[0.781s] Level 1:colcon.colcon_core.package_identification:_identify(src) by extensions ['colcon_pkg']
[0.781s] Level 1:colcon.colcon_core.package_identification:_identify(src) by extension 'colcon_pkg'
[0.781s] Level 1:colcon.colcon_core.package_identification:_identify(src) by extensions ['colcon_meta']
[0.781s] Level 1:colcon.colcon_core.package_identification:_identify(src) by extension 'colcon_meta'
[0.781s] Level 1:colcon.colcon_core.package_identification:_identify(src) by extensions ['ros']
[0.781s] Level 1:colcon.colcon_core.package_identification:_identify(src) by extension 'ros'
[0.781s] Level 1:colcon.colcon_core.package_identification:_identify(src) by extensions ['cmake', 'python']
[0.781s] Level 1:colcon.colcon_core.package_identification:_identify(src) by extension 'cmake'
[0.781s] Level 1:colcon.colcon_core.package_identification:_identify(src) by extension 'python'
[0.781s] Level 1:colcon.colcon_core.package_identification:_identify(src) by extensions ['python_setup_py']
[0.781s] Level 1:colcon.colcon_core.package_identification:_identify(src) by extension 'python_setup_py'
[0.781s] Level 1:colcon.colcon_core.package_identification:_identify(src/hb_task6) by extensions ['ignore', 'ignore_ament_install']
[0.781s] Level 1:colcon.colcon_core.package_identification:_identify(src/hb_task6) by extension 'ignore'
[0.781s] Level 1:colcon.colcon_core.package_identification:_identify(src/hb_task6) by extension 'ignore_ament_install'
[0.781s] Level 1:colcon.colcon_core.package_identification:_identify(src/hb_task6) by extensions ['colcon_pkg']
[0.781s] Level 1:colcon.colcon_core.package_identification:_identify(src/hb_task6) by extension 'colcon_pkg'
[0.781s] Level 1:colcon.colcon_core.package_identification:_identify(src/hb_task6) by extensions ['colcon_meta']
[0.781s] Level 1:colcon.colcon_core.package_identification:_identify(src/hb_task6) by extension 'colcon_meta'
[0.781s] Level 1:colcon.colcon_core.package_identification:_identify(src/hb_task6) by extensions ['ros']
[0.782s] Level 1:colcon.colcon_core.package_identification:_identify(src/hb_task6) by extension 'ros'
[0.783s] DEBUG:colcon.colcon_core.package_identification:Package 'src/hb_task6' with type 'ros.ament_python' and name 'hb_task6'
[0.783s] Level 1:colcon.colcon_core.package_identification:_identify(src/hb_taskbonus) by extensions ['ignore', 'ignore_ament_install']
[0.783s] Level 1:colcon.colcon_core.package_identification:_identify(src/hb_taskbonus) by extension 'ignore'
[0.783s] Level 1:colcon.colcon_core.package_identification:_identify(src/hb_taskbonus) by extension 'ignore_ament_install'
[0.783s] Level 1:colcon.colcon_core.package_identification:_identify(src/hb_taskbonus) by extensions ['colcon_pkg']
[0.783s] Level 1:colcon.colcon_core.package_identification:_identify(src/hb_taskbonus) by extension 'colcon_pkg'
[0.783s] Level 1:colcon.colcon_core.package_identification:_identify(src/hb_taskbonus) by extensions ['colcon_meta']
[0.783s] Level 1:colcon.colcon_core.package_identification:_identify(src/hb_taskbonus) by extension 'colcon_meta'
[0.783s] Level 1:colcon.colcon_core.package_identification:_identify(src/hb_taskbonus) by extensions ['ros']
[0.783s] Level 1:colcon.colcon_core.package_identification:_identify(src/hb_taskbonus) by extension 'ros'
[0.784s] DEBUG:colcon.colcon_core.package_identification:Package 'src/hb_taskbonus' with type 'ros.ament_python' and name 'hb_taskbonus'
[0.784s] Level 1:colcon.colcon_core.package_identification:_identify(src/my_robot_interfaces) by extensions ['ignore', 'ignore_ament_install']
[0.784s] Level 1:colcon.colcon_core.package_identification:_identify(src/my_robot_interfaces) by extension 'ignore'
[0.784s] Level 1:colcon.colcon_core.package_identification:_identify(src/my_robot_interfaces) by extension 'ignore_ament_install'
[0.784s] Level 1:colcon.colcon_core.package_identification:_identify(src/my_robot_interfaces) by extensions ['colcon_pkg']
[0.784s] Level 1:colcon.colcon_core.package_identification:_identify(src/my_robot_interfaces) by extension 'colcon_pkg'
[0.784s] Level 1:colcon.colcon_core.package_identification:_identify(src/my_robot_interfaces) by extensions ['colcon_meta']
[0.784s] Level 1:colcon.colcon_core.package_identification:_identify(src/my_robot_interfaces) by extension 'colcon_meta'
[0.784s] Level 1:colcon.colcon_core.package_identification:_identify(src/my_robot_interfaces) by extensions ['ros']
[0.784s] Level 1:colcon.colcon_core.package_identification:_identify(src/my_robot_interfaces) by extension 'ros'
[0.784s] DEBUG:colcon.colcon_core.package_identification:Package 'src/my_robot_interfaces' with type 'ros.ament_cmake' and name 'my_robot_interfaces'
[0.785s] Level 1:colcon.colcon_core.package_discovery:discover_packages(recursive) using defaults
[0.785s] Level 1:colcon.colcon_core.package_discovery:discover_packages(ignore) discover
[0.785s] Level 1:colcon.colcon_core.package_discovery:discover_packages(ignore) using defaults
[0.785s] Level 1:colcon.colcon_core.package_discovery:discover_packages(path) discover
[0.785s] Level 1:colcon.colcon_core.package_discovery:discover_packages(path) using defaults
[0.853s] Level 1:colcon.colcon_core.package_discovery:discover_packages(prefix_path) check parameters
[0.853s] Level 1:colcon.colcon_core.package_discovery:discover_packages(prefix_path) discover
[0.876s] DEBUG:colcon.colcon_installed_package_information.package_discovery:Found 4 installed packages in /home/akshar/eyrc_hb/hb_task6_ws/install
[0.888s] DEBUG:colcon.colcon_installed_package_information.package_discovery:Found 286 installed packages in /opt/ros/humble
[0.889s] Level 1:colcon.colcon_core.package_discovery:discover_packages(prefix_path) using defaults
[0.965s] Level 5:colcon.colcon_core.verb:set package 'hb_task6' build argument 'cmake_args' from command line to 'None'
[0.965s] Level 5:colcon.colcon_core.verb:set package 'hb_task6' build argument 'cmake_target' from command line to 'None'
[0.965s] Level 5:colcon.colcon_core.verb:set package 'hb_task6' build argument 'cmake_target_skip_unavailable' from command line to 'False'
[0.965s] Level 5:colcon.colcon_core.verb:set package 'hb_task6' build argument 'cmake_clean_cache' from command line to 'False'
[0.965s] Level 5:colcon.colcon_core.verb:set package 'hb_task6' build argument 'cmake_clean_first' from command line to 'False'
[0.965s] Level 5:colcon.colcon_core.verb:set package 'hb_task6' build argument 'cmake_force_configure' from command line to 'False'
[0.965s] Level 5:colcon.colcon_core.verb:set package 'hb_task6' build argument 'ament_cmake_args' from command line to 'None'
[0.965s] Level 5:colcon.colcon_core.verb:set package 'hb_task6' build argument 'catkin_cmake_args' from command line to 'None'
[0.965s] Level 5:colcon.colcon_core.verb:set package 'hb_task6' build argument 'catkin_skip_building_tests' from command line to 'False'
[0.965s] DEBUG:colcon.colcon_core.verb:Building package 'hb_task6' with the following arguments: {'ament_cmake_args': None, 'build_base': '/home/akshar/eyrc_hb/hb_task6_ws/build/hb_task6', 'catkin_cmake_args': None, 'catkin_skip_building_tests': False, 'cmake_args': None, 'cmake_clean_cache': False, 'cmake_clean_first': False, 'cmake_force_configure': False, 'cmake_target': None, 'cmake_target_skip_unavailable': False, 'install_base': '/home/akshar/eyrc_hb/hb_task6_ws/install/hb_task6', 'merge_install': False, 'path': '/home/akshar/eyrc_hb/hb_task6_ws/src/hb_task6', 'symlink_install': False, 'test_result_base': None}
[0.977s] Level 5:colcon.colcon_core.verb:set package 'hb_taskbonus' build argument 'cmake_args' from command line to 'None'
[0.977s] Level 5:colcon.colcon_core.verb:set package 'hb_taskbonus' build argument 'cmake_target' from command line to 'None'
[0.977s] Level 5:colcon.colcon_core.verb:set package 'hb_taskbonus' build argument 'cmake_target_skip_unavailable' from command line to 'False'
[0.977s] Level 5:colcon.colcon_core.verb:set package 'hb_taskbonus' build argument 'cmake_clean_cache' from command line to 'False'
[0.977s] Level 5:colcon.colcon_core.verb:set package 'hb_taskbonus' build argument 'cmake_clean_first' from command line to 'False'
[0.977s] Level 5:colcon.colcon_core.verb:set package 'hb_taskbonus' build argument 'cmake_force_configure' from command line to 'False'
[0.977s] Level 5:colcon.colcon_core.verb:set package 'hb_taskbonus' build argument 'ament_cmake_args' from command line to 'None'
[0.977s] Level 5:colcon.colcon_core.verb:set package 'hb_taskbonus' build argument 'catkin_cmake_args' from command line to 'None'
[0.977s] Level 5:colcon.colcon_core.verb:set package 'hb_taskbonus' build argument 'catkin_skip_building_tests' from command line to 'False'
[0.977s] DEBUG:colcon.colcon_core.verb:Building package 'hb_taskbonus' with the following arguments: {'ament_cmake_args': None, 'build_base': '/home/akshar/eyrc_hb/hb_task6_ws/build/hb_taskbonus', 'catkin_cmake_args': None, 'catkin_skip_building_tests': False, 'cmake_args': None, 'cmake_clean_cache': False, 'cmake_clean_first': False, 'cmake_force_configure': False, 'cmake_target': None, 'cmake_target_skip_unavailable': False, 'install_base': '/home/akshar/eyrc_hb/hb_task6_ws/install/hb_taskbonus', 'merge_install': False, 'path': '/home/akshar/eyrc_hb/hb_task6_ws/src/hb_taskbonus', 'symlink_install': False, 'test_result_base': None}
[0.988s] Level 5:colcon.colcon_core.verb:set package 'my_robot_interfaces' build argument 'cmake_args' from command line to 'None'
[0.989s] Level 5:colcon.colcon_core.verb:set package 'my_robot_interfaces' build argument 'cmake_target' from command line to 'None'
[0.989s] Level 5:colcon.colcon_core.verb:set package 'my_robot_interfaces' build argument 'cmake_target_skip_unavailable' from command line to 'False'
[0.989s] Level 5:colcon.colcon_core.verb:set package 'my_robot_interfaces' build argument 'cmake_clean_cache' from command line to 'False'
[0.989s] Level 5:colcon.colcon_core.verb:set package 'my_robot_interfaces' build argument 'cmake_clean_first' from command line to 'False'
[0.989s] Level 5:colcon.colcon_core.verb:set package 'my_robot_interfaces' build argument 'cmake_force_configure' from command line to 'False'
[0.989s] Level 5:colcon.colcon_core.verb:set package 'my_robot_interfaces' build argument 'ament_cmake_args' from command line to 'None'
[0.989s] Level 5:colcon.colcon_core.verb:set package 'my_robot_interfaces' build argument 'catkin_cmake_args' from command line to 'None'
[0.989s] Level 5:colcon.colcon_core.verb:set package 'my_robot_interfaces' build argument 'catkin_skip_building_tests' from command line to 'False'
[0.989s] DEBUG:colcon.colcon_core.verb:Building package 'my_robot_interfaces' with the following arguments: {'ament_cmake_args': None, 'build_base': '/home/akshar/eyrc_hb/hb_task6_ws/build/my_robot_interfaces', 'catkin_cmake_args': None, 'catkin_skip_building_tests': False, 'cmake_args': None, 'cmake_clean_cache': False, 'cmake_clean_first': False, 'cmake_force_configure': False, 'cmake_target': None, 'cmake_target_skip_unavailable': False, 'install_base': '/home/akshar/eyrc_hb/hb_task6_ws/install/my_robot_interfaces', 'merge_install': False, 'path': '/home/akshar/eyrc_hb/hb_task6_ws/src/my_robot_interfaces', 'symlink_install': False, 'test_result_base': None}
[1.000s] INFO:colcon.colcon_core.executor:Executing jobs using 'parallel' executor
[1.011s] DEBUG:colcon.colcon_parallel_executor.executor.parallel:run_until_complete
[1.011s] INFO:colcon.colcon_ros.task.ament_python.build:Building ROS package in '/home/akshar/eyrc_hb/hb_task6_ws/src/hb_task6' with build type 'ament_python'
[1.011s] Level 1:colcon.colcon_core.shell:create_environment_hook('hb_task6', 'ament_prefix_path')
[1.024s] INFO:colcon.colcon_core.plugin_system:Skipping extension 'colcon_core.shell.bat': Not used on non-Windows systems
[1.024s] INFO:colcon.colcon_core.shell:Creating environment hook '/home/akshar/eyrc_hb/hb_task6_ws/install/hb_task6/share/hb_task6/hook/ament_prefix_path.ps1'
[1.025s] INFO:colcon.colcon_core.shell:Creating environment descriptor '/home/akshar/eyrc_hb/hb_task6_ws/install/hb_task6/share/hb_task6/hook/ament_prefix_path.dsv'
[1.025s] INFO:colcon.colcon_core.shell:Creating environment hook '/home/akshar/eyrc_hb/hb_task6_ws/install/hb_task6/share/hb_task6/hook/ament_prefix_path.sh'
[1.037s] INFO:colcon.colcon_core.shell:Skip shell extension 'powershell' for command environment: Not usable outside of PowerShell
[1.037s] DEBUG:colcon.colcon_core.shell:Skip shell extension 'dsv' for command environment
[1.072s] INFO:colcon.colcon_ros.task.ament_python.build:Building ROS package in '/home/akshar/eyrc_hb/hb_task6_ws/src/hb_taskbonus' with build type 'ament_python'
[1.072s] Level 1:colcon.colcon_core.shell:create_environment_hook('hb_taskbonus', 'ament_prefix_path')
[1.083s] INFO:colcon.colcon_core.shell:Creating environment hook '/home/akshar/eyrc_hb/hb_task6_ws/install/hb_taskbonus/share/hb_taskbonus/hook/ament_prefix_path.ps1'
[1.083s] INFO:colcon.colcon_core.shell:Creating environment descriptor '/home/akshar/eyrc_hb/hb_task6_ws/install/hb_taskbonus/share/hb_taskbonus/hook/ament_prefix_path.dsv'
[1.083s] INFO:colcon.colcon_core.shell:Creating environment hook '/home/akshar/eyrc_hb/hb_task6_ws/install/hb_taskbonus/share/hb_taskbonus/hook/ament_prefix_path.sh'
[1.095s] INFO:colcon.colcon_core.shell:Skip shell extension 'powershell' for command environment: Not usable outside of PowerShell
[1.096s] DEBUG:colcon.colcon_core.shell:Skip shell extension 'dsv' for command environment
[1.130s] INFO:colcon.colcon_ros.task.ament_cmake.build:Building ROS package in '/home/akshar/eyrc_hb/hb_task6_ws/src/my_robot_interfaces' with build type 'ament_cmake'
[1.131s] INFO:colcon.colcon_cmake.task.cmake.build:Building CMake package in '/home/akshar/eyrc_hb/hb_task6_ws/src/my_robot_interfaces'
[1.142s] INFO:colcon.colcon_core.shell:Skip shell extension 'powershell' for command environment: Not usable outside of PowerShell
[1.142s] DEBUG:colcon.colcon_core.shell:Skip shell extension 'dsv' for command environment
[1.372s] INFO:colcon.colcon_core.task.python.build:Building Python package in '/home/akshar/eyrc_hb/hb_task6_ws/src/hb_task6'
[1.385s] INFO:colcon.colcon_core.shell:Skip shell extension 'powershell' for command environment: Not usable outside of PowerShell
[1.385s] DEBUG:colcon.colcon_core.shell:Skip shell extension 'dsv' for command environment
[1.606s] INFO:colcon.colcon_core.task.python.build:Building Python package in '/home/akshar/eyrc_hb/hb_task6_ws/src/hb_taskbonus'
[1.617s] INFO:colcon.colcon_core.shell:Skip shell extension 'powershell' for command environment: Not usable outside of PowerShell
[1.617s] DEBUG:colcon.colcon_core.shell:Skip shell extension 'dsv' for command environment
[1.657s] DEBUG:colcon.colcon_core.event_handler.log_command:Invoking command in '/home/akshar/eyrc_hb/hb_task6_ws/build/my_robot_interfaces': CMAKE_PREFIX_PATH=${CMAKE_PREFIX_PATH}:/home/akshar/eyrc_hb/hb_task6_ws/install/hb_taskbonus:/home/akshar/eyrc_hb/hb_task6_ws/install/hb_task_6:/home/akshar/eyrc_hb/hb_task6_ws/install/hb_task6:/opt/ros/humble /usr/bin/cmake --build /home/akshar/eyrc_hb/hb_task6_ws/build/my_robot_interfaces -- -j16 -l16
[1.911s] DEBUG:colcon.colcon_core.event_handler.log_command:Invoking command in '/home/akshar/eyrc_hb/hb_task6_ws/src/hb_task6': PYTHONPATH=/home/akshar/eyrc_hb/hb_task6_ws/build/hb_task6/prefix_override:/home/akshar/eyrc_hb/hb_task6_ws/install/hb_task6/lib/python3.10/site-packages:${PYTHONPATH} /usr/bin/python3 setup.py egg_info --egg-base ../../build/hb_task6 build --build-base /home/akshar/eyrc_hb/hb_task6_ws/build/hb_task6/build install --record /home/akshar/eyrc_hb/hb_task6_ws/build/hb_task6/install.log --single-version-externally-managed
[1.924s] DEBUG:colcon.colcon_core.event_handler.log_command:Invoking command in '/home/akshar/eyrc_hb/hb_task6_ws/src/hb_taskbonus': PYTHONPATH=/home/akshar/eyrc_hb/hb_task6_ws/build/hb_taskbonus/prefix_override:/home/akshar/eyrc_hb/hb_task6_ws/install/hb_taskbonus/lib/python3.10/site-packages:${PYTHONPATH} /usr/bin/python3 setup.py egg_info --egg-base ../../build/hb_taskbonus build --build-base /home/akshar/eyrc_hb/hb_task6_ws/build/hb_taskbonus/build install --record /home/akshar/eyrc_hb/hb_task6_ws/build/hb_taskbonus/install.log --single-version-externally-managed
[1.947s] DEBUG:colcon.colcon_core.event_handler.log_command:Invoked command in '/home/akshar/eyrc_hb/hb_task6_ws/build/my_robot_interfaces' returned '0': CMAKE_PREFIX_PATH=${CMAKE_PREFIX_PATH}:/home/akshar/eyrc_hb/hb_task6_ws/install/hb_taskbonus:/home/akshar/eyrc_hb/hb_task6_ws/install/hb_task_6:/home/akshar/eyrc_hb/hb_task6_ws/install/hb_task6:/opt/ros/humble /usr/bin/cmake --build /home/akshar/eyrc_hb/hb_task6_ws/build/my_robot_interfaces -- -j16 -l16
[2.047s] DEBUG:colcon.colcon_core.event_handler.log_command:Invoking command in '/home/akshar/eyrc_hb/hb_task6_ws/build/my_robot_interfaces': CMAKE_PREFIX_PATH=${CMAKE_PREFIX_PATH}:/home/akshar/eyrc_hb/hb_task6_ws/install/hb_taskbonus:/home/akshar/eyrc_hb/hb_task6_ws/install/hb_task_6:/home/akshar/eyrc_hb/hb_task6_ws/install/hb_task6:/opt/ros/humble /usr/bin/cmake --install /home/akshar/eyrc_hb/hb_task6_ws/build/my_robot_interfaces
[2.096s] Level 1:colcon.colcon_core.environment:create_environment_scripts_only(my_robot_interfaces)
[2.096s] DEBUG:colcon.colcon_core.event_handler.log_command:Invoked command in '/home/akshar/eyrc_hb/hb_task6_ws/build/my_robot_interfaces' returned '0': CMAKE_PREFIX_PATH=${CMAKE_PREFIX_PATH}:/home/akshar/eyrc_hb/hb_task6_ws/install/hb_taskbonus:/home/akshar/eyrc_hb/hb_task6_ws/install/hb_task_6:/home/akshar/eyrc_hb/hb_task6_ws/install/hb_task6:/opt/ros/humble /usr/bin/cmake --install /home/akshar/eyrc_hb/hb_task6_ws/build/my_robot_interfaces
[2.115s] Level 1:colcon.colcon_core.environment:checking '/home/akshar/eyrc_hb/hb_task6_ws/install/my_robot_interfaces' for CMake module files
[2.115s] Level 1:colcon.colcon_core.environment:checking '/home/akshar/eyrc_hb/hb_task6_ws/install/my_robot_interfaces' for CMake config files
[2.116s] Level 1:colcon.colcon_core.shell:create_environment_hook('my_robot_interfaces', 'cmake_prefix_path')
[2.130s] INFO:colcon.colcon_core.shell:Creating environment hook '/home/akshar/eyrc_hb/hb_task6_ws/install/my_robot_interfaces/share/my_robot_interfaces/hook/cmake_prefix_path.ps1'
[2.130s] INFO:colcon.colcon_core.shell:Creating environment descriptor '/home/akshar/eyrc_hb/hb_task6_ws/install/my_robot_interfaces/share/my_robot_interfaces/hook/cmake_prefix_path.dsv'
[2.131s] INFO:colcon.colcon_core.shell:Creating environment hook '/home/akshar/eyrc_hb/hb_task6_ws/install/my_robot_interfaces/share/my_robot_interfaces/hook/cmake_prefix_path.sh'
[2.131s] Level 1:colcon.colcon_core.environment:checking '/home/akshar/eyrc_hb/hb_task6_ws/install/my_robot_interfaces/lib'
[2.131s] Level 1:colcon.colcon_core.shell:create_environment_hook('my_robot_interfaces', 'ld_library_path_lib')
[2.144s] INFO:colcon.colcon_core.shell:Creating environment hook '/home/akshar/eyrc_hb/hb_task6_ws/install/my_robot_interfaces/share/my_robot_interfaces/hook/ld_library_path_lib.ps1'
[2.144s] INFO:colcon.colcon_core.shell:Creating environment descriptor '/home/akshar/eyrc_hb/hb_task6_ws/install/my_robot_interfaces/share/my_robot_interfaces/hook/ld_library_path_lib.dsv'
[2.144s] INFO:colcon.colcon_core.shell:Creating environment hook '/home/akshar/eyrc_hb/hb_task6_ws/install/my_robot_interfaces/share/my_robot_interfaces/hook/ld_library_path_lib.sh'
[2.145s] Level 1:colcon.colcon_core.environment:checking '/home/akshar/eyrc_hb/hb_task6_ws/install/my_robot_interfaces/bin'
[2.145s] Level 1:colcon.colcon_core.environment:checking '/home/akshar/eyrc_hb/hb_task6_ws/install/my_robot_interfaces/lib/pkgconfig/my_robot_interfaces.pc'
[2.145s] Level 1:colcon.colcon_core.environment:checking '/home/akshar/eyrc_hb/hb_task6_ws/install/my_robot_interfaces/lib/python3.10/site-packages'
[2.145s] Level 1:colcon.colcon_core.environment:checking '/home/akshar/eyrc_hb/hb_task6_ws/install/my_robot_interfaces/bin'
[2.157s] INFO:colcon.colcon_core.shell:Creating package script '/home/akshar/eyrc_hb/hb_task6_ws/install/my_robot_interfaces/share/my_robot_interfaces/package.ps1'
[2.157s] INFO:colcon.colcon_core.shell:Creating package descriptor '/home/akshar/eyrc_hb/hb_task6_ws/install/my_robot_interfaces/share/my_robot_interfaces/package.dsv'
[2.158s] INFO:colcon.colcon_core.shell:Creating package script '/home/akshar/eyrc_hb/hb_task6_ws/install/my_robot_interfaces/share/my_robot_interfaces/package.sh'
[2.158s] INFO:colcon.colcon_core.shell:Creating package script '/home/akshar/eyrc_hb/hb_task6_ws/install/my_robot_interfaces/share/my_robot_interfaces/package.bash'
[2.159s] INFO:colcon.colcon_core.shell:Creating package script '/home/akshar/eyrc_hb/hb_task6_ws/install/my_robot_interfaces/share/my_robot_interfaces/package.zsh'
[2.159s] Level 1:colcon.colcon_core.environment:create_file_with_runtime_dependencies(/home/akshar/eyrc_hb/hb_task6_ws/install/my_robot_interfaces/share/colcon-core/packages/my_robot_interfaces)
[2.161s] DEBUG:colcon.colcon_core.event_handler.log_command:Invoked command in '/home/akshar/eyrc_hb/hb_task6_ws/src/hb_taskbonus' returned '0': PYTHONPATH=/home/akshar/eyrc_hb/hb_task6_ws/build/hb_taskbonus/prefix_override:/home/akshar/eyrc_hb/hb_task6_ws/install/hb_taskbonus/lib/python3.10/site-packages:${PYTHONPATH} /usr/bin/python3 setup.py egg_info --egg-base ../../build/hb_taskbonus build --build-base /home/akshar/eyrc_hb/hb_task6_ws/build/hb_taskbonus/build install --record /home/akshar/eyrc_hb/hb_task6_ws/build/hb_taskbonus/install.log --single-version-externally-managed
[2.173s] Level 1:colcon.colcon_core.environment:checking '/home/akshar/eyrc_hb/hb_task6_ws/install/hb_taskbonus' for CMake module files
[2.173s] Level 1:colcon.colcon_core.environment:checking '/home/akshar/eyrc_hb/hb_task6_ws/install/hb_taskbonus' for CMake config files
[2.174s] Level 1:colcon.colcon_core.environment:checking '/home/akshar/eyrc_hb/hb_task6_ws/install/hb_taskbonus/lib'
[2.174s] Level 1:colcon.colcon_core.environment:checking '/home/akshar/eyrc_hb/hb_task6_ws/install/hb_taskbonus/bin'
[2.174s] Level 1:colcon.colcon_core.environment:checking '/home/akshar/eyrc_hb/hb_task6_ws/install/hb_taskbonus/lib/pkgconfig/hb_taskbonus.pc'
[2.175s] Level 1:colcon.colcon_core.environment:checking '/home/akshar/eyrc_hb/hb_task6_ws/install/hb_taskbonus/lib/python3.10/site-packages'
[2.175s] Level 1:colcon.colcon_core.shell:create_environment_hook('hb_taskbonus', 'pythonpath')
[2.186s] INFO:colcon.colcon_core.shell:Creating environment hook '/home/akshar/eyrc_hb/hb_task6_ws/install/hb_taskbonus/share/hb_taskbonus/hook/pythonpath.ps1'
[2.187s] INFO:colcon.colcon_core.shell:Creating environment descriptor '/home/akshar/eyrc_hb/hb_task6_ws/install/hb_taskbonus/share/hb_taskbonus/hook/pythonpath.dsv'
[2.187s] INFO:colcon.colcon_core.shell:Creating environment hook '/home/akshar/eyrc_hb/hb_task6_ws/install/hb_taskbonus/share/hb_taskbonus/hook/pythonpath.sh'
[2.188s] Level 1:colcon.colcon_core.environment:checking '/home/akshar/eyrc_hb/hb_task6_ws/install/hb_taskbonus/bin'
[2.188s] Level 1:colcon.colcon_core.environment:create_environment_scripts_only(hb_taskbonus)
[2.199s] INFO:colcon.colcon_core.shell:Creating package script '/home/akshar/eyrc_hb/hb_task6_ws/install/hb_taskbonus/share/hb_taskbonus/package.ps1'
[2.199s] INFO:colcon.colcon_core.shell:Creating package descriptor '/home/akshar/eyrc_hb/hb_task6_ws/install/hb_taskbonus/share/hb_taskbonus/package.dsv'
[2.200s] INFO:colcon.colcon_core.shell:Creating package script '/home/akshar/eyrc_hb/hb_task6_ws/install/hb_taskbonus/share/hb_taskbonus/package.sh'
[2.200s] INFO:colcon.colcon_core.shell:Creating package script '/home/akshar/eyrc_hb/hb_task6_ws/install/hb_taskbonus/share/hb_taskbonus/package.bash'
[2.200s] INFO:colcon.colcon_core.shell:Creating package script '/home/akshar/eyrc_hb/hb_task6_ws/install/hb_taskbonus/share/hb_taskbonus/package.zsh'
[2.200s] Level 1:colcon.colcon_core.environment:create_file_with_runtime_dependencies(/home/akshar/eyrc_hb/hb_task6_ws/install/hb_taskbonus/share/colcon-core/packages/hb_taskbonus)
[2.202s] DEBUG:colcon.colcon_core.event_handler.log_command:Invoked command in '/home/akshar/eyrc_hb/hb_task6_ws/src/hb_task6' returned '0': PYTHONPATH=/home/akshar/eyrc_hb/hb_task6_ws/build/hb_task6/prefix_override:/home/akshar/eyrc_hb/hb_task6_ws/install/hb_task6/lib/python3.10/site-packages:${PYTHONPATH} /usr/bin/python3 setup.py egg_info --egg-base ../../build/hb_task6 build --build-base /home/akshar/eyrc_hb/hb_task6_ws/build/hb_task6/build install --record /home/akshar/eyrc_hb/hb_task6_ws/build/hb_task6/install.log --single-version-externally-managed
[2.214s] Level 1:colcon.colcon_core.environment:checking '/home/akshar/eyrc_hb/hb_task6_ws/install/hb_task6' for CMake module files
[2.214s] Level 1:colcon.colcon_core.environment:checking '/home/akshar/eyrc_hb/hb_task6_ws/install/hb_task6' for CMake config files
[2.215s] Level 1:colcon.colcon_core.environment:checking '/home/akshar/eyrc_hb/hb_task6_ws/install/hb_task6/lib'
[2.215s] Level 1:colcon.colcon_core.environment:checking '/home/akshar/eyrc_hb/hb_task6_ws/install/hb_task6/bin'
[2.215s] Level 1:colcon.colcon_core.environment:checking '/home/akshar/eyrc_hb/hb_task6_ws/install/hb_task6/lib/pkgconfig/hb_task6.pc'
[2.215s] Level 1:colcon.colcon_core.environment:checking '/home/akshar/eyrc_hb/hb_task6_ws/install/hb_task6/lib/python3.10/site-packages'
[2.215s] Level 1:colcon.colcon_core.shell:create_environment_hook('hb_task6', 'pythonpath')
[2.227s] INFO:colcon.colcon_core.shell:Creating environment hook '/home/akshar/eyrc_hb/hb_task6_ws/install/hb_task6/share/hb_task6/hook/pythonpath.ps1'
[2.227s] INFO:colcon.colcon_core.shell:Creating environment descriptor '/home/akshar/eyrc_hb/hb_task6_ws/install/hb_task6/share/hb_task6/hook/pythonpath.dsv'
[2.227s] INFO:colcon.colcon_core.shell:Creating environment hook '/home/akshar/eyrc_hb/hb_task6_ws/install/hb_task6/share/hb_task6/hook/pythonpath.sh'
[2.228s] Level 1:colcon.colcon_core.environment:checking '/home/akshar/eyrc_hb/hb_task6_ws/install/hb_task6/bin'
[2.228s] Level 1:colcon.colcon_core.environment:create_environment_scripts_only(hb_task6)
[2.240s] INFO:colcon.colcon_core.shell:Creating package script '/home/akshar/eyrc_hb/hb_task6_ws/install/hb_task6/share/hb_task6/package.ps1'
[2.240s] INFO:colcon.colcon_core.shell:Creating package descriptor '/home/akshar/eyrc_hb/hb_task6_ws/install/hb_task6/share/hb_task6/package.dsv'
[2.240s] INFO:colcon.colcon_core.shell:Creating package script '/home/akshar/eyrc_hb/hb_task6_ws/install/hb_task6/share/hb_task6/package.sh'
[2.241s] INFO:colcon.colcon_core.shell:Creating package script '/home/akshar/eyrc_hb/hb_task6_ws/install/hb_task6/share/hb_task6/package.bash'
[2.241s] INFO:colcon.colcon_core.shell:Creating package script '/home/akshar/eyrc_hb/hb_task6_ws/install/hb_task6/share/hb_task6/package.zsh'
[2.241s] Level 1:colcon.colcon_core.environment:create_file_with_runtime_dependencies(/home/akshar/eyrc_hb/hb_task6_ws/install/hb_task6/share/colcon-core/packages/hb_task6)
[2.266s] Level 1:colcon.colcon_core.environment:create_environment_scripts_only(my_robot_interfaces)
[2.278s] Level 1:colcon.colcon_core.environment:checking '/home/akshar/eyrc_hb/hb_task6_ws/install/my_robot_interfaces' for CMake module files
[2.278s] Level 1:colcon.colcon_core.environment:checking '/home/akshar/eyrc_hb/hb_task6_ws/install/my_robot_interfaces' for CMake config files
[2.279s] Level 1:colcon.colcon_core.shell:create_environment_hook('my_robot_interfaces', 'cmake_prefix_path')
[2.290s] INFO:colcon.colcon_core.shell:Creating environment hook '/home/akshar/eyrc_hb/hb_task6_ws/install/my_robot_interfaces/share/my_robot_interfaces/hook/cmake_prefix_path.ps1'
[2.290s] INFO:colcon.colcon_core.shell:Creating environment descriptor '/home/akshar/eyrc_hb/hb_task6_ws/install/my_robot_interfaces/share/my_robot_interfaces/hook/cmake_prefix_path.dsv'
[2.290s] INFO:colcon.colcon_core.shell:Creating environment hook '/home/akshar/eyrc_hb/hb_task6_ws/install/my_robot_interfaces/share/my_robot_interfaces/hook/cmake_prefix_path.sh'
[2.291s] Level 1:colcon.colcon_core.environment:checking '/home/akshar/eyrc_hb/hb_task6_ws/install/my_robot_interfaces/lib'
[2.291s] Level 1:colcon.colcon_core.shell:create_environment_hook('my_robot_interfaces', 'ld_library_path_lib')
[2.302s] INFO:colcon.colcon_core.shell:Creating environment hook '/home/akshar/eyrc_hb/hb_task6_ws/install/my_robot_interfaces/share/my_robot_interfaces/hook/ld_library_path_lib.ps1'
[2.302s] INFO:colcon.colcon_core.shell:Creating environment descriptor '/home/akshar/eyrc_hb/hb_task6_ws/install/my_robot_interfaces/share/my_robot_interfaces/hook/ld_library_path_lib.dsv'
[2.302s] INFO:colcon.colcon_core.shell:Creating environment hook '/home/akshar/eyrc_hb/hb_task6_ws/install/my_robot_interfaces/share/my_robot_interfaces/hook/ld_library_path_lib.sh'
[2.303s] Level 1:colcon.colcon_core.environment:checking '/home/akshar/eyrc_hb/hb_task6_ws/install/my_robot_interfaces/bin'
[2.303s] Level 1:colcon.colcon_core.environment:checking '/home/akshar/eyrc_hb/hb_task6_ws/install/my_robot_interfaces/lib/pkgconfig/my_robot_interfaces.pc'
[2.303s] Level 1:colcon.colcon_core.environment:checking '/home/akshar/eyrc_hb/hb_task6_ws/install/my_robot_interfaces/lib/python3.10/site-packages'
[2.303s] Level 1:colcon.colcon_core.environment:checking '/home/akshar/eyrc_hb/hb_task6_ws/install/my_robot_interfaces/bin'
[2.314s] INFO:colcon.colcon_core.shell:Creating package script '/home/akshar/eyrc_hb/hb_task6_ws/install/my_robot_interfaces/share/my_robot_interfaces/package.ps1'
[2.315s] INFO:colcon.colcon_core.shell:Creating package descriptor '/home/akshar/eyrc_hb/hb_task6_ws/install/my_robot_interfaces/share/my_robot_interfaces/package.dsv'
[2.315s] INFO:colcon.colcon_core.shell:Creating package script '/home/akshar/eyrc_hb/hb_task6_ws/install/my_robot_interfaces/share/my_robot_interfaces/package.sh'
[2.315s] INFO:colcon.colcon_core.shell:Creating package script '/home/akshar/eyrc_hb/hb_task6_ws/install/my_robot_interfaces/share/my_robot_interfaces/package.bash'
[2.316s] INFO:colcon.colcon_core.shell:Creating package script '/home/akshar/eyrc_hb/hb_task6_ws/install/my_robot_interfaces/share/my_robot_interfaces/package.zsh'
[2.316s] Level 1:colcon.colcon_core.environment:create_file_with_runtime_dependencies(/home/akshar/eyrc_hb/hb_task6_ws/install/my_robot_interfaces/share/colcon-core/packages/my_robot_interfaces)
[2.316s] DEBUG:colcon.colcon_parallel_executor.executor.parallel:closing loop
[2.316s] DEBUG:colcon.colcon_parallel_executor.executor.parallel:loop closed
[2.316s] DEBUG:colcon.colcon_parallel_executor.executor.parallel:run_until_complete finished with '0'
[2.316s] DEBUG:colcon.colcon_core.event_reactor:joining thread
[2.332s] INFO:colcon.colcon_core.plugin_system:Skipping extension 'colcon_notification.desktop_notification.terminal_notifier': Not used on non-Darwin systems
[2.332s] INFO:colcon.colcon_core.plugin_system:Skipping extension 'colcon_notification.desktop_notification.win32': Not used on non-Windows systems
[2.332s] INFO:colcon.colcon_notification.desktop_notification:Sending desktop notification using 'notify2'
[2.340s] DEBUG:colcon.colcon_core.event_reactor:joined thread
[2.353s] INFO:colcon.colcon_core.shell:Creating prefix script '/home/akshar/eyrc_hb/hb_task6_ws/install/local_setup.ps1'
[2.354s] INFO:colcon.colcon_core.shell:Creating prefix util module '/home/akshar/eyrc_hb/hb_task6_ws/install/_local_setup_util_ps1.py'
[2.355s] INFO:colcon.colcon_core.shell:Creating prefix chain script '/home/akshar/eyrc_hb/hb_task6_ws/install/setup.ps1'
[2.367s] INFO:colcon.colcon_core.shell:Creating prefix script '/home/akshar/eyrc_hb/hb_task6_ws/install/local_setup.sh'
[2.367s] INFO:colcon.colcon_core.shell:Creating prefix util module '/home/akshar/eyrc_hb/hb_task6_ws/install/_local_setup_util_sh.py'
[2.368s] INFO:colcon.colcon_core.shell:Creating prefix chain script '/home/akshar/eyrc_hb/hb_task6_ws/install/setup.sh'
[2.380s] INFO:colcon.colcon_core.shell:Creating prefix script '/home/akshar/eyrc_hb/hb_task6_ws/install/local_setup.bash'
[2.380s] INFO:colcon.colcon_core.shell:Creating prefix chain script '/home/akshar/eyrc_hb/hb_task6_ws/install/setup.bash'
[2.392s] INFO:colcon.colcon_core.shell:Creating prefix script '/home/akshar/eyrc_hb/hb_task6_ws/install/local_setup.zsh'
[2.392s] INFO:colcon.colcon_core.shell:Creating prefix chain script '/home/akshar/eyrc_hb/hb_task6_ws/install/setup.zsh'
