[0.933s] Invoking command in '/home/akshar/eyrc_hb/hb_task_2_ws/src/hb_task2b': PYTHONPATH=/home/akshar/eyrc_hb/hb_task_2_ws/build/hb_task2b/prefix_override:/home/akshar/eyrc_hb/hb_task_2_ws/install/hb_task2b/lib/python3.10/site-packages:${PYTHONPATH} /usr/bin/python3 setup.py egg_info --egg-base ../../build/hb_task2b build --build-base /home/akshar/eyrc_hb/hb_task_2_ws/build/hb_task2b/build install --record /home/akshar/eyrc_hb/hb_task_2_ws/build/hb_task2b/install.log --single-version-externally-managed
[1.118s] running egg_info
[1.118s] writing ../../build/hb_task2b/hb_task2b.egg-info/PKG-INFO
[1.118s] writing dependency_links to ../../build/hb_task2b/hb_task2b.egg-info/dependency_links.txt
[1.119s] writing entry points to ../../build/hb_task2b/hb_task2b.egg-info/entry_points.txt
[1.119s] writing requirements to ../../build/hb_task2b/hb_task2b.egg-info/requires.txt
[1.119s] writing top-level names to ../../build/hb_task2b/hb_task2b.egg-info/top_level.txt
[1.121s] reading manifest file '../../build/hb_task2b/hb_task2b.egg-info/SOURCES.txt'
[1.121s] writing manifest file '../../build/hb_task2b/hb_task2b.egg-info/SOURCES.txt'
[1.121s] running build
[1.121s] running build_py
[1.121s] copying hb_task2b/feedback2b.py -> /home/akshar/eyrc_hb/hb_task_2_ws/build/hb_task2b/build/lib/hb_task2b
[1.121s] /usr/lib/python3/dist-packages/setuptools/command/install.py:34: SetuptoolsDeprecationWarning: setup.py install is deprecated. Use build and pip and other standards-based tools.
[1.122s]   warnings.warn(
[1.122s] running install
[1.122s] running install_lib
[1.123s] copying /home/akshar/eyrc_hb/hb_task_2_ws/build/hb_task2b/build/lib/hb_task2b/feedback2b.py -> /home/akshar/eyrc_hb/hb_task_2_ws/install/hb_task2b/lib/python3.10/site-packages/hb_task2b
[1.123s] byte-compiling /home/akshar/eyrc_hb/hb_task_2_ws/install/hb_task2b/lib/python3.10/site-packages/hb_task2b/feedback2b.py to feedback2b.cpython-310.pyc
[1.124s] running install_data
[1.124s] running install_egg_info
[1.126s] removing '/home/akshar/eyrc_hb/hb_task_2_ws/install/hb_task2b/lib/python3.10/site-packages/hb_task2b-0.0.0-py3.10.egg-info' (and everything under it)
[1.126s] Copying ../../build/hb_task2b/hb_task2b.egg-info to /home/akshar/eyrc_hb/hb_task_2_ws/install/hb_task2b/lib/python3.10/site-packages/hb_task2b-0.0.0-py3.10.egg-info
[1.127s] running install_scripts
[1.143s] Installing controller script to /home/akshar/eyrc_hb/hb_task_2_ws/install/hb_task2b/lib/hb_task2b
[1.143s] Installing feedback script to /home/akshar/eyrc_hb/hb_task_2_ws/install/hb_task2b/lib/hb_task2b
[1.143s] Installing nextgoalpub script to /home/akshar/eyrc_hb/hb_task_2_ws/install/hb_task2b/lib/hb_task2b
[1.144s] writing list of installed files to '/home/akshar/eyrc_hb/hb_task_2_ws/build/hb_task2b/install.log'
[1.176s] Invoked command in '/home/akshar/eyrc_hb/hb_task_2_ws/src/hb_task2b' returned '0': PYTHONPATH=/home/akshar/eyrc_hb/hb_task_2_ws/build/hb_task2b/prefix_override:/home/akshar/eyrc_hb/hb_task_2_ws/install/hb_task2b/lib/python3.10/site-packages:${PYTHONPATH} /usr/bin/python3 setup.py egg_info --egg-base ../../build/hb_task2b build --build-base /home/akshar/eyrc_hb/hb_task_2_ws/build/hb_task2b/build install --record /home/akshar/eyrc_hb/hb_task_2_ws/build/hb_task2b/install.log --single-version-externally-managed
