[0.349s] Invoking command in '/home/akshar/eyrc_hb/hb_task_4/build/my_custom_msgs': CMAKE_PREFIX_PATH=${CMAKE_PREFIX_PATH}:/home/akshar/eyrc_hb/hb_task_4/install/hb_task4:/home/akshar/eyrc_hb/hb_task5_ws/install/hb_task5a:/opt/ros/humble /usr/bin/cmake --build /home/akshar/eyrc_hb/hb_task_4/build/my_custom_msgs -- -j16 -l16
[0.404s] [  9%] Built target my_custom_msgs__cpp
[0.404s] [ 12%] Built target my_custom_msgs__rosidl_generator_c
[0.416s] [ 12%] Built target ament_cmake_python_copy_my_custom_msgs
[0.428s] [ 41%] Built target my_custom_msgs__rosidl_typesupport_c
[0.428s] [ 41%] Built target my_custom_msgs__rosidl_typesupport_introspection_c
[0.429s] [ 41%] Built target my_custom_msgs__rosidl_typesupport_cpp
[0.429s] [ 51%] Built target my_custom_msgs__rosidl_typesupport_fastrtps_c
[0.429s] [ 61%] Built target my_custom_msgs__rosidl_typesupport_introspection_cpp
[0.429s] [ 70%] Built target my_custom_msgs__rosidl_typesupport_fastrtps_cpp
[0.450s] [ 70%] Built target my_custom_msgs
[0.472s] [ 74%] Built target my_custom_msgs__py
[0.495s] [ 80%] Built target my_custom_msgs__rosidl_generator_py
[0.518s] [100%] Built target my_custom_msgs__rosidl_typesupport_fastrtps_c__pyext
[0.518s] [100%] Built target my_custom_msgs__rosidl_typesupport_c__pyext
[0.518s] [100%] Built target my_custom_msgs__rosidl_typesupport_introspection_c__pyext
[0.606s] running egg_info
[0.606s] writing my_custom_msgs.egg-info/PKG-INFO
[0.607s] writing dependency_links to my_custom_msgs.egg-info/dependency_links.txt
[0.607s] writing top-level names to my_custom_msgs.egg-info/top_level.txt
[0.608s] reading manifest file 'my_custom_msgs.egg-info/SOURCES.txt'
[0.609s] writing manifest file 'my_custom_msgs.egg-info/SOURCES.txt'
[0.636s] [100%] Built target ament_cmake_python_build_my_custom_msgs_egg
[0.648s] Invoked command in '/home/akshar/eyrc_hb/hb_task_4/build/my_custom_msgs' returned '0': CMAKE_PREFIX_PATH=${CMAKE_PREFIX_PATH}:/home/akshar/eyrc_hb/hb_task_4/install/hb_task4:/home/akshar/eyrc_hb/hb_task5_ws/install/hb_task5a:/opt/ros/humble /usr/bin/cmake --build /home/akshar/eyrc_hb/hb_task_4/build/my_custom_msgs -- -j16 -l16
[0.723s] Invoking command in '/home/akshar/eyrc_hb/hb_task_4/build/my_custom_msgs': CMAKE_PREFIX_PATH=${CMAKE_PREFIX_PATH}:/home/akshar/eyrc_hb/hb_task_4/install/hb_task4:/home/akshar/eyrc_hb/hb_task5_ws/install/hb_task5a:/opt/ros/humble /usr/bin/cmake --install /home/akshar/eyrc_hb/hb_task_4/build/my_custom_msgs
[0.730s] -- Install configuration: ""
[0.730s] -- Up-to-date: /home/akshar/eyrc_hb/hb_task_4/install/my_custom_msgs/share/ament_index/resource_index/rosidl_interfaces/my_custom_msgs
[0.731s] -- Up-to-date: /home/akshar/eyrc_hb/hb_task_4/install/my_custom_msgs/include/my_custom_msgs/my_custom_msgs
[0.731s] -- Up-to-date: /home/akshar/eyrc_hb/hb_task_4/install/my_custom_msgs/include/my_custom_msgs/my_custom_msgs/msg
[0.731s] -- Up-to-date: /home/akshar/eyrc_hb/hb_task_4/install/my_custom_msgs/include/my_custom_msgs/my_custom_msgs/msg/rosidl_generator_c__visibility_control.h
[0.731s] -- Up-to-date: /home/akshar/eyrc_hb/hb_task_4/install/my_custom_msgs/include/my_custom_msgs/my_custom_msgs/msg/wheel_vel.h
[0.731s] -- Up-to-date: /home/akshar/eyrc_hb/hb_task_4/install/my_custom_msgs/include/my_custom_msgs/my_custom_msgs/msg/detail
[0.731s] -- Up-to-date: /home/akshar/eyrc_hb/hb_task_4/install/my_custom_msgs/include/my_custom_msgs/my_custom_msgs/msg/detail/wheel_vel__functions.c
[0.731s] -- Up-to-date: /home/akshar/eyrc_hb/hb_task_4/install/my_custom_msgs/include/my_custom_msgs/my_custom_msgs/msg/detail/wheel_vel__type_support.h
[0.731s] -- Up-to-date: /home/akshar/eyrc_hb/hb_task_4/install/my_custom_msgs/include/my_custom_msgs/my_custom_msgs/msg/detail/wheel_vel__functions.h
[0.731s] -- Up-to-date: /home/akshar/eyrc_hb/hb_task_4/install/my_custom_msgs/include/my_custom_msgs/my_custom_msgs/msg/detail/wheel_vel__struct.h
[0.731s] -- Up-to-date: /home/akshar/eyrc_hb/hb_task_4/install/my_custom_msgs/share/my_custom_msgs/environment/library_path.sh
[0.731s] -- Up-to-date: /home/akshar/eyrc_hb/hb_task_4/install/my_custom_msgs/share/my_custom_msgs/environment/library_path.dsv
[0.732s] -- Up-to-date: /home/akshar/eyrc_hb/hb_task_4/install/my_custom_msgs/lib/libmy_custom_msgs__rosidl_generator_c.so
[0.732s] -- Up-to-date: /home/akshar/eyrc_hb/hb_task_4/install/my_custom_msgs/include/my_custom_msgs/my_custom_msgs
[0.732s] -- Up-to-date: /home/akshar/eyrc_hb/hb_task_4/install/my_custom_msgs/include/my_custom_msgs/my_custom_msgs/msg
[0.732s] -- Up-to-date: /home/akshar/eyrc_hb/hb_task_4/install/my_custom_msgs/include/my_custom_msgs/my_custom_msgs/msg/rosidl_typesupport_fastrtps_c__visibility_control.h
[0.732s] -- Up-to-date: /home/akshar/eyrc_hb/hb_task_4/install/my_custom_msgs/include/my_custom_msgs/my_custom_msgs/msg/detail
[0.732s] -- Up-to-date: /home/akshar/eyrc_hb/hb_task_4/install/my_custom_msgs/include/my_custom_msgs/my_custom_msgs/msg/detail/wheel_vel__rosidl_typesupport_fastrtps_c.h
[0.732s] -- Up-to-date: /home/akshar/eyrc_hb/hb_task_4/install/my_custom_msgs/lib/libmy_custom_msgs__rosidl_typesupport_fastrtps_c.so
[0.732s] -- Up-to-date: /home/akshar/eyrc_hb/hb_task_4/install/my_custom_msgs/include/my_custom_msgs/my_custom_msgs
[0.732s] -- Up-to-date: /home/akshar/eyrc_hb/hb_task_4/install/my_custom_msgs/include/my_custom_msgs/my_custom_msgs/msg
[0.732s] -- Up-to-date: /home/akshar/eyrc_hb/hb_task_4/install/my_custom_msgs/include/my_custom_msgs/my_custom_msgs/msg/rosidl_typesupport_introspection_c__visibility_control.h
[0.732s] -- Up-to-date: /home/akshar/eyrc_hb/hb_task_4/install/my_custom_msgs/include/my_custom_msgs/my_custom_msgs/msg/detail
[0.732s] -- Up-to-date: /home/akshar/eyrc_hb/hb_task_4/install/my_custom_msgs/include/my_custom_msgs/my_custom_msgs/msg/detail/wheel_vel__rosidl_typesupport_introspection_c.h
[0.732s] -- Up-to-date: /home/akshar/eyrc_hb/hb_task_4/install/my_custom_msgs/include/my_custom_msgs/my_custom_msgs/msg/detail/wheel_vel__type_support.c
[0.732s] -- Up-to-date: /home/akshar/eyrc_hb/hb_task_4/install/my_custom_msgs/lib/libmy_custom_msgs__rosidl_typesupport_introspection_c.so
[0.733s] -- Up-to-date: /home/akshar/eyrc_hb/hb_task_4/install/my_custom_msgs/lib/libmy_custom_msgs__rosidl_typesupport_c.so
[0.733s] -- Up-to-date: /home/akshar/eyrc_hb/hb_task_4/install/my_custom_msgs/include/my_custom_msgs/my_custom_msgs
[0.733s] -- Up-to-date: /home/akshar/eyrc_hb/hb_task_4/install/my_custom_msgs/include/my_custom_msgs/my_custom_msgs/msg
[0.733s] -- Up-to-date: /home/akshar/eyrc_hb/hb_task_4/install/my_custom_msgs/include/my_custom_msgs/my_custom_msgs/msg/wheel_vel.hpp
[0.733s] -- Up-to-date: /home/akshar/eyrc_hb/hb_task_4/install/my_custom_msgs/include/my_custom_msgs/my_custom_msgs/msg/detail
[0.733s] -- Up-to-date: /home/akshar/eyrc_hb/hb_task_4/install/my_custom_msgs/include/my_custom_msgs/my_custom_msgs/msg/detail/wheel_vel__struct.hpp
[0.733s] -- Up-to-date: /home/akshar/eyrc_hb/hb_task_4/install/my_custom_msgs/include/my_custom_msgs/my_custom_msgs/msg/detail/wheel_vel__traits.hpp
[0.733s] -- Up-to-date: /home/akshar/eyrc_hb/hb_task_4/install/my_custom_msgs/include/my_custom_msgs/my_custom_msgs/msg/detail/wheel_vel__builder.hpp
[0.733s] -- Up-to-date: /home/akshar/eyrc_hb/hb_task_4/install/my_custom_msgs/include/my_custom_msgs/my_custom_msgs
[0.733s] -- Up-to-date: /home/akshar/eyrc_hb/hb_task_4/install/my_custom_msgs/include/my_custom_msgs/my_custom_msgs/msg
[0.733s] -- Up-to-date: /home/akshar/eyrc_hb/hb_task_4/install/my_custom_msgs/include/my_custom_msgs/my_custom_msgs/msg/rosidl_typesupport_fastrtps_cpp__visibility_control.h
[0.733s] -- Up-to-date: /home/akshar/eyrc_hb/hb_task_4/install/my_custom_msgs/include/my_custom_msgs/my_custom_msgs/msg/detail
[0.733s] -- Up-to-date: /home/akshar/eyrc_hb/hb_task_4/install/my_custom_msgs/include/my_custom_msgs/my_custom_msgs/msg/detail/dds_fastrtps
[0.733s] -- Up-to-date: /home/akshar/eyrc_hb/hb_task_4/install/my_custom_msgs/include/my_custom_msgs/my_custom_msgs/msg/detail/wheel_vel__rosidl_typesupport_fastrtps_cpp.hpp
[0.733s] -- Up-to-date: /home/akshar/eyrc_hb/hb_task_4/install/my_custom_msgs/lib/libmy_custom_msgs__rosidl_typesupport_fastrtps_cpp.so
[0.733s] -- Up-to-date: /home/akshar/eyrc_hb/hb_task_4/install/my_custom_msgs/include/my_custom_msgs/my_custom_msgs
[0.733s] -- Up-to-date: /home/akshar/eyrc_hb/hb_task_4/install/my_custom_msgs/include/my_custom_msgs/my_custom_msgs/msg
[0.733s] -- Up-to-date: /home/akshar/eyrc_hb/hb_task_4/install/my_custom_msgs/include/my_custom_msgs/my_custom_msgs/msg/detail
[0.733s] -- Up-to-date: /home/akshar/eyrc_hb/hb_task_4/install/my_custom_msgs/include/my_custom_msgs/my_custom_msgs/msg/detail/wheel_vel__rosidl_typesupport_introspection_cpp.hpp
[0.734s] -- Up-to-date: /home/akshar/eyrc_hb/hb_task_4/install/my_custom_msgs/include/my_custom_msgs/my_custom_msgs/msg/detail/wheel_vel__type_support.cpp
[0.734s] -- Up-to-date: /home/akshar/eyrc_hb/hb_task_4/install/my_custom_msgs/lib/libmy_custom_msgs__rosidl_typesupport_introspection_cpp.so
[0.734s] -- Up-to-date: /home/akshar/eyrc_hb/hb_task_4/install/my_custom_msgs/lib/libmy_custom_msgs__rosidl_typesupport_cpp.so
[0.734s] -- Up-to-date: /home/akshar/eyrc_hb/hb_task_4/install/my_custom_msgs/share/my_custom_msgs/environment/pythonpath.sh
[0.734s] -- Up-to-date: /home/akshar/eyrc_hb/hb_task_4/install/my_custom_msgs/share/my_custom_msgs/environment/pythonpath.dsv
[0.734s] -- Up-to-date: /home/akshar/eyrc_hb/hb_task_4/install/my_custom_msgs/local/lib/python3.10/dist-packages/my_custom_msgs-0.0.0-py3.10.egg-info
[0.734s] -- Installing: /home/akshar/eyrc_hb/hb_task_4/install/my_custom_msgs/local/lib/python3.10/dist-packages/my_custom_msgs-0.0.0-py3.10.egg-info/PKG-INFO
[0.734s] -- Installing: /home/akshar/eyrc_hb/hb_task_4/install/my_custom_msgs/local/lib/python3.10/dist-packages/my_custom_msgs-0.0.0-py3.10.egg-info/SOURCES.txt
[0.734s] -- Installing: /home/akshar/eyrc_hb/hb_task_4/install/my_custom_msgs/local/lib/python3.10/dist-packages/my_custom_msgs-0.0.0-py3.10.egg-info/top_level.txt
[0.734s] -- Installing: /home/akshar/eyrc_hb/hb_task_4/install/my_custom_msgs/local/lib/python3.10/dist-packages/my_custom_msgs-0.0.0-py3.10.egg-info/dependency_links.txt
[0.734s] -- Up-to-date: /home/akshar/eyrc_hb/hb_task_4/install/my_custom_msgs/local/lib/python3.10/dist-packages/my_custom_msgs
[0.734s] -- Up-to-date: /home/akshar/eyrc_hb/hb_task_4/install/my_custom_msgs/local/lib/python3.10/dist-packages/my_custom_msgs/my_custom_msgs_s__rosidl_typesupport_fastrtps_c.cpython-310-x86_64-linux-gnu.so
[0.734s] -- Up-to-date: /home/akshar/eyrc_hb/hb_task_4/install/my_custom_msgs/local/lib/python3.10/dist-packages/my_custom_msgs/my_custom_msgs_s__rosidl_typesupport_c.cpython-310-x86_64-linux-gnu.so
[0.734s] -- Up-to-date: /home/akshar/eyrc_hb/hb_task_4/install/my_custom_msgs/local/lib/python3.10/dist-packages/my_custom_msgs/_my_custom_msgs_s.ep.rosidl_typesupport_c.c
[0.734s] -- Up-to-date: /home/akshar/eyrc_hb/hb_task_4/install/my_custom_msgs/local/lib/python3.10/dist-packages/my_custom_msgs/my_custom_msgs_s__rosidl_typesupport_introspection_c.cpython-310-x86_64-linux-gnu.so
[0.734s] -- Up-to-date: /home/akshar/eyrc_hb/hb_task_4/install/my_custom_msgs/local/lib/python3.10/dist-packages/my_custom_msgs/_my_custom_msgs_s.ep.rosidl_typesupport_introspection_c.c
[0.734s] -- Up-to-date: /home/akshar/eyrc_hb/hb_task_4/install/my_custom_msgs/local/lib/python3.10/dist-packages/my_custom_msgs/libmy_custom_msgs__rosidl_generator_py.so
[0.734s] -- Up-to-date: /home/akshar/eyrc_hb/hb_task_4/install/my_custom_msgs/local/lib/python3.10/dist-packages/my_custom_msgs/__init__.py
[0.735s] -- Up-to-date: /home/akshar/eyrc_hb/hb_task_4/install/my_custom_msgs/local/lib/python3.10/dist-packages/my_custom_msgs/_my_custom_msgs_s.ep.rosidl_typesupport_fastrtps_c.c
[0.735s] -- Up-to-date: /home/akshar/eyrc_hb/hb_task_4/install/my_custom_msgs/local/lib/python3.10/dist-packages/my_custom_msgs/msg
[0.735s] -- Up-to-date: /home/akshar/eyrc_hb/hb_task_4/install/my_custom_msgs/local/lib/python3.10/dist-packages/my_custom_msgs/msg/_wheel_vel_s.c
[0.735s] -- Up-to-date: /home/akshar/eyrc_hb/hb_task_4/install/my_custom_msgs/local/lib/python3.10/dist-packages/my_custom_msgs/msg/_wheel_vel.py
[0.735s] -- Up-to-date: /home/akshar/eyrc_hb/hb_task_4/install/my_custom_msgs/local/lib/python3.10/dist-packages/my_custom_msgs/msg/__init__.py
[0.759s] Listing '/home/akshar/eyrc_hb/hb_task_4/install/my_custom_msgs/local/lib/python3.10/dist-packages/my_custom_msgs'...
[0.759s] Listing '/home/akshar/eyrc_hb/hb_task_4/install/my_custom_msgs/local/lib/python3.10/dist-packages/my_custom_msgs/msg'...
[0.763s] -- Up-to-date: /home/akshar/eyrc_hb/hb_task_4/install/my_custom_msgs/local/lib/python3.10/dist-packages/my_custom_msgs/my_custom_msgs_s__rosidl_typesupport_fastrtps_c.cpython-310-x86_64-linux-gnu.so
[0.763s] -- Up-to-date: /home/akshar/eyrc_hb/hb_task_4/install/my_custom_msgs/local/lib/python3.10/dist-packages/my_custom_msgs/my_custom_msgs_s__rosidl_typesupport_introspection_c.cpython-310-x86_64-linux-gnu.so
[0.763s] -- Up-to-date: /home/akshar/eyrc_hb/hb_task_4/install/my_custom_msgs/local/lib/python3.10/dist-packages/my_custom_msgs/my_custom_msgs_s__rosidl_typesupport_c.cpython-310-x86_64-linux-gnu.so
[0.764s] -- Up-to-date: /home/akshar/eyrc_hb/hb_task_4/install/my_custom_msgs/lib/libmy_custom_msgs__rosidl_generator_py.so
[0.764s] -- Up-to-date: /home/akshar/eyrc_hb/hb_task_4/install/my_custom_msgs/share/my_custom_msgs/msg/WheelVel.idl
[0.764s] -- Up-to-date: /home/akshar/eyrc_hb/hb_task_4/install/my_custom_msgs/share/my_custom_msgs/msg/WheelVel.msg
[0.764s] -- Up-to-date: /home/akshar/eyrc_hb/hb_task_4/install/my_custom_msgs/share/ament_index/resource_index/package_run_dependencies/my_custom_msgs
[0.764s] -- Up-to-date: /home/akshar/eyrc_hb/hb_task_4/install/my_custom_msgs/share/ament_index/resource_index/parent_prefix_path/my_custom_msgs
[0.764s] -- Up-to-date: /home/akshar/eyrc_hb/hb_task_4/install/my_custom_msgs/share/my_custom_msgs/environment/ament_prefix_path.sh
[0.765s] -- Up-to-date: /home/akshar/eyrc_hb/hb_task_4/install/my_custom_msgs/share/my_custom_msgs/environment/ament_prefix_path.dsv
[0.765s] -- Up-to-date: /home/akshar/eyrc_hb/hb_task_4/install/my_custom_msgs/share/my_custom_msgs/environment/path.sh
[0.765s] -- Up-to-date: /home/akshar/eyrc_hb/hb_task_4/install/my_custom_msgs/share/my_custom_msgs/environment/path.dsv
[0.765s] -- Up-to-date: /home/akshar/eyrc_hb/hb_task_4/install/my_custom_msgs/share/my_custom_msgs/local_setup.bash
[0.765s] -- Up-to-date: /home/akshar/eyrc_hb/hb_task_4/install/my_custom_msgs/share/my_custom_msgs/local_setup.sh
[0.765s] -- Up-to-date: /home/akshar/eyrc_hb/hb_task_4/install/my_custom_msgs/share/my_custom_msgs/local_setup.zsh
[0.765s] -- Up-to-date: /home/akshar/eyrc_hb/hb_task_4/install/my_custom_msgs/share/my_custom_msgs/local_setup.dsv
[0.765s] -- Installing: /home/akshar/eyrc_hb/hb_task_4/install/my_custom_msgs/share/my_custom_msgs/package.dsv
[0.765s] -- Up-to-date: /home/akshar/eyrc_hb/hb_task_4/install/my_custom_msgs/share/ament_index/resource_index/packages/my_custom_msgs
[0.765s] -- Up-to-date: /home/akshar/eyrc_hb/hb_task_4/install/my_custom_msgs/share/my_custom_msgs/cmake/export_my_custom_msgs__rosidl_generator_cExport.cmake
[0.765s] -- Up-to-date: /home/akshar/eyrc_hb/hb_task_4/install/my_custom_msgs/share/my_custom_msgs/cmake/export_my_custom_msgs__rosidl_generator_cExport-noconfig.cmake
[0.765s] -- Up-to-date: /home/akshar/eyrc_hb/hb_task_4/install/my_custom_msgs/share/my_custom_msgs/cmake/export_my_custom_msgs__rosidl_typesupport_fastrtps_cExport.cmake
[0.765s] -- Up-to-date: /home/akshar/eyrc_hb/hb_task_4/install/my_custom_msgs/share/my_custom_msgs/cmake/export_my_custom_msgs__rosidl_typesupport_fastrtps_cExport-noconfig.cmake
[0.765s] -- Up-to-date: /home/akshar/eyrc_hb/hb_task_4/install/my_custom_msgs/share/my_custom_msgs/cmake/my_custom_msgs__rosidl_typesupport_introspection_cExport.cmake
[0.766s] -- Up-to-date: /home/akshar/eyrc_hb/hb_task_4/install/my_custom_msgs/share/my_custom_msgs/cmake/my_custom_msgs__rosidl_typesupport_introspection_cExport-noconfig.cmake
[0.766s] -- Up-to-date: /home/akshar/eyrc_hb/hb_task_4/install/my_custom_msgs/share/my_custom_msgs/cmake/my_custom_msgs__rosidl_typesupport_cExport.cmake
[0.766s] -- Up-to-date: /home/akshar/eyrc_hb/hb_task_4/install/my_custom_msgs/share/my_custom_msgs/cmake/my_custom_msgs__rosidl_typesupport_cExport-noconfig.cmake
[0.766s] -- Up-to-date: /home/akshar/eyrc_hb/hb_task_4/install/my_custom_msgs/share/my_custom_msgs/cmake/export_my_custom_msgs__rosidl_generator_cppExport.cmake
[0.766s] -- Up-to-date: /home/akshar/eyrc_hb/hb_task_4/install/my_custom_msgs/share/my_custom_msgs/cmake/export_my_custom_msgs__rosidl_typesupport_fastrtps_cppExport.cmake
[0.766s] -- Up-to-date: /home/akshar/eyrc_hb/hb_task_4/install/my_custom_msgs/share/my_custom_msgs/cmake/export_my_custom_msgs__rosidl_typesupport_fastrtps_cppExport-noconfig.cmake
[0.766s] -- Up-to-date: /home/akshar/eyrc_hb/hb_task_4/install/my_custom_msgs/share/my_custom_msgs/cmake/my_custom_msgs__rosidl_typesupport_introspection_cppExport.cmake
[0.766s] -- Up-to-date: /home/akshar/eyrc_hb/hb_task_4/install/my_custom_msgs/share/my_custom_msgs/cmake/my_custom_msgs__rosidl_typesupport_introspection_cppExport-noconfig.cmake
[0.766s] -- Up-to-date: /home/akshar/eyrc_hb/hb_task_4/install/my_custom_msgs/share/my_custom_msgs/cmake/my_custom_msgs__rosidl_typesupport_cppExport.cmake
[0.766s] -- Up-to-date: /home/akshar/eyrc_hb/hb_task_4/install/my_custom_msgs/share/my_custom_msgs/cmake/my_custom_msgs__rosidl_typesupport_cppExport-noconfig.cmake
[0.766s] -- Up-to-date: /home/akshar/eyrc_hb/hb_task_4/install/my_custom_msgs/share/my_custom_msgs/cmake/export_my_custom_msgs__rosidl_generator_pyExport.cmake
[0.766s] -- Up-to-date: /home/akshar/eyrc_hb/hb_task_4/install/my_custom_msgs/share/my_custom_msgs/cmake/export_my_custom_msgs__rosidl_generator_pyExport-noconfig.cmake
[0.767s] -- Up-to-date: /home/akshar/eyrc_hb/hb_task_4/install/my_custom_msgs/share/my_custom_msgs/cmake/rosidl_cmake-extras.cmake
[0.767s] -- Up-to-date: /home/akshar/eyrc_hb/hb_task_4/install/my_custom_msgs/share/my_custom_msgs/cmake/ament_cmake_export_include_directories-extras.cmake
[0.767s] -- Up-to-date: /home/akshar/eyrc_hb/hb_task_4/install/my_custom_msgs/share/my_custom_msgs/cmake/ament_cmake_export_libraries-extras.cmake
[0.767s] -- Up-to-date: /home/akshar/eyrc_hb/hb_task_4/install/my_custom_msgs/share/my_custom_msgs/cmake/ament_cmake_export_targets-extras.cmake
[0.767s] -- Up-to-date: /home/akshar/eyrc_hb/hb_task_4/install/my_custom_msgs/share/my_custom_msgs/cmake/rosidl_cmake_export_typesupport_targets-extras.cmake
[0.767s] -- Up-to-date: /home/akshar/eyrc_hb/hb_task_4/install/my_custom_msgs/share/my_custom_msgs/cmake/ament_cmake_export_dependencies-extras.cmake
[0.767s] -- Up-to-date: /home/akshar/eyrc_hb/hb_task_4/install/my_custom_msgs/share/my_custom_msgs/cmake/rosidl_cmake_export_typesupport_libraries-extras.cmake
[0.767s] -- Up-to-date: /home/akshar/eyrc_hb/hb_task_4/install/my_custom_msgs/share/my_custom_msgs/cmake/my_custom_msgsConfig.cmake
[0.767s] -- Up-to-date: /home/akshar/eyrc_hb/hb_task_4/install/my_custom_msgs/share/my_custom_msgs/cmake/my_custom_msgsConfig-version.cmake
[0.767s] -- Up-to-date: /home/akshar/eyrc_hb/hb_task_4/install/my_custom_msgs/share/my_custom_msgs/package.xml
[0.769s] Invoked command in '/home/akshar/eyrc_hb/hb_task_4/build/my_custom_msgs' returned '0': CMAKE_PREFIX_PATH=${CMAKE_PREFIX_PATH}:/home/akshar/eyrc_hb/hb_task_4/install/hb_task4:/home/akshar/eyrc_hb/hb_task5_ws/install/hb_task5a:/opt/ros/humble /usr/bin/cmake --install /home/akshar/eyrc_hb/hb_task_4/build/my_custom_msgs
