[0.689s] DEBUG:colcon:Command line arguments: ['/usr/bin/colcon', 'build']
[0.689s] DEBUG:colcon:Parsed command line arguments: Namespace(log_base=None, log_level=None, verb_name='build', build_base='build', install_base='install', merge_install=False, symlink_install=False, test_result_base=None, continue_on_error=False, executor='parallel', parallel_workers=16, event_handlers=None, ignore_user_meta=False, metas=['./colcon.meta'], base_paths=['.'], packages_ignore=None, packages_ignore_regex=None, paths=None, packages_up_to=None, packages_up_to_regex=None, packages_above=None, packages_above_and_dependencies=None, packages_above_depth=None, packages_select_by_dep=None, packages_skip_by_dep=None, packages_skip_up_to=None, packages_select_build_failed=False, packages_skip_build_finished=False, packages_select_test_failures=False, packages_skip_test_passed=False, packages_select=None, packages_skip=None, packages_select_regex=None, packages_skip_regex=None, packages_start=None, packages_end=None, allow_overriding=[], cmake_args=None, cmake_target=None, cmake_target_skip_unavailable=False, cmake_clean_cache=False, cmake_clean_first=False, cmake_force_configure=False, ament_cmake_args=None, catkin_cmake_args=None, catkin_skip_building_tests=False, verb_parser=<colcon_defaults.argument_parser.defaults.DefaultArgumentsDecorator object at 0x7f44b0c2cbb0>, verb_extension=<colcon_core.verb.build.BuildVerb object at 0x7f44b0c2f760>, main=<bound method BuildVerb.main of <colcon_core.verb.build.BuildVerb object at 0x7f44b0c2f760>>)
[0.723s] Level 1:colcon.colcon_core.package_discovery:discover_packages(colcon_meta) check parameters
[0.723s] Level 1:colcon.colcon_core.package_discovery:discover_packages(recursive) check parameters
[0.723s] Level 1:colcon.colcon_core.package_discovery:discover_packages(ignore) check parameters
[0.723s] Level 1:colcon.colcon_core.package_discovery:discover_packages(path) check parameters
[0.723s] Level 1:colcon.colcon_core.package_discovery:discover_packages(colcon_meta) discover
[0.723s] Level 1:colcon.colcon_core.package_discovery:discover_packages(recursive) discover
[0.723s] INFO:colcon.colcon_core.package_discovery:Crawling recursively for packages in '/home/akshar/eyrc_hb/hb_task_2_ws'
[0.723s] Level 1:colcon.colcon_core.package_identification:_identify(.) by extensions ['ignore', 'ignore_ament_install']
[0.724s] Level 1:colcon.colcon_core.package_identification:_identify(.) by extension 'ignore'
[0.724s] Level 1:colcon.colcon_core.package_identification:_identify(.) by extension 'ignore_ament_install'
[0.724s] Level 1:colcon.colcon_core.package_identification:_identify(.) by extensions ['colcon_pkg']
[0.724s] Level 1:colcon.colcon_core.package_identification:_identify(.) by extension 'colcon_pkg'
[0.724s] Level 1:colcon.colcon_core.package_identification:_identify(.) by extensions ['colcon_meta']
[0.724s] Level 1:colcon.colcon_core.package_identification:_identify(.) by extension 'colcon_meta'
[0.724s] Level 1:colcon.colcon_core.package_identification:_identify(.) by extensions ['ros']
[0.724s] Level 1:colcon.colcon_core.package_identification:_identify(.) by extension 'ros'
[0.732s] Level 1:colcon.colcon_core.package_identification:_identify(.) by extensions ['cmake', 'python']
[0.732s] Level 1:colcon.colcon_core.package_identification:_identify(.) by extension 'cmake'
[0.732s] Level 1:colcon.colcon_core.package_identification:_identify(.) by extension 'python'
[0.732s] Level 1:colcon.colcon_core.package_identification:_identify(.) by extensions ['python_setup_py']
[0.732s] Level 1:colcon.colcon_core.package_identification:_identify(.) by extension 'python_setup_py'
[0.732s] Level 1:colcon.colcon_core.package_identification:_identify(build) by extensions ['ignore', 'ignore_ament_install']
[0.732s] Level 1:colcon.colcon_core.package_identification:_identify(build) by extension 'ignore'
[0.732s] Level 1:colcon.colcon_core.package_identification:_identify(build) ignored
[0.733s] Level 1:colcon.colcon_core.package_identification:_identify(install) by extensions ['ignore', 'ignore_ament_install']
[0.733s] Level 1:colcon.colcon_core.package_identification:_identify(install) by extension 'ignore'
[0.733s] Level 1:colcon.colcon_core.package_identification:_identify(install) ignored
[0.733s] Level 1:colcon.colcon_core.package_identification:_identify(log) by extensions ['ignore', 'ignore_ament_install']
[0.733s] Level 1:colcon.colcon_core.package_identification:_identify(log) by extension 'ignore'
[0.733s] Level 1:colcon.colcon_core.package_identification:_identify(log) ignored
[0.733s] Level 1:colcon.colcon_core.package_identification:_identify(src) by extensions ['ignore', 'ignore_ament_install']
[0.733s] Level 1:colcon.colcon_core.package_identification:_identify(src) by extension 'ignore'
[0.733s] Level 1:colcon.colcon_core.package_identification:_identify(src) by extension 'ignore_ament_install'
[0.733s] Level 1:colcon.colcon_core.package_identification:_identify(src) by extensions ['colcon_pkg']
[0.733s] Level 1:colcon.colcon_core.package_identification:_identify(src) by extension 'colcon_pkg'
[0.733s] Level 1:colcon.colcon_core.package_identification:_identify(src) by extensions ['colcon_meta']
[0.733s] Level 1:colcon.colcon_core.package_identification:_identify(src) by extension 'colcon_meta'
[0.733s] Level 1:colcon.colcon_core.package_identification:_identify(src) by extensions ['ros']
[0.733s] Level 1:colcon.colcon_core.package_identification:_identify(src) by extension 'ros'
[0.733s] Level 1:colcon.colcon_core.package_identification:_identify(src) by extensions ['cmake', 'python']
[0.733s] Level 1:colcon.colcon_core.package_identification:_identify(src) by extension 'cmake'
[0.733s] Level 1:colcon.colcon_core.package_identification:_identify(src) by extension 'python'
[0.733s] Level 1:colcon.colcon_core.package_identification:_identify(src) by extensions ['python_setup_py']
[0.733s] Level 1:colcon.colcon_core.package_identification:_identify(src) by extension 'python_setup_py'
[0.734s] Level 1:colcon.colcon_core.package_identification:_identify(src/hb_bot) by extensions ['ignore', 'ignore_ament_install']
[0.734s] Level 1:colcon.colcon_core.package_identification:_identify(src/hb_bot) by extension 'ignore'
[0.734s] Level 1:colcon.colcon_core.package_identification:_identify(src/hb_bot) by extension 'ignore_ament_install'
[0.734s] Level 1:colcon.colcon_core.package_identification:_identify(src/hb_bot) by extensions ['colcon_pkg']
[0.734s] Level 1:colcon.colcon_core.package_identification:_identify(src/hb_bot) by extension 'colcon_pkg'
[0.734s] Level 1:colcon.colcon_core.package_identification:_identify(src/hb_bot) by extensions ['colcon_meta']
[0.734s] Level 1:colcon.colcon_core.package_identification:_identify(src/hb_bot) by extension 'colcon_meta'
[0.734s] Level 1:colcon.colcon_core.package_identification:_identify(src/hb_bot) by extensions ['ros']
[0.734s] Level 1:colcon.colcon_core.package_identification:_identify(src/hb_bot) by extension 'ros'
[0.736s] DEBUG:colcon.colcon_core.package_identification:Package 'src/hb_bot' with type 'ros.ament_cmake' and name 'hb_bot'
[0.736s] Level 1:colcon.colcon_core.package_identification:_identify(src/hb_task2a) by extensions ['ignore', 'ignore_ament_install']
[0.736s] Level 1:colcon.colcon_core.package_identification:_identify(src/hb_task2a) by extension 'ignore'
[0.736s] Level 1:colcon.colcon_core.package_identification:_identify(src/hb_task2a) by extension 'ignore_ament_install'
[0.736s] Level 1:colcon.colcon_core.package_identification:_identify(src/hb_task2a) by extensions ['colcon_pkg']
[0.736s] Level 1:colcon.colcon_core.package_identification:_identify(src/hb_task2a) by extension 'colcon_pkg'
[0.736s] Level 1:colcon.colcon_core.package_identification:_identify(src/hb_task2a) by extensions ['colcon_meta']
[0.736s] Level 1:colcon.colcon_core.package_identification:_identify(src/hb_task2a) by extension 'colcon_meta'
[0.736s] Level 1:colcon.colcon_core.package_identification:_identify(src/hb_task2a) by extensions ['ros']
[0.736s] Level 1:colcon.colcon_core.package_identification:_identify(src/hb_task2a) by extension 'ros'
[0.737s] DEBUG:colcon.colcon_core.package_identification:Package 'src/hb_task2a' with type 'ros.ament_python' and name 'hb_task2a'
[0.737s] Level 1:colcon.colcon_core.package_identification:_identify(src/hb_world) by extensions ['ignore', 'ignore_ament_install']
[0.737s] Level 1:colcon.colcon_core.package_identification:_identify(src/hb_world) by extension 'ignore'
[0.737s] Level 1:colcon.colcon_core.package_identification:_identify(src/hb_world) by extension 'ignore_ament_install'
[0.737s] Level 1:colcon.colcon_core.package_identification:_identify(src/hb_world) by extensions ['colcon_pkg']
[0.737s] Level 1:colcon.colcon_core.package_identification:_identify(src/hb_world) by extension 'colcon_pkg'
[0.737s] Level 1:colcon.colcon_core.package_identification:_identify(src/hb_world) by extensions ['colcon_meta']
[0.737s] Level 1:colcon.colcon_core.package_identification:_identify(src/hb_world) by extension 'colcon_meta'
[0.737s] Level 1:colcon.colcon_core.package_identification:_identify(src/hb_world) by extensions ['ros']
[0.737s] Level 1:colcon.colcon_core.package_identification:_identify(src/hb_world) by extension 'ros'
[0.737s] DEBUG:colcon.colcon_core.package_identification:Package 'src/hb_world' with type 'ros.ament_cmake' and name 'hb_world'
[0.737s] Level 1:colcon.colcon_core.package_identification:_identify(src/my_robot_interfaces) by extensions ['ignore', 'ignore_ament_install']
[0.738s] Level 1:colcon.colcon_core.package_identification:_identify(src/my_robot_interfaces) by extension 'ignore'
[0.738s] Level 1:colcon.colcon_core.package_identification:_identify(src/my_robot_interfaces) by extension 'ignore_ament_install'
[0.738s] Level 1:colcon.colcon_core.package_identification:_identify(src/my_robot_interfaces) by extensions ['colcon_pkg']
[0.738s] Level 1:colcon.colcon_core.package_identification:_identify(src/my_robot_interfaces) by extension 'colcon_pkg'
[0.738s] Level 1:colcon.colcon_core.package_identification:_identify(src/my_robot_interfaces) by extensions ['colcon_meta']
[0.738s] Level 1:colcon.colcon_core.package_identification:_identify(src/my_robot_interfaces) by extension 'colcon_meta'
[0.738s] Level 1:colcon.colcon_core.package_identification:_identify(src/my_robot_interfaces) by extensions ['ros']
[0.738s] Level 1:colcon.colcon_core.package_identification:_identify(src/my_robot_interfaces) by extension 'ros'
[0.738s] DEBUG:colcon.colcon_core.package_identification:Package 'src/my_robot_interfaces' with type 'ros.ament_cmake' and name 'my_robot_interfaces'
[0.738s] Level 1:colcon.colcon_core.package_discovery:discover_packages(recursive) using defaults
[0.738s] Level 1:colcon.colcon_core.package_discovery:discover_packages(ignore) discover
[0.738s] Level 1:colcon.colcon_core.package_discovery:discover_packages(ignore) using defaults
[0.738s] Level 1:colcon.colcon_core.package_discovery:discover_packages(path) discover
[0.738s] Level 1:colcon.colcon_core.package_discovery:discover_packages(path) using defaults
[0.803s] Level 1:colcon.colcon_core.package_discovery:discover_packages(prefix_path) check parameters
[0.803s] Level 1:colcon.colcon_core.package_discovery:discover_packages(prefix_path) discover
[0.823s] DEBUG:colcon.colcon_installed_package_information.package_discovery:Found 4 installed packages in /home/akshar/eyrc_hb/hb_task_2_ws/install
[0.834s] DEBUG:colcon.colcon_installed_package_information.package_discovery:Found 280 installed packages in /opt/ros/humble
[0.835s] Level 1:colcon.colcon_core.package_discovery:discover_packages(prefix_path) using defaults
[0.898s] Level 5:colcon.colcon_core.verb:set package 'hb_bot' build argument 'cmake_args' from command line to 'None'
[0.898s] Level 5:colcon.colcon_core.verb:set package 'hb_bot' build argument 'cmake_target' from command line to 'None'
[0.898s] Level 5:colcon.colcon_core.verb:set package 'hb_bot' build argument 'cmake_target_skip_unavailable' from command line to 'False'
[0.898s] Level 5:colcon.colcon_core.verb:set package 'hb_bot' build argument 'cmake_clean_cache' from command line to 'False'
[0.898s] Level 5:colcon.colcon_core.verb:set package 'hb_bot' build argument 'cmake_clean_first' from command line to 'False'
[0.898s] Level 5:colcon.colcon_core.verb:set package 'hb_bot' build argument 'cmake_force_configure' from command line to 'False'
[0.898s] Level 5:colcon.colcon_core.verb:set package 'hb_bot' build argument 'ament_cmake_args' from command line to 'None'
[0.898s] Level 5:colcon.colcon_core.verb:set package 'hb_bot' build argument 'catkin_cmake_args' from command line to 'None'
[0.898s] Level 5:colcon.colcon_core.verb:set package 'hb_bot' build argument 'catkin_skip_building_tests' from command line to 'False'
[0.898s] DEBUG:colcon.colcon_core.verb:Building package 'hb_bot' with the following arguments: {'ament_cmake_args': None, 'build_base': '/home/akshar/eyrc_hb/hb_task_2_ws/build/hb_bot', 'catkin_cmake_args': None, 'catkin_skip_building_tests': False, 'cmake_args': None, 'cmake_clean_cache': False, 'cmake_clean_first': False, 'cmake_force_configure': False, 'cmake_target': None, 'cmake_target_skip_unavailable': False, 'install_base': '/home/akshar/eyrc_hb/hb_task_2_ws/install/hb_bot', 'merge_install': False, 'path': '/home/akshar/eyrc_hb/hb_task_2_ws/src/hb_bot', 'symlink_install': False, 'test_result_base': None}
[0.908s] Level 5:colcon.colcon_core.verb:set package 'hb_task2a' build argument 'cmake_args' from command line to 'None'
[0.908s] Level 5:colcon.colcon_core.verb:set package 'hb_task2a' build argument 'cmake_target' from command line to 'None'
[0.908s] Level 5:colcon.colcon_core.verb:set package 'hb_task2a' build argument 'cmake_target_skip_unavailable' from command line to 'False'
[0.908s] Level 5:colcon.colcon_core.verb:set package 'hb_task2a' build argument 'cmake_clean_cache' from command line to 'False'
[0.908s] Level 5:colcon.colcon_core.verb:set package 'hb_task2a' build argument 'cmake_clean_first' from command line to 'False'
[0.908s] Level 5:colcon.colcon_core.verb:set package 'hb_task2a' build argument 'cmake_force_configure' from command line to 'False'
[0.908s] Level 5:colcon.colcon_core.verb:set package 'hb_task2a' build argument 'ament_cmake_args' from command line to 'None'
[0.908s] Level 5:colcon.colcon_core.verb:set package 'hb_task2a' build argument 'catkin_cmake_args' from command line to 'None'
[0.908s] Level 5:colcon.colcon_core.verb:set package 'hb_task2a' build argument 'catkin_skip_building_tests' from command line to 'False'
[0.908s] DEBUG:colcon.colcon_core.verb:Building package 'hb_task2a' with the following arguments: {'ament_cmake_args': None, 'build_base': '/home/akshar/eyrc_hb/hb_task_2_ws/build/hb_task2a', 'catkin_cmake_args': None, 'catkin_skip_building_tests': False, 'cmake_args': None, 'cmake_clean_cache': False, 'cmake_clean_first': False, 'cmake_force_configure': False, 'cmake_target': None, 'cmake_target_skip_unavailable': False, 'install_base': '/home/akshar/eyrc_hb/hb_task_2_ws/install/hb_task2a', 'merge_install': False, 'path': '/home/akshar/eyrc_hb/hb_task_2_ws/src/hb_task2a', 'symlink_install': False, 'test_result_base': None}
[0.918s] Level 5:colcon.colcon_core.verb:set package 'hb_world' build argument 'cmake_args' from command line to 'None'
[0.918s] Level 5:colcon.colcon_core.verb:set package 'hb_world' build argument 'cmake_target' from command line to 'None'
[0.918s] Level 5:colcon.colcon_core.verb:set package 'hb_world' build argument 'cmake_target_skip_unavailable' from command line to 'False'
[0.918s] Level 5:colcon.colcon_core.verb:set package 'hb_world' build argument 'cmake_clean_cache' from command line to 'False'
[0.918s] Level 5:colcon.colcon_core.verb:set package 'hb_world' build argument 'cmake_clean_first' from command line to 'False'
[0.918s] Level 5:colcon.colcon_core.verb:set package 'hb_world' build argument 'cmake_force_configure' from command line to 'False'
[0.918s] Level 5:colcon.colcon_core.verb:set package 'hb_world' build argument 'ament_cmake_args' from command line to 'None'
[0.918s] Level 5:colcon.colcon_core.verb:set package 'hb_world' build argument 'catkin_cmake_args' from command line to 'None'
[0.918s] Level 5:colcon.colcon_core.verb:set package 'hb_world' build argument 'catkin_skip_building_tests' from command line to 'False'
[0.918s] DEBUG:colcon.colcon_core.verb:Building package 'hb_world' with the following arguments: {'ament_cmake_args': None, 'build_base': '/home/akshar/eyrc_hb/hb_task_2_ws/build/hb_world', 'catkin_cmake_args': None, 'catkin_skip_building_tests': False, 'cmake_args': None, 'cmake_clean_cache': False, 'cmake_clean_first': False, 'cmake_force_configure': False, 'cmake_target': None, 'cmake_target_skip_unavailable': False, 'install_base': '/home/akshar/eyrc_hb/hb_task_2_ws/install/hb_world', 'merge_install': False, 'path': '/home/akshar/eyrc_hb/hb_task_2_ws/src/hb_world', 'symlink_install': False, 'test_result_base': None}
[0.928s] Level 5:colcon.colcon_core.verb:set package 'my_robot_interfaces' build argument 'cmake_args' from command line to 'None'
[0.928s] Level 5:colcon.colcon_core.verb:set package 'my_robot_interfaces' build argument 'cmake_target' from command line to 'None'
[0.928s] Level 5:colcon.colcon_core.verb:set package 'my_robot_interfaces' build argument 'cmake_target_skip_unavailable' from command line to 'False'
[0.928s] Level 5:colcon.colcon_core.verb:set package 'my_robot_interfaces' build argument 'cmake_clean_cache' from command line to 'False'
[0.928s] Level 5:colcon.colcon_core.verb:set package 'my_robot_interfaces' build argument 'cmake_clean_first' from command line to 'False'
[0.928s] Level 5:colcon.colcon_core.verb:set package 'my_robot_interfaces' build argument 'cmake_force_configure' from command line to 'False'
[0.928s] Level 5:colcon.colcon_core.verb:set package 'my_robot_interfaces' build argument 'ament_cmake_args' from command line to 'None'
[0.928s] Level 5:colcon.colcon_core.verb:set package 'my_robot_interfaces' build argument 'catkin_cmake_args' from command line to 'None'
[0.928s] Level 5:colcon.colcon_core.verb:set package 'my_robot_interfaces' build argument 'catkin_skip_building_tests' from command line to 'False'
[0.928s] DEBUG:colcon.colcon_core.verb:Building package 'my_robot_interfaces' with the following arguments: {'ament_cmake_args': None, 'build_base': '/home/akshar/eyrc_hb/hb_task_2_ws/build/my_robot_interfaces', 'catkin_cmake_args': None, 'catkin_skip_building_tests': False, 'cmake_args': None, 'cmake_clean_cache': False, 'cmake_clean_first': False, 'cmake_force_configure': False, 'cmake_target': None, 'cmake_target_skip_unavailable': False, 'install_base': '/home/akshar/eyrc_hb/hb_task_2_ws/install/my_robot_interfaces', 'merge_install': False, 'path': '/home/akshar/eyrc_hb/hb_task_2_ws/src/my_robot_interfaces', 'symlink_install': False, 'test_result_base': None}
[0.938s] INFO:colcon.colcon_core.executor:Executing jobs using 'parallel' executor
[0.948s] DEBUG:colcon.colcon_parallel_executor.executor.parallel:run_until_complete
[0.948s] INFO:colcon.colcon_ros.task.ament_cmake.build:Building ROS package in '/home/akshar/eyrc_hb/hb_task_2_ws/src/hb_bot' with build type 'ament_cmake'
[0.948s] INFO:colcon.colcon_cmake.task.cmake.build:Building CMake package in '/home/akshar/eyrc_hb/hb_task_2_ws/src/hb_bot'
[0.959s] INFO:colcon.colcon_core.plugin_system:Skipping extension 'colcon_core.shell.bat': Not used on non-Windows systems
[0.960s] INFO:colcon.colcon_core.shell:Skip shell extension 'powershell' for command environment: Not usable outside of PowerShell
[0.960s] DEBUG:colcon.colcon_core.shell:Skip shell extension 'dsv' for command environment
[0.995s] INFO:colcon.colcon_ros.task.ament_python.build:Building ROS package in '/home/akshar/eyrc_hb/hb_task_2_ws/src/hb_task2a' with build type 'ament_python'
[0.995s] Level 1:colcon.colcon_core.shell:create_environment_hook('hb_task2a', 'ament_prefix_path')
[1.005s] INFO:colcon.colcon_core.shell:Creating environment hook '/home/akshar/eyrc_hb/hb_task_2_ws/install/hb_task2a/share/hb_task2a/hook/ament_prefix_path.ps1'
[1.006s] INFO:colcon.colcon_core.shell:Creating environment descriptor '/home/akshar/eyrc_hb/hb_task_2_ws/install/hb_task2a/share/hb_task2a/hook/ament_prefix_path.dsv'
[1.006s] INFO:colcon.colcon_core.shell:Creating environment hook '/home/akshar/eyrc_hb/hb_task_2_ws/install/hb_task2a/share/hb_task2a/hook/ament_prefix_path.sh'
[1.018s] INFO:colcon.colcon_core.shell:Skip shell extension 'powershell' for command environment: Not usable outside of PowerShell
[1.018s] DEBUG:colcon.colcon_core.shell:Skip shell extension 'dsv' for command environment
[1.049s] INFO:colcon.colcon_ros.task.ament_cmake.build:Building ROS package in '/home/akshar/eyrc_hb/hb_task_2_ws/src/hb_world' with build type 'ament_cmake'
[1.050s] INFO:colcon.colcon_cmake.task.cmake.build:Building CMake package in '/home/akshar/eyrc_hb/hb_task_2_ws/src/hb_world'
[1.060s] INFO:colcon.colcon_core.shell:Skip shell extension 'powershell' for command environment: Not usable outside of PowerShell
[1.060s] DEBUG:colcon.colcon_core.shell:Skip shell extension 'dsv' for command environment
[1.093s] INFO:colcon.colcon_ros.task.ament_cmake.build:Building ROS package in '/home/akshar/eyrc_hb/hb_task_2_ws/src/my_robot_interfaces' with build type 'ament_cmake'
[1.093s] INFO:colcon.colcon_cmake.task.cmake.build:Building CMake package in '/home/akshar/eyrc_hb/hb_task_2_ws/src/my_robot_interfaces'
[1.103s] INFO:colcon.colcon_core.shell:Skip shell extension 'powershell' for command environment: Not usable outside of PowerShell
[1.103s] DEBUG:colcon.colcon_core.shell:Skip shell extension 'dsv' for command environment
[1.141s] DEBUG:colcon.colcon_core.event_handler.log_command:Invoking command in '/home/akshar/eyrc_hb/hb_task_2_ws/build/hb_bot': CMAKE_PREFIX_PATH=${CMAKE_PREFIX_PATH}:/home/akshar/eyrc_hb/hb_task_2_ws/install/hb_task2a:/opt/ros/humble /usr/bin/cmake --build /home/akshar/eyrc_hb/hb_task_2_ws/build/hb_bot -- -j16 -l16
[1.366s] INFO:colcon.colcon_core.task.python.build:Building Python package in '/home/akshar/eyrc_hb/hb_task_2_ws/src/hb_task2a'
[1.380s] INFO:colcon.colcon_core.shell:Skip shell extension 'powershell' for command environment: Not usable outside of PowerShell
[1.380s] DEBUG:colcon.colcon_core.shell:Skip shell extension 'dsv' for command environment
[1.435s] DEBUG:colcon.colcon_core.event_handler.log_command:Invoking command in '/home/akshar/eyrc_hb/hb_task_2_ws/build/hb_world': CMAKE_PREFIX_PATH=${CMAKE_PREFIX_PATH}:/home/akshar/eyrc_hb/hb_task_2_ws/install/hb_task2a:/opt/ros/humble /usr/bin/cmake --build /home/akshar/eyrc_hb/hb_task_2_ws/build/hb_world -- -j16 -l16
[1.439s] DEBUG:colcon.colcon_core.event_handler.log_command:Invoking command in '/home/akshar/eyrc_hb/hb_task_2_ws/build/my_robot_interfaces': CMAKE_PREFIX_PATH=${CMAKE_PREFIX_PATH}:/home/akshar/eyrc_hb/hb_task_2_ws/install/hb_task2a:/opt/ros/humble /usr/bin/cmake --build /home/akshar/eyrc_hb/hb_task_2_ws/build/my_robot_interfaces -- -j16 -l16
[1.440s] DEBUG:colcon.colcon_core.event_handler.log_command:Invoked command in '/home/akshar/eyrc_hb/hb_task_2_ws/build/hb_bot' returned '0': CMAKE_PREFIX_PATH=${CMAKE_PREFIX_PATH}:/home/akshar/eyrc_hb/hb_task_2_ws/install/hb_task2a:/opt/ros/humble /usr/bin/cmake --build /home/akshar/eyrc_hb/hb_task_2_ws/build/hb_bot -- -j16 -l16
[1.478s] DEBUG:colcon.colcon_core.event_handler.log_command:Invoking command in '/home/akshar/eyrc_hb/hb_task_2_ws/build/hb_bot': CMAKE_PREFIX_PATH=${CMAKE_PREFIX_PATH}:/home/akshar/eyrc_hb/hb_task_2_ws/install/hb_task2a:/opt/ros/humble /usr/bin/cmake --install /home/akshar/eyrc_hb/hb_task_2_ws/build/hb_bot
[1.483s] DEBUG:colcon.colcon_core.event_handler.log_command:Invoked command in '/home/akshar/eyrc_hb/hb_task_2_ws/build/hb_world' returned '0': CMAKE_PREFIX_PATH=${CMAKE_PREFIX_PATH}:/home/akshar/eyrc_hb/hb_task_2_ws/install/hb_task2a:/opt/ros/humble /usr/bin/cmake --build /home/akshar/eyrc_hb/hb_task_2_ws/build/hb_world -- -j16 -l16
[1.490s] Level 1:colcon.colcon_core.environment:create_environment_scripts_only(hb_bot)
[1.493s] DEBUG:colcon.colcon_core.event_handler.log_command:Invoked command in '/home/akshar/eyrc_hb/hb_task_2_ws/build/hb_bot' returned '0': CMAKE_PREFIX_PATH=${CMAKE_PREFIX_PATH}:/home/akshar/eyrc_hb/hb_task_2_ws/install/hb_task2a:/opt/ros/humble /usr/bin/cmake --install /home/akshar/eyrc_hb/hb_task_2_ws/build/hb_bot
[1.513s] Level 1:colcon.colcon_core.environment:checking '/home/akshar/eyrc_hb/hb_task_2_ws/install/hb_bot' for CMake module files
[1.514s] Level 1:colcon.colcon_core.environment:checking '/home/akshar/eyrc_hb/hb_task_2_ws/install/hb_bot' for CMake config files
[1.514s] Level 1:colcon.colcon_core.shell:create_environment_hook('hb_bot', 'cmake_prefix_path')
[1.531s] INFO:colcon.colcon_core.shell:Creating environment hook '/home/akshar/eyrc_hb/hb_task_2_ws/install/hb_bot/share/hb_bot/hook/cmake_prefix_path.ps1'
[1.532s] INFO:colcon.colcon_core.shell:Creating environment descriptor '/home/akshar/eyrc_hb/hb_task_2_ws/install/hb_bot/share/hb_bot/hook/cmake_prefix_path.dsv'
[1.532s] INFO:colcon.colcon_core.shell:Creating environment hook '/home/akshar/eyrc_hb/hb_task_2_ws/install/hb_bot/share/hb_bot/hook/cmake_prefix_path.sh'
[1.533s] Level 1:colcon.colcon_core.environment:checking '/home/akshar/eyrc_hb/hb_task_2_ws/install/hb_bot/bin'
[1.533s] Level 1:colcon.colcon_core.environment:checking '/home/akshar/eyrc_hb/hb_task_2_ws/install/hb_bot/lib/pkgconfig/hb_bot.pc'
[1.533s] Level 1:colcon.colcon_core.environment:checking '/home/akshar/eyrc_hb/hb_task_2_ws/install/hb_bot/lib/python3.10/site-packages'
[1.533s] Level 1:colcon.colcon_core.environment:checking '/home/akshar/eyrc_hb/hb_task_2_ws/install/hb_bot/bin'
[1.546s] INFO:colcon.colcon_core.shell:Creating package script '/home/akshar/eyrc_hb/hb_task_2_ws/install/hb_bot/share/hb_bot/package.ps1'
[1.547s] INFO:colcon.colcon_core.shell:Creating package descriptor '/home/akshar/eyrc_hb/hb_task_2_ws/install/hb_bot/share/hb_bot/package.dsv'
[1.547s] INFO:colcon.colcon_core.shell:Creating package script '/home/akshar/eyrc_hb/hb_task_2_ws/install/hb_bot/share/hb_bot/package.sh'
[1.548s] INFO:colcon.colcon_core.shell:Creating package script '/home/akshar/eyrc_hb/hb_task_2_ws/install/hb_bot/share/hb_bot/package.bash'
[1.549s] INFO:colcon.colcon_core.shell:Creating package script '/home/akshar/eyrc_hb/hb_task_2_ws/install/hb_bot/share/hb_bot/package.zsh'
[1.549s] Level 1:colcon.colcon_core.environment:create_file_with_runtime_dependencies(/home/akshar/eyrc_hb/hb_task_2_ws/install/hb_bot/share/colcon-core/packages/hb_bot)
[1.553s] DEBUG:colcon.colcon_core.event_handler.log_command:Invoking command in '/home/akshar/eyrc_hb/hb_task_2_ws/build/hb_world': CMAKE_PREFIX_PATH=${CMAKE_PREFIX_PATH}:/home/akshar/eyrc_hb/hb_task_2_ws/install/hb_task2a:/opt/ros/humble /usr/bin/cmake --install /home/akshar/eyrc_hb/hb_task_2_ws/build/hb_world
[1.564s] Level 1:colcon.colcon_core.environment:create_environment_scripts_only(hb_world)
[1.565s] DEBUG:colcon.colcon_core.event_handler.log_command:Invoked command in '/home/akshar/eyrc_hb/hb_task_2_ws/build/hb_world' returned '0': CMAKE_PREFIX_PATH=${CMAKE_PREFIX_PATH}:/home/akshar/eyrc_hb/hb_task_2_ws/install/hb_task2a:/opt/ros/humble /usr/bin/cmake --install /home/akshar/eyrc_hb/hb_task_2_ws/build/hb_world
[1.580s] Level 1:colcon.colcon_core.environment:checking '/home/akshar/eyrc_hb/hb_task_2_ws/install/hb_world' for CMake module files
[1.580s] Level 1:colcon.colcon_core.environment:checking '/home/akshar/eyrc_hb/hb_task_2_ws/install/hb_world' for CMake config files
[1.581s] Level 1:colcon.colcon_core.shell:create_environment_hook('hb_world', 'cmake_prefix_path')
[1.593s] INFO:colcon.colcon_core.shell:Creating environment hook '/home/akshar/eyrc_hb/hb_task_2_ws/install/hb_world/share/hb_world/hook/cmake_prefix_path.ps1'
[1.594s] INFO:colcon.colcon_core.shell:Creating environment descriptor '/home/akshar/eyrc_hb/hb_task_2_ws/install/hb_world/share/hb_world/hook/cmake_prefix_path.dsv'
[1.594s] INFO:colcon.colcon_core.shell:Creating environment hook '/home/akshar/eyrc_hb/hb_task_2_ws/install/hb_world/share/hb_world/hook/cmake_prefix_path.sh'
[1.594s] Level 1:colcon.colcon_core.environment:checking '/home/akshar/eyrc_hb/hb_task_2_ws/install/hb_world/bin'
[1.595s] Level 1:colcon.colcon_core.environment:checking '/home/akshar/eyrc_hb/hb_task_2_ws/install/hb_world/lib/pkgconfig/hb_world.pc'
[1.595s] Level 1:colcon.colcon_core.environment:checking '/home/akshar/eyrc_hb/hb_task_2_ws/install/hb_world/lib/python3.10/site-packages'
[1.595s] Level 1:colcon.colcon_core.environment:checking '/home/akshar/eyrc_hb/hb_task_2_ws/install/hb_world/bin'
[1.608s] INFO:colcon.colcon_core.shell:Creating package script '/home/akshar/eyrc_hb/hb_task_2_ws/install/hb_world/share/hb_world/package.ps1'
[1.608s] INFO:colcon.colcon_core.shell:Creating package descriptor '/home/akshar/eyrc_hb/hb_task_2_ws/install/hb_world/share/hb_world/package.dsv'
[1.609s] INFO:colcon.colcon_core.shell:Creating package script '/home/akshar/eyrc_hb/hb_task_2_ws/install/hb_world/share/hb_world/package.sh'
[1.609s] INFO:colcon.colcon_core.shell:Creating package script '/home/akshar/eyrc_hb/hb_task_2_ws/install/hb_world/share/hb_world/package.bash'
[1.609s] INFO:colcon.colcon_core.shell:Creating package script '/home/akshar/eyrc_hb/hb_task_2_ws/install/hb_world/share/hb_world/package.zsh'
[1.610s] Level 1:colcon.colcon_core.environment:create_file_with_runtime_dependencies(/home/akshar/eyrc_hb/hb_task_2_ws/install/hb_world/share/colcon-core/packages/hb_world)
[1.626s] Level 1:colcon.colcon_core.environment:create_environment_scripts_only(hb_bot)
[1.639s] Level 1:colcon.colcon_core.environment:checking '/home/akshar/eyrc_hb/hb_task_2_ws/install/hb_bot' for CMake module files
[1.640s] Level 1:colcon.colcon_core.environment:checking '/home/akshar/eyrc_hb/hb_task_2_ws/install/hb_bot' for CMake config files
[1.640s] Level 1:colcon.colcon_core.shell:create_environment_hook('hb_bot', 'cmake_prefix_path')
[1.654s] INFO:colcon.colcon_core.shell:Creating environment hook '/home/akshar/eyrc_hb/hb_task_2_ws/install/hb_bot/share/hb_bot/hook/cmake_prefix_path.ps1'
[1.655s] INFO:colcon.colcon_core.shell:Creating environment descriptor '/home/akshar/eyrc_hb/hb_task_2_ws/install/hb_bot/share/hb_bot/hook/cmake_prefix_path.dsv'
[1.655s] INFO:colcon.colcon_core.shell:Creating environment hook '/home/akshar/eyrc_hb/hb_task_2_ws/install/hb_bot/share/hb_bot/hook/cmake_prefix_path.sh'
[1.655s] Level 1:colcon.colcon_core.environment:checking '/home/akshar/eyrc_hb/hb_task_2_ws/install/hb_bot/bin'
[1.655s] Level 1:colcon.colcon_core.environment:checking '/home/akshar/eyrc_hb/hb_task_2_ws/install/hb_bot/lib/pkgconfig/hb_bot.pc'
[1.656s] Level 1:colcon.colcon_core.environment:checking '/home/akshar/eyrc_hb/hb_task_2_ws/install/hb_bot/lib/python3.10/site-packages'
[1.656s] Level 1:colcon.colcon_core.environment:checking '/home/akshar/eyrc_hb/hb_task_2_ws/install/hb_bot/bin'
[1.667s] INFO:colcon.colcon_core.shell:Creating package script '/home/akshar/eyrc_hb/hb_task_2_ws/install/hb_bot/share/hb_bot/package.ps1'
[1.668s] INFO:colcon.colcon_core.shell:Creating package descriptor '/home/akshar/eyrc_hb/hb_task_2_ws/install/hb_bot/share/hb_bot/package.dsv'
[1.668s] INFO:colcon.colcon_core.shell:Creating package script '/home/akshar/eyrc_hb/hb_task_2_ws/install/hb_bot/share/hb_bot/package.sh'
[1.668s] INFO:colcon.colcon_core.shell:Creating package script '/home/akshar/eyrc_hb/hb_task_2_ws/install/hb_bot/share/hb_bot/package.bash'
[1.669s] INFO:colcon.colcon_core.shell:Creating package script '/home/akshar/eyrc_hb/hb_task_2_ws/install/hb_bot/share/hb_bot/package.zsh'
[1.669s] Level 1:colcon.colcon_core.environment:create_file_with_runtime_dependencies(/home/akshar/eyrc_hb/hb_task_2_ws/install/hb_bot/share/colcon-core/packages/hb_bot)
[1.681s] Level 1:colcon.colcon_core.environment:create_environment_scripts_only(hb_world)
[1.693s] Level 1:colcon.colcon_core.environment:checking '/home/akshar/eyrc_hb/hb_task_2_ws/install/hb_world' for CMake module files
[1.693s] Level 1:colcon.colcon_core.environment:checking '/home/akshar/eyrc_hb/hb_task_2_ws/install/hb_world' for CMake config files
[1.694s] Level 1:colcon.colcon_core.shell:create_environment_hook('hb_world', 'cmake_prefix_path')
[1.705s] INFO:colcon.colcon_core.shell:Creating environment hook '/home/akshar/eyrc_hb/hb_task_2_ws/install/hb_world/share/hb_world/hook/cmake_prefix_path.ps1'
[1.705s] INFO:colcon.colcon_core.shell:Creating environment descriptor '/home/akshar/eyrc_hb/hb_task_2_ws/install/hb_world/share/hb_world/hook/cmake_prefix_path.dsv'
[1.706s] INFO:colcon.colcon_core.shell:Creating environment hook '/home/akshar/eyrc_hb/hb_task_2_ws/install/hb_world/share/hb_world/hook/cmake_prefix_path.sh'
[1.706s] Level 1:colcon.colcon_core.environment:checking '/home/akshar/eyrc_hb/hb_task_2_ws/install/hb_world/bin'
[1.706s] Level 1:colcon.colcon_core.environment:checking '/home/akshar/eyrc_hb/hb_task_2_ws/install/hb_world/lib/pkgconfig/hb_world.pc'
[1.706s] Level 1:colcon.colcon_core.environment:checking '/home/akshar/eyrc_hb/hb_task_2_ws/install/hb_world/lib/python3.10/site-packages'
[1.706s] Level 1:colcon.colcon_core.environment:checking '/home/akshar/eyrc_hb/hb_task_2_ws/install/hb_world/bin'
[1.718s] INFO:colcon.colcon_core.shell:Creating package script '/home/akshar/eyrc_hb/hb_task_2_ws/install/hb_world/share/hb_world/package.ps1'
[1.718s] INFO:colcon.colcon_core.shell:Creating package descriptor '/home/akshar/eyrc_hb/hb_task_2_ws/install/hb_world/share/hb_world/package.dsv'
[1.718s] INFO:colcon.colcon_core.shell:Creating package script '/home/akshar/eyrc_hb/hb_task_2_ws/install/hb_world/share/hb_world/package.sh'
[1.719s] INFO:colcon.colcon_core.shell:Creating package script '/home/akshar/eyrc_hb/hb_task_2_ws/install/hb_world/share/hb_world/package.bash'
[1.719s] INFO:colcon.colcon_core.shell:Creating package script '/home/akshar/eyrc_hb/hb_task_2_ws/install/hb_world/share/hb_world/package.zsh'
[1.720s] Level 1:colcon.colcon_core.environment:create_file_with_runtime_dependencies(/home/akshar/eyrc_hb/hb_task_2_ws/install/hb_world/share/colcon-core/packages/hb_world)
[1.781s] DEBUG:colcon.colcon_core.event_handler.log_command:Invoking command in '/home/akshar/eyrc_hb/hb_task_2_ws/src/hb_task2a': PYTHONPATH=/home/akshar/eyrc_hb/hb_task_2_ws/build/hb_task2a/prefix_override:/home/akshar/eyrc_hb/hb_task_2_ws/install/hb_task2a/lib/python3.10/site-packages:${PYTHONPATH} /usr/bin/python3 setup.py egg_info --egg-base ../../build/hb_task2a build --build-base /home/akshar/eyrc_hb/hb_task_2_ws/build/hb_task2a/build install --record /home/akshar/eyrc_hb/hb_task_2_ws/build/hb_task2a/install.log --single-version-externally-managed
[1.791s] DEBUG:colcon.colcon_core.event_handler.log_command:Invoked command in '/home/akshar/eyrc_hb/hb_task_2_ws/build/my_robot_interfaces' returned '0': CMAKE_PREFIX_PATH=${CMAKE_PREFIX_PATH}:/home/akshar/eyrc_hb/hb_task_2_ws/install/hb_task2a:/opt/ros/humble /usr/bin/cmake --build /home/akshar/eyrc_hb/hb_task_2_ws/build/my_robot_interfaces -- -j16 -l16
[1.861s] DEBUG:colcon.colcon_core.event_handler.log_command:Invoking command in '/home/akshar/eyrc_hb/hb_task_2_ws/build/my_robot_interfaces': CMAKE_PREFIX_PATH=${CMAKE_PREFIX_PATH}:/home/akshar/eyrc_hb/hb_task_2_ws/install/hb_task2a:/opt/ros/humble /usr/bin/cmake --install /home/akshar/eyrc_hb/hb_task_2_ws/build/my_robot_interfaces
[1.910s] Level 1:colcon.colcon_core.environment:create_environment_scripts_only(my_robot_interfaces)
[1.911s] DEBUG:colcon.colcon_core.event_handler.log_command:Invoked command in '/home/akshar/eyrc_hb/hb_task_2_ws/build/my_robot_interfaces' returned '0': CMAKE_PREFIX_PATH=${CMAKE_PREFIX_PATH}:/home/akshar/eyrc_hb/hb_task_2_ws/install/hb_task2a:/opt/ros/humble /usr/bin/cmake --install /home/akshar/eyrc_hb/hb_task_2_ws/build/my_robot_interfaces
[1.922s] Level 1:colcon.colcon_core.environment:checking '/home/akshar/eyrc_hb/hb_task_2_ws/install/my_robot_interfaces' for CMake module files
[1.923s] Level 1:colcon.colcon_core.environment:checking '/home/akshar/eyrc_hb/hb_task_2_ws/install/my_robot_interfaces' for CMake config files
[1.924s] Level 1:colcon.colcon_core.shell:create_environment_hook('my_robot_interfaces', 'cmake_prefix_path')
[1.934s] INFO:colcon.colcon_core.shell:Creating environment hook '/home/akshar/eyrc_hb/hb_task_2_ws/install/my_robot_interfaces/share/my_robot_interfaces/hook/cmake_prefix_path.ps1'
[1.935s] INFO:colcon.colcon_core.shell:Creating environment descriptor '/home/akshar/eyrc_hb/hb_task_2_ws/install/my_robot_interfaces/share/my_robot_interfaces/hook/cmake_prefix_path.dsv'
[1.935s] INFO:colcon.colcon_core.shell:Creating environment hook '/home/akshar/eyrc_hb/hb_task_2_ws/install/my_robot_interfaces/share/my_robot_interfaces/hook/cmake_prefix_path.sh'
[1.936s] Level 1:colcon.colcon_core.environment:checking '/home/akshar/eyrc_hb/hb_task_2_ws/install/my_robot_interfaces/lib'
[1.936s] Level 1:colcon.colcon_core.shell:create_environment_hook('my_robot_interfaces', 'ld_library_path_lib')
[1.946s] INFO:colcon.colcon_core.shell:Creating environment hook '/home/akshar/eyrc_hb/hb_task_2_ws/install/my_robot_interfaces/share/my_robot_interfaces/hook/ld_library_path_lib.ps1'
[1.947s] INFO:colcon.colcon_core.shell:Creating environment descriptor '/home/akshar/eyrc_hb/hb_task_2_ws/install/my_robot_interfaces/share/my_robot_interfaces/hook/ld_library_path_lib.dsv'
[1.947s] INFO:colcon.colcon_core.shell:Creating environment hook '/home/akshar/eyrc_hb/hb_task_2_ws/install/my_robot_interfaces/share/my_robot_interfaces/hook/ld_library_path_lib.sh'
[1.947s] Level 1:colcon.colcon_core.environment:checking '/home/akshar/eyrc_hb/hb_task_2_ws/install/my_robot_interfaces/bin'
[1.947s] Level 1:colcon.colcon_core.environment:checking '/home/akshar/eyrc_hb/hb_task_2_ws/install/my_robot_interfaces/lib/pkgconfig/my_robot_interfaces.pc'
[1.947s] Level 1:colcon.colcon_core.environment:checking '/home/akshar/eyrc_hb/hb_task_2_ws/install/my_robot_interfaces/lib/python3.10/site-packages'
[1.948s] Level 1:colcon.colcon_core.environment:checking '/home/akshar/eyrc_hb/hb_task_2_ws/install/my_robot_interfaces/bin'
[1.958s] INFO:colcon.colcon_core.shell:Creating package script '/home/akshar/eyrc_hb/hb_task_2_ws/install/my_robot_interfaces/share/my_robot_interfaces/package.ps1'
[1.958s] INFO:colcon.colcon_core.shell:Creating package descriptor '/home/akshar/eyrc_hb/hb_task_2_ws/install/my_robot_interfaces/share/my_robot_interfaces/package.dsv'
[1.959s] INFO:colcon.colcon_core.shell:Creating package script '/home/akshar/eyrc_hb/hb_task_2_ws/install/my_robot_interfaces/share/my_robot_interfaces/package.sh'
[1.959s] INFO:colcon.colcon_core.shell:Creating package script '/home/akshar/eyrc_hb/hb_task_2_ws/install/my_robot_interfaces/share/my_robot_interfaces/package.bash'
[1.959s] INFO:colcon.colcon_core.shell:Creating package script '/home/akshar/eyrc_hb/hb_task_2_ws/install/my_robot_interfaces/share/my_robot_interfaces/package.zsh'
[1.960s] Level 1:colcon.colcon_core.environment:create_file_with_runtime_dependencies(/home/akshar/eyrc_hb/hb_task_2_ws/install/my_robot_interfaces/share/colcon-core/packages/my_robot_interfaces)
[2.028s] DEBUG:colcon.colcon_core.event_handler.log_command:Invoked command in '/home/akshar/eyrc_hb/hb_task_2_ws/src/hb_task2a' returned '0': PYTHONPATH=/home/akshar/eyrc_hb/hb_task_2_ws/build/hb_task2a/prefix_override:/home/akshar/eyrc_hb/hb_task_2_ws/install/hb_task2a/lib/python3.10/site-packages:${PYTHONPATH} /usr/bin/python3 setup.py egg_info --egg-base ../../build/hb_task2a build --build-base /home/akshar/eyrc_hb/hb_task_2_ws/build/hb_task2a/build install --record /home/akshar/eyrc_hb/hb_task_2_ws/build/hb_task2a/install.log --single-version-externally-managed
[2.039s] Level 1:colcon.colcon_core.environment:checking '/home/akshar/eyrc_hb/hb_task_2_ws/install/hb_task2a' for CMake module files
[2.039s] Level 1:colcon.colcon_core.environment:checking '/home/akshar/eyrc_hb/hb_task_2_ws/install/hb_task2a' for CMake config files
[2.040s] Level 1:colcon.colcon_core.environment:checking '/home/akshar/eyrc_hb/hb_task_2_ws/install/hb_task2a/lib'
[2.040s] Level 1:colcon.colcon_core.environment:checking '/home/akshar/eyrc_hb/hb_task_2_ws/install/hb_task2a/bin'
[2.040s] Level 1:colcon.colcon_core.environment:checking '/home/akshar/eyrc_hb/hb_task_2_ws/install/hb_task2a/lib/pkgconfig/hb_task2a.pc'
[2.040s] Level 1:colcon.colcon_core.environment:checking '/home/akshar/eyrc_hb/hb_task_2_ws/install/hb_task2a/lib/python3.10/site-packages'
[2.040s] Level 1:colcon.colcon_core.shell:create_environment_hook('hb_task2a', 'pythonpath')
[2.050s] INFO:colcon.colcon_core.shell:Creating environment hook '/home/akshar/eyrc_hb/hb_task_2_ws/install/hb_task2a/share/hb_task2a/hook/pythonpath.ps1'
[2.051s] INFO:colcon.colcon_core.shell:Creating environment descriptor '/home/akshar/eyrc_hb/hb_task_2_ws/install/hb_task2a/share/hb_task2a/hook/pythonpath.dsv'
[2.051s] INFO:colcon.colcon_core.shell:Creating environment hook '/home/akshar/eyrc_hb/hb_task_2_ws/install/hb_task2a/share/hb_task2a/hook/pythonpath.sh'
[2.051s] Level 1:colcon.colcon_core.environment:checking '/home/akshar/eyrc_hb/hb_task_2_ws/install/hb_task2a/bin'
[2.052s] Level 1:colcon.colcon_core.environment:create_environment_scripts_only(hb_task2a)
[2.061s] INFO:colcon.colcon_core.shell:Creating package script '/home/akshar/eyrc_hb/hb_task_2_ws/install/hb_task2a/share/hb_task2a/package.ps1'
[2.062s] INFO:colcon.colcon_core.shell:Creating package descriptor '/home/akshar/eyrc_hb/hb_task_2_ws/install/hb_task2a/share/hb_task2a/package.dsv'
[2.062s] INFO:colcon.colcon_core.shell:Creating package script '/home/akshar/eyrc_hb/hb_task_2_ws/install/hb_task2a/share/hb_task2a/package.sh'
[2.062s] INFO:colcon.colcon_core.shell:Creating package script '/home/akshar/eyrc_hb/hb_task_2_ws/install/hb_task2a/share/hb_task2a/package.bash'
[2.063s] INFO:colcon.colcon_core.shell:Creating package script '/home/akshar/eyrc_hb/hb_task_2_ws/install/hb_task2a/share/hb_task2a/package.zsh'
[2.063s] Level 1:colcon.colcon_core.environment:create_file_with_runtime_dependencies(/home/akshar/eyrc_hb/hb_task_2_ws/install/hb_task2a/share/colcon-core/packages/hb_task2a)
[2.074s] Level 1:colcon.colcon_core.environment:create_environment_scripts_only(my_robot_interfaces)
[2.084s] Level 1:colcon.colcon_core.environment:checking '/home/akshar/eyrc_hb/hb_task_2_ws/install/my_robot_interfaces' for CMake module files
[2.084s] Level 1:colcon.colcon_core.environment:checking '/home/akshar/eyrc_hb/hb_task_2_ws/install/my_robot_interfaces' for CMake config files
[2.085s] Level 1:colcon.colcon_core.shell:create_environment_hook('my_robot_interfaces', 'cmake_prefix_path')
[2.095s] INFO:colcon.colcon_core.shell:Creating environment hook '/home/akshar/eyrc_hb/hb_task_2_ws/install/my_robot_interfaces/share/my_robot_interfaces/hook/cmake_prefix_path.ps1'
[2.095s] INFO:colcon.colcon_core.shell:Creating environment descriptor '/home/akshar/eyrc_hb/hb_task_2_ws/install/my_robot_interfaces/share/my_robot_interfaces/hook/cmake_prefix_path.dsv'
[2.096s] INFO:colcon.colcon_core.shell:Creating environment hook '/home/akshar/eyrc_hb/hb_task_2_ws/install/my_robot_interfaces/share/my_robot_interfaces/hook/cmake_prefix_path.sh'
[2.096s] Level 1:colcon.colcon_core.environment:checking '/home/akshar/eyrc_hb/hb_task_2_ws/install/my_robot_interfaces/lib'
[2.096s] Level 1:colcon.colcon_core.shell:create_environment_hook('my_robot_interfaces', 'ld_library_path_lib')
[2.106s] INFO:colcon.colcon_core.shell:Creating environment hook '/home/akshar/eyrc_hb/hb_task_2_ws/install/my_robot_interfaces/share/my_robot_interfaces/hook/ld_library_path_lib.ps1'
[2.106s] INFO:colcon.colcon_core.shell:Creating environment descriptor '/home/akshar/eyrc_hb/hb_task_2_ws/install/my_robot_interfaces/share/my_robot_interfaces/hook/ld_library_path_lib.dsv'
[2.107s] INFO:colcon.colcon_core.shell:Creating environment hook '/home/akshar/eyrc_hb/hb_task_2_ws/install/my_robot_interfaces/share/my_robot_interfaces/hook/ld_library_path_lib.sh'
[2.107s] Level 1:colcon.colcon_core.environment:checking '/home/akshar/eyrc_hb/hb_task_2_ws/install/my_robot_interfaces/bin'
[2.107s] Level 1:colcon.colcon_core.environment:checking '/home/akshar/eyrc_hb/hb_task_2_ws/install/my_robot_interfaces/lib/pkgconfig/my_robot_interfaces.pc'
[2.107s] Level 1:colcon.colcon_core.environment:checking '/home/akshar/eyrc_hb/hb_task_2_ws/install/my_robot_interfaces/lib/python3.10/site-packages'
[2.107s] Level 1:colcon.colcon_core.environment:checking '/home/akshar/eyrc_hb/hb_task_2_ws/install/my_robot_interfaces/bin'
[2.117s] INFO:colcon.colcon_core.shell:Creating package script '/home/akshar/eyrc_hb/hb_task_2_ws/install/my_robot_interfaces/share/my_robot_interfaces/package.ps1'
[2.118s] INFO:colcon.colcon_core.shell:Creating package descriptor '/home/akshar/eyrc_hb/hb_task_2_ws/install/my_robot_interfaces/share/my_robot_interfaces/package.dsv'
[2.118s] INFO:colcon.colcon_core.shell:Creating package script '/home/akshar/eyrc_hb/hb_task_2_ws/install/my_robot_interfaces/share/my_robot_interfaces/package.sh'
[2.119s] INFO:colcon.colcon_core.shell:Creating package script '/home/akshar/eyrc_hb/hb_task_2_ws/install/my_robot_interfaces/share/my_robot_interfaces/package.bash'
[2.119s] INFO:colcon.colcon_core.shell:Creating package script '/home/akshar/eyrc_hb/hb_task_2_ws/install/my_robot_interfaces/share/my_robot_interfaces/package.zsh'
[2.119s] Level 1:colcon.colcon_core.environment:create_file_with_runtime_dependencies(/home/akshar/eyrc_hb/hb_task_2_ws/install/my_robot_interfaces/share/colcon-core/packages/my_robot_interfaces)
[2.119s] DEBUG:colcon.colcon_parallel_executor.executor.parallel:closing loop
[2.120s] DEBUG:colcon.colcon_parallel_executor.executor.parallel:loop closed
[2.120s] DEBUG:colcon.colcon_parallel_executor.executor.parallel:run_until_complete finished with '0'
[2.120s] DEBUG:colcon.colcon_core.event_reactor:joining thread
[2.152s] INFO:colcon.colcon_core.plugin_system:Skipping extension 'colcon_notification.desktop_notification.terminal_notifier': Not used on non-Darwin systems
[2.152s] INFO:colcon.colcon_core.plugin_system:Skipping extension 'colcon_notification.desktop_notification.win32': Not used on non-Windows systems
[2.152s] INFO:colcon.colcon_notification.desktop_notification:Sending desktop notification using 'notify2'
[2.172s] DEBUG:colcon.colcon_core.event_reactor:joined thread
[2.184s] INFO:colcon.colcon_core.shell:Creating prefix script '/home/akshar/eyrc_hb/hb_task_2_ws/install/local_setup.ps1'
[2.184s] INFO:colcon.colcon_core.shell:Creating prefix util module '/home/akshar/eyrc_hb/hb_task_2_ws/install/_local_setup_util_ps1.py'
[2.185s] INFO:colcon.colcon_core.shell:Creating prefix chain script '/home/akshar/eyrc_hb/hb_task_2_ws/install/setup.ps1'
[2.197s] INFO:colcon.colcon_core.shell:Creating prefix script '/home/akshar/eyrc_hb/hb_task_2_ws/install/local_setup.sh'
[2.198s] INFO:colcon.colcon_core.shell:Creating prefix util module '/home/akshar/eyrc_hb/hb_task_2_ws/install/_local_setup_util_sh.py'
[2.198s] INFO:colcon.colcon_core.shell:Creating prefix chain script '/home/akshar/eyrc_hb/hb_task_2_ws/install/setup.sh'
[2.210s] INFO:colcon.colcon_core.shell:Creating prefix script '/home/akshar/eyrc_hb/hb_task_2_ws/install/local_setup.bash'
[2.211s] INFO:colcon.colcon_core.shell:Creating prefix chain script '/home/akshar/eyrc_hb/hb_task_2_ws/install/setup.bash'
[2.222s] INFO:colcon.colcon_core.shell:Creating prefix script '/home/akshar/eyrc_hb/hb_task_2_ws/install/local_setup.zsh'
[2.222s] INFO:colcon.colcon_core.shell:Creating prefix chain script '/home/akshar/eyrc_hb/hb_task_2_ws/install/setup.zsh'
