[0.595s] Invoking command in '/home/premsai/eyrc23_HB_1282/hb_task6_ws/src/hb_taskbonus': PYTHONPATH=/home/premsai/eyrc23_HB_1282/hb_task6_ws/build/hb_taskbonus/prefix_override:/home/premsai/eyrc23_HB_1282/hb_task6_ws/install/hb_taskbonus/lib/python3.10/site-packages:${PYTHONPATH} /usr/bin/python3 setup.py egg_info --egg-base ../../build/hb_taskbonus build --build-base /home/premsai/eyrc23_HB_1282/hb_task6_ws/build/hb_taskbonus/build install --record /home/premsai/eyrc23_HB_1282/hb_task6_ws/build/hb_taskbonus/install.log --single-version-externally-managed
[0.740s] running egg_info
[0.740s] writing ../../build/hb_taskbonus/hb_taskbonus.egg-info/PKG-INFO
[0.740s] writing dependency_links to ../../build/hb_taskbonus/hb_taskbonus.egg-info/dependency_links.txt
[0.740s] writing entry points to ../../build/hb_taskbonus/hb_taskbonus.egg-info/entry_points.txt
[0.740s] writing requirements to ../../build/hb_taskbonus/hb_taskbonus.egg-info/requires.txt
[0.740s] writing top-level names to ../../build/hb_taskbonus/hb_taskbonus.egg-info/top_level.txt
[0.742s] reading manifest file '../../build/hb_taskbonus/hb_taskbonus.egg-info/SOURCES.txt'
[0.742s] writing manifest file '../../build/hb_taskbonus/hb_taskbonus.egg-info/SOURCES.txt'
[0.742s] running build
[0.742s] running build_py
[0.742s] copying hb_taskbonus/image_utlis.py -> /home/premsai/eyrc23_HB_1282/hb_task6_ws/build/hb_taskbonus/build/lib/hb_taskbonus
[0.742s] running install
[0.743s] /usr/lib/python3/dist-packages/setuptools/command/install.py:34: SetuptoolsDeprecationWarning: setup.py install is deprecated. Use build and pip and other standards-based tools.
[0.743s]   warnings.warn(
[0.743s] running install_lib
[0.743s] copying /home/premsai/eyrc23_HB_1282/hb_task6_ws/build/hb_taskbonus/build/lib/hb_taskbonus/image_utlis.py -> /home/premsai/eyrc23_HB_1282/hb_task6_ws/install/hb_taskbonus/lib/python3.10/site-packages/hb_taskbonus
[0.745s] byte-compiling /home/premsai/eyrc23_HB_1282/hb_task6_ws/install/hb_taskbonus/lib/python3.10/site-packages/hb_taskbonus/image_utlis.py to image_utlis.cpython-310.pyc
[0.747s] running install_data
[0.748s] copying package.xml -> /home/premsai/eyrc23_HB_1282/hb_task6_ws/install/hb_taskbonus/share/hb_taskbonus
[0.748s] running install_egg_info
[0.749s] removing '/home/premsai/eyrc23_HB_1282/hb_task6_ws/install/hb_taskbonus/lib/python3.10/site-packages/hb_taskbonus-0.0.0-py3.10.egg-info' (and everything under it)
[0.750s] Copying ../../build/hb_taskbonus/hb_taskbonus.egg-info to /home/premsai/eyrc23_HB_1282/hb_task6_ws/install/hb_taskbonus/lib/python3.10/site-packages/hb_taskbonus-0.0.0-py3.10.egg-info
[0.750s] running install_scripts
[0.767s] Installing controller1 script to /home/premsai/eyrc23_HB_1282/hb_task6_ws/install/hb_taskbonus/lib/hb_taskbonus
[0.768s] Installing feedback script to /home/premsai/eyrc23_HB_1282/hb_task6_ws/install/hb_taskbonus/lib/hb_taskbonus
[0.768s] Installing imgutl script to /home/premsai/eyrc23_HB_1282/hb_task6_ws/install/hb_taskbonus/lib/hb_taskbonus
[0.768s] Installing interp1 script to /home/premsai/eyrc23_HB_1282/hb_task6_ws/install/hb_taskbonus/lib/hb_taskbonus
[0.768s] Installing map1 script to /home/premsai/eyrc23_HB_1282/hb_task6_ws/install/hb_taskbonus/lib/hb_taskbonus
[0.768s] Installing nextGoal1 script to /home/premsai/eyrc23_HB_1282/hb_task6_ws/install/hb_taskbonus/lib/hb_taskbonus
[0.768s] Installing nextGoalfunc script to /home/premsai/eyrc23_HB_1282/hb_task6_ws/install/hb_taskbonus/lib/hb_taskbonus
[0.768s] writing list of installed files to '/home/premsai/eyrc23_HB_1282/hb_task6_ws/build/hb_taskbonus/install.log'
[0.792s] Invoked command in '/home/premsai/eyrc23_HB_1282/hb_task6_ws/src/hb_taskbonus' returned '0': PYTHONPATH=/home/premsai/eyrc23_HB_1282/hb_task6_ws/build/hb_taskbonus/prefix_override:/home/premsai/eyrc23_HB_1282/hb_task6_ws/install/hb_taskbonus/lib/python3.10/site-packages:${PYTHONPATH} /usr/bin/python3 setup.py egg_info --egg-base ../../build/hb_taskbonus build --build-base /home/premsai/eyrc23_HB_1282/hb_task6_ws/build/hb_taskbonus/build install --record /home/premsai/eyrc23_HB_1282/hb_task6_ws/build/hb_taskbonus/install.log --single-version-externally-managed
