[1.375s] Invoking command in '/home/akshar/eyrc_hb/hb_task6_ws/src/hb_task6': PYTHONPATH=/home/akshar/eyrc_hb/hb_task6_ws/build/hb_task6/prefix_override:/home/akshar/eyrc_hb/hb_task6_ws/install/hb_task6/lib/python3.10/site-packages:${PYTHONPATH} /usr/bin/python3 setup.py egg_info --egg-base ../../build/hb_task6 build --build-base /home/akshar/eyrc_hb/hb_task6_ws/build/hb_task6/build install --record /home/akshar/eyrc_hb/hb_task6_ws/build/hb_task6/install.log --single-version-externally-managed
[1.645s] running egg_info
[1.645s] writing ../../build/hb_task6/hb_task6.egg-info/PKG-INFO
[1.645s] writing dependency_links to ../../build/hb_task6/hb_task6.egg-info/dependency_links.txt
[1.646s] writing entry points to ../../build/hb_task6/hb_task6.egg-info/entry_points.txt
[1.646s] writing requirements to ../../build/hb_task6/hb_task6.egg-info/requires.txt
[1.646s] writing top-level names to ../../build/hb_task6/hb_task6.egg-info/top_level.txt
[1.648s] reading manifest file '../../build/hb_task6/hb_task6.egg-info/SOURCES.txt'
[1.649s] writing manifest file '../../build/hb_task6/hb_task6.egg-info/SOURCES.txt'
[1.650s] running build
[1.650s] running build_py
[1.651s] /usr/lib/python3/dist-packages/setuptools/command/install.py:34: SetuptoolsDeprecationWarning: setup.py install is deprecated. Use build and pip and other standards-based tools.
[1.651s]   warnings.warn(
[1.651s] running install
[1.651s] running install_lib
[1.654s] running install_data
[1.654s] running install_egg_info
[1.654s] removing '/home/akshar/eyrc_hb/hb_task6_ws/install/hb_task6/lib/python3.10/site-packages/hb_task6-0.0.0-py3.10.egg-info' (and everything under it)
[1.655s] Copying ../../build/hb_task6/hb_task6.egg-info to /home/akshar/eyrc_hb/hb_task6_ws/install/hb_task6/lib/python3.10/site-packages/hb_task6-0.0.0-py3.10.egg-info
[1.656s] running install_scripts
[1.680s] Installing StopFlag script to /home/akshar/eyrc_hb/hb_task6_ws/install/hb_task6/lib/hb_task6
[1.680s] Installing controller script to /home/akshar/eyrc_hb/hb_task6_ws/install/hb_task6/lib/hb_task6
[1.681s] Installing controllerik script to /home/akshar/eyrc_hb/hb_task6_ws/install/hb_task6/lib/hb_task6
[1.681s] Installing controllerik2 script to /home/akshar/eyrc_hb/hb_task6_ws/install/hb_task6/lib/hb_task6
[1.683s] Installing controllerik3 script to /home/akshar/eyrc_hb/hb_task6_ws/install/hb_task6/lib/hb_task6
[1.683s] Installing feedback script to /home/akshar/eyrc_hb/hb_task6_ws/install/hb_task6/lib/hb_task6
[1.684s] Installing img script to /home/akshar/eyrc_hb/hb_task6_ws/install/hb_task6/lib/hb_task6
[1.684s] Installing interp script to /home/akshar/eyrc_hb/hb_task6_ws/install/hb_task6/lib/hb_task6
[1.684s] Installing interp2 script to /home/akshar/eyrc_hb/hb_task6_ws/install/hb_task6/lib/hb_task6
[1.684s] Installing interp3 script to /home/akshar/eyrc_hb/hb_task6_ws/install/hb_task6/lib/hb_task6
[1.685s] Installing map script to /home/akshar/eyrc_hb/hb_task6_ws/install/hb_task6/lib/hb_task6
[1.685s] Installing map2 script to /home/akshar/eyrc_hb/hb_task6_ws/install/hb_task6/lib/hb_task6
[1.685s] Installing map3 script to /home/akshar/eyrc_hb/hb_task6_ws/install/hb_task6/lib/hb_task6
[1.686s] Installing nextgoal script to /home/akshar/eyrc_hb/hb_task6_ws/install/hb_task6/lib/hb_task6
[1.686s] Installing server script to /home/akshar/eyrc_hb/hb_task6_ws/install/hb_task6/lib/hb_task6
[1.686s] Installing startFlag script to /home/akshar/eyrc_hb/hb_task6_ws/install/hb_task6/lib/hb_task6
[1.686s] writing list of installed files to '/home/akshar/eyrc_hb/hb_task6_ws/build/hb_task6/install.log'
[1.807s] Invoked command in '/home/akshar/eyrc_hb/hb_task6_ws/src/hb_task6' returned '0': PYTHONPATH=/home/akshar/eyrc_hb/hb_task6_ws/build/hb_task6/prefix_override:/home/akshar/eyrc_hb/hb_task6_ws/install/hb_task6/lib/python3.10/site-packages:${PYTHONPATH} /usr/bin/python3 setup.py egg_info --egg-base ../../build/hb_task6 build --build-base /home/akshar/eyrc_hb/hb_task6_ws/build/hb_task6/build install --record /home/akshar/eyrc_hb/hb_task6_ws/build/hb_task6/install.log --single-version-externally-managed
