[0.579s] Invoking command in '/home/akshar/eyrc_hb/hb_task_4/src/hb_task4': PYTHONPATH=/home/akshar/eyrc_hb/hb_task_4/build/hb_task4/prefix_override:/home/akshar/eyrc_hb/hb_task_4/install/hb_task4/lib/python3.10/site-packages:${PYTHONPATH} /usr/bin/python3 setup.py egg_info --egg-base ../../build/hb_task4 build --build-base /home/akshar/eyrc_hb/hb_task_4/build/hb_task4/build install --record /home/akshar/eyrc_hb/hb_task_4/build/hb_task4/install.log --single-version-externally-managed
[0.759s] running egg_info
[0.760s] writing ../../build/hb_task4/hb_task4.egg-info/PKG-INFO
[0.760s] writing dependency_links to ../../build/hb_task4/hb_task4.egg-info/dependency_links.txt
[0.760s] writing entry points to ../../build/hb_task4/hb_task4.egg-info/entry_points.txt
[0.760s] writing requirements to ../../build/hb_task4/hb_task4.egg-info/requires.txt
[0.760s] writing top-level names to ../../build/hb_task4/hb_task4.egg-info/top_level.txt
[0.761s] reading manifest file '../../build/hb_task4/hb_task4.egg-info/SOURCES.txt'
[0.763s] writing manifest file '../../build/hb_task4/hb_task4.egg-info/SOURCES.txt'
[0.763s] running build
[0.763s] running build_py
[0.763s] copying hb_task4/publish_test.py -> /home/akshar/eyrc_hb/hb_task_4/build/hb_task4/build/lib/hb_task4
[0.763s] running install
[0.764s] /usr/lib/python3/dist-packages/setuptools/command/install.py:34: SetuptoolsDeprecationWarning: setup.py install is deprecated. Use build and pip and other standards-based tools.
[0.764s]   warnings.warn(
[0.764s] running install_lib
[0.764s] copying /home/akshar/eyrc_hb/hb_task_4/build/hb_task4/build/lib/hb_task4/publish_test.py -> /home/akshar/eyrc_hb/hb_task_4/install/hb_task4/lib/python3.10/site-packages/hb_task4
[0.765s] byte-compiling /home/akshar/eyrc_hb/hb_task_4/install/hb_task4/lib/python3.10/site-packages/hb_task4/publish_test.py to publish_test.cpython-310.pyc
[0.766s] running install_data
[0.767s] running install_egg_info
[0.768s] removing '/home/akshar/eyrc_hb/hb_task_4/install/hb_task4/lib/python3.10/site-packages/hb_task4-0.0.0-py3.10.egg-info' (and everything under it)
[0.768s] Copying ../../build/hb_task4/hb_task4.egg-info to /home/akshar/eyrc_hb/hb_task_4/install/hb_task4/lib/python3.10/site-packages/hb_task4-0.0.0-py3.10.egg-info
[0.769s] running install_scripts
[0.786s] Installing feedback script to /home/akshar/eyrc_hb/hb_task_4/install/hb_task4/lib/hb_task4
[0.786s] Installing subs script to /home/akshar/eyrc_hb/hb_task_4/install/hb_task4/lib/hb_task4
[0.786s] Installing test script to /home/akshar/eyrc_hb/hb_task_4/install/hb_task4/lib/hb_task4
[0.787s] writing list of installed files to '/home/akshar/eyrc_hb/hb_task_4/build/hb_task4/install.log'
[0.808s] Invoked command in '/home/akshar/eyrc_hb/hb_task_4/src/hb_task4' returned '0': PYTHONPATH=/home/akshar/eyrc_hb/hb_task_4/build/hb_task4/prefix_override:/home/akshar/eyrc_hb/hb_task_4/install/hb_task4/lib/python3.10/site-packages:${PYTHONPATH} /usr/bin/python3 setup.py egg_info --egg-base ../../build/hb_task4 build --build-base /home/akshar/eyrc_hb/hb_task_4/build/hb_task4/build install --record /home/akshar/eyrc_hb/hb_task_4/build/hb_task4/install.log --single-version-externally-managed
