[0.774s] Invoking command in '/home/akshar/eyrc_hb/hb_task_2_ws/src/hb_task2a': PYTHONPATH=/home/akshar/eyrc_hb/hb_task_2_ws/build/hb_task2a/prefix_override:/home/akshar/eyrc_hb/hb_task_2_ws/install/hb_task2a/lib/python3.10/site-packages:${PYTHONPATH} /usr/bin/python3 setup.py egg_info --egg-base ../../build/hb_task2a build --build-base /home/akshar/eyrc_hb/hb_task_2_ws/build/hb_task2a/build install --record /home/akshar/eyrc_hb/hb_task_2_ws/build/hb_task2a/install.log --single-version-externally-managed
[0.958s] running egg_info
[0.959s] writing ../../build/hb_task2a/hb_task2a.egg-info/PKG-INFO
[0.959s] writing dependency_links to ../../build/hb_task2a/hb_task2a.egg-info/dependency_links.txt
[0.959s] writing entry points to ../../build/hb_task2a/hb_task2a.egg-info/entry_points.txt
[0.959s] writing requirements to ../../build/hb_task2a/hb_task2a.egg-info/requires.txt
[0.959s] writing top-level names to ../../build/hb_task2a/hb_task2a.egg-info/top_level.txt
[0.960s] reading manifest file '../../build/hb_task2a/hb_task2a.egg-info/SOURCES.txt'
[0.961s] writing manifest file '../../build/hb_task2a/hb_task2a.egg-info/SOURCES.txt'
[0.961s] running build
[0.961s] running build_py
[0.961s] copying hb_task2a/controller.py -> /home/akshar/eyrc_hb/hb_task_2_ws/build/hb_task2a/build/lib/hb_task2a
[0.962s] copying hb_task2a/service_node.py -> /home/akshar/eyrc_hb/hb_task_2_ws/build/hb_task2a/build/lib/hb_task2a
[0.962s] running install
[0.962s] /usr/lib/python3/dist-packages/setuptools/command/install.py:34: SetuptoolsDeprecationWarning: setup.py install is deprecated. Use build and pip and other standards-based tools.
[0.962s]   warnings.warn(
[0.962s] running install_lib
[0.963s] copying /home/akshar/eyrc_hb/hb_task_2_ws/build/hb_task2a/build/lib/hb_task2a/controller.py -> /home/akshar/eyrc_hb/hb_task_2_ws/install/hb_task2a/lib/python3.10/site-packages/hb_task2a
[0.963s] copying /home/akshar/eyrc_hb/hb_task_2_ws/build/hb_task2a/build/lib/hb_task2a/service_node.py -> /home/akshar/eyrc_hb/hb_task_2_ws/install/hb_task2a/lib/python3.10/site-packages/hb_task2a
[0.963s] byte-compiling /home/akshar/eyrc_hb/hb_task_2_ws/install/hb_task2a/lib/python3.10/site-packages/hb_task2a/controller.py to controller.cpython-310.pyc
[0.964s] byte-compiling /home/akshar/eyrc_hb/hb_task_2_ws/install/hb_task2a/lib/python3.10/site-packages/hb_task2a/service_node.py to service_node.cpython-310.pyc
[0.966s] running install_data
[0.966s] running install_egg_info
[0.968s] removing '/home/akshar/eyrc_hb/hb_task_2_ws/install/hb_task2a/lib/python3.10/site-packages/hb_task2a-0.0.0-py3.10.egg-info' (and everything under it)
[0.968s] Copying ../../build/hb_task2a/hb_task2a.egg-info to /home/akshar/eyrc_hb/hb_task_2_ws/install/hb_task2a/lib/python3.10/site-packages/hb_task2a-0.0.0-py3.10.egg-info
[0.969s] running install_scripts
[0.988s] Installing controller script to /home/akshar/eyrc_hb/hb_task_2_ws/install/hb_task2a/lib/hb_task2a
[0.989s] Installing feedback script to /home/akshar/eyrc_hb/hb_task_2_ws/install/hb_task2a/lib/hb_task2a
[0.989s] Installing hb_task1b.launch.py script to /home/akshar/eyrc_hb/hb_task_2_ws/install/hb_task2a/lib/hb_task2a
[0.989s] Installing service_node script to /home/akshar/eyrc_hb/hb_task_2_ws/install/hb_task2a/lib/hb_task2a
[0.989s] writing list of installed files to '/home/akshar/eyrc_hb/hb_task_2_ws/build/hb_task2a/install.log'
[1.081s] Invoked command in '/home/akshar/eyrc_hb/hb_task_2_ws/src/hb_task2a' returned '0': PYTHONPATH=/home/akshar/eyrc_hb/hb_task_2_ws/build/hb_task2a/prefix_override:/home/akshar/eyrc_hb/hb_task_2_ws/install/hb_task2a/lib/python3.10/site-packages:${PYTHONPATH} /usr/bin/python3 setup.py egg_info --egg-base ../../build/hb_task2a build --build-base /home/akshar/eyrc_hb/hb_task_2_ws/build/hb_task2a/build install --record /home/akshar/eyrc_hb/hb_task_2_ws/build/hb_task2a/install.log --single-version-externally-managed
