[0.567s] Invoking command in '/home/premsai/eyrc23_HB_1282/hb_task6_ws/src/hb_taskbonus': PYTHONPATH=/home/premsai/eyrc23_HB_1282/hb_task6_ws/build/hb_taskbonus/prefix_override:/home/premsai/eyrc23_HB_1282/hb_task6_ws/install/hb_taskbonus/lib/python3.10/site-packages:${PYTHONPATH} /usr/bin/python3 setup.py egg_info --egg-base ../../build/hb_taskbonus build --build-base /home/premsai/eyrc23_HB_1282/hb_task6_ws/build/hb_taskbonus/build install --record /home/premsai/eyrc23_HB_1282/hb_task6_ws/build/hb_taskbonus/install.log --single-version-externally-managed
[0.694s] running egg_info
[0.694s] creating ../../build/hb_taskbonus/hb_taskbonus.egg-info
[0.695s] writing ../../build/hb_taskbonus/hb_taskbonus.egg-info/PKG-INFO
[0.695s] writing dependency_links to ../../build/hb_taskbonus/hb_taskbonus.egg-info/dependency_links.txt
[0.695s] writing entry points to ../../build/hb_taskbonus/hb_taskbonus.egg-info/entry_points.txt
[0.695s] writing requirements to ../../build/hb_taskbonus/hb_taskbonus.egg-info/requires.txt
[0.696s] writing top-level names to ../../build/hb_taskbonus/hb_taskbonus.egg-info/top_level.txt
[0.696s] writing manifest file '../../build/hb_taskbonus/hb_taskbonus.egg-info/SOURCES.txt'
[0.696s] reading manifest file '../../build/hb_taskbonus/hb_taskbonus.egg-info/SOURCES.txt'
[0.697s] writing manifest file '../../build/hb_taskbonus/hb_taskbonus.egg-info/SOURCES.txt'
[0.697s] running build
[0.697s] running build_py
[0.697s] creating /home/premsai/eyrc23_HB_1282/hb_task6_ws/build/hb_taskbonus/build
[0.698s] creating /home/premsai/eyrc23_HB_1282/hb_task6_ws/build/hb_taskbonus/build/lib
[0.699s] creating /home/premsai/eyrc23_HB_1282/hb_task6_ws/build/hb_taskbonus/build/lib/hb_taskbonus
[0.699s] copying hb_taskbonus/feedback.py -> /home/premsai/eyrc23_HB_1282/hb_task6_ws/build/hb_taskbonus/build/lib/hb_taskbonus
[0.699s] copying hb_taskbonus/nextGoal_function.py -> /home/premsai/eyrc23_HB_1282/hb_task6_ws/build/hb_taskbonus/build/lib/hb_taskbonus
[0.699s] copying hb_taskbonus/nextGoal_image2.py -> /home/premsai/eyrc23_HB_1282/hb_task6_ws/build/hb_taskbonus/build/lib/hb_taskbonus
[0.699s] copying hb_taskbonus/interpolation.py -> /home/premsai/eyrc23_HB_1282/hb_task6_ws/build/hb_taskbonus/build/lib/hb_taskbonus
[0.699s] copying hb_taskbonus/nextGoal_image1.py -> /home/premsai/eyrc23_HB_1282/hb_task6_ws/build/hb_taskbonus/build/lib/hb_taskbonus
[0.699s] copying hb_taskbonus/image_utlis.py -> /home/premsai/eyrc23_HB_1282/hb_task6_ws/build/hb_taskbonus/build/lib/hb_taskbonus
[0.699s] copying hb_taskbonus/__init__.py -> /home/premsai/eyrc23_HB_1282/hb_task6_ws/build/hb_taskbonus/build/lib/hb_taskbonus
[0.699s] copying hb_taskbonus/mapping.py -> /home/premsai/eyrc23_HB_1282/hb_task6_ws/build/hb_taskbonus/build/lib/hb_taskbonus
[0.699s] copying hb_taskbonus/controller1.py -> /home/premsai/eyrc23_HB_1282/hb_task6_ws/build/hb_taskbonus/build/lib/hb_taskbonus
[0.699s] running install
[0.699s] /usr/lib/python3/dist-packages/setuptools/command/install.py:34: SetuptoolsDeprecationWarning: setup.py install is deprecated. Use build and pip and other standards-based tools.
[0.699s]   warnings.warn(
[0.699s] running install_lib
[0.699s] creating /home/premsai/eyrc23_HB_1282/hb_task6_ws/install/hb_taskbonus/lib/python3.10/site-packages/hb_taskbonus
[0.699s] copying /home/premsai/eyrc23_HB_1282/hb_task6_ws/build/hb_taskbonus/build/lib/hb_taskbonus/feedback.py -> /home/premsai/eyrc23_HB_1282/hb_task6_ws/install/hb_taskbonus/lib/python3.10/site-packages/hb_taskbonus
[0.699s] copying /home/premsai/eyrc23_HB_1282/hb_task6_ws/build/hb_taskbonus/build/lib/hb_taskbonus/nextGoal_function.py -> /home/premsai/eyrc23_HB_1282/hb_task6_ws/install/hb_taskbonus/lib/python3.10/site-packages/hb_taskbonus
[0.700s] copying /home/premsai/eyrc23_HB_1282/hb_task6_ws/build/hb_taskbonus/build/lib/hb_taskbonus/nextGoal_image2.py -> /home/premsai/eyrc23_HB_1282/hb_task6_ws/install/hb_taskbonus/lib/python3.10/site-packages/hb_taskbonus
[0.700s] copying /home/premsai/eyrc23_HB_1282/hb_task6_ws/build/hb_taskbonus/build/lib/hb_taskbonus/interpolation.py -> /home/premsai/eyrc23_HB_1282/hb_task6_ws/install/hb_taskbonus/lib/python3.10/site-packages/hb_taskbonus
[0.700s] copying /home/premsai/eyrc23_HB_1282/hb_task6_ws/build/hb_taskbonus/build/lib/hb_taskbonus/nextGoal_image1.py -> /home/premsai/eyrc23_HB_1282/hb_task6_ws/install/hb_taskbonus/lib/python3.10/site-packages/hb_taskbonus
[0.700s] copying /home/premsai/eyrc23_HB_1282/hb_task6_ws/build/hb_taskbonus/build/lib/hb_taskbonus/image_utlis.py -> /home/premsai/eyrc23_HB_1282/hb_task6_ws/install/hb_taskbonus/lib/python3.10/site-packages/hb_taskbonus
[0.700s] copying /home/premsai/eyrc23_HB_1282/hb_task6_ws/build/hb_taskbonus/build/lib/hb_taskbonus/__init__.py -> /home/premsai/eyrc23_HB_1282/hb_task6_ws/install/hb_taskbonus/lib/python3.10/site-packages/hb_taskbonus
[0.700s] copying /home/premsai/eyrc23_HB_1282/hb_task6_ws/build/hb_taskbonus/build/lib/hb_taskbonus/mapping.py -> /home/premsai/eyrc23_HB_1282/hb_task6_ws/install/hb_taskbonus/lib/python3.10/site-packages/hb_taskbonus
[0.700s] copying /home/premsai/eyrc23_HB_1282/hb_task6_ws/build/hb_taskbonus/build/lib/hb_taskbonus/controller1.py -> /home/premsai/eyrc23_HB_1282/hb_task6_ws/install/hb_taskbonus/lib/python3.10/site-packages/hb_taskbonus
[0.700s] byte-compiling /home/premsai/eyrc23_HB_1282/hb_task6_ws/install/hb_taskbonus/lib/python3.10/site-packages/hb_taskbonus/feedback.py to feedback.cpython-310.pyc
[0.701s] byte-compiling /home/premsai/eyrc23_HB_1282/hb_task6_ws/install/hb_taskbonus/lib/python3.10/site-packages/hb_taskbonus/nextGoal_function.py to nextGoal_function.cpython-310.pyc
[0.701s] byte-compiling /home/premsai/eyrc23_HB_1282/hb_task6_ws/install/hb_taskbonus/lib/python3.10/site-packages/hb_taskbonus/nextGoal_image2.py to nextGoal_image2.cpython-310.pyc
[0.701s] byte-compiling /home/premsai/eyrc23_HB_1282/hb_task6_ws/install/hb_taskbonus/lib/python3.10/site-packages/hb_taskbonus/interpolation.py to interpolation.cpython-310.pyc
[0.701s] byte-compiling /home/premsai/eyrc23_HB_1282/hb_task6_ws/install/hb_taskbonus/lib/python3.10/site-packages/hb_taskbonus/nextGoal_image1.py to nextGoal_image1.cpython-310.pyc
[0.701s] byte-compiling /home/premsai/eyrc23_HB_1282/hb_task6_ws/install/hb_taskbonus/lib/python3.10/site-packages/hb_taskbonus/image_utlis.py to image_utlis.cpython-310.pyc
[0.703s] byte-compiling /home/premsai/eyrc23_HB_1282/hb_task6_ws/install/hb_taskbonus/lib/python3.10/site-packages/hb_taskbonus/__init__.py to __init__.cpython-310.pyc
[0.703s] byte-compiling /home/premsai/eyrc23_HB_1282/hb_task6_ws/install/hb_taskbonus/lib/python3.10/site-packages/hb_taskbonus/mapping.py to mapping.cpython-310.pyc
[0.703s] byte-compiling /home/premsai/eyrc23_HB_1282/hb_task6_ws/install/hb_taskbonus/lib/python3.10/site-packages/hb_taskbonus/controller1.py to controller1.cpython-310.pyc
[0.704s] running install_data
[0.704s]   File "/home/premsai/eyrc23_HB_1282/hb_task6_ws/install/hb_taskbonus/lib/python3.10/site-packages/hb_taskbonus/controller1.py", line 299
[0.704s]     global i,pen_down, run_complete
[0.704s]     ^^^^^^^^^^^^^^^^^^^^^^^^^^^^^^^
[0.704s] SyntaxError: name 'i' is used prior to global declaration
[0.704s] 
[0.704s] creating /home/premsai/eyrc23_HB_1282/hb_task6_ws/install/hb_taskbonus/share/ament_index
[0.704s] creating /home/premsai/eyrc23_HB_1282/hb_task6_ws/install/hb_taskbonus/share/ament_index/resource_index
[0.705s] creating /home/premsai/eyrc23_HB_1282/hb_task6_ws/install/hb_taskbonus/share/ament_index/resource_index/packages
[0.705s] copying resource/hb_taskbonus -> /home/premsai/eyrc23_HB_1282/hb_task6_ws/install/hb_taskbonus/share/ament_index/resource_index/packages
[0.705s] copying package.xml -> /home/premsai/eyrc23_HB_1282/hb_task6_ws/install/hb_taskbonus/share/hb_taskbonus
[0.705s] creating /home/premsai/eyrc23_HB_1282/hb_task6_ws/install/hb_taskbonus/share/hb_taskbonus/launch
[0.705s] copying launch/bot1.launch.py -> /home/premsai/eyrc23_HB_1282/hb_task6_ws/install/hb_taskbonus/share/hb_taskbonus/launch
[0.705s] creating /home/premsai/eyrc23_HB_1282/hb_task6_ws/install/hb_taskbonus/share/hb_taskbonus/scripts
[0.705s] running install_egg_info
[0.706s] Copying ../../build/hb_taskbonus/hb_taskbonus.egg-info to /home/premsai/eyrc23_HB_1282/hb_task6_ws/install/hb_taskbonus/lib/python3.10/site-packages/hb_taskbonus-0.0.0-py3.10.egg-info
[0.706s] running install_scripts
[0.718s] Installing controller1 script to /home/premsai/eyrc23_HB_1282/hb_task6_ws/install/hb_taskbonus/lib/hb_taskbonus
[0.719s] Installing feedback script to /home/premsai/eyrc23_HB_1282/hb_task6_ws/install/hb_taskbonus/lib/hb_taskbonus
[0.719s] Installing interp1 script to /home/premsai/eyrc23_HB_1282/hb_task6_ws/install/hb_taskbonus/lib/hb_taskbonus
[0.719s] Installing map1 script to /home/premsai/eyrc23_HB_1282/hb_task6_ws/install/hb_taskbonus/lib/hb_taskbonus
[0.719s] Installing nextGoal1 script to /home/premsai/eyrc23_HB_1282/hb_task6_ws/install/hb_taskbonus/lib/hb_taskbonus
[0.719s] Installing nextGoalfunc script to /home/premsai/eyrc23_HB_1282/hb_task6_ws/install/hb_taskbonus/lib/hb_taskbonus
[0.719s] writing list of installed files to '/home/premsai/eyrc23_HB_1282/hb_task6_ws/build/hb_taskbonus/install.log'
[0.738s] Invoked command in '/home/premsai/eyrc23_HB_1282/hb_task6_ws/src/hb_taskbonus' returned '0': PYTHONPATH=/home/premsai/eyrc23_HB_1282/hb_task6_ws/build/hb_taskbonus/prefix_override:/home/premsai/eyrc23_HB_1282/hb_task6_ws/install/hb_taskbonus/lib/python3.10/site-packages:${PYTHONPATH} /usr/bin/python3 setup.py egg_info --egg-base ../../build/hb_taskbonus build --build-base /home/premsai/eyrc23_HB_1282/hb_task6_ws/build/hb_taskbonus/build install --record /home/premsai/eyrc23_HB_1282/hb_task6_ws/build/hb_taskbonus/install.log --single-version-externally-managed
