[0.319s] Invoking command in '/home/akshar/eyrc_hb/hb_task5_ws/build/my_robot_interfaces': CMAKE_PREFIX_PATH=${CMAKE_PREFIX_PATH}:/home/akshar/eyrc_hb/hb_task5_ws/install/hb_task5a:/opt/ros/humble /usr/bin/cmake --build /home/akshar/eyrc_hb/hb_task5_ws/build/my_robot_interfaces -- -j16 -l16
[0.973s] [  2%] Built target my_robot_interfaces__cpp
[1.080s] [  2%] Built target ament_cmake_python_copy_my_robot_interfaces
[1.105s] [ 12%] Built target my_robot_interfaces__rosidl_generator_c
[1.134s] [ 23%] Built target my_robot_interfaces__rosidl_typesupport_cpp
[1.140s] [ 34%] Built target my_robot_interfaces__rosidl_typesupport_introspection_cpp
[1.172s] [ 44%] Built target my_robot_interfaces__rosidl_typesupport_fastrtps_cpp
[1.175s] [ 55%] Built target my_robot_interfaces__rosidl_typesupport_c
[1.178s] [ 65%] Built target my_robot_interfaces__rosidl_typesupport_introspection_c
[1.196s] [ 76%] Built target my_robot_interfaces__rosidl_typesupport_fastrtps_c
[1.233s] [ 76%] Built target my_robot_interfaces
[1.275s] [ 78%] Built target my_robot_interfaces__py
[1.294s] running egg_info
[1.294s] writing my_robot_interfaces.egg-info/PKG-INFO
[1.295s] writing dependency_links to my_robot_interfaces.egg-info/dependency_links.txt
[1.295s] writing top-level names to my_robot_interfaces.egg-info/top_level.txt
[1.296s] reading manifest file 'my_robot_interfaces.egg-info/SOURCES.txt'
[1.307s] writing manifest file 'my_robot_interfaces.egg-info/SOURCES.txt'
[1.329s] [ 78%] Built target ament_cmake_python_build_my_robot_interfaces_egg
[1.387s] [ 87%] Built target my_robot_interfaces__rosidl_generator_py
[1.436s] [ 91%] Built target my_robot_interfaces__rosidl_typesupport_fastrtps_c__pyext
[1.447s] [ 95%] Built target my_robot_interfaces__rosidl_typesupport_introspection_c__pyext
[1.451s] [100%] Built target my_robot_interfaces__rosidl_typesupport_c__pyext
[1.474s] Invoked command in '/home/akshar/eyrc_hb/hb_task5_ws/build/my_robot_interfaces' returned '0': CMAKE_PREFIX_PATH=${CMAKE_PREFIX_PATH}:/home/akshar/eyrc_hb/hb_task5_ws/install/hb_task5a:/opt/ros/humble /usr/bin/cmake --build /home/akshar/eyrc_hb/hb_task5_ws/build/my_robot_interfaces -- -j16 -l16
[1.578s] Invoking command in '/home/akshar/eyrc_hb/hb_task5_ws/build/my_robot_interfaces': CMAKE_PREFIX_PATH=${CMAKE_PREFIX_PATH}:/home/akshar/eyrc_hb/hb_task5_ws/install/hb_task5a:/opt/ros/humble /usr/bin/cmake --install /home/akshar/eyrc_hb/hb_task5_ws/build/my_robot_interfaces
[1.595s] -- Install configuration: ""
[1.602s] -- Up-to-date: /home/akshar/eyrc_hb/hb_task5_ws/install/my_robot_interfaces/share/ament_index/resource_index/rosidl_interfaces/my_robot_interfaces
[1.607s] -- Up-to-date: /home/akshar/eyrc_hb/hb_task5_ws/install/my_robot_interfaces/include/my_robot_interfaces/my_robot_interfaces
[1.612s] -- Up-to-date: /home/akshar/eyrc_hb/hb_task5_ws/install/my_robot_interfaces/include/my_robot_interfaces/my_robot_interfaces/srv
[1.612s] -- Up-to-date: /home/akshar/eyrc_hb/hb_task5_ws/install/my_robot_interfaces/include/my_robot_interfaces/my_robot_interfaces/srv/next_goal.h
[1.613s] -- Up-to-date: /home/akshar/eyrc_hb/hb_task5_ws/install/my_robot_interfaces/include/my_robot_interfaces/my_robot_interfaces/srv/detail
[1.617s] -- Up-to-date: /home/akshar/eyrc_hb/hb_task5_ws/install/my_robot_interfaces/include/my_robot_interfaces/my_robot_interfaces/srv/detail/next_goal__struct.h
[1.617s] -- Up-to-date: /home/akshar/eyrc_hb/hb_task5_ws/install/my_robot_interfaces/include/my_robot_interfaces/my_robot_interfaces/srv/detail/next_goal__functions.c
[1.617s] -- Up-to-date: /home/akshar/eyrc_hb/hb_task5_ws/install/my_robot_interfaces/include/my_robot_interfaces/my_robot_interfaces/srv/detail/next_goal__functions.h
[1.618s] -- Up-to-date: /home/akshar/eyrc_hb/hb_task5_ws/install/my_robot_interfaces/include/my_robot_interfaces/my_robot_interfaces/srv/detail/next_goal__type_support.h
[1.618s] -- Up-to-date: /home/akshar/eyrc_hb/hb_task5_ws/install/my_robot_interfaces/include/my_robot_interfaces/my_robot_interfaces/msg
[1.622s] -- Up-to-date: /home/akshar/eyrc_hb/hb_task5_ws/install/my_robot_interfaces/include/my_robot_interfaces/my_robot_interfaces/msg/goal.h
[1.622s] -- Up-to-date: /home/akshar/eyrc_hb/hb_task5_ws/install/my_robot_interfaces/include/my_robot_interfaces/my_robot_interfaces/msg/shape.h
[1.622s] -- Up-to-date: /home/akshar/eyrc_hb/hb_task5_ws/install/my_robot_interfaces/include/my_robot_interfaces/my_robot_interfaces/msg/rosidl_generator_c__visibility_control.h
[1.622s] -- Up-to-date: /home/akshar/eyrc_hb/hb_task5_ws/install/my_robot_interfaces/include/my_robot_interfaces/my_robot_interfaces/msg/detail
[1.625s] -- Up-to-date: /home/akshar/eyrc_hb/hb_task5_ws/install/my_robot_interfaces/include/my_robot_interfaces/my_robot_interfaces/msg/detail/shape__functions.h
[1.625s] -- Up-to-date: /home/akshar/eyrc_hb/hb_task5_ws/install/my_robot_interfaces/include/my_robot_interfaces/my_robot_interfaces/msg/detail/goal__struct.h
[1.625s] -- Up-to-date: /home/akshar/eyrc_hb/hb_task5_ws/install/my_robot_interfaces/include/my_robot_interfaces/my_robot_interfaces/msg/detail/goal__type_support.h
[1.625s] -- Up-to-date: /home/akshar/eyrc_hb/hb_task5_ws/install/my_robot_interfaces/include/my_robot_interfaces/my_robot_interfaces/msg/detail/shape__type_support.h
[1.625s] -- Up-to-date: /home/akshar/eyrc_hb/hb_task5_ws/install/my_robot_interfaces/include/my_robot_interfaces/my_robot_interfaces/msg/detail/shape__functions.c
[1.625s] -- Up-to-date: /home/akshar/eyrc_hb/hb_task5_ws/install/my_robot_interfaces/include/my_robot_interfaces/my_robot_interfaces/msg/detail/goal__functions.c
[1.625s] -- Up-to-date: /home/akshar/eyrc_hb/hb_task5_ws/install/my_robot_interfaces/include/my_robot_interfaces/my_robot_interfaces/msg/detail/goal__functions.h
[1.626s] -- Up-to-date: /home/akshar/eyrc_hb/hb_task5_ws/install/my_robot_interfaces/include/my_robot_interfaces/my_robot_interfaces/msg/detail/shape__struct.h
[1.626s] -- Up-to-date: /home/akshar/eyrc_hb/hb_task5_ws/install/my_robot_interfaces/share/my_robot_interfaces/environment/library_path.sh
[1.626s] -- Up-to-date: /home/akshar/eyrc_hb/hb_task5_ws/install/my_robot_interfaces/share/my_robot_interfaces/environment/library_path.dsv
[1.626s] -- Up-to-date: /home/akshar/eyrc_hb/hb_task5_ws/install/my_robot_interfaces/lib/libmy_robot_interfaces__rosidl_generator_c.so
[1.626s] -- Up-to-date: /home/akshar/eyrc_hb/hb_task5_ws/install/my_robot_interfaces/include/my_robot_interfaces/my_robot_interfaces
[1.627s] -- Up-to-date: /home/akshar/eyrc_hb/hb_task5_ws/install/my_robot_interfaces/include/my_robot_interfaces/my_robot_interfaces/srv
[1.627s] -- Up-to-date: /home/akshar/eyrc_hb/hb_task5_ws/install/my_robot_interfaces/include/my_robot_interfaces/my_robot_interfaces/srv/detail
[1.627s] -- Up-to-date: /home/akshar/eyrc_hb/hb_task5_ws/install/my_robot_interfaces/include/my_robot_interfaces/my_robot_interfaces/srv/detail/next_goal__rosidl_typesupport_fastrtps_c.h
[1.627s] -- Up-to-date: /home/akshar/eyrc_hb/hb_task5_ws/install/my_robot_interfaces/include/my_robot_interfaces/my_robot_interfaces/msg
[1.627s] -- Up-to-date: /home/akshar/eyrc_hb/hb_task5_ws/install/my_robot_interfaces/include/my_robot_interfaces/my_robot_interfaces/msg/rosidl_typesupport_fastrtps_c__visibility_control.h
[1.627s] -- Up-to-date: /home/akshar/eyrc_hb/hb_task5_ws/install/my_robot_interfaces/include/my_robot_interfaces/my_robot_interfaces/msg/detail
[1.627s] -- Up-to-date: /home/akshar/eyrc_hb/hb_task5_ws/install/my_robot_interfaces/include/my_robot_interfaces/my_robot_interfaces/msg/detail/goal__rosidl_typesupport_fastrtps_c.h
[1.627s] -- Up-to-date: /home/akshar/eyrc_hb/hb_task5_ws/install/my_robot_interfaces/include/my_robot_interfaces/my_robot_interfaces/msg/detail/shape__rosidl_typesupport_fastrtps_c.h
[1.637s] -- Up-to-date: /home/akshar/eyrc_hb/hb_task5_ws/install/my_robot_interfaces/lib/libmy_robot_interfaces__rosidl_typesupport_fastrtps_c.so
[1.637s] -- Up-to-date: /home/akshar/eyrc_hb/hb_task5_ws/install/my_robot_interfaces/include/my_robot_interfaces/my_robot_interfaces
[1.637s] -- Up-to-date: /home/akshar/eyrc_hb/hb_task5_ws/install/my_robot_interfaces/include/my_robot_interfaces/my_robot_interfaces/srv
[1.638s] -- Up-to-date: /home/akshar/eyrc_hb/hb_task5_ws/install/my_robot_interfaces/include/my_robot_interfaces/my_robot_interfaces/srv/detail
[1.638s] -- Up-to-date: /home/akshar/eyrc_hb/hb_task5_ws/install/my_robot_interfaces/include/my_robot_interfaces/my_robot_interfaces/srv/detail/next_goal__type_support.c
[1.638s] -- Up-to-date: /home/akshar/eyrc_hb/hb_task5_ws/install/my_robot_interfaces/include/my_robot_interfaces/my_robot_interfaces/srv/detail/next_goal__rosidl_typesupport_introspection_c.h
[1.638s] -- Up-to-date: /home/akshar/eyrc_hb/hb_task5_ws/install/my_robot_interfaces/include/my_robot_interfaces/my_robot_interfaces/msg
[1.638s] -- Up-to-date: /home/akshar/eyrc_hb/hb_task5_ws/install/my_robot_interfaces/include/my_robot_interfaces/my_robot_interfaces/msg/rosidl_typesupport_introspection_c__visibility_control.h
[1.638s] -- Up-to-date: /home/akshar/eyrc_hb/hb_task5_ws/install/my_robot_interfaces/include/my_robot_interfaces/my_robot_interfaces/msg/detail
[1.638s] -- Up-to-date: /home/akshar/eyrc_hb/hb_task5_ws/install/my_robot_interfaces/include/my_robot_interfaces/my_robot_interfaces/msg/detail/goal__type_support.c
[1.638s] -- Up-to-date: /home/akshar/eyrc_hb/hb_task5_ws/install/my_robot_interfaces/include/my_robot_interfaces/my_robot_interfaces/msg/detail/goal__rosidl_typesupport_introspection_c.h
[1.638s] -- Up-to-date: /home/akshar/eyrc_hb/hb_task5_ws/install/my_robot_interfaces/include/my_robot_interfaces/my_robot_interfaces/msg/detail/shape__rosidl_typesupport_introspection_c.h
[1.638s] -- Up-to-date: /home/akshar/eyrc_hb/hb_task5_ws/install/my_robot_interfaces/include/my_robot_interfaces/my_robot_interfaces/msg/detail/shape__type_support.c
[1.653s] -- Up-to-date: /home/akshar/eyrc_hb/hb_task5_ws/install/my_robot_interfaces/lib/libmy_robot_interfaces__rosidl_typesupport_introspection_c.so
[1.659s] -- Up-to-date: /home/akshar/eyrc_hb/hb_task5_ws/install/my_robot_interfaces/lib/libmy_robot_interfaces__rosidl_typesupport_c.so
[1.660s] -- Up-to-date: /home/akshar/eyrc_hb/hb_task5_ws/install/my_robot_interfaces/include/my_robot_interfaces/my_robot_interfaces
[1.660s] -- Up-to-date: /home/akshar/eyrc_hb/hb_task5_ws/install/my_robot_interfaces/include/my_robot_interfaces/my_robot_interfaces/srv
[1.660s] -- Up-to-date: /home/akshar/eyrc_hb/hb_task5_ws/install/my_robot_interfaces/include/my_robot_interfaces/my_robot_interfaces/srv/next_goal.hpp
[1.660s] -- Up-to-date: /home/akshar/eyrc_hb/hb_task5_ws/install/my_robot_interfaces/include/my_robot_interfaces/my_robot_interfaces/srv/detail
[1.660s] -- Up-to-date: /home/akshar/eyrc_hb/hb_task5_ws/install/my_robot_interfaces/include/my_robot_interfaces/my_robot_interfaces/srv/detail/next_goal__struct.hpp
[1.660s] -- Up-to-date: /home/akshar/eyrc_hb/hb_task5_ws/install/my_robot_interfaces/include/my_robot_interfaces/my_robot_interfaces/srv/detail/next_goal__builder.hpp
[1.660s] -- Up-to-date: /home/akshar/eyrc_hb/hb_task5_ws/install/my_robot_interfaces/include/my_robot_interfaces/my_robot_interfaces/srv/detail/next_goal__traits.hpp
[1.660s] -- Up-to-date: /home/akshar/eyrc_hb/hb_task5_ws/install/my_robot_interfaces/include/my_robot_interfaces/my_robot_interfaces/msg
[1.660s] -- Up-to-date: /home/akshar/eyrc_hb/hb_task5_ws/install/my_robot_interfaces/include/my_robot_interfaces/my_robot_interfaces/msg/shape.hpp
[1.660s] -- Up-to-date: /home/akshar/eyrc_hb/hb_task5_ws/install/my_robot_interfaces/include/my_robot_interfaces/my_robot_interfaces/msg/goal.hpp
[1.661s] -- Up-to-date: /home/akshar/eyrc_hb/hb_task5_ws/install/my_robot_interfaces/include/my_robot_interfaces/my_robot_interfaces/msg/detail
[1.661s] -- Up-to-date: /home/akshar/eyrc_hb/hb_task5_ws/install/my_robot_interfaces/include/my_robot_interfaces/my_robot_interfaces/msg/detail/shape__struct.hpp
[1.661s] -- Up-to-date: /home/akshar/eyrc_hb/hb_task5_ws/install/my_robot_interfaces/include/my_robot_interfaces/my_robot_interfaces/msg/detail/goal__traits.hpp
[1.661s] -- Up-to-date: /home/akshar/eyrc_hb/hb_task5_ws/install/my_robot_interfaces/include/my_robot_interfaces/my_robot_interfaces/msg/detail/shape__traits.hpp
[1.661s] -- Up-to-date: /home/akshar/eyrc_hb/hb_task5_ws/install/my_robot_interfaces/include/my_robot_interfaces/my_robot_interfaces/msg/detail/shape__builder.hpp
[1.661s] -- Up-to-date: /home/akshar/eyrc_hb/hb_task5_ws/install/my_robot_interfaces/include/my_robot_interfaces/my_robot_interfaces/msg/detail/goal__builder.hpp
[1.661s] -- Up-to-date: /home/akshar/eyrc_hb/hb_task5_ws/install/my_robot_interfaces/include/my_robot_interfaces/my_robot_interfaces/msg/detail/goal__struct.hpp
[1.661s] -- Up-to-date: /home/akshar/eyrc_hb/hb_task5_ws/install/my_robot_interfaces/include/my_robot_interfaces/my_robot_interfaces
[1.661s] -- Up-to-date: /home/akshar/eyrc_hb/hb_task5_ws/install/my_robot_interfaces/include/my_robot_interfaces/my_robot_interfaces/srv
[1.661s] -- Up-to-date: /home/akshar/eyrc_hb/hb_task5_ws/install/my_robot_interfaces/include/my_robot_interfaces/my_robot_interfaces/srv/detail
[1.661s] -- Up-to-date: /home/akshar/eyrc_hb/hb_task5_ws/install/my_robot_interfaces/include/my_robot_interfaces/my_robot_interfaces/srv/detail/dds_fastrtps
[1.661s] -- Up-to-date: /home/akshar/eyrc_hb/hb_task5_ws/install/my_robot_interfaces/include/my_robot_interfaces/my_robot_interfaces/srv/detail/next_goal__rosidl_typesupport_fastrtps_cpp.hpp
[1.661s] -- Up-to-date: /home/akshar/eyrc_hb/hb_task5_ws/install/my_robot_interfaces/include/my_robot_interfaces/my_robot_interfaces/msg
[1.661s] -- Up-to-date: /home/akshar/eyrc_hb/hb_task5_ws/install/my_robot_interfaces/include/my_robot_interfaces/my_robot_interfaces/msg/rosidl_typesupport_fastrtps_cpp__visibility_control.h
[1.661s] -- Up-to-date: /home/akshar/eyrc_hb/hb_task5_ws/install/my_robot_interfaces/include/my_robot_interfaces/my_robot_interfaces/msg/detail
[1.661s] -- Up-to-date: /home/akshar/eyrc_hb/hb_task5_ws/install/my_robot_interfaces/include/my_robot_interfaces/my_robot_interfaces/msg/detail/shape__rosidl_typesupport_fastrtps_cpp.hpp
[1.661s] -- Up-to-date: /home/akshar/eyrc_hb/hb_task5_ws/install/my_robot_interfaces/include/my_robot_interfaces/my_robot_interfaces/msg/detail/goal__rosidl_typesupport_fastrtps_cpp.hpp
[1.661s] -- Up-to-date: /home/akshar/eyrc_hb/hb_task5_ws/install/my_robot_interfaces/include/my_robot_interfaces/my_robot_interfaces/msg/detail/dds_fastrtps
[1.669s] -- Up-to-date: /home/akshar/eyrc_hb/hb_task5_ws/install/my_robot_interfaces/lib/libmy_robot_interfaces__rosidl_typesupport_fastrtps_cpp.so
[1.670s] -- Up-to-date: /home/akshar/eyrc_hb/hb_task5_ws/install/my_robot_interfaces/include/my_robot_interfaces/my_robot_interfaces
[1.670s] -- Up-to-date: /home/akshar/eyrc_hb/hb_task5_ws/install/my_robot_interfaces/include/my_robot_interfaces/my_robot_interfaces/srv
[1.670s] -- Up-to-date: /home/akshar/eyrc_hb/hb_task5_ws/install/my_robot_interfaces/include/my_robot_interfaces/my_robot_interfaces/srv/detail
[1.670s] -- Up-to-date: /home/akshar/eyrc_hb/hb_task5_ws/install/my_robot_interfaces/include/my_robot_interfaces/my_robot_interfaces/srv/detail/next_goal__rosidl_typesupport_introspection_cpp.hpp
[1.670s] -- Up-to-date: /home/akshar/eyrc_hb/hb_task5_ws/install/my_robot_interfaces/include/my_robot_interfaces/my_robot_interfaces/srv/detail/next_goal__type_support.cpp
[1.670s] -- Up-to-date: /home/akshar/eyrc_hb/hb_task5_ws/install/my_robot_interfaces/include/my_robot_interfaces/my_robot_interfaces/msg
[1.670s] -- Up-to-date: /home/akshar/eyrc_hb/hb_task5_ws/install/my_robot_interfaces/include/my_robot_interfaces/my_robot_interfaces/msg/detail
[1.670s] -- Up-to-date: /home/akshar/eyrc_hb/hb_task5_ws/install/my_robot_interfaces/include/my_robot_interfaces/my_robot_interfaces/msg/detail/shape__type_support.cpp
[1.670s] -- Up-to-date: /home/akshar/eyrc_hb/hb_task5_ws/install/my_robot_interfaces/include/my_robot_interfaces/my_robot_interfaces/msg/detail/shape__rosidl_typesupport_introspection_cpp.hpp
[1.670s] -- Up-to-date: /home/akshar/eyrc_hb/hb_task5_ws/install/my_robot_interfaces/include/my_robot_interfaces/my_robot_interfaces/msg/detail/goal__type_support.cpp
[1.670s] -- Up-to-date: /home/akshar/eyrc_hb/hb_task5_ws/install/my_robot_interfaces/include/my_robot_interfaces/my_robot_interfaces/msg/detail/goal__rosidl_typesupport_introspection_cpp.hpp
[1.675s] -- Up-to-date: /home/akshar/eyrc_hb/hb_task5_ws/install/my_robot_interfaces/lib/libmy_robot_interfaces__rosidl_typesupport_introspection_cpp.so
[1.676s] -- Up-to-date: /home/akshar/eyrc_hb/hb_task5_ws/install/my_robot_interfaces/lib/libmy_robot_interfaces__rosidl_typesupport_cpp.so
[1.676s] -- Up-to-date: /home/akshar/eyrc_hb/hb_task5_ws/install/my_robot_interfaces/share/my_robot_interfaces/environment/pythonpath.sh
[1.676s] -- Up-to-date: /home/akshar/eyrc_hb/hb_task5_ws/install/my_robot_interfaces/share/my_robot_interfaces/environment/pythonpath.dsv
[1.677s] -- Up-to-date: /home/akshar/eyrc_hb/hb_task5_ws/install/my_robot_interfaces/local/lib/python3.10/dist-packages/my_robot_interfaces-0.0.0-py3.10.egg-info
[1.677s] -- Installing: /home/akshar/eyrc_hb/hb_task5_ws/install/my_robot_interfaces/local/lib/python3.10/dist-packages/my_robot_interfaces-0.0.0-py3.10.egg-info/PKG-INFO
[1.677s] -- Installing: /home/akshar/eyrc_hb/hb_task5_ws/install/my_robot_interfaces/local/lib/python3.10/dist-packages/my_robot_interfaces-0.0.0-py3.10.egg-info/SOURCES.txt
[1.677s] -- Installing: /home/akshar/eyrc_hb/hb_task5_ws/install/my_robot_interfaces/local/lib/python3.10/dist-packages/my_robot_interfaces-0.0.0-py3.10.egg-info/top_level.txt
[1.678s] -- Installing: /home/akshar/eyrc_hb/hb_task5_ws/install/my_robot_interfaces/local/lib/python3.10/dist-packages/my_robot_interfaces-0.0.0-py3.10.egg-info/dependency_links.txt
[1.678s] -- Up-to-date: /home/akshar/eyrc_hb/hb_task5_ws/install/my_robot_interfaces/local/lib/python3.10/dist-packages/my_robot_interfaces
[1.681s] -- Up-to-date: /home/akshar/eyrc_hb/hb_task5_ws/install/my_robot_interfaces/local/lib/python3.10/dist-packages/my_robot_interfaces/my_robot_interfaces_s__rosidl_typesupport_fastrtps_c.cpython-310-x86_64-linux-gnu.so
[1.681s] -- Up-to-date: /home/akshar/eyrc_hb/hb_task5_ws/install/my_robot_interfaces/local/lib/python3.10/dist-packages/my_robot_interfaces/_my_robot_interfaces_s.ep.rosidl_typesupport_fastrtps_c.c
[1.681s] -- Up-to-date: /home/akshar/eyrc_hb/hb_task5_ws/install/my_robot_interfaces/local/lib/python3.10/dist-packages/my_robot_interfaces/_my_robot_interfaces_s.ep.rosidl_typesupport_introspection_c.c
[1.681s] -- Up-to-date: /home/akshar/eyrc_hb/hb_task5_ws/install/my_robot_interfaces/local/lib/python3.10/dist-packages/my_robot_interfaces/_my_robot_interfaces_s.ep.rosidl_typesupport_c.c
[1.681s] -- Up-to-date: /home/akshar/eyrc_hb/hb_task5_ws/install/my_robot_interfaces/local/lib/python3.10/dist-packages/my_robot_interfaces/my_robot_interfaces_s__rosidl_typesupport_c.cpython-310-x86_64-linux-gnu.so
[1.681s] -- Up-to-date: /home/akshar/eyrc_hb/hb_task5_ws/install/my_robot_interfaces/local/lib/python3.10/dist-packages/my_robot_interfaces/libmy_robot_interfaces__rosidl_generator_py.so
[1.681s] -- Up-to-date: /home/akshar/eyrc_hb/hb_task5_ws/install/my_robot_interfaces/local/lib/python3.10/dist-packages/my_robot_interfaces/my_robot_interfaces_s__rosidl_typesupport_introspection_c.cpython-310-x86_64-linux-gnu.so
[1.681s] -- Up-to-date: /home/akshar/eyrc_hb/hb_task5_ws/install/my_robot_interfaces/local/lib/python3.10/dist-packages/my_robot_interfaces/__init__.py
[1.681s] -- Up-to-date: /home/akshar/eyrc_hb/hb_task5_ws/install/my_robot_interfaces/local/lib/python3.10/dist-packages/my_robot_interfaces/srv
[1.686s] -- Up-to-date: /home/akshar/eyrc_hb/hb_task5_ws/install/my_robot_interfaces/local/lib/python3.10/dist-packages/my_robot_interfaces/srv/_next_goal.py
[1.686s] -- Up-to-date: /home/akshar/eyrc_hb/hb_task5_ws/install/my_robot_interfaces/local/lib/python3.10/dist-packages/my_robot_interfaces/srv/_next_goal_s.c
[1.687s] -- Up-to-date: /home/akshar/eyrc_hb/hb_task5_ws/install/my_robot_interfaces/local/lib/python3.10/dist-packages/my_robot_interfaces/srv/__init__.py
[1.687s] -- Up-to-date: /home/akshar/eyrc_hb/hb_task5_ws/install/my_robot_interfaces/local/lib/python3.10/dist-packages/my_robot_interfaces/msg
[1.692s] -- Up-to-date: /home/akshar/eyrc_hb/hb_task5_ws/install/my_robot_interfaces/local/lib/python3.10/dist-packages/my_robot_interfaces/msg/_shape_s.c
[1.692s] -- Up-to-date: /home/akshar/eyrc_hb/hb_task5_ws/install/my_robot_interfaces/local/lib/python3.10/dist-packages/my_robot_interfaces/msg/_shape.py
[1.692s] -- Up-to-date: /home/akshar/eyrc_hb/hb_task5_ws/install/my_robot_interfaces/local/lib/python3.10/dist-packages/my_robot_interfaces/msg/_goal_s.c
[1.692s] -- Up-to-date: /home/akshar/eyrc_hb/hb_task5_ws/install/my_robot_interfaces/local/lib/python3.10/dist-packages/my_robot_interfaces/msg/__init__.py
[1.692s] -- Up-to-date: /home/akshar/eyrc_hb/hb_task5_ws/install/my_robot_interfaces/local/lib/python3.10/dist-packages/my_robot_interfaces/msg/_goal.py
[1.746s] Listing '/home/akshar/eyrc_hb/hb_task5_ws/install/my_robot_interfaces/local/lib/python3.10/dist-packages/my_robot_interfaces'...
[1.746s] Listing '/home/akshar/eyrc_hb/hb_task5_ws/install/my_robot_interfaces/local/lib/python3.10/dist-packages/my_robot_interfaces/msg'...
[1.746s] Listing '/home/akshar/eyrc_hb/hb_task5_ws/install/my_robot_interfaces/local/lib/python3.10/dist-packages/my_robot_interfaces/srv'...
[1.760s] -- Up-to-date: /home/akshar/eyrc_hb/hb_task5_ws/install/my_robot_interfaces/local/lib/python3.10/dist-packages/my_robot_interfaces/my_robot_interfaces_s__rosidl_typesupport_fastrtps_c.cpython-310-x86_64-linux-gnu.so
[1.767s] -- Up-to-date: /home/akshar/eyrc_hb/hb_task5_ws/install/my_robot_interfaces/local/lib/python3.10/dist-packages/my_robot_interfaces/my_robot_interfaces_s__rosidl_typesupport_introspection_c.cpython-310-x86_64-linux-gnu.so
[1.775s] -- Up-to-date: /home/akshar/eyrc_hb/hb_task5_ws/install/my_robot_interfaces/local/lib/python3.10/dist-packages/my_robot_interfaces/my_robot_interfaces_s__rosidl_typesupport_c.cpython-310-x86_64-linux-gnu.so
[1.786s] -- Up-to-date: /home/akshar/eyrc_hb/hb_task5_ws/install/my_robot_interfaces/lib/libmy_robot_interfaces__rosidl_generator_py.so
[1.792s] -- Up-to-date: /home/akshar/eyrc_hb/hb_task5_ws/install/my_robot_interfaces/share/my_robot_interfaces/srv/NextGoal.idl
[1.796s] -- Up-to-date: /home/akshar/eyrc_hb/hb_task5_ws/install/my_robot_interfaces/share/my_robot_interfaces/msg/Goal.idl
[1.796s] -- Up-to-date: /home/akshar/eyrc_hb/hb_task5_ws/install/my_robot_interfaces/share/my_robot_interfaces/msg/Shape.idl
[1.796s] -- Up-to-date: /home/akshar/eyrc_hb/hb_task5_ws/install/my_robot_interfaces/share/my_robot_interfaces/srv/NextGoal.srv
[1.796s] -- Up-to-date: /home/akshar/eyrc_hb/hb_task5_ws/install/my_robot_interfaces/share/my_robot_interfaces/srv/NextGoal_Request.msg
[1.796s] -- Up-to-date: /home/akshar/eyrc_hb/hb_task5_ws/install/my_robot_interfaces/share/my_robot_interfaces/srv/NextGoal_Response.msg
[1.796s] -- Up-to-date: /home/akshar/eyrc_hb/hb_task5_ws/install/my_robot_interfaces/share/my_robot_interfaces/msg/Goal.msg
[1.796s] -- Up-to-date: /home/akshar/eyrc_hb/hb_task5_ws/install/my_robot_interfaces/share/my_robot_interfaces/msg/Shape.msg
[1.796s] -- Up-to-date: /home/akshar/eyrc_hb/hb_task5_ws/install/my_robot_interfaces/share/ament_index/resource_index/package_run_dependencies/my_robot_interfaces
[1.802s] -- Up-to-date: /home/akshar/eyrc_hb/hb_task5_ws/install/my_robot_interfaces/share/ament_index/resource_index/parent_prefix_path/my_robot_interfaces
[1.802s] -- Up-to-date: /home/akshar/eyrc_hb/hb_task5_ws/install/my_robot_interfaces/share/my_robot_interfaces/environment/ament_prefix_path.sh
[1.802s] -- Up-to-date: /home/akshar/eyrc_hb/hb_task5_ws/install/my_robot_interfaces/share/my_robot_interfaces/environment/ament_prefix_path.dsv
[1.802s] -- Up-to-date: /home/akshar/eyrc_hb/hb_task5_ws/install/my_robot_interfaces/share/my_robot_interfaces/environment/path.sh
[1.803s] -- Up-to-date: /home/akshar/eyrc_hb/hb_task5_ws/install/my_robot_interfaces/share/my_robot_interfaces/environment/path.dsv
[1.803s] -- Up-to-date: /home/akshar/eyrc_hb/hb_task5_ws/install/my_robot_interfaces/share/my_robot_interfaces/local_setup.bash
[1.803s] -- Up-to-date: /home/akshar/eyrc_hb/hb_task5_ws/install/my_robot_interfaces/share/my_robot_interfaces/local_setup.sh
[1.803s] -- Up-to-date: /home/akshar/eyrc_hb/hb_task5_ws/install/my_robot_interfaces/share/my_robot_interfaces/local_setup.zsh
[1.803s] -- Up-to-date: /home/akshar/eyrc_hb/hb_task5_ws/install/my_robot_interfaces/share/my_robot_interfaces/local_setup.dsv
[1.803s] -- Installing: /home/akshar/eyrc_hb/hb_task5_ws/install/my_robot_interfaces/share/my_robot_interfaces/package.dsv
[1.806s] -- Up-to-date: /home/akshar/eyrc_hb/hb_task5_ws/install/my_robot_interfaces/share/ament_index/resource_index/packages/my_robot_interfaces
[1.825s] -- Up-to-date: /home/akshar/eyrc_hb/hb_task5_ws/install/my_robot_interfaces/share/my_robot_interfaces/cmake/export_my_robot_interfaces__rosidl_generator_cExport.cmake
[1.825s] -- Up-to-date: /home/akshar/eyrc_hb/hb_task5_ws/install/my_robot_interfaces/share/my_robot_interfaces/cmake/export_my_robot_interfaces__rosidl_generator_cExport-noconfig.cmake
[1.831s] -- Up-to-date: /home/akshar/eyrc_hb/hb_task5_ws/install/my_robot_interfaces/share/my_robot_interfaces/cmake/export_my_robot_interfaces__rosidl_typesupport_fastrtps_cExport.cmake
[1.831s] -- Up-to-date: /home/akshar/eyrc_hb/hb_task5_ws/install/my_robot_interfaces/share/my_robot_interfaces/cmake/export_my_robot_interfaces__rosidl_typesupport_fastrtps_cExport-noconfig.cmake
[1.842s] -- Up-to-date: /home/akshar/eyrc_hb/hb_task5_ws/install/my_robot_interfaces/share/my_robot_interfaces/cmake/my_robot_interfaces__rosidl_typesupport_introspection_cExport.cmake
[1.842s] -- Up-to-date: /home/akshar/eyrc_hb/hb_task5_ws/install/my_robot_interfaces/share/my_robot_interfaces/cmake/my_robot_interfaces__rosidl_typesupport_introspection_cExport-noconfig.cmake
[1.847s] -- Up-to-date: /home/akshar/eyrc_hb/hb_task5_ws/install/my_robot_interfaces/share/my_robot_interfaces/cmake/my_robot_interfaces__rosidl_typesupport_cExport.cmake
[1.847s] -- Up-to-date: /home/akshar/eyrc_hb/hb_task5_ws/install/my_robot_interfaces/share/my_robot_interfaces/cmake/my_robot_interfaces__rosidl_typesupport_cExport-noconfig.cmake
[1.852s] -- Up-to-date: /home/akshar/eyrc_hb/hb_task5_ws/install/my_robot_interfaces/share/my_robot_interfaces/cmake/export_my_robot_interfaces__rosidl_generator_cppExport.cmake
[1.857s] -- Up-to-date: /home/akshar/eyrc_hb/hb_task5_ws/install/my_robot_interfaces/share/my_robot_interfaces/cmake/export_my_robot_interfaces__rosidl_typesupport_fastrtps_cppExport.cmake
[1.858s] -- Up-to-date: /home/akshar/eyrc_hb/hb_task5_ws/install/my_robot_interfaces/share/my_robot_interfaces/cmake/export_my_robot_interfaces__rosidl_typesupport_fastrtps_cppExport-noconfig.cmake
[1.865s] -- Up-to-date: /home/akshar/eyrc_hb/hb_task5_ws/install/my_robot_interfaces/share/my_robot_interfaces/cmake/my_robot_interfaces__rosidl_typesupport_introspection_cppExport.cmake
[1.865s] -- Up-to-date: /home/akshar/eyrc_hb/hb_task5_ws/install/my_robot_interfaces/share/my_robot_interfaces/cmake/my_robot_interfaces__rosidl_typesupport_introspection_cppExport-noconfig.cmake
[1.867s] -- Up-to-date: /home/akshar/eyrc_hb/hb_task5_ws/install/my_robot_interfaces/share/my_robot_interfaces/cmake/my_robot_interfaces__rosidl_typesupport_cppExport.cmake
[1.868s] -- Up-to-date: /home/akshar/eyrc_hb/hb_task5_ws/install/my_robot_interfaces/share/my_robot_interfaces/cmake/my_robot_interfaces__rosidl_typesupport_cppExport-noconfig.cmake
[1.875s] -- Up-to-date: /home/akshar/eyrc_hb/hb_task5_ws/install/my_robot_interfaces/share/my_robot_interfaces/cmake/export_my_robot_interfaces__rosidl_generator_pyExport.cmake
[1.875s] -- Up-to-date: /home/akshar/eyrc_hb/hb_task5_ws/install/my_robot_interfaces/share/my_robot_interfaces/cmake/export_my_robot_interfaces__rosidl_generator_pyExport-noconfig.cmake
[1.875s] -- Up-to-date: /home/akshar/eyrc_hb/hb_task5_ws/install/my_robot_interfaces/share/my_robot_interfaces/cmake/rosidl_cmake-extras.cmake
[1.875s] -- Up-to-date: /home/akshar/eyrc_hb/hb_task5_ws/install/my_robot_interfaces/share/my_robot_interfaces/cmake/ament_cmake_export_include_directories-extras.cmake
[1.875s] -- Up-to-date: /home/akshar/eyrc_hb/hb_task5_ws/install/my_robot_interfaces/share/my_robot_interfaces/cmake/ament_cmake_export_libraries-extras.cmake
[1.875s] -- Up-to-date: /home/akshar/eyrc_hb/hb_task5_ws/install/my_robot_interfaces/share/my_robot_interfaces/cmake/ament_cmake_export_targets-extras.cmake
[1.875s] -- Up-to-date: /home/akshar/eyrc_hb/hb_task5_ws/install/my_robot_interfaces/share/my_robot_interfaces/cmake/rosidl_cmake_export_typesupport_targets-extras.cmake
[1.875s] -- Up-to-date: /home/akshar/eyrc_hb/hb_task5_ws/install/my_robot_interfaces/share/my_robot_interfaces/cmake/ament_cmake_export_dependencies-extras.cmake
[1.875s] -- Up-to-date: /home/akshar/eyrc_hb/hb_task5_ws/install/my_robot_interfaces/share/my_robot_interfaces/cmake/rosidl_cmake_export_typesupport_libraries-extras.cmake
[1.875s] -- Up-to-date: /home/akshar/eyrc_hb/hb_task5_ws/install/my_robot_interfaces/share/my_robot_interfaces/cmake/my_robot_interfacesConfig.cmake
[1.875s] -- Up-to-date: /home/akshar/eyrc_hb/hb_task5_ws/install/my_robot_interfaces/share/my_robot_interfaces/cmake/my_robot_interfacesConfig-version.cmake
[1.875s] -- Up-to-date: /home/akshar/eyrc_hb/hb_task5_ws/install/my_robot_interfaces/share/my_robot_interfaces/package.xml
[1.882s] Invoked command in '/home/akshar/eyrc_hb/hb_task5_ws/build/my_robot_interfaces' returned '0': CMAKE_PREFIX_PATH=${CMAKE_PREFIX_PATH}:/home/akshar/eyrc_hb/hb_task5_ws/install/hb_task5a:/opt/ros/humble /usr/bin/cmake --install /home/akshar/eyrc_hb/hb_task5_ws/build/my_robot_interfaces
