[0.607s] Invoking command in '/home/akshar/eyrc_hb/hb_task6_ws/build/my_robot_interfaces': CMAKE_PREFIX_PATH=${CMAKE_PREFIX_PATH}:/home/akshar/eyrc_hb/hb_task6_ws/install/hb_taskbonus:/home/akshar/eyrc_hb/hb_task6_ws/install/hb_task_6:/home/akshar/eyrc_hb/hb_task6_ws/install/hb_task6:/opt/ros/humble /usr/bin/cmake --build /home/akshar/eyrc_hb/hb_task6_ws/build/my_robot_interfaces -- -j16 -l16
[0.669s] [  2%] Built target my_robot_interfaces__cpp
[0.672s] [ 12%] Built target my_robot_interfaces__rosidl_generator_c
[0.678s] [ 12%] Built target ament_cmake_python_copy_my_robot_interfaces
[0.700s] [ 34%] Built target my_robot_interfaces__rosidl_typesupport_fastrtps_cpp
[0.700s] [ 36%] Built target my_robot_interfaces__rosidl_typesupport_c
[0.702s] [ 44%] Built target my_robot_interfaces__rosidl_typesupport_introspection_c
[0.707s] [ 65%] Built target my_robot_interfaces__rosidl_typesupport_introspection_cpp
[0.707s] [ 65%] Built target my_robot_interfaces__rosidl_typesupport_cpp
[0.709s] [ 76%] Built target my_robot_interfaces__rosidl_typesupport_fastrtps_c
[0.738s] [ 76%] Built target my_robot_interfaces
[0.762s] [ 78%] Built target my_robot_interfaces__py
[0.787s] [ 87%] Built target my_robot_interfaces__rosidl_generator_py
[0.817s] [ 91%] Built target my_robot_interfaces__rosidl_typesupport_introspection_c__pyext
[0.817s] [ 95%] Built target my_robot_interfaces__rosidl_typesupport_fastrtps_c__pyext
[0.818s] [100%] Built target my_robot_interfaces__rosidl_typesupport_c__pyext
[0.921s] running egg_info
[0.922s] writing my_robot_interfaces.egg-info/PKG-INFO
[0.922s] writing dependency_links to my_robot_interfaces.egg-info/dependency_links.txt
[0.922s] writing top-level names to my_robot_interfaces.egg-info/top_level.txt
[0.925s] reading manifest file 'my_robot_interfaces.egg-info/SOURCES.txt'
[0.926s] writing manifest file 'my_robot_interfaces.egg-info/SOURCES.txt'
[0.968s] [100%] Built target ament_cmake_python_build_my_robot_interfaces_egg
[0.982s] Invoked command in '/home/akshar/eyrc_hb/hb_task6_ws/build/my_robot_interfaces' returned '0': CMAKE_PREFIX_PATH=${CMAKE_PREFIX_PATH}:/home/akshar/eyrc_hb/hb_task6_ws/install/hb_taskbonus:/home/akshar/eyrc_hb/hb_task6_ws/install/hb_task_6:/home/akshar/eyrc_hb/hb_task6_ws/install/hb_task6:/opt/ros/humble /usr/bin/cmake --build /home/akshar/eyrc_hb/hb_task6_ws/build/my_robot_interfaces -- -j16 -l16
[1.101s] Invoking command in '/home/akshar/eyrc_hb/hb_task6_ws/build/my_robot_interfaces': CMAKE_PREFIX_PATH=${CMAKE_PREFIX_PATH}:/home/akshar/eyrc_hb/hb_task6_ws/install/hb_taskbonus:/home/akshar/eyrc_hb/hb_task6_ws/install/hb_task_6:/home/akshar/eyrc_hb/hb_task6_ws/install/hb_task6:/opt/ros/humble /usr/bin/cmake --install /home/akshar/eyrc_hb/hb_task6_ws/build/my_robot_interfaces
[1.111s] -- Install configuration: ""
[1.111s] -- Up-to-date: /home/akshar/eyrc_hb/hb_task6_ws/install/my_robot_interfaces/share/ament_index/resource_index/rosidl_interfaces/my_robot_interfaces
[1.111s] -- Up-to-date: /home/akshar/eyrc_hb/hb_task6_ws/install/my_robot_interfaces/include/my_robot_interfaces/my_robot_interfaces
[1.112s] -- Up-to-date: /home/akshar/eyrc_hb/hb_task6_ws/install/my_robot_interfaces/include/my_robot_interfaces/my_robot_interfaces/srv
[1.112s] -- Up-to-date: /home/akshar/eyrc_hb/hb_task6_ws/install/my_robot_interfaces/include/my_robot_interfaces/my_robot_interfaces/srv/next_goal.h
[1.112s] -- Up-to-date: /home/akshar/eyrc_hb/hb_task6_ws/install/my_robot_interfaces/include/my_robot_interfaces/my_robot_interfaces/srv/detail
[1.112s] -- Up-to-date: /home/akshar/eyrc_hb/hb_task6_ws/install/my_robot_interfaces/include/my_robot_interfaces/my_robot_interfaces/srv/detail/next_goal__struct.h
[1.112s] -- Up-to-date: /home/akshar/eyrc_hb/hb_task6_ws/install/my_robot_interfaces/include/my_robot_interfaces/my_robot_interfaces/srv/detail/next_goal__functions.c
[1.112s] -- Up-to-date: /home/akshar/eyrc_hb/hb_task6_ws/install/my_robot_interfaces/include/my_robot_interfaces/my_robot_interfaces/srv/detail/next_goal__functions.h
[1.112s] -- Up-to-date: /home/akshar/eyrc_hb/hb_task6_ws/install/my_robot_interfaces/include/my_robot_interfaces/my_robot_interfaces/srv/detail/next_goal__type_support.h
[1.112s] -- Up-to-date: /home/akshar/eyrc_hb/hb_task6_ws/install/my_robot_interfaces/include/my_robot_interfaces/my_robot_interfaces/msg
[1.112s] -- Up-to-date: /home/akshar/eyrc_hb/hb_task6_ws/install/my_robot_interfaces/include/my_robot_interfaces/my_robot_interfaces/msg/goal.h
[1.112s] -- Up-to-date: /home/akshar/eyrc_hb/hb_task6_ws/install/my_robot_interfaces/include/my_robot_interfaces/my_robot_interfaces/msg/shape.h
[1.112s] -- Up-to-date: /home/akshar/eyrc_hb/hb_task6_ws/install/my_robot_interfaces/include/my_robot_interfaces/my_robot_interfaces/msg/rosidl_generator_c__visibility_control.h
[1.112s] -- Up-to-date: /home/akshar/eyrc_hb/hb_task6_ws/install/my_robot_interfaces/include/my_robot_interfaces/my_robot_interfaces/msg/detail
[1.112s] -- Up-to-date: /home/akshar/eyrc_hb/hb_task6_ws/install/my_robot_interfaces/include/my_robot_interfaces/my_robot_interfaces/msg/detail/shape__functions.h
[1.113s] -- Up-to-date: /home/akshar/eyrc_hb/hb_task6_ws/install/my_robot_interfaces/include/my_robot_interfaces/my_robot_interfaces/msg/detail/goal__struct.h
[1.113s] -- Up-to-date: /home/akshar/eyrc_hb/hb_task6_ws/install/my_robot_interfaces/include/my_robot_interfaces/my_robot_interfaces/msg/detail/goal__type_support.h
[1.113s] -- Up-to-date: /home/akshar/eyrc_hb/hb_task6_ws/install/my_robot_interfaces/include/my_robot_interfaces/my_robot_interfaces/msg/detail/shape__type_support.h
[1.113s] -- Up-to-date: /home/akshar/eyrc_hb/hb_task6_ws/install/my_robot_interfaces/include/my_robot_interfaces/my_robot_interfaces/msg/detail/shape__functions.c
[1.113s] -- Up-to-date: /home/akshar/eyrc_hb/hb_task6_ws/install/my_robot_interfaces/include/my_robot_interfaces/my_robot_interfaces/msg/detail/goal__functions.c
[1.113s] -- Up-to-date: /home/akshar/eyrc_hb/hb_task6_ws/install/my_robot_interfaces/include/my_robot_interfaces/my_robot_interfaces/msg/detail/goal__functions.h
[1.113s] -- Up-to-date: /home/akshar/eyrc_hb/hb_task6_ws/install/my_robot_interfaces/include/my_robot_interfaces/my_robot_interfaces/msg/detail/shape__struct.h
[1.113s] -- Up-to-date: /home/akshar/eyrc_hb/hb_task6_ws/install/my_robot_interfaces/share/my_robot_interfaces/environment/library_path.sh
[1.113s] -- Up-to-date: /home/akshar/eyrc_hb/hb_task6_ws/install/my_robot_interfaces/share/my_robot_interfaces/environment/library_path.dsv
[1.113s] -- Up-to-date: /home/akshar/eyrc_hb/hb_task6_ws/install/my_robot_interfaces/lib/libmy_robot_interfaces__rosidl_generator_c.so
[1.113s] -- Up-to-date: /home/akshar/eyrc_hb/hb_task6_ws/install/my_robot_interfaces/include/my_robot_interfaces/my_robot_interfaces
[1.113s] -- Up-to-date: /home/akshar/eyrc_hb/hb_task6_ws/install/my_robot_interfaces/include/my_robot_interfaces/my_robot_interfaces/srv
[1.114s] -- Up-to-date: /home/akshar/eyrc_hb/hb_task6_ws/install/my_robot_interfaces/include/my_robot_interfaces/my_robot_interfaces/srv/detail
[1.114s] -- Up-to-date: /home/akshar/eyrc_hb/hb_task6_ws/install/my_robot_interfaces/include/my_robot_interfaces/my_robot_interfaces/srv/detail/next_goal__rosidl_typesupport_fastrtps_c.h
[1.114s] -- Up-to-date: /home/akshar/eyrc_hb/hb_task6_ws/install/my_robot_interfaces/include/my_robot_interfaces/my_robot_interfaces/msg
[1.114s] -- Up-to-date: /home/akshar/eyrc_hb/hb_task6_ws/install/my_robot_interfaces/include/my_robot_interfaces/my_robot_interfaces/msg/rosidl_typesupport_fastrtps_c__visibility_control.h
[1.114s] -- Up-to-date: /home/akshar/eyrc_hb/hb_task6_ws/install/my_robot_interfaces/include/my_robot_interfaces/my_robot_interfaces/msg/detail
[1.114s] -- Up-to-date: /home/akshar/eyrc_hb/hb_task6_ws/install/my_robot_interfaces/include/my_robot_interfaces/my_robot_interfaces/msg/detail/goal__rosidl_typesupport_fastrtps_c.h
[1.114s] -- Up-to-date: /home/akshar/eyrc_hb/hb_task6_ws/install/my_robot_interfaces/include/my_robot_interfaces/my_robot_interfaces/msg/detail/shape__rosidl_typesupport_fastrtps_c.h
[1.114s] -- Up-to-date: /home/akshar/eyrc_hb/hb_task6_ws/install/my_robot_interfaces/lib/libmy_robot_interfaces__rosidl_typesupport_fastrtps_c.so
[1.114s] -- Up-to-date: /home/akshar/eyrc_hb/hb_task6_ws/install/my_robot_interfaces/include/my_robot_interfaces/my_robot_interfaces
[1.114s] -- Up-to-date: /home/akshar/eyrc_hb/hb_task6_ws/install/my_robot_interfaces/include/my_robot_interfaces/my_robot_interfaces/srv
[1.114s] -- Up-to-date: /home/akshar/eyrc_hb/hb_task6_ws/install/my_robot_interfaces/include/my_robot_interfaces/my_robot_interfaces/srv/detail
[1.114s] -- Up-to-date: /home/akshar/eyrc_hb/hb_task6_ws/install/my_robot_interfaces/include/my_robot_interfaces/my_robot_interfaces/srv/detail/next_goal__type_support.c
[1.114s] -- Up-to-date: /home/akshar/eyrc_hb/hb_task6_ws/install/my_robot_interfaces/include/my_robot_interfaces/my_robot_interfaces/srv/detail/next_goal__rosidl_typesupport_introspection_c.h
[1.114s] -- Up-to-date: /home/akshar/eyrc_hb/hb_task6_ws/install/my_robot_interfaces/include/my_robot_interfaces/my_robot_interfaces/msg
[1.115s] -- Up-to-date: /home/akshar/eyrc_hb/hb_task6_ws/install/my_robot_interfaces/include/my_robot_interfaces/my_robot_interfaces/msg/rosidl_typesupport_introspection_c__visibility_control.h
[1.115s] -- Up-to-date: /home/akshar/eyrc_hb/hb_task6_ws/install/my_robot_interfaces/include/my_robot_interfaces/my_robot_interfaces/msg/detail
[1.115s] -- Up-to-date: /home/akshar/eyrc_hb/hb_task6_ws/install/my_robot_interfaces/include/my_robot_interfaces/my_robot_interfaces/msg/detail/goal__type_support.c
[1.115s] -- Up-to-date: /home/akshar/eyrc_hb/hb_task6_ws/install/my_robot_interfaces/include/my_robot_interfaces/my_robot_interfaces/msg/detail/goal__rosidl_typesupport_introspection_c.h
[1.115s] -- Up-to-date: /home/akshar/eyrc_hb/hb_task6_ws/install/my_robot_interfaces/include/my_robot_interfaces/my_robot_interfaces/msg/detail/shape__rosidl_typesupport_introspection_c.h
[1.115s] -- Up-to-date: /home/akshar/eyrc_hb/hb_task6_ws/install/my_robot_interfaces/include/my_robot_interfaces/my_robot_interfaces/msg/detail/shape__type_support.c
[1.115s] -- Up-to-date: /home/akshar/eyrc_hb/hb_task6_ws/install/my_robot_interfaces/lib/libmy_robot_interfaces__rosidl_typesupport_introspection_c.so
[1.115s] -- Up-to-date: /home/akshar/eyrc_hb/hb_task6_ws/install/my_robot_interfaces/lib/libmy_robot_interfaces__rosidl_typesupport_c.so
[1.115s] -- Up-to-date: /home/akshar/eyrc_hb/hb_task6_ws/install/my_robot_interfaces/include/my_robot_interfaces/my_robot_interfaces
[1.115s] -- Up-to-date: /home/akshar/eyrc_hb/hb_task6_ws/install/my_robot_interfaces/include/my_robot_interfaces/my_robot_interfaces/srv
[1.116s] -- Up-to-date: /home/akshar/eyrc_hb/hb_task6_ws/install/my_robot_interfaces/include/my_robot_interfaces/my_robot_interfaces/srv/next_goal.hpp
[1.116s] -- Up-to-date: /home/akshar/eyrc_hb/hb_task6_ws/install/my_robot_interfaces/include/my_robot_interfaces/my_robot_interfaces/srv/detail
[1.116s] -- Up-to-date: /home/akshar/eyrc_hb/hb_task6_ws/install/my_robot_interfaces/include/my_robot_interfaces/my_robot_interfaces/srv/detail/next_goal__struct.hpp
[1.116s] -- Up-to-date: /home/akshar/eyrc_hb/hb_task6_ws/install/my_robot_interfaces/include/my_robot_interfaces/my_robot_interfaces/srv/detail/next_goal__builder.hpp
[1.116s] -- Up-to-date: /home/akshar/eyrc_hb/hb_task6_ws/install/my_robot_interfaces/include/my_robot_interfaces/my_robot_interfaces/srv/detail/next_goal__traits.hpp
[1.116s] -- Up-to-date: /home/akshar/eyrc_hb/hb_task6_ws/install/my_robot_interfaces/include/my_robot_interfaces/my_robot_interfaces/msg
[1.116s] -- Up-to-date: /home/akshar/eyrc_hb/hb_task6_ws/install/my_robot_interfaces/include/my_robot_interfaces/my_robot_interfaces/msg/shape.hpp
[1.116s] -- Up-to-date: /home/akshar/eyrc_hb/hb_task6_ws/install/my_robot_interfaces/include/my_robot_interfaces/my_robot_interfaces/msg/goal.hpp
[1.116s] -- Up-to-date: /home/akshar/eyrc_hb/hb_task6_ws/install/my_robot_interfaces/include/my_robot_interfaces/my_robot_interfaces/msg/detail
[1.116s] -- Up-to-date: /home/akshar/eyrc_hb/hb_task6_ws/install/my_robot_interfaces/include/my_robot_interfaces/my_robot_interfaces/msg/detail/shape__struct.hpp
[1.116s] -- Up-to-date: /home/akshar/eyrc_hb/hb_task6_ws/install/my_robot_interfaces/include/my_robot_interfaces/my_robot_interfaces/msg/detail/goal__traits.hpp
[1.116s] -- Up-to-date: /home/akshar/eyrc_hb/hb_task6_ws/install/my_robot_interfaces/include/my_robot_interfaces/my_robot_interfaces/msg/detail/shape__traits.hpp
[1.116s] -- Up-to-date: /home/akshar/eyrc_hb/hb_task6_ws/install/my_robot_interfaces/include/my_robot_interfaces/my_robot_interfaces/msg/detail/shape__builder.hpp
[1.116s] -- Up-to-date: /home/akshar/eyrc_hb/hb_task6_ws/install/my_robot_interfaces/include/my_robot_interfaces/my_robot_interfaces/msg/detail/goal__builder.hpp
[1.117s] -- Up-to-date: /home/akshar/eyrc_hb/hb_task6_ws/install/my_robot_interfaces/include/my_robot_interfaces/my_robot_interfaces/msg/detail/goal__struct.hpp
[1.117s] -- Up-to-date: /home/akshar/eyrc_hb/hb_task6_ws/install/my_robot_interfaces/include/my_robot_interfaces/my_robot_interfaces
[1.117s] -- Up-to-date: /home/akshar/eyrc_hb/hb_task6_ws/install/my_robot_interfaces/include/my_robot_interfaces/my_robot_interfaces/srv
[1.117s] -- Up-to-date: /home/akshar/eyrc_hb/hb_task6_ws/install/my_robot_interfaces/include/my_robot_interfaces/my_robot_interfaces/srv/detail
[1.117s] -- Up-to-date: /home/akshar/eyrc_hb/hb_task6_ws/install/my_robot_interfaces/include/my_robot_interfaces/my_robot_interfaces/srv/detail/dds_fastrtps
[1.117s] -- Up-to-date: /home/akshar/eyrc_hb/hb_task6_ws/install/my_robot_interfaces/include/my_robot_interfaces/my_robot_interfaces/srv/detail/next_goal__rosidl_typesupport_fastrtps_cpp.hpp
[1.117s] -- Up-to-date: /home/akshar/eyrc_hb/hb_task6_ws/install/my_robot_interfaces/include/my_robot_interfaces/my_robot_interfaces/msg
[1.117s] -- Up-to-date: /home/akshar/eyrc_hb/hb_task6_ws/install/my_robot_interfaces/include/my_robot_interfaces/my_robot_interfaces/msg/rosidl_typesupport_fastrtps_cpp__visibility_control.h
[1.117s] -- Up-to-date: /home/akshar/eyrc_hb/hb_task6_ws/install/my_robot_interfaces/include/my_robot_interfaces/my_robot_interfaces/msg/detail
[1.117s] -- Up-to-date: /home/akshar/eyrc_hb/hb_task6_ws/install/my_robot_interfaces/include/my_robot_interfaces/my_robot_interfaces/msg/detail/shape__rosidl_typesupport_fastrtps_cpp.hpp
[1.117s] -- Up-to-date: /home/akshar/eyrc_hb/hb_task6_ws/install/my_robot_interfaces/include/my_robot_interfaces/my_robot_interfaces/msg/detail/goal__rosidl_typesupport_fastrtps_cpp.hpp
[1.117s] -- Up-to-date: /home/akshar/eyrc_hb/hb_task6_ws/install/my_robot_interfaces/include/my_robot_interfaces/my_robot_interfaces/msg/detail/dds_fastrtps
[1.117s] -- Up-to-date: /home/akshar/eyrc_hb/hb_task6_ws/install/my_robot_interfaces/lib/libmy_robot_interfaces__rosidl_typesupport_fastrtps_cpp.so
[1.117s] -- Up-to-date: /home/akshar/eyrc_hb/hb_task6_ws/install/my_robot_interfaces/include/my_robot_interfaces/my_robot_interfaces
[1.117s] -- Up-to-date: /home/akshar/eyrc_hb/hb_task6_ws/install/my_robot_interfaces/include/my_robot_interfaces/my_robot_interfaces/srv
[1.117s] -- Up-to-date: /home/akshar/eyrc_hb/hb_task6_ws/install/my_robot_interfaces/include/my_robot_interfaces/my_robot_interfaces/srv/detail
[1.117s] -- Up-to-date: /home/akshar/eyrc_hb/hb_task6_ws/install/my_robot_interfaces/include/my_robot_interfaces/my_robot_interfaces/srv/detail/next_goal__rosidl_typesupport_introspection_cpp.hpp
[1.117s] -- Up-to-date: /home/akshar/eyrc_hb/hb_task6_ws/install/my_robot_interfaces/include/my_robot_interfaces/my_robot_interfaces/srv/detail/next_goal__type_support.cpp
[1.118s] -- Up-to-date: /home/akshar/eyrc_hb/hb_task6_ws/install/my_robot_interfaces/include/my_robot_interfaces/my_robot_interfaces/msg
[1.118s] -- Up-to-date: /home/akshar/eyrc_hb/hb_task6_ws/install/my_robot_interfaces/include/my_robot_interfaces/my_robot_interfaces/msg/detail
[1.118s] -- Up-to-date: /home/akshar/eyrc_hb/hb_task6_ws/install/my_robot_interfaces/include/my_robot_interfaces/my_robot_interfaces/msg/detail/shape__type_support.cpp
[1.118s] -- Up-to-date: /home/akshar/eyrc_hb/hb_task6_ws/install/my_robot_interfaces/include/my_robot_interfaces/my_robot_interfaces/msg/detail/shape__rosidl_typesupport_introspection_cpp.hpp
[1.118s] -- Up-to-date: /home/akshar/eyrc_hb/hb_task6_ws/install/my_robot_interfaces/include/my_robot_interfaces/my_robot_interfaces/msg/detail/goal__type_support.cpp
[1.118s] -- Up-to-date: /home/akshar/eyrc_hb/hb_task6_ws/install/my_robot_interfaces/include/my_robot_interfaces/my_robot_interfaces/msg/detail/goal__rosidl_typesupport_introspection_cpp.hpp
[1.118s] -- Up-to-date: /home/akshar/eyrc_hb/hb_task6_ws/install/my_robot_interfaces/lib/libmy_robot_interfaces__rosidl_typesupport_introspection_cpp.so
[1.118s] -- Up-to-date: /home/akshar/eyrc_hb/hb_task6_ws/install/my_robot_interfaces/lib/libmy_robot_interfaces__rosidl_typesupport_cpp.so
[1.118s] -- Up-to-date: /home/akshar/eyrc_hb/hb_task6_ws/install/my_robot_interfaces/share/my_robot_interfaces/environment/pythonpath.sh
[1.118s] -- Up-to-date: /home/akshar/eyrc_hb/hb_task6_ws/install/my_robot_interfaces/share/my_robot_interfaces/environment/pythonpath.dsv
[1.118s] -- Up-to-date: /home/akshar/eyrc_hb/hb_task6_ws/install/my_robot_interfaces/local/lib/python3.10/dist-packages/my_robot_interfaces-0.0.0-py3.10.egg-info
[1.118s] -- Installing: /home/akshar/eyrc_hb/hb_task6_ws/install/my_robot_interfaces/local/lib/python3.10/dist-packages/my_robot_interfaces-0.0.0-py3.10.egg-info/PKG-INFO
[1.118s] -- Installing: /home/akshar/eyrc_hb/hb_task6_ws/install/my_robot_interfaces/local/lib/python3.10/dist-packages/my_robot_interfaces-0.0.0-py3.10.egg-info/SOURCES.txt
[1.118s] -- Installing: /home/akshar/eyrc_hb/hb_task6_ws/install/my_robot_interfaces/local/lib/python3.10/dist-packages/my_robot_interfaces-0.0.0-py3.10.egg-info/top_level.txt
[1.118s] -- Installing: /home/akshar/eyrc_hb/hb_task6_ws/install/my_robot_interfaces/local/lib/python3.10/dist-packages/my_robot_interfaces-0.0.0-py3.10.egg-info/dependency_links.txt
[1.119s] -- Up-to-date: /home/akshar/eyrc_hb/hb_task6_ws/install/my_robot_interfaces/local/lib/python3.10/dist-packages/my_robot_interfaces
[1.119s] -- Up-to-date: /home/akshar/eyrc_hb/hb_task6_ws/install/my_robot_interfaces/local/lib/python3.10/dist-packages/my_robot_interfaces/my_robot_interfaces_s__rosidl_typesupport_fastrtps_c.cpython-310-x86_64-linux-gnu.so
[1.119s] -- Up-to-date: /home/akshar/eyrc_hb/hb_task6_ws/install/my_robot_interfaces/local/lib/python3.10/dist-packages/my_robot_interfaces/_my_robot_interfaces_s.ep.rosidl_typesupport_fastrtps_c.c
[1.119s] -- Up-to-date: /home/akshar/eyrc_hb/hb_task6_ws/install/my_robot_interfaces/local/lib/python3.10/dist-packages/my_robot_interfaces/_my_robot_interfaces_s.ep.rosidl_typesupport_introspection_c.c
[1.119s] -- Up-to-date: /home/akshar/eyrc_hb/hb_task6_ws/install/my_robot_interfaces/local/lib/python3.10/dist-packages/my_robot_interfaces/_my_robot_interfaces_s.ep.rosidl_typesupport_c.c
[1.119s] -- Up-to-date: /home/akshar/eyrc_hb/hb_task6_ws/install/my_robot_interfaces/local/lib/python3.10/dist-packages/my_robot_interfaces/my_robot_interfaces_s__rosidl_typesupport_c.cpython-310-x86_64-linux-gnu.so
[1.119s] -- Up-to-date: /home/akshar/eyrc_hb/hb_task6_ws/install/my_robot_interfaces/local/lib/python3.10/dist-packages/my_robot_interfaces/libmy_robot_interfaces__rosidl_generator_py.so
[1.119s] -- Up-to-date: /home/akshar/eyrc_hb/hb_task6_ws/install/my_robot_interfaces/local/lib/python3.10/dist-packages/my_robot_interfaces/my_robot_interfaces_s__rosidl_typesupport_introspection_c.cpython-310-x86_64-linux-gnu.so
[1.119s] -- Up-to-date: /home/akshar/eyrc_hb/hb_task6_ws/install/my_robot_interfaces/local/lib/python3.10/dist-packages/my_robot_interfaces/__init__.py
[1.119s] -- Up-to-date: /home/akshar/eyrc_hb/hb_task6_ws/install/my_robot_interfaces/local/lib/python3.10/dist-packages/my_robot_interfaces/srv
[1.119s] -- Up-to-date: /home/akshar/eyrc_hb/hb_task6_ws/install/my_robot_interfaces/local/lib/python3.10/dist-packages/my_robot_interfaces/srv/_next_goal.py
[1.119s] -- Up-to-date: /home/akshar/eyrc_hb/hb_task6_ws/install/my_robot_interfaces/local/lib/python3.10/dist-packages/my_robot_interfaces/srv/_next_goal_s.c
[1.119s] -- Up-to-date: /home/akshar/eyrc_hb/hb_task6_ws/install/my_robot_interfaces/local/lib/python3.10/dist-packages/my_robot_interfaces/srv/__init__.py
[1.119s] -- Up-to-date: /home/akshar/eyrc_hb/hb_task6_ws/install/my_robot_interfaces/local/lib/python3.10/dist-packages/my_robot_interfaces/msg
[1.119s] -- Up-to-date: /home/akshar/eyrc_hb/hb_task6_ws/install/my_robot_interfaces/local/lib/python3.10/dist-packages/my_robot_interfaces/msg/_shape_s.c
[1.119s] -- Up-to-date: /home/akshar/eyrc_hb/hb_task6_ws/install/my_robot_interfaces/local/lib/python3.10/dist-packages/my_robot_interfaces/msg/_shape.py
[1.119s] -- Up-to-date: /home/akshar/eyrc_hb/hb_task6_ws/install/my_robot_interfaces/local/lib/python3.10/dist-packages/my_robot_interfaces/msg/_goal_s.c
[1.119s] -- Up-to-date: /home/akshar/eyrc_hb/hb_task6_ws/install/my_robot_interfaces/local/lib/python3.10/dist-packages/my_robot_interfaces/msg/__init__.py
[1.120s] -- Up-to-date: /home/akshar/eyrc_hb/hb_task6_ws/install/my_robot_interfaces/local/lib/python3.10/dist-packages/my_robot_interfaces/msg/_goal.py
[1.152s] Listing '/home/akshar/eyrc_hb/hb_task6_ws/install/my_robot_interfaces/local/lib/python3.10/dist-packages/my_robot_interfaces'...
[1.152s] Listing '/home/akshar/eyrc_hb/hb_task6_ws/install/my_robot_interfaces/local/lib/python3.10/dist-packages/my_robot_interfaces/msg'...
[1.153s] Listing '/home/akshar/eyrc_hb/hb_task6_ws/install/my_robot_interfaces/local/lib/python3.10/dist-packages/my_robot_interfaces/srv'...
[1.156s] -- Up-to-date: /home/akshar/eyrc_hb/hb_task6_ws/install/my_robot_interfaces/local/lib/python3.10/dist-packages/my_robot_interfaces/my_robot_interfaces_s__rosidl_typesupport_fastrtps_c.cpython-310-x86_64-linux-gnu.so
[1.156s] -- Up-to-date: /home/akshar/eyrc_hb/hb_task6_ws/install/my_robot_interfaces/local/lib/python3.10/dist-packages/my_robot_interfaces/my_robot_interfaces_s__rosidl_typesupport_introspection_c.cpython-310-x86_64-linux-gnu.so
[1.156s] -- Up-to-date: /home/akshar/eyrc_hb/hb_task6_ws/install/my_robot_interfaces/local/lib/python3.10/dist-packages/my_robot_interfaces/my_robot_interfaces_s__rosidl_typesupport_c.cpython-310-x86_64-linux-gnu.so
[1.157s] -- Up-to-date: /home/akshar/eyrc_hb/hb_task6_ws/install/my_robot_interfaces/lib/libmy_robot_interfaces__rosidl_generator_py.so
[1.157s] -- Up-to-date: /home/akshar/eyrc_hb/hb_task6_ws/install/my_robot_interfaces/share/my_robot_interfaces/srv/NextGoal.idl
[1.157s] -- Up-to-date: /home/akshar/eyrc_hb/hb_task6_ws/install/my_robot_interfaces/share/my_robot_interfaces/msg/Goal.idl
[1.157s] -- Up-to-date: /home/akshar/eyrc_hb/hb_task6_ws/install/my_robot_interfaces/share/my_robot_interfaces/msg/Shape.idl
[1.157s] -- Up-to-date: /home/akshar/eyrc_hb/hb_task6_ws/install/my_robot_interfaces/share/my_robot_interfaces/srv/NextGoal.srv
[1.157s] -- Up-to-date: /home/akshar/eyrc_hb/hb_task6_ws/install/my_robot_interfaces/share/my_robot_interfaces/srv/NextGoal_Request.msg
[1.157s] -- Up-to-date: /home/akshar/eyrc_hb/hb_task6_ws/install/my_robot_interfaces/share/my_robot_interfaces/srv/NextGoal_Response.msg
[1.158s] -- Up-to-date: /home/akshar/eyrc_hb/hb_task6_ws/install/my_robot_interfaces/share/my_robot_interfaces/msg/Goal.msg
[1.158s] -- Up-to-date: /home/akshar/eyrc_hb/hb_task6_ws/install/my_robot_interfaces/share/my_robot_interfaces/msg/Shape.msg
[1.158s] -- Up-to-date: /home/akshar/eyrc_hb/hb_task6_ws/install/my_robot_interfaces/share/ament_index/resource_index/package_run_dependencies/my_robot_interfaces
[1.158s] -- Up-to-date: /home/akshar/eyrc_hb/hb_task6_ws/install/my_robot_interfaces/share/ament_index/resource_index/parent_prefix_path/my_robot_interfaces
[1.158s] -- Up-to-date: /home/akshar/eyrc_hb/hb_task6_ws/install/my_robot_interfaces/share/my_robot_interfaces/environment/ament_prefix_path.sh
[1.158s] -- Up-to-date: /home/akshar/eyrc_hb/hb_task6_ws/install/my_robot_interfaces/share/my_robot_interfaces/environment/ament_prefix_path.dsv
[1.158s] -- Up-to-date: /home/akshar/eyrc_hb/hb_task6_ws/install/my_robot_interfaces/share/my_robot_interfaces/environment/path.sh
[1.158s] -- Up-to-date: /home/akshar/eyrc_hb/hb_task6_ws/install/my_robot_interfaces/share/my_robot_interfaces/environment/path.dsv
[1.158s] -- Up-to-date: /home/akshar/eyrc_hb/hb_task6_ws/install/my_robot_interfaces/share/my_robot_interfaces/local_setup.bash
[1.158s] -- Up-to-date: /home/akshar/eyrc_hb/hb_task6_ws/install/my_robot_interfaces/share/my_robot_interfaces/local_setup.sh
[1.159s] -- Up-to-date: /home/akshar/eyrc_hb/hb_task6_ws/install/my_robot_interfaces/share/my_robot_interfaces/local_setup.zsh
[1.159s] -- Up-to-date: /home/akshar/eyrc_hb/hb_task6_ws/install/my_robot_interfaces/share/my_robot_interfaces/local_setup.dsv
[1.159s] -- Installing: /home/akshar/eyrc_hb/hb_task6_ws/install/my_robot_interfaces/share/my_robot_interfaces/package.dsv
[1.159s] -- Up-to-date: /home/akshar/eyrc_hb/hb_task6_ws/install/my_robot_interfaces/share/ament_index/resource_index/packages/my_robot_interfaces
[1.159s] -- Up-to-date: /home/akshar/eyrc_hb/hb_task6_ws/install/my_robot_interfaces/share/my_robot_interfaces/cmake/export_my_robot_interfaces__rosidl_generator_cExport.cmake
[1.159s] -- Up-to-date: /home/akshar/eyrc_hb/hb_task6_ws/install/my_robot_interfaces/share/my_robot_interfaces/cmake/export_my_robot_interfaces__rosidl_generator_cExport-noconfig.cmake
[1.159s] -- Up-to-date: /home/akshar/eyrc_hb/hb_task6_ws/install/my_robot_interfaces/share/my_robot_interfaces/cmake/export_my_robot_interfaces__rosidl_typesupport_fastrtps_cExport.cmake
[1.159s] -- Up-to-date: /home/akshar/eyrc_hb/hb_task6_ws/install/my_robot_interfaces/share/my_robot_interfaces/cmake/export_my_robot_interfaces__rosidl_typesupport_fastrtps_cExport-noconfig.cmake
[1.159s] -- Up-to-date: /home/akshar/eyrc_hb/hb_task6_ws/install/my_robot_interfaces/share/my_robot_interfaces/cmake/my_robot_interfaces__rosidl_typesupport_introspection_cExport.cmake
[1.160s] -- Up-to-date: /home/akshar/eyrc_hb/hb_task6_ws/install/my_robot_interfaces/share/my_robot_interfaces/cmake/my_robot_interfaces__rosidl_typesupport_introspection_cExport-noconfig.cmake
[1.160s] -- Up-to-date: /home/akshar/eyrc_hb/hb_task6_ws/install/my_robot_interfaces/share/my_robot_interfaces/cmake/my_robot_interfaces__rosidl_typesupport_cExport.cmake
[1.160s] -- Up-to-date: /home/akshar/eyrc_hb/hb_task6_ws/install/my_robot_interfaces/share/my_robot_interfaces/cmake/my_robot_interfaces__rosidl_typesupport_cExport-noconfig.cmake
[1.160s] -- Up-to-date: /home/akshar/eyrc_hb/hb_task6_ws/install/my_robot_interfaces/share/my_robot_interfaces/cmake/export_my_robot_interfaces__rosidl_generator_cppExport.cmake
[1.160s] -- Up-to-date: /home/akshar/eyrc_hb/hb_task6_ws/install/my_robot_interfaces/share/my_robot_interfaces/cmake/export_my_robot_interfaces__rosidl_typesupport_fastrtps_cppExport.cmake
[1.160s] -- Up-to-date: /home/akshar/eyrc_hb/hb_task6_ws/install/my_robot_interfaces/share/my_robot_interfaces/cmake/export_my_robot_interfaces__rosidl_typesupport_fastrtps_cppExport-noconfig.cmake
[1.160s] -- Up-to-date: /home/akshar/eyrc_hb/hb_task6_ws/install/my_robot_interfaces/share/my_robot_interfaces/cmake/my_robot_interfaces__rosidl_typesupport_introspection_cppExport.cmake
[1.160s] -- Up-to-date: /home/akshar/eyrc_hb/hb_task6_ws/install/my_robot_interfaces/share/my_robot_interfaces/cmake/my_robot_interfaces__rosidl_typesupport_introspection_cppExport-noconfig.cmake
[1.160s] -- Up-to-date: /home/akshar/eyrc_hb/hb_task6_ws/install/my_robot_interfaces/share/my_robot_interfaces/cmake/my_robot_interfaces__rosidl_typesupport_cppExport.cmake
[1.161s] -- Up-to-date: /home/akshar/eyrc_hb/hb_task6_ws/install/my_robot_interfaces/share/my_robot_interfaces/cmake/my_robot_interfaces__rosidl_typesupport_cppExport-noconfig.cmake
[1.161s] -- Up-to-date: /home/akshar/eyrc_hb/hb_task6_ws/install/my_robot_interfaces/share/my_robot_interfaces/cmake/export_my_robot_interfaces__rosidl_generator_pyExport.cmake
[1.161s] -- Up-to-date: /home/akshar/eyrc_hb/hb_task6_ws/install/my_robot_interfaces/share/my_robot_interfaces/cmake/export_my_robot_interfaces__rosidl_generator_pyExport-noconfig.cmake
[1.161s] -- Up-to-date: /home/akshar/eyrc_hb/hb_task6_ws/install/my_robot_interfaces/share/my_robot_interfaces/cmake/rosidl_cmake-extras.cmake
[1.161s] -- Up-to-date: /home/akshar/eyrc_hb/hb_task6_ws/install/my_robot_interfaces/share/my_robot_interfaces/cmake/ament_cmake_export_include_directories-extras.cmake
[1.161s] -- Up-to-date: /home/akshar/eyrc_hb/hb_task6_ws/install/my_robot_interfaces/share/my_robot_interfaces/cmake/ament_cmake_export_libraries-extras.cmake
[1.161s] -- Up-to-date: /home/akshar/eyrc_hb/hb_task6_ws/install/my_robot_interfaces/share/my_robot_interfaces/cmake/ament_cmake_export_targets-extras.cmake
[1.161s] -- Up-to-date: /home/akshar/eyrc_hb/hb_task6_ws/install/my_robot_interfaces/share/my_robot_interfaces/cmake/rosidl_cmake_export_typesupport_targets-extras.cmake
[1.161s] -- Up-to-date: /home/akshar/eyrc_hb/hb_task6_ws/install/my_robot_interfaces/share/my_robot_interfaces/cmake/ament_cmake_export_dependencies-extras.cmake
[1.162s] -- Up-to-date: /home/akshar/eyrc_hb/hb_task6_ws/install/my_robot_interfaces/share/my_robot_interfaces/cmake/rosidl_cmake_export_typesupport_libraries-extras.cmake
[1.162s] -- Up-to-date: /home/akshar/eyrc_hb/hb_task6_ws/install/my_robot_interfaces/share/my_robot_interfaces/cmake/my_robot_interfacesConfig.cmake
[1.162s] -- Up-to-date: /home/akshar/eyrc_hb/hb_task6_ws/install/my_robot_interfaces/share/my_robot_interfaces/cmake/my_robot_interfacesConfig-version.cmake
[1.162s] -- Up-to-date: /home/akshar/eyrc_hb/hb_task6_ws/install/my_robot_interfaces/share/my_robot_interfaces/package.xml
[1.165s] Invoked command in '/home/akshar/eyrc_hb/hb_task6_ws/build/my_robot_interfaces' returned '0': CMAKE_PREFIX_PATH=${CMAKE_PREFIX_PATH}:/home/akshar/eyrc_hb/hb_task6_ws/install/hb_taskbonus:/home/akshar/eyrc_hb/hb_task6_ws/install/hb_task_6:/home/akshar/eyrc_hb/hb_task6_ws/install/hb_task6:/opt/ros/humble /usr/bin/cmake --install /home/akshar/eyrc_hb/hb_task6_ws/build/my_robot_interfaces
