running egg_info
creating ../../build/hb_task5a/hb_task5a.egg-info
writing ../../build/hb_task5a/hb_task5a.egg-info/PKG-INFO
writing dependency_links to ../../build/hb_task5a/hb_task5a.egg-info/dependency_links.txt
writing entry points to ../../build/hb_task5a/hb_task5a.egg-info/entry_points.txt
writing requirements to ../../build/hb_task5a/hb_task5a.egg-info/requires.txt
writing top-level names to ../../build/hb_task5a/hb_task5a.egg-info/top_level.txt
writing manifest file '../../build/hb_task5a/hb_task5a.egg-info/SOURCES.txt'
reading manifest file '../../build/hb_task5a/hb_task5a.egg-info/SOURCES.txt'
writing manifest file '../../build/hb_task5a/hb_task5a.egg-info/SOURCES.txt'
running build
running build_py
creating /home/premsai/eyrc23_HB_1282/hb_task5_ws/build/hb_task5a/build
creating /home/premsai/eyrc23_HB_1282/hb_task5_ws/build/hb_task5a/build/lib
creating /home/premsai/eyrc23_HB_1282/hb_task5_ws/build/hb_task5a/build/lib/hb_task5a
copying hb_task5a/feedback.py -> /home/premsai/eyrc23_HB_1282/hb_task5_ws/build/hb_task5a/build/lib/hb_task5a
copying hb_task5a/mapping3.py -> /home/premsai/eyrc23_HB_1282/hb_task5_ws/build/hb_task5a/build/lib/hb_task5a
copying hb_task5a/rough.py -> /home/premsai/eyrc23_HB_1282/hb_task5_ws/build/hb_task5a/build/lib/hb_task5a
copying hb_task5a/countour_extraction.py -> /home/premsai/eyrc23_HB_1282/hb_task5_ws/build/hb_task5a/build/lib/hb_task5a
copying hb_task5a/StopFlagServer.py -> /home/premsai/eyrc23_HB_1282/hb_task5_ws/build/hb_task5a/build/lib/hb_task5a
copying hb_task5a/controller_ik.py -> /home/premsai/eyrc23_HB_1282/hb_task5_ws/build/hb_task5a/build/lib/hb_task5a
copying hb_task5a/interpolation.py -> /home/premsai/eyrc23_HB_1282/hb_task5_ws/build/hb_task5a/build/lib/hb_task5a
copying hb_task5a/nextGoalPub.py -> /home/premsai/eyrc23_HB_1282/hb_task5_ws/build/hb_task5a/build/lib/hb_task5a
copying hb_task5a/controller.py -> /home/premsai/eyrc23_HB_1282/hb_task5_ws/build/hb_task5a/build/lib/hb_task5a
copying hb_task5a/draw.py -> /home/premsai/eyrc23_HB_1282/hb_task5_ws/build/hb_task5a/build/lib/hb_task5a
copying hb_task5a/__init__.py -> /home/premsai/eyrc23_HB_1282/hb_task5_ws/build/hb_task5a/build/lib/hb_task5a
copying hb_task5a/interpolation2.py -> /home/premsai/eyrc23_HB_1282/hb_task5_ws/build/hb_task5a/build/lib/hb_task5a
copying hb_task5a/nextGOal1.py -> /home/premsai/eyrc23_HB_1282/hb_task5_ws/build/hb_task5a/build/lib/hb_task5a
copying hb_task5a/controller_ik2.py -> /home/premsai/eyrc23_HB_1282/hb_task5_ws/build/hb_task5a/build/lib/hb_task5a
copying hb_task5a/stop_bot_srv.py -> /home/premsai/eyrc23_HB_1282/hb_task5_ws/build/hb_task5a/build/lib/hb_task5a
copying hb_task5a/mapping.py -> /home/premsai/eyrc23_HB_1282/hb_task5_ws/build/hb_task5a/build/lib/hb_task5a
copying hb_task5a/mapping2.py -> /home/premsai/eyrc23_HB_1282/hb_task5_ws/build/hb_task5a/build/lib/hb_task5a
copying hb_task5a/controller_ik3.py -> /home/premsai/eyrc23_HB_1282/hb_task5_ws/build/hb_task5a/build/lib/hb_task5a
copying hb_task5a/interpolation3.py -> /home/premsai/eyrc23_HB_1282/hb_task5_ws/build/hb_task5a/build/lib/hb_task5a
running install
/usr/lib/python3/dist-packages/setuptools/command/install.py:34: SetuptoolsDeprecationWarning: setup.py install is deprecated. Use build and pip and other standards-based tools.
  warnings.warn(
running install_lib
running install_data
running install_egg_info
removing '/home/premsai/eyrc23_HB_1282/hb_task5_ws/install/hb_task5a/lib/python3.10/site-packages/hb_task5a-0.0.0-py3.10.egg-info' (and everything under it)
Copying ../../build/hb_task5a/hb_task5a.egg-info to /home/premsai/eyrc23_HB_1282/hb_task5_ws/install/hb_task5a/lib/python3.10/site-packages/hb_task5a-0.0.0-py3.10.egg-info
running install_scripts
Installing StopFlag script to /home/premsai/eyrc23_HB_1282/hb_task5_ws/install/hb_task5a/lib/hb_task5a
Installing controller script to /home/premsai/eyrc23_HB_1282/hb_task5_ws/install/hb_task5a/lib/hb_task5a
Installing controllerik script to /home/premsai/eyrc23_HB_1282/hb_task5_ws/install/hb_task5a/lib/hb_task5a
Installing controllerik2 script to /home/premsai/eyrc23_HB_1282/hb_task5_ws/install/hb_task5a/lib/hb_task5a
Installing controllerik3 script to /home/premsai/eyrc23_HB_1282/hb_task5_ws/install/hb_task5a/lib/hb_task5a
Installing feedback script to /home/premsai/eyrc23_HB_1282/hb_task5_ws/install/hb_task5a/lib/hb_task5a
Installing img script to /home/premsai/eyrc23_HB_1282/hb_task5_ws/install/hb_task5a/lib/hb_task5a
Installing interp script to /home/premsai/eyrc23_HB_1282/hb_task5_ws/install/hb_task5a/lib/hb_task5a
Installing interp2 script to /home/premsai/eyrc23_HB_1282/hb_task5_ws/install/hb_task5a/lib/hb_task5a
Installing interp3 script to /home/premsai/eyrc23_HB_1282/hb_task5_ws/install/hb_task5a/lib/hb_task5a
Installing map script to /home/premsai/eyrc23_HB_1282/hb_task5_ws/install/hb_task5a/lib/hb_task5a
Installing map2 script to /home/premsai/eyrc23_HB_1282/hb_task5_ws/install/hb_task5a/lib/hb_task5a
Installing map3 script to /home/premsai/eyrc23_HB_1282/hb_task5_ws/install/hb_task5a/lib/hb_task5a
Installing nextgoal script to /home/premsai/eyrc23_HB_1282/hb_task5_ws/install/hb_task5a/lib/hb_task5a
Installing server script to /home/premsai/eyrc23_HB_1282/hb_task5_ws/install/hb_task5a/lib/hb_task5a
writing list of installed files to '/home/premsai/eyrc23_HB_1282/hb_task5_ws/build/hb_task5a/install.log'
