[1.068s] Invoking command in '/home/akshar/eyrc_hb/hb_task6_ws/src/hb_taskbonus': PYTHONPATH=/home/akshar/eyrc_hb/hb_task6_ws/build/hb_taskbonus/prefix_override:/home/akshar/eyrc_hb/hb_task6_ws/install/hb_taskbonus/lib/python3.10/site-packages:${PYTHONPATH} /usr/bin/python3 setup.py egg_info --egg-base ../../build/hb_taskbonus build --build-base /home/akshar/eyrc_hb/hb_task6_ws/build/hb_taskbonus/build install --record /home/akshar/eyrc_hb/hb_task6_ws/build/hb_taskbonus/install.log --single-version-externally-managed
[1.291s] running egg_info
[1.292s] writing ../../build/hb_taskbonus/hb_taskbonus.egg-info/PKG-INFO
[1.292s] writing dependency_links to ../../build/hb_taskbonus/hb_taskbonus.egg-info/dependency_links.txt
[1.292s] writing entry points to ../../build/hb_taskbonus/hb_taskbonus.egg-info/entry_points.txt
[1.292s] writing requirements to ../../build/hb_taskbonus/hb_taskbonus.egg-info/requires.txt
[1.292s] writing top-level names to ../../build/hb_taskbonus/hb_taskbonus.egg-info/top_level.txt
[1.294s] reading manifest file '../../build/hb_taskbonus/hb_taskbonus.egg-info/SOURCES.txt'
[1.296s] writing manifest file '../../build/hb_taskbonus/hb_taskbonus.egg-info/SOURCES.txt'
[1.296s] running build
[1.296s] running build_py
[1.297s] copying hb_taskbonus/controller3a.py -> /home/akshar/eyrc_hb/hb_task6_ws/build/hb_taskbonus/build/lib/hb_taskbonus
[1.297s] copying hb_taskbonus/controller2a.py -> /home/akshar/eyrc_hb/hb_task6_ws/build/hb_taskbonus/build/lib/hb_taskbonus
[1.298s] running install
[1.298s] /usr/lib/python3/dist-packages/setuptools/command/install.py:34: SetuptoolsDeprecationWarning: setup.py install is deprecated. Use build and pip and other standards-based tools.
[1.298s]   warnings.warn(
[1.299s] running install_lib
[1.300s] copying /home/akshar/eyrc_hb/hb_task6_ws/build/hb_taskbonus/build/lib/hb_taskbonus/controller3a.py -> /home/akshar/eyrc_hb/hb_task6_ws/install/hb_taskbonus/lib/python3.10/site-packages/hb_taskbonus
[1.301s] copying /home/akshar/eyrc_hb/hb_task6_ws/build/hb_taskbonus/build/lib/hb_taskbonus/controller2a.py -> /home/akshar/eyrc_hb/hb_task6_ws/install/hb_taskbonus/lib/python3.10/site-packages/hb_taskbonus
[1.302s] byte-compiling /home/akshar/eyrc_hb/hb_task6_ws/install/hb_taskbonus/lib/python3.10/site-packages/hb_taskbonus/controller3a.py to controller3a.cpython-310.pyc
[1.305s] byte-compiling /home/akshar/eyrc_hb/hb_task6_ws/install/hb_taskbonus/lib/python3.10/site-packages/hb_taskbonus/controller2a.py to controller2a.cpython-310.pyc
[1.307s] running install_data
[1.308s] running install_egg_info
[1.310s] removing '/home/akshar/eyrc_hb/hb_task6_ws/install/hb_taskbonus/lib/python3.10/site-packages/hb_taskbonus-0.0.0-py3.10.egg-info' (and everything under it)
[1.311s] Copying ../../build/hb_taskbonus/hb_taskbonus.egg-info to /home/akshar/eyrc_hb/hb_task6_ws/install/hb_taskbonus/lib/python3.10/site-packages/hb_taskbonus-0.0.0-py3.10.egg-info
[1.312s] running install_scripts
[1.334s] Installing StopFlag script to /home/akshar/eyrc_hb/hb_task6_ws/install/hb_taskbonus/lib/hb_taskbonus
[1.334s] Installing controller1 script to /home/akshar/eyrc_hb/hb_task6_ws/install/hb_taskbonus/lib/hb_taskbonus
[1.334s] Installing controller2 script to /home/akshar/eyrc_hb/hb_task6_ws/install/hb_taskbonus/lib/hb_taskbonus
[1.335s] Installing controller3 script to /home/akshar/eyrc_hb/hb_task6_ws/install/hb_taskbonus/lib/hb_taskbonus
[1.335s] Installing feedback script to /home/akshar/eyrc_hb/hb_task6_ws/install/hb_taskbonus/lib/hb_taskbonus
[1.335s] Installing imgutl script to /home/akshar/eyrc_hb/hb_task6_ws/install/hb_taskbonus/lib/hb_taskbonus
[1.335s] Installing interp1 script to /home/akshar/eyrc_hb/hb_task6_ws/install/hb_taskbonus/lib/hb_taskbonus
[1.335s] Installing interp2 script to /home/akshar/eyrc_hb/hb_task6_ws/install/hb_taskbonus/lib/hb_taskbonus
[1.336s] Installing interp3 script to /home/akshar/eyrc_hb/hb_task6_ws/install/hb_taskbonus/lib/hb_taskbonus
[1.336s] Installing map1 script to /home/akshar/eyrc_hb/hb_task6_ws/install/hb_taskbonus/lib/hb_taskbonus
[1.336s] Installing map2 script to /home/akshar/eyrc_hb/hb_task6_ws/install/hb_taskbonus/lib/hb_taskbonus
[1.336s] Installing map3 script to /home/akshar/eyrc_hb/hb_task6_ws/install/hb_taskbonus/lib/hb_taskbonus
[1.336s] Installing nextGoal1 script to /home/akshar/eyrc_hb/hb_task6_ws/install/hb_taskbonus/lib/hb_taskbonus
[1.336s] Installing nextGoal2 script to /home/akshar/eyrc_hb/hb_task6_ws/install/hb_taskbonus/lib/hb_taskbonus
[1.336s] Installing nextGoal3 script to /home/akshar/eyrc_hb/hb_task6_ws/install/hb_taskbonus/lib/hb_taskbonus
[1.337s] Installing nextGoalfunc script to /home/akshar/eyrc_hb/hb_task6_ws/install/hb_taskbonus/lib/hb_taskbonus
[1.337s] Installing startpoint script to /home/akshar/eyrc_hb/hb_task6_ws/install/hb_taskbonus/lib/hb_taskbonus
[1.337s] writing list of installed files to '/home/akshar/eyrc_hb/hb_task6_ws/build/hb_taskbonus/install.log'
[1.417s] Invoked command in '/home/akshar/eyrc_hb/hb_task6_ws/src/hb_taskbonus' returned '0': PYTHONPATH=/home/akshar/eyrc_hb/hb_task6_ws/build/hb_taskbonus/prefix_override:/home/akshar/eyrc_hb/hb_task6_ws/install/hb_taskbonus/lib/python3.10/site-packages:${PYTHONPATH} /usr/bin/python3 setup.py egg_info --egg-base ../../build/hb_taskbonus build --build-base /home/akshar/eyrc_hb/hb_task6_ws/build/hb_taskbonus/build install --record /home/akshar/eyrc_hb/hb_task6_ws/build/hb_taskbonus/install.log --single-version-externally-managed
