[0.805s] Invoking command in '/home/akshar/eyrc_hb/hb_task_2_ws/src/hb_task2a': PYTHONPATH=/home/akshar/eyrc_hb/hb_task_2_ws/build/hb_task2a/prefix_override:/home/akshar/eyrc_hb/hb_task_2_ws/install/hb_task2a/lib/python3.10/site-packages:${PYTHONPATH} /usr/bin/python3 setup.py egg_info --egg-base ../../build/hb_task2a build --build-base /home/akshar/eyrc_hb/hb_task_2_ws/build/hb_task2a/build install --record /home/akshar/eyrc_hb/hb_task_2_ws/build/hb_task2a/install.log --single-version-externally-managed
[0.998s] running egg_info
[0.999s] writing ../../build/hb_task2a/hb_task2a.egg-info/PKG-INFO
[0.999s] writing dependency_links to ../../build/hb_task2a/hb_task2a.egg-info/dependency_links.txt
[1.000s] writing entry points to ../../build/hb_task2a/hb_task2a.egg-info/entry_points.txt
[1.000s] writing requirements to ../../build/hb_task2a/hb_task2a.egg-info/requires.txt
[1.000s] writing top-level names to ../../build/hb_task2a/hb_task2a.egg-info/top_level.txt
[1.001s] reading manifest file '../../build/hb_task2a/hb_task2a.egg-info/SOURCES.txt'
[1.002s] writing manifest file '../../build/hb_task2a/hb_task2a.egg-info/SOURCES.txt'
[1.002s] running build
[1.002s] running build_py
[1.003s] copying hb_task2a/feedback.py -> /home/akshar/eyrc_hb/hb_task_2_ws/build/hb_task2a/build/lib/hb_task2a
[1.003s] running install
[1.003s] running install_lib
[1.003s] /usr/lib/python3/dist-packages/setuptools/command/install.py:34: SetuptoolsDeprecationWarning: setup.py install is deprecated. Use build and pip and other standards-based tools.
[1.003s]   warnings.warn(
[1.004s] copying /home/akshar/eyrc_hb/hb_task_2_ws/build/hb_task2a/build/lib/hb_task2a/feedback.py -> /home/akshar/eyrc_hb/hb_task_2_ws/install/hb_task2a/lib/python3.10/site-packages/hb_task2a
[1.004s] byte-compiling /home/akshar/eyrc_hb/hb_task_2_ws/install/hb_task2a/lib/python3.10/site-packages/hb_task2a/feedback.py to feedback.cpython-310.pyc
[1.005s] running install_data
[1.005s] running install_egg_info
[1.007s] removing '/home/akshar/eyrc_hb/hb_task_2_ws/install/hb_task2a/lib/python3.10/site-packages/hb_task2a-0.0.0-py3.10.egg-info' (and everything under it)
[1.007s] Copying ../../build/hb_task2a/hb_task2a.egg-info to /home/akshar/eyrc_hb/hb_task_2_ws/install/hb_task2a/lib/python3.10/site-packages/hb_task2a-0.0.0-py3.10.egg-info
[1.008s] running install_scripts
[1.025s] Installing feedback script to /home/akshar/eyrc_hb/hb_task_2_ws/install/hb_task2a/lib/hb_task2a
[1.025s] Installing task2a.launch.py script to /home/akshar/eyrc_hb/hb_task_2_ws/install/hb_task2a/lib/hb_task2a
[1.026s] writing list of installed files to '/home/akshar/eyrc_hb/hb_task_2_ws/build/hb_task2a/install.log'
[1.052s] Invoked command in '/home/akshar/eyrc_hb/hb_task_2_ws/src/hb_task2a' returned '0': PYTHONPATH=/home/akshar/eyrc_hb/hb_task_2_ws/build/hb_task2a/prefix_override:/home/akshar/eyrc_hb/hb_task_2_ws/install/hb_task2a/lib/python3.10/site-packages:${PYTHONPATH} /usr/bin/python3 setup.py egg_info --egg-base ../../build/hb_task2a build --build-base /home/akshar/eyrc_hb/hb_task_2_ws/build/hb_task2a/build install --record /home/akshar/eyrc_hb/hb_task_2_ws/build/hb_task2a/install.log --single-version-externally-managed
