[0.376s] Invoking command in '/home/premsai/eyrc23_HB_1282/hb_task5_ws/src/hb_task5a': PYTHONPATH=/home/premsai/eyrc23_HB_1282/hb_task5_ws/build/hb_task5a/prefix_override:/home/premsai/eyrc23_HB_1282/hb_task5_ws/install/hb_task5a/lib/python3.10/site-packages:${PYTHONPATH} /usr/bin/python3 setup.py egg_info --egg-base ../../build/hb_task5a build --build-base /home/premsai/eyrc23_HB_1282/hb_task5_ws/build/hb_task5a/build install --record /home/premsai/eyrc23_HB_1282/hb_task5_ws/build/hb_task5a/install.log --single-version-externally-managed
[0.499s] running egg_info
[0.499s] writing ../../build/hb_task5a/hb_task5a.egg-info/PKG-INFO
[0.499s] writing dependency_links to ../../build/hb_task5a/hb_task5a.egg-info/dependency_links.txt
[0.499s] writing entry points to ../../build/hb_task5a/hb_task5a.egg-info/entry_points.txt
[0.499s] writing requirements to ../../build/hb_task5a/hb_task5a.egg-info/requires.txt
[0.499s] writing top-level names to ../../build/hb_task5a/hb_task5a.egg-info/top_level.txt
[0.501s] reading manifest file '../../build/hb_task5a/hb_task5a.egg-info/SOURCES.txt'
[0.501s] writing manifest file '../../build/hb_task5a/hb_task5a.egg-info/SOURCES.txt'
[0.501s] running build
[0.501s] running build_py
[0.501s] copying hb_task5a/feedback.py -> /home/premsai/eyrc23_HB_1282/hb_task5_ws/build/hb_task5a/build/lib/hb_task5a
[0.502s] running install
[0.509s] /usr/lib/python3/dist-packages/setuptools/command/install.py:34: SetuptoolsDeprecationWarning: setup.py install is deprecated. Use build and pip and other standards-based tools.
[0.509s]   warnings.warn(
[0.509s] running install_lib
[0.510s] copying /home/premsai/eyrc23_HB_1282/hb_task5_ws/build/hb_task5a/build/lib/hb_task5a/feedback.py -> /home/premsai/eyrc23_HB_1282/hb_task5_ws/install/hb_task5a/lib/python3.10/site-packages/hb_task5a
[0.510s] byte-compiling /home/premsai/eyrc23_HB_1282/hb_task5_ws/install/hb_task5a/lib/python3.10/site-packages/hb_task5a/feedback.py to feedback.cpython-310.pyc
[0.512s] running install_data
[0.512s] creating /home/premsai/eyrc23_HB_1282/hb_task5_ws/install/hb_task5a/share/hb_task5a/scripts
[0.512s] running install_egg_info
[0.513s] removing '/home/premsai/eyrc23_HB_1282/hb_task5_ws/install/hb_task5a/lib/python3.10/site-packages/hb_task5a-0.0.0-py3.10.egg-info' (and everything under it)
[0.513s] Copying ../../build/hb_task5a/hb_task5a.egg-info to /home/premsai/eyrc23_HB_1282/hb_task5_ws/install/hb_task5a/lib/python3.10/site-packages/hb_task5a-0.0.0-py3.10.egg-info
[0.514s] running install_scripts
[0.527s] Installing StopFlag script to /home/premsai/eyrc23_HB_1282/hb_task5_ws/install/hb_task5a/lib/hb_task5a
[0.527s] Installing controller script to /home/premsai/eyrc23_HB_1282/hb_task5_ws/install/hb_task5a/lib/hb_task5a
[0.527s] Installing controllerik script to /home/premsai/eyrc23_HB_1282/hb_task5_ws/install/hb_task5a/lib/hb_task5a
[0.527s] Installing controllerik2 script to /home/premsai/eyrc23_HB_1282/hb_task5_ws/install/hb_task5a/lib/hb_task5a
[0.528s] Installing controllerik3 script to /home/premsai/eyrc23_HB_1282/hb_task5_ws/install/hb_task5a/lib/hb_task5a
[0.528s] Installing feedback script to /home/premsai/eyrc23_HB_1282/hb_task5_ws/install/hb_task5a/lib/hb_task5a
[0.528s] Installing img script to /home/premsai/eyrc23_HB_1282/hb_task5_ws/install/hb_task5a/lib/hb_task5a
[0.528s] Installing interp script to /home/premsai/eyrc23_HB_1282/hb_task5_ws/install/hb_task5a/lib/hb_task5a
[0.528s] Installing interp2 script to /home/premsai/eyrc23_HB_1282/hb_task5_ws/install/hb_task5a/lib/hb_task5a
[0.528s] Installing interp3 script to /home/premsai/eyrc23_HB_1282/hb_task5_ws/install/hb_task5a/lib/hb_task5a
[0.528s] Installing map script to /home/premsai/eyrc23_HB_1282/hb_task5_ws/install/hb_task5a/lib/hb_task5a
[0.528s] Installing map2 script to /home/premsai/eyrc23_HB_1282/hb_task5_ws/install/hb_task5a/lib/hb_task5a
[0.528s] Installing map3 script to /home/premsai/eyrc23_HB_1282/hb_task5_ws/install/hb_task5a/lib/hb_task5a
[0.528s] Installing nextgoal script to /home/premsai/eyrc23_HB_1282/hb_task5_ws/install/hb_task5a/lib/hb_task5a
[0.528s] Installing server script to /home/premsai/eyrc23_HB_1282/hb_task5_ws/install/hb_task5a/lib/hb_task5a
[0.528s] writing list of installed files to '/home/premsai/eyrc23_HB_1282/hb_task5_ws/build/hb_task5a/install.log'
[0.545s] Invoked command in '/home/premsai/eyrc23_HB_1282/hb_task5_ws/src/hb_task5a' returned '0': PYTHONPATH=/home/premsai/eyrc23_HB_1282/hb_task5_ws/build/hb_task5a/prefix_override:/home/premsai/eyrc23_HB_1282/hb_task5_ws/install/hb_task5a/lib/python3.10/site-packages:${PYTHONPATH} /usr/bin/python3 setup.py egg_info --egg-base ../../build/hb_task5a build --build-base /home/premsai/eyrc23_HB_1282/hb_task5_ws/build/hb_task5a/build install --record /home/premsai/eyrc23_HB_1282/hb_task5_ws/build/hb_task5a/install.log --single-version-externally-managed
