[0.272s] Invoking command in '/home/akshar/eyrc_hb/hb_task5_ws/build/my_robot_interfaces': CMAKE_PREFIX_PATH=${CMAKE_PREFIX_PATH}:/home/akshar/eyrc_hb/hb_task5_ws/install/hb_task5a:/opt/ros/humble /usr/bin/cmake --build /home/akshar/eyrc_hb/hb_task5_ws/build/my_robot_interfaces -- -j16 -l16
[0.295s] -- Found ament_cmake: 1.3.5 (/opt/ros/humble/share/ament_cmake/cmake)
[0.405s] -- Found rosidl_default_generators: 1.2.0 (/opt/ros/humble/share/rosidl_default_generators/cmake)
[0.406s] -- Using all available rosidl_typesupport_c: rosidl_typesupport_fastrtps_c;rosidl_typesupport_introspection_c
[0.409s] -- Found rosidl_adapter: 3.1.5 (/opt/ros/humble/share/rosidl_adapter/cmake)
[0.431s] -- Using all available rosidl_typesupport_cpp: rosidl_typesupport_fastrtps_cpp;rosidl_typesupport_introspection_cpp
[0.640s] -- Found ament_cmake_ros: 0.10.0 (/opt/ros/humble/share/ament_cmake_ros/cmake)
[0.782s] -- Using all available rosidl_typesupport_c: rosidl_typesupport_fastrtps_c;rosidl_typesupport_introspection_c
[0.970s] -- Using all available rosidl_typesupport_cpp: rosidl_typesupport_fastrtps_cpp;rosidl_typesupport_introspection_cpp
[0.988s] -- Found python_cmake_module: 0.10.0 (/opt/ros/humble/share/python_cmake_module/cmake)
[1.006s] -- Using PYTHON_EXECUTABLE: /usr/bin/python3
[1.006s] -- Using PYTHON_INCLUDE_DIRS: /usr/include/python3.10
[1.006s] -- Using PYTHON_LIBRARIES: /usr/lib/x86_64-linux-gnu/libpython3.10.so
[1.027s] -- Configuring done
[1.067s] -- Generating done
[1.071s] -- Build files have been written to: /home/akshar/eyrc_hb/hb_task5_ws/build/my_robot_interfaces
[1.097s] [35m[1mConsolidate compiler generated dependencies of target my_robot_interfaces__rosidl_generator_c[0m
[1.105s] [  2%] Built target my_robot_interfaces__cpp
[1.108s] [ 12%] Built target my_robot_interfaces__rosidl_generator_c
[1.115s] [ 12%] Built target ament_cmake_python_copy_my_robot_interfaces
[1.116s] [35m[1mConsolidate compiler generated dependencies of target my_robot_interfaces__rosidl_typesupport_introspection_cpp[0m
[1.116s] [35m[1mConsolidate compiler generated dependencies of target my_robot_interfaces__rosidl_typesupport_cpp[0m
[1.117s] [35m[1mConsolidate compiler generated dependencies of target my_robot_interfaces__rosidl_typesupport_fastrtps_cpp[0m
[1.117s] [35m[1mConsolidate compiler generated dependencies of target my_robot_interfaces__rosidl_typesupport_introspection_c[0m
[1.117s] [35m[1mConsolidate compiler generated dependencies of target my_robot_interfaces__rosidl_typesupport_c[0m
[1.118s] [35m[1mConsolidate compiler generated dependencies of target my_robot_interfaces__rosidl_typesupport_fastrtps_c[0m
[1.129s] [ 36%] Built target my_robot_interfaces__rosidl_typesupport_c
[1.129s] [ 36%] Built target my_robot_interfaces__rosidl_typesupport_introspection_c
[1.129s] [ 44%] Built target my_robot_interfaces__rosidl_typesupport_introspection_cpp
[1.130s] [ 55%] Built target my_robot_interfaces__rosidl_typesupport_cpp
[1.131s] [ 65%] Built target my_robot_interfaces__rosidl_typesupport_fastrtps_cpp
[1.132s] [ 76%] Built target my_robot_interfaces__rosidl_typesupport_fastrtps_c
[1.151s] [ 76%] Built target my_robot_interfaces
[1.171s] [ 78%] Built target my_robot_interfaces__py
[1.183s] [35m[1mConsolidate compiler generated dependencies of target my_robot_interfaces__rosidl_generator_py[0m
[1.198s] [ 87%] Built target my_robot_interfaces__rosidl_generator_py
[1.208s] [35m[1mConsolidate compiler generated dependencies of target my_robot_interfaces__rosidl_typesupport_c__pyext[0m
[1.208s] [35m[1mConsolidate compiler generated dependencies of target my_robot_interfaces__rosidl_typesupport_fastrtps_c__pyext[0m
[1.209s] [35m[1mConsolidate compiler generated dependencies of target my_robot_interfaces__rosidl_typesupport_introspection_c__pyext[0m
[1.221s] [100%] Built target my_robot_interfaces__rosidl_typesupport_fastrtps_c__pyext
[1.222s] [100%] Built target my_robot_interfaces__rosidl_typesupport_introspection_c__pyext
[1.222s] [100%] Built target my_robot_interfaces__rosidl_typesupport_c__pyext
[1.293s] running egg_info
[1.294s] writing my_robot_interfaces.egg-info/PKG-INFO
[1.294s] writing dependency_links to my_robot_interfaces.egg-info/dependency_links.txt
[1.294s] writing top-level names to my_robot_interfaces.egg-info/top_level.txt
[1.295s] reading manifest file 'my_robot_interfaces.egg-info/SOURCES.txt'
[1.296s] writing manifest file 'my_robot_interfaces.egg-info/SOURCES.txt'
[1.316s] [100%] Built target ament_cmake_python_build_my_robot_interfaces_egg
[1.327s] Invoked command in '/home/akshar/eyrc_hb/hb_task5_ws/build/my_robot_interfaces' returned '0': CMAKE_PREFIX_PATH=${CMAKE_PREFIX_PATH}:/home/akshar/eyrc_hb/hb_task5_ws/install/hb_task5a:/opt/ros/humble /usr/bin/cmake --build /home/akshar/eyrc_hb/hb_task5_ws/build/my_robot_interfaces -- -j16 -l16
[1.435s] Invoking command in '/home/akshar/eyrc_hb/hb_task5_ws/build/my_robot_interfaces': CMAKE_PREFIX_PATH=${CMAKE_PREFIX_PATH}:/home/akshar/eyrc_hb/hb_task5_ws/install/hb_task5a:/opt/ros/humble /usr/bin/cmake --install /home/akshar/eyrc_hb/hb_task5_ws/build/my_robot_interfaces
[1.442s] -- Install configuration: ""
[1.442s] -- Up-to-date: /home/akshar/eyrc_hb/hb_task5_ws/install/my_robot_interfaces/share/ament_index/resource_index/rosidl_interfaces/my_robot_interfaces
[1.442s] -- Up-to-date: /home/akshar/eyrc_hb/hb_task5_ws/install/my_robot_interfaces/include/my_robot_interfaces/my_robot_interfaces
[1.442s] -- Up-to-date: /home/akshar/eyrc_hb/hb_task5_ws/install/my_robot_interfaces/include/my_robot_interfaces/my_robot_interfaces/srv
[1.442s] -- Up-to-date: /home/akshar/eyrc_hb/hb_task5_ws/install/my_robot_interfaces/include/my_robot_interfaces/my_robot_interfaces/srv/next_goal.h
[1.442s] -- Up-to-date: /home/akshar/eyrc_hb/hb_task5_ws/install/my_robot_interfaces/include/my_robot_interfaces/my_robot_interfaces/srv/detail
[1.442s] -- Up-to-date: /home/akshar/eyrc_hb/hb_task5_ws/install/my_robot_interfaces/include/my_robot_interfaces/my_robot_interfaces/srv/detail/next_goal__struct.h
[1.442s] -- Up-to-date: /home/akshar/eyrc_hb/hb_task5_ws/install/my_robot_interfaces/include/my_robot_interfaces/my_robot_interfaces/srv/detail/next_goal__functions.c
[1.443s] -- Up-to-date: /home/akshar/eyrc_hb/hb_task5_ws/install/my_robot_interfaces/include/my_robot_interfaces/my_robot_interfaces/srv/detail/next_goal__functions.h
[1.443s] -- Up-to-date: /home/akshar/eyrc_hb/hb_task5_ws/install/my_robot_interfaces/include/my_robot_interfaces/my_robot_interfaces/srv/detail/next_goal__type_support.h
[1.443s] -- Up-to-date: /home/akshar/eyrc_hb/hb_task5_ws/install/my_robot_interfaces/include/my_robot_interfaces/my_robot_interfaces/msg
[1.443s] -- Up-to-date: /home/akshar/eyrc_hb/hb_task5_ws/install/my_robot_interfaces/include/my_robot_interfaces/my_robot_interfaces/msg/goal.h
[1.443s] -- Up-to-date: /home/akshar/eyrc_hb/hb_task5_ws/install/my_robot_interfaces/include/my_robot_interfaces/my_robot_interfaces/msg/shape.h
[1.443s] -- Up-to-date: /home/akshar/eyrc_hb/hb_task5_ws/install/my_robot_interfaces/include/my_robot_interfaces/my_robot_interfaces/msg/rosidl_generator_c__visibility_control.h
[1.443s] -- Up-to-date: /home/akshar/eyrc_hb/hb_task5_ws/install/my_robot_interfaces/include/my_robot_interfaces/my_robot_interfaces/msg/detail
[1.443s] -- Up-to-date: /home/akshar/eyrc_hb/hb_task5_ws/install/my_robot_interfaces/include/my_robot_interfaces/my_robot_interfaces/msg/detail/shape__functions.h
[1.443s] -- Up-to-date: /home/akshar/eyrc_hb/hb_task5_ws/install/my_robot_interfaces/include/my_robot_interfaces/my_robot_interfaces/msg/detail/goal__struct.h
[1.443s] -- Up-to-date: /home/akshar/eyrc_hb/hb_task5_ws/install/my_robot_interfaces/include/my_robot_interfaces/my_robot_interfaces/msg/detail/goal__type_support.h
[1.443s] -- Up-to-date: /home/akshar/eyrc_hb/hb_task5_ws/install/my_robot_interfaces/include/my_robot_interfaces/my_robot_interfaces/msg/detail/shape__type_support.h
[1.443s] -- Up-to-date: /home/akshar/eyrc_hb/hb_task5_ws/install/my_robot_interfaces/include/my_robot_interfaces/my_robot_interfaces/msg/detail/shape__functions.c
[1.443s] -- Up-to-date: /home/akshar/eyrc_hb/hb_task5_ws/install/my_robot_interfaces/include/my_robot_interfaces/my_robot_interfaces/msg/detail/goal__functions.c
[1.443s] -- Up-to-date: /home/akshar/eyrc_hb/hb_task5_ws/install/my_robot_interfaces/include/my_robot_interfaces/my_robot_interfaces/msg/detail/goal__functions.h
[1.444s] -- Up-to-date: /home/akshar/eyrc_hb/hb_task5_ws/install/my_robot_interfaces/include/my_robot_interfaces/my_robot_interfaces/msg/detail/shape__struct.h
[1.444s] -- Up-to-date: /home/akshar/eyrc_hb/hb_task5_ws/install/my_robot_interfaces/share/my_robot_interfaces/environment/library_path.sh
[1.444s] -- Installing: /home/akshar/eyrc_hb/hb_task5_ws/install/my_robot_interfaces/share/my_robot_interfaces/environment/library_path.dsv
[1.444s] -- Up-to-date: /home/akshar/eyrc_hb/hb_task5_ws/install/my_robot_interfaces/lib/libmy_robot_interfaces__rosidl_generator_c.so
[1.444s] -- Up-to-date: /home/akshar/eyrc_hb/hb_task5_ws/install/my_robot_interfaces/include/my_robot_interfaces/my_robot_interfaces
[1.444s] -- Up-to-date: /home/akshar/eyrc_hb/hb_task5_ws/install/my_robot_interfaces/include/my_robot_interfaces/my_robot_interfaces/srv
[1.444s] -- Up-to-date: /home/akshar/eyrc_hb/hb_task5_ws/install/my_robot_interfaces/include/my_robot_interfaces/my_robot_interfaces/srv/detail
[1.444s] -- Up-to-date: /home/akshar/eyrc_hb/hb_task5_ws/install/my_robot_interfaces/include/my_robot_interfaces/my_robot_interfaces/srv/detail/next_goal__rosidl_typesupport_fastrtps_c.h
[1.444s] -- Up-to-date: /home/akshar/eyrc_hb/hb_task5_ws/install/my_robot_interfaces/include/my_robot_interfaces/my_robot_interfaces/msg
[1.444s] -- Up-to-date: /home/akshar/eyrc_hb/hb_task5_ws/install/my_robot_interfaces/include/my_robot_interfaces/my_robot_interfaces/msg/rosidl_typesupport_fastrtps_c__visibility_control.h
[1.444s] -- Up-to-date: /home/akshar/eyrc_hb/hb_task5_ws/install/my_robot_interfaces/include/my_robot_interfaces/my_robot_interfaces/msg/detail
[1.444s] -- Up-to-date: /home/akshar/eyrc_hb/hb_task5_ws/install/my_robot_interfaces/include/my_robot_interfaces/my_robot_interfaces/msg/detail/goal__rosidl_typesupport_fastrtps_c.h
[1.444s] -- Up-to-date: /home/akshar/eyrc_hb/hb_task5_ws/install/my_robot_interfaces/include/my_robot_interfaces/my_robot_interfaces/msg/detail/shape__rosidl_typesupport_fastrtps_c.h
[1.445s] -- Up-to-date: /home/akshar/eyrc_hb/hb_task5_ws/install/my_robot_interfaces/lib/libmy_robot_interfaces__rosidl_typesupport_fastrtps_c.so
[1.445s] -- Up-to-date: /home/akshar/eyrc_hb/hb_task5_ws/install/my_robot_interfaces/include/my_robot_interfaces/my_robot_interfaces
[1.445s] -- Up-to-date: /home/akshar/eyrc_hb/hb_task5_ws/install/my_robot_interfaces/include/my_robot_interfaces/my_robot_interfaces/srv
[1.445s] -- Up-to-date: /home/akshar/eyrc_hb/hb_task5_ws/install/my_robot_interfaces/include/my_robot_interfaces/my_robot_interfaces/srv/detail
[1.445s] -- Up-to-date: /home/akshar/eyrc_hb/hb_task5_ws/install/my_robot_interfaces/include/my_robot_interfaces/my_robot_interfaces/srv/detail/next_goal__type_support.c
[1.445s] -- Up-to-date: /home/akshar/eyrc_hb/hb_task5_ws/install/my_robot_interfaces/include/my_robot_interfaces/my_robot_interfaces/srv/detail/next_goal__rosidl_typesupport_introspection_c.h
[1.445s] -- Up-to-date: /home/akshar/eyrc_hb/hb_task5_ws/install/my_robot_interfaces/include/my_robot_interfaces/my_robot_interfaces/msg
[1.445s] -- Up-to-date: /home/akshar/eyrc_hb/hb_task5_ws/install/my_robot_interfaces/include/my_robot_interfaces/my_robot_interfaces/msg/rosidl_typesupport_introspection_c__visibility_control.h
[1.445s] -- Up-to-date: /home/akshar/eyrc_hb/hb_task5_ws/install/my_robot_interfaces/include/my_robot_interfaces/my_robot_interfaces/msg/detail
[1.445s] -- Up-to-date: /home/akshar/eyrc_hb/hb_task5_ws/install/my_robot_interfaces/include/my_robot_interfaces/my_robot_interfaces/msg/detail/goal__type_support.c
[1.445s] -- Up-to-date: /home/akshar/eyrc_hb/hb_task5_ws/install/my_robot_interfaces/include/my_robot_interfaces/my_robot_interfaces/msg/detail/goal__rosidl_typesupport_introspection_c.h
[1.445s] -- Up-to-date: /home/akshar/eyrc_hb/hb_task5_ws/install/my_robot_interfaces/include/my_robot_interfaces/my_robot_interfaces/msg/detail/shape__rosidl_typesupport_introspection_c.h
[1.445s] -- Up-to-date: /home/akshar/eyrc_hb/hb_task5_ws/install/my_robot_interfaces/include/my_robot_interfaces/my_robot_interfaces/msg/detail/shape__type_support.c
[1.446s] -- Up-to-date: /home/akshar/eyrc_hb/hb_task5_ws/install/my_robot_interfaces/lib/libmy_robot_interfaces__rosidl_typesupport_introspection_c.so
[1.446s] -- Up-to-date: /home/akshar/eyrc_hb/hb_task5_ws/install/my_robot_interfaces/lib/libmy_robot_interfaces__rosidl_typesupport_c.so
[1.446s] -- Up-to-date: /home/akshar/eyrc_hb/hb_task5_ws/install/my_robot_interfaces/include/my_robot_interfaces/my_robot_interfaces
[1.446s] -- Up-to-date: /home/akshar/eyrc_hb/hb_task5_ws/install/my_robot_interfaces/include/my_robot_interfaces/my_robot_interfaces/srv
[1.446s] -- Up-to-date: /home/akshar/eyrc_hb/hb_task5_ws/install/my_robot_interfaces/include/my_robot_interfaces/my_robot_interfaces/srv/next_goal.hpp
[1.446s] -- Up-to-date: /home/akshar/eyrc_hb/hb_task5_ws/install/my_robot_interfaces/include/my_robot_interfaces/my_robot_interfaces/srv/detail
[1.446s] -- Up-to-date: /home/akshar/eyrc_hb/hb_task5_ws/install/my_robot_interfaces/include/my_robot_interfaces/my_robot_interfaces/srv/detail/next_goal__struct.hpp
[1.446s] -- Up-to-date: /home/akshar/eyrc_hb/hb_task5_ws/install/my_robot_interfaces/include/my_robot_interfaces/my_robot_interfaces/srv/detail/next_goal__builder.hpp
[1.446s] -- Up-to-date: /home/akshar/eyrc_hb/hb_task5_ws/install/my_robot_interfaces/include/my_robot_interfaces/my_robot_interfaces/srv/detail/next_goal__traits.hpp
[1.446s] -- Up-to-date: /home/akshar/eyrc_hb/hb_task5_ws/install/my_robot_interfaces/include/my_robot_interfaces/my_robot_interfaces/msg
[1.446s] -- Up-to-date: /home/akshar/eyrc_hb/hb_task5_ws/install/my_robot_interfaces/include/my_robot_interfaces/my_robot_interfaces/msg/shape.hpp
[1.446s] -- Up-to-date: /home/akshar/eyrc_hb/hb_task5_ws/install/my_robot_interfaces/include/my_robot_interfaces/my_robot_interfaces/msg/goal.hpp
[1.446s] -- Up-to-date: /home/akshar/eyrc_hb/hb_task5_ws/install/my_robot_interfaces/include/my_robot_interfaces/my_robot_interfaces/msg/detail
[1.446s] -- Up-to-date: /home/akshar/eyrc_hb/hb_task5_ws/install/my_robot_interfaces/include/my_robot_interfaces/my_robot_interfaces/msg/detail/shape__struct.hpp
[1.446s] -- Up-to-date: /home/akshar/eyrc_hb/hb_task5_ws/install/my_robot_interfaces/include/my_robot_interfaces/my_robot_interfaces/msg/detail/goal__traits.hpp
[1.446s] -- Up-to-date: /home/akshar/eyrc_hb/hb_task5_ws/install/my_robot_interfaces/include/my_robot_interfaces/my_robot_interfaces/msg/detail/shape__traits.hpp
[1.446s] -- Up-to-date: /home/akshar/eyrc_hb/hb_task5_ws/install/my_robot_interfaces/include/my_robot_interfaces/my_robot_interfaces/msg/detail/shape__builder.hpp
[1.446s] -- Up-to-date: /home/akshar/eyrc_hb/hb_task5_ws/install/my_robot_interfaces/include/my_robot_interfaces/my_robot_interfaces/msg/detail/goal__builder.hpp
[1.447s] -- Up-to-date: /home/akshar/eyrc_hb/hb_task5_ws/install/my_robot_interfaces/include/my_robot_interfaces/my_robot_interfaces/msg/detail/goal__struct.hpp
[1.447s] -- Up-to-date: /home/akshar/eyrc_hb/hb_task5_ws/install/my_robot_interfaces/include/my_robot_interfaces/my_robot_interfaces
[1.447s] -- Up-to-date: /home/akshar/eyrc_hb/hb_task5_ws/install/my_robot_interfaces/include/my_robot_interfaces/my_robot_interfaces/srv
[1.447s] -- Up-to-date: /home/akshar/eyrc_hb/hb_task5_ws/install/my_robot_interfaces/include/my_robot_interfaces/my_robot_interfaces/srv/detail
[1.447s] -- Up-to-date: /home/akshar/eyrc_hb/hb_task5_ws/install/my_robot_interfaces/include/my_robot_interfaces/my_robot_interfaces/srv/detail/dds_fastrtps
[1.447s] -- Up-to-date: /home/akshar/eyrc_hb/hb_task5_ws/install/my_robot_interfaces/include/my_robot_interfaces/my_robot_interfaces/srv/detail/next_goal__rosidl_typesupport_fastrtps_cpp.hpp
[1.447s] -- Up-to-date: /home/akshar/eyrc_hb/hb_task5_ws/install/my_robot_interfaces/include/my_robot_interfaces/my_robot_interfaces/msg
[1.447s] -- Up-to-date: /home/akshar/eyrc_hb/hb_task5_ws/install/my_robot_interfaces/include/my_robot_interfaces/my_robot_interfaces/msg/rosidl_typesupport_fastrtps_cpp__visibility_control.h
[1.447s] -- Up-to-date: /home/akshar/eyrc_hb/hb_task5_ws/install/my_robot_interfaces/include/my_robot_interfaces/my_robot_interfaces/msg/detail
[1.447s] -- Up-to-date: /home/akshar/eyrc_hb/hb_task5_ws/install/my_robot_interfaces/include/my_robot_interfaces/my_robot_interfaces/msg/detail/shape__rosidl_typesupport_fastrtps_cpp.hpp
[1.447s] -- Up-to-date: /home/akshar/eyrc_hb/hb_task5_ws/install/my_robot_interfaces/include/my_robot_interfaces/my_robot_interfaces/msg/detail/goal__rosidl_typesupport_fastrtps_cpp.hpp
[1.447s] -- Up-to-date: /home/akshar/eyrc_hb/hb_task5_ws/install/my_robot_interfaces/include/my_robot_interfaces/my_robot_interfaces/msg/detail/dds_fastrtps
[1.447s] -- Up-to-date: /home/akshar/eyrc_hb/hb_task5_ws/install/my_robot_interfaces/lib/libmy_robot_interfaces__rosidl_typesupport_fastrtps_cpp.so
[1.447s] -- Up-to-date: /home/akshar/eyrc_hb/hb_task5_ws/install/my_robot_interfaces/include/my_robot_interfaces/my_robot_interfaces
[1.447s] -- Up-to-date: /home/akshar/eyrc_hb/hb_task5_ws/install/my_robot_interfaces/include/my_robot_interfaces/my_robot_interfaces/srv
[1.448s] -- Up-to-date: /home/akshar/eyrc_hb/hb_task5_ws/install/my_robot_interfaces/include/my_robot_interfaces/my_robot_interfaces/srv/detail
[1.448s] -- Up-to-date: /home/akshar/eyrc_hb/hb_task5_ws/install/my_robot_interfaces/include/my_robot_interfaces/my_robot_interfaces/srv/detail/next_goal__rosidl_typesupport_introspection_cpp.hpp
[1.448s] -- Up-to-date: /home/akshar/eyrc_hb/hb_task5_ws/install/my_robot_interfaces/include/my_robot_interfaces/my_robot_interfaces/srv/detail/next_goal__type_support.cpp
[1.448s] -- Up-to-date: /home/akshar/eyrc_hb/hb_task5_ws/install/my_robot_interfaces/include/my_robot_interfaces/my_robot_interfaces/msg
[1.448s] -- Up-to-date: /home/akshar/eyrc_hb/hb_task5_ws/install/my_robot_interfaces/include/my_robot_interfaces/my_robot_interfaces/msg/detail
[1.448s] -- Up-to-date: /home/akshar/eyrc_hb/hb_task5_ws/install/my_robot_interfaces/include/my_robot_interfaces/my_robot_interfaces/msg/detail/shape__type_support.cpp
[1.448s] -- Up-to-date: /home/akshar/eyrc_hb/hb_task5_ws/install/my_robot_interfaces/include/my_robot_interfaces/my_robot_interfaces/msg/detail/shape__rosidl_typesupport_introspection_cpp.hpp
[1.448s] -- Up-to-date: /home/akshar/eyrc_hb/hb_task5_ws/install/my_robot_interfaces/include/my_robot_interfaces/my_robot_interfaces/msg/detail/goal__type_support.cpp
[1.448s] -- Up-to-date: /home/akshar/eyrc_hb/hb_task5_ws/install/my_robot_interfaces/include/my_robot_interfaces/my_robot_interfaces/msg/detail/goal__rosidl_typesupport_introspection_cpp.hpp
[1.448s] -- Up-to-date: /home/akshar/eyrc_hb/hb_task5_ws/install/my_robot_interfaces/lib/libmy_robot_interfaces__rosidl_typesupport_introspection_cpp.so
[1.448s] -- Up-to-date: /home/akshar/eyrc_hb/hb_task5_ws/install/my_robot_interfaces/lib/libmy_robot_interfaces__rosidl_typesupport_cpp.so
[1.448s] -- Up-to-date: /home/akshar/eyrc_hb/hb_task5_ws/install/my_robot_interfaces/share/my_robot_interfaces/environment/pythonpath.sh
[1.448s] -- Installing: /home/akshar/eyrc_hb/hb_task5_ws/install/my_robot_interfaces/share/my_robot_interfaces/environment/pythonpath.dsv
[1.448s] -- Up-to-date: /home/akshar/eyrc_hb/hb_task5_ws/install/my_robot_interfaces/local/lib/python3.10/dist-packages/my_robot_interfaces-0.0.0-py3.10.egg-info
[1.448s] -- Installing: /home/akshar/eyrc_hb/hb_task5_ws/install/my_robot_interfaces/local/lib/python3.10/dist-packages/my_robot_interfaces-0.0.0-py3.10.egg-info/PKG-INFO
[1.448s] -- Installing: /home/akshar/eyrc_hb/hb_task5_ws/install/my_robot_interfaces/local/lib/python3.10/dist-packages/my_robot_interfaces-0.0.0-py3.10.egg-info/SOURCES.txt
[1.448s] -- Installing: /home/akshar/eyrc_hb/hb_task5_ws/install/my_robot_interfaces/local/lib/python3.10/dist-packages/my_robot_interfaces-0.0.0-py3.10.egg-info/top_level.txt
[1.448s] -- Installing: /home/akshar/eyrc_hb/hb_task5_ws/install/my_robot_interfaces/local/lib/python3.10/dist-packages/my_robot_interfaces-0.0.0-py3.10.egg-info/dependency_links.txt
[1.448s] -- Up-to-date: /home/akshar/eyrc_hb/hb_task5_ws/install/my_robot_interfaces/local/lib/python3.10/dist-packages/my_robot_interfaces
[1.448s] -- Up-to-date: /home/akshar/eyrc_hb/hb_task5_ws/install/my_robot_interfaces/local/lib/python3.10/dist-packages/my_robot_interfaces/my_robot_interfaces_s__rosidl_typesupport_fastrtps_c.cpython-310-x86_64-linux-gnu.so
[1.448s] -- Up-to-date: /home/akshar/eyrc_hb/hb_task5_ws/install/my_robot_interfaces/local/lib/python3.10/dist-packages/my_robot_interfaces/_my_robot_interfaces_s.ep.rosidl_typesupport_fastrtps_c.c
[1.448s] -- Up-to-date: /home/akshar/eyrc_hb/hb_task5_ws/install/my_robot_interfaces/local/lib/python3.10/dist-packages/my_robot_interfaces/_my_robot_interfaces_s.ep.rosidl_typesupport_introspection_c.c
[1.448s] -- Up-to-date: /home/akshar/eyrc_hb/hb_task5_ws/install/my_robot_interfaces/local/lib/python3.10/dist-packages/my_robot_interfaces/_my_robot_interfaces_s.ep.rosidl_typesupport_c.c
[1.449s] -- Up-to-date: /home/akshar/eyrc_hb/hb_task5_ws/install/my_robot_interfaces/local/lib/python3.10/dist-packages/my_robot_interfaces/my_robot_interfaces_s__rosidl_typesupport_c.cpython-310-x86_64-linux-gnu.so
[1.449s] -- Up-to-date: /home/akshar/eyrc_hb/hb_task5_ws/install/my_robot_interfaces/local/lib/python3.10/dist-packages/my_robot_interfaces/libmy_robot_interfaces__rosidl_generator_py.so
[1.449s] -- Up-to-date: /home/akshar/eyrc_hb/hb_task5_ws/install/my_robot_interfaces/local/lib/python3.10/dist-packages/my_robot_interfaces/my_robot_interfaces_s__rosidl_typesupport_introspection_c.cpython-310-x86_64-linux-gnu.so
[1.449s] -- Installing: /home/akshar/eyrc_hb/hb_task5_ws/install/my_robot_interfaces/local/lib/python3.10/dist-packages/my_robot_interfaces/__init__.py
[1.449s] -- Up-to-date: /home/akshar/eyrc_hb/hb_task5_ws/install/my_robot_interfaces/local/lib/python3.10/dist-packages/my_robot_interfaces/srv
[1.449s] -- Up-to-date: /home/akshar/eyrc_hb/hb_task5_ws/install/my_robot_interfaces/local/lib/python3.10/dist-packages/my_robot_interfaces/srv/_next_goal.py
[1.449s] -- Up-to-date: /home/akshar/eyrc_hb/hb_task5_ws/install/my_robot_interfaces/local/lib/python3.10/dist-packages/my_robot_interfaces/srv/_next_goal_s.c
[1.449s] -- Up-to-date: /home/akshar/eyrc_hb/hb_task5_ws/install/my_robot_interfaces/local/lib/python3.10/dist-packages/my_robot_interfaces/srv/__init__.py
[1.449s] -- Up-to-date: /home/akshar/eyrc_hb/hb_task5_ws/install/my_robot_interfaces/local/lib/python3.10/dist-packages/my_robot_interfaces/msg
[1.449s] -- Up-to-date: /home/akshar/eyrc_hb/hb_task5_ws/install/my_robot_interfaces/local/lib/python3.10/dist-packages/my_robot_interfaces/msg/_shape_s.c
[1.449s] -- Up-to-date: /home/akshar/eyrc_hb/hb_task5_ws/install/my_robot_interfaces/local/lib/python3.10/dist-packages/my_robot_interfaces/msg/_shape.py
[1.449s] -- Up-to-date: /home/akshar/eyrc_hb/hb_task5_ws/install/my_robot_interfaces/local/lib/python3.10/dist-packages/my_robot_interfaces/msg/_goal_s.c
[1.449s] -- Up-to-date: /home/akshar/eyrc_hb/hb_task5_ws/install/my_robot_interfaces/local/lib/python3.10/dist-packages/my_robot_interfaces/msg/__init__.py
[1.449s] -- Up-to-date: /home/akshar/eyrc_hb/hb_task5_ws/install/my_robot_interfaces/local/lib/python3.10/dist-packages/my_robot_interfaces/msg/_goal.py
[1.471s] Listing '/home/akshar/eyrc_hb/hb_task5_ws/install/my_robot_interfaces/local/lib/python3.10/dist-packages/my_robot_interfaces'...
[1.471s] Compiling '/home/akshar/eyrc_hb/hb_task5_ws/install/my_robot_interfaces/local/lib/python3.10/dist-packages/my_robot_interfaces/__init__.py'...
[1.471s] Listing '/home/akshar/eyrc_hb/hb_task5_ws/install/my_robot_interfaces/local/lib/python3.10/dist-packages/my_robot_interfaces/msg'...
[1.471s] Listing '/home/akshar/eyrc_hb/hb_task5_ws/install/my_robot_interfaces/local/lib/python3.10/dist-packages/my_robot_interfaces/srv'...
[1.474s] -- Up-to-date: /home/akshar/eyrc_hb/hb_task5_ws/install/my_robot_interfaces/local/lib/python3.10/dist-packages/my_robot_interfaces/my_robot_interfaces_s__rosidl_typesupport_fastrtps_c.cpython-310-x86_64-linux-gnu.so
[1.474s] -- Up-to-date: /home/akshar/eyrc_hb/hb_task5_ws/install/my_robot_interfaces/local/lib/python3.10/dist-packages/my_robot_interfaces/my_robot_interfaces_s__rosidl_typesupport_introspection_c.cpython-310-x86_64-linux-gnu.so
[1.474s] -- Up-to-date: /home/akshar/eyrc_hb/hb_task5_ws/install/my_robot_interfaces/local/lib/python3.10/dist-packages/my_robot_interfaces/my_robot_interfaces_s__rosidl_typesupport_c.cpython-310-x86_64-linux-gnu.so
[1.475s] -- Up-to-date: /home/akshar/eyrc_hb/hb_task5_ws/install/my_robot_interfaces/lib/libmy_robot_interfaces__rosidl_generator_py.so
[1.475s] -- Up-to-date: /home/akshar/eyrc_hb/hb_task5_ws/install/my_robot_interfaces/share/my_robot_interfaces/srv/NextGoal.idl
[1.475s] -- Up-to-date: /home/akshar/eyrc_hb/hb_task5_ws/install/my_robot_interfaces/share/my_robot_interfaces/msg/Goal.idl
[1.475s] -- Up-to-date: /home/akshar/eyrc_hb/hb_task5_ws/install/my_robot_interfaces/share/my_robot_interfaces/msg/Shape.idl
[1.475s] -- Up-to-date: /home/akshar/eyrc_hb/hb_task5_ws/install/my_robot_interfaces/share/my_robot_interfaces/srv/NextGoal.srv
[1.475s] -- Up-to-date: /home/akshar/eyrc_hb/hb_task5_ws/install/my_robot_interfaces/share/my_robot_interfaces/srv/NextGoal_Request.msg
[1.475s] -- Up-to-date: /home/akshar/eyrc_hb/hb_task5_ws/install/my_robot_interfaces/share/my_robot_interfaces/srv/NextGoal_Response.msg
[1.475s] -- Up-to-date: /home/akshar/eyrc_hb/hb_task5_ws/install/my_robot_interfaces/share/my_robot_interfaces/msg/Goal.msg
[1.476s] -- Up-to-date: /home/akshar/eyrc_hb/hb_task5_ws/install/my_robot_interfaces/share/my_robot_interfaces/msg/Shape.msg
[1.476s] -- Up-to-date: /home/akshar/eyrc_hb/hb_task5_ws/install/my_robot_interfaces/share/ament_index/resource_index/package_run_dependencies/my_robot_interfaces
[1.476s] -- Installing: /home/akshar/eyrc_hb/hb_task5_ws/install/my_robot_interfaces/share/ament_index/resource_index/parent_prefix_path/my_robot_interfaces
[1.476s] -- Up-to-date: /home/akshar/eyrc_hb/hb_task5_ws/install/my_robot_interfaces/share/my_robot_interfaces/environment/ament_prefix_path.sh
[1.476s] -- Installing: /home/akshar/eyrc_hb/hb_task5_ws/install/my_robot_interfaces/share/my_robot_interfaces/environment/ament_prefix_path.dsv
[1.476s] -- Up-to-date: /home/akshar/eyrc_hb/hb_task5_ws/install/my_robot_interfaces/share/my_robot_interfaces/environment/path.sh
[1.476s] -- Installing: /home/akshar/eyrc_hb/hb_task5_ws/install/my_robot_interfaces/share/my_robot_interfaces/environment/path.dsv
[1.476s] -- Up-to-date: /home/akshar/eyrc_hb/hb_task5_ws/install/my_robot_interfaces/share/my_robot_interfaces/local_setup.bash
[1.476s] -- Up-to-date: /home/akshar/eyrc_hb/hb_task5_ws/install/my_robot_interfaces/share/my_robot_interfaces/local_setup.sh
[1.476s] -- Up-to-date: /home/akshar/eyrc_hb/hb_task5_ws/install/my_robot_interfaces/share/my_robot_interfaces/local_setup.zsh
[1.476s] -- Installing: /home/akshar/eyrc_hb/hb_task5_ws/install/my_robot_interfaces/share/my_robot_interfaces/local_setup.dsv
[1.476s] -- Installing: /home/akshar/eyrc_hb/hb_task5_ws/install/my_robot_interfaces/share/my_robot_interfaces/package.dsv
[1.476s] -- Up-to-date: /home/akshar/eyrc_hb/hb_task5_ws/install/my_robot_interfaces/share/ament_index/resource_index/packages/my_robot_interfaces
[1.476s] -- Up-to-date: /home/akshar/eyrc_hb/hb_task5_ws/install/my_robot_interfaces/share/my_robot_interfaces/cmake/export_my_robot_interfaces__rosidl_generator_cExport.cmake
[1.477s] -- Up-to-date: /home/akshar/eyrc_hb/hb_task5_ws/install/my_robot_interfaces/share/my_robot_interfaces/cmake/export_my_robot_interfaces__rosidl_generator_cExport-noconfig.cmake
[1.477s] -- Up-to-date: /home/akshar/eyrc_hb/hb_task5_ws/install/my_robot_interfaces/share/my_robot_interfaces/cmake/export_my_robot_interfaces__rosidl_typesupport_fastrtps_cExport.cmake
[1.477s] -- Up-to-date: /home/akshar/eyrc_hb/hb_task5_ws/install/my_robot_interfaces/share/my_robot_interfaces/cmake/export_my_robot_interfaces__rosidl_typesupport_fastrtps_cExport-noconfig.cmake
[1.477s] -- Up-to-date: /home/akshar/eyrc_hb/hb_task5_ws/install/my_robot_interfaces/share/my_robot_interfaces/cmake/my_robot_interfaces__rosidl_typesupport_introspection_cExport.cmake
[1.477s] -- Up-to-date: /home/akshar/eyrc_hb/hb_task5_ws/install/my_robot_interfaces/share/my_robot_interfaces/cmake/my_robot_interfaces__rosidl_typesupport_introspection_cExport-noconfig.cmake
[1.477s] -- Up-to-date: /home/akshar/eyrc_hb/hb_task5_ws/install/my_robot_interfaces/share/my_robot_interfaces/cmake/my_robot_interfaces__rosidl_typesupport_cExport.cmake
[1.477s] -- Up-to-date: /home/akshar/eyrc_hb/hb_task5_ws/install/my_robot_interfaces/share/my_robot_interfaces/cmake/my_robot_interfaces__rosidl_typesupport_cExport-noconfig.cmake
[1.477s] -- Up-to-date: /home/akshar/eyrc_hb/hb_task5_ws/install/my_robot_interfaces/share/my_robot_interfaces/cmake/export_my_robot_interfaces__rosidl_generator_cppExport.cmake
[1.477s] -- Up-to-date: /home/akshar/eyrc_hb/hb_task5_ws/install/my_robot_interfaces/share/my_robot_interfaces/cmake/export_my_robot_interfaces__rosidl_typesupport_fastrtps_cppExport.cmake
[1.477s] -- Up-to-date: /home/akshar/eyrc_hb/hb_task5_ws/install/my_robot_interfaces/share/my_robot_interfaces/cmake/export_my_robot_interfaces__rosidl_typesupport_fastrtps_cppExport-noconfig.cmake
[1.477s] -- Up-to-date: /home/akshar/eyrc_hb/hb_task5_ws/install/my_robot_interfaces/share/my_robot_interfaces/cmake/my_robot_interfaces__rosidl_typesupport_introspection_cppExport.cmake
[1.477s] -- Up-to-date: /home/akshar/eyrc_hb/hb_task5_ws/install/my_robot_interfaces/share/my_robot_interfaces/cmake/my_robot_interfaces__rosidl_typesupport_introspection_cppExport-noconfig.cmake
[1.477s] -- Up-to-date: /home/akshar/eyrc_hb/hb_task5_ws/install/my_robot_interfaces/share/my_robot_interfaces/cmake/my_robot_interfaces__rosidl_typesupport_cppExport.cmake
[1.477s] -- Up-to-date: /home/akshar/eyrc_hb/hb_task5_ws/install/my_robot_interfaces/share/my_robot_interfaces/cmake/my_robot_interfaces__rosidl_typesupport_cppExport-noconfig.cmake
[1.478s] -- Up-to-date: /home/akshar/eyrc_hb/hb_task5_ws/install/my_robot_interfaces/share/my_robot_interfaces/cmake/export_my_robot_interfaces__rosidl_generator_pyExport.cmake
[1.478s] -- Up-to-date: /home/akshar/eyrc_hb/hb_task5_ws/install/my_robot_interfaces/share/my_robot_interfaces/cmake/export_my_robot_interfaces__rosidl_generator_pyExport-noconfig.cmake
[1.478s] -- Up-to-date: /home/akshar/eyrc_hb/hb_task5_ws/install/my_robot_interfaces/share/my_robot_interfaces/cmake/rosidl_cmake-extras.cmake
[1.478s] -- Up-to-date: /home/akshar/eyrc_hb/hb_task5_ws/install/my_robot_interfaces/share/my_robot_interfaces/cmake/ament_cmake_export_include_directories-extras.cmake
[1.478s] -- Up-to-date: /home/akshar/eyrc_hb/hb_task5_ws/install/my_robot_interfaces/share/my_robot_interfaces/cmake/ament_cmake_export_libraries-extras.cmake
[1.478s] -- Up-to-date: /home/akshar/eyrc_hb/hb_task5_ws/install/my_robot_interfaces/share/my_robot_interfaces/cmake/ament_cmake_export_targets-extras.cmake
[1.478s] -- Up-to-date: /home/akshar/eyrc_hb/hb_task5_ws/install/my_robot_interfaces/share/my_robot_interfaces/cmake/rosidl_cmake_export_typesupport_targets-extras.cmake
[1.478s] -- Up-to-date: /home/akshar/eyrc_hb/hb_task5_ws/install/my_robot_interfaces/share/my_robot_interfaces/cmake/ament_cmake_export_dependencies-extras.cmake
[1.478s] -- Up-to-date: /home/akshar/eyrc_hb/hb_task5_ws/install/my_robot_interfaces/share/my_robot_interfaces/cmake/rosidl_cmake_export_typesupport_libraries-extras.cmake
[1.478s] -- Up-to-date: /home/akshar/eyrc_hb/hb_task5_ws/install/my_robot_interfaces/share/my_robot_interfaces/cmake/my_robot_interfacesConfig.cmake
[1.478s] -- Up-to-date: /home/akshar/eyrc_hb/hb_task5_ws/install/my_robot_interfaces/share/my_robot_interfaces/cmake/my_robot_interfacesConfig-version.cmake
[1.478s] -- Installing: /home/akshar/eyrc_hb/hb_task5_ws/install/my_robot_interfaces/share/my_robot_interfaces/package.xml
[1.480s] Invoked command in '/home/akshar/eyrc_hb/hb_task5_ws/build/my_robot_interfaces' returned '0': CMAKE_PREFIX_PATH=${CMAKE_PREFIX_PATH}:/home/akshar/eyrc_hb/hb_task5_ws/install/hb_task5a:/opt/ros/humble /usr/bin/cmake --install /home/akshar/eyrc_hb/hb_task5_ws/build/my_robot_interfaces
