[0.847s] Invoking command in '/home/akshar/eyrc_hb/hb_task6_ws/src/hb_taskbonus': PYTHONPATH=/home/akshar/eyrc_hb/hb_task6_ws/build/hb_taskbonus/prefix_override:/home/akshar/eyrc_hb/hb_task6_ws/install/hb_taskbonus/lib/python3.10/site-packages:${PYTHONPATH} /usr/bin/python3 setup.py egg_info --egg-base ../../build/hb_taskbonus build --build-base /home/akshar/eyrc_hb/hb_task6_ws/build/hb_taskbonus/build install --record /home/akshar/eyrc_hb/hb_task6_ws/build/hb_taskbonus/install.log --single-version-externally-managed
[1.024s] running egg_info
[1.025s] writing ../../build/hb_taskbonus/hb_taskbonus.egg-info/PKG-INFO
[1.025s] writing dependency_links to ../../build/hb_taskbonus/hb_taskbonus.egg-info/dependency_links.txt
[1.025s] writing entry points to ../../build/hb_taskbonus/hb_taskbonus.egg-info/entry_points.txt
[1.025s] writing requirements to ../../build/hb_taskbonus/hb_taskbonus.egg-info/requires.txt
[1.025s] writing top-level names to ../../build/hb_taskbonus/hb_taskbonus.egg-info/top_level.txt
[1.027s] reading manifest file '../../build/hb_taskbonus/hb_taskbonus.egg-info/SOURCES.txt'
[1.028s] writing manifest file '../../build/hb_taskbonus/hb_taskbonus.egg-info/SOURCES.txt'
[1.028s] running build
[1.028s] running build_py
[1.029s] running install
[1.029s] /usr/lib/python3/dist-packages/setuptools/command/install.py:34: SetuptoolsDeprecationWarning: setup.py install is deprecated. Use build and pip and other standards-based tools.
[1.029s]   warnings.warn(
[1.029s] running install_lib
[1.031s] running install_data
[1.031s] running install_egg_info
[1.033s] removing '/home/akshar/eyrc_hb/hb_task6_ws/install/hb_taskbonus/lib/python3.10/site-packages/hb_taskbonus-0.0.0-py3.10.egg-info' (and everything under it)
[1.033s] Copying ../../build/hb_taskbonus/hb_taskbonus.egg-info to /home/akshar/eyrc_hb/hb_task6_ws/install/hb_taskbonus/lib/python3.10/site-packages/hb_taskbonus-0.0.0-py3.10.egg-info
[1.034s] running install_scripts
[1.050s] Installing StopFlag script to /home/akshar/eyrc_hb/hb_task6_ws/install/hb_taskbonus/lib/hb_taskbonus
[1.050s] Installing controller1 script to /home/akshar/eyrc_hb/hb_task6_ws/install/hb_taskbonus/lib/hb_taskbonus
[1.050s] Installing controller2 script to /home/akshar/eyrc_hb/hb_task6_ws/install/hb_taskbonus/lib/hb_taskbonus
[1.051s] Installing controller3 script to /home/akshar/eyrc_hb/hb_task6_ws/install/hb_taskbonus/lib/hb_taskbonus
[1.051s] Installing feedback script to /home/akshar/eyrc_hb/hb_task6_ws/install/hb_taskbonus/lib/hb_taskbonus
[1.051s] Installing imgutl script to /home/akshar/eyrc_hb/hb_task6_ws/install/hb_taskbonus/lib/hb_taskbonus
[1.051s] Installing interp1 script to /home/akshar/eyrc_hb/hb_task6_ws/install/hb_taskbonus/lib/hb_taskbonus
[1.051s] Installing interp2 script to /home/akshar/eyrc_hb/hb_task6_ws/install/hb_taskbonus/lib/hb_taskbonus
[1.051s] Installing interp3 script to /home/akshar/eyrc_hb/hb_task6_ws/install/hb_taskbonus/lib/hb_taskbonus
[1.052s] Installing map1 script to /home/akshar/eyrc_hb/hb_task6_ws/install/hb_taskbonus/lib/hb_taskbonus
[1.052s] Installing map2 script to /home/akshar/eyrc_hb/hb_task6_ws/install/hb_taskbonus/lib/hb_taskbonus
[1.052s] Installing map3 script to /home/akshar/eyrc_hb/hb_task6_ws/install/hb_taskbonus/lib/hb_taskbonus
[1.052s] Installing nextGoal1 script to /home/akshar/eyrc_hb/hb_task6_ws/install/hb_taskbonus/lib/hb_taskbonus
[1.052s] Installing nextGoal2 script to /home/akshar/eyrc_hb/hb_task6_ws/install/hb_taskbonus/lib/hb_taskbonus
[1.053s] Installing nextGoal3 script to /home/akshar/eyrc_hb/hb_task6_ws/install/hb_taskbonus/lib/hb_taskbonus
[1.054s] Installing nextGoalfunc script to /home/akshar/eyrc_hb/hb_task6_ws/install/hb_taskbonus/lib/hb_taskbonus
[1.054s] Installing startpoint script to /home/akshar/eyrc_hb/hb_task6_ws/install/hb_taskbonus/lib/hb_taskbonus
[1.054s] writing list of installed files to '/home/akshar/eyrc_hb/hb_task6_ws/build/hb_taskbonus/install.log'
[1.140s] Invoked command in '/home/akshar/eyrc_hb/hb_task6_ws/src/hb_taskbonus' returned '0': PYTHONPATH=/home/akshar/eyrc_hb/hb_task6_ws/build/hb_taskbonus/prefix_override:/home/akshar/eyrc_hb/hb_task6_ws/install/hb_taskbonus/lib/python3.10/site-packages:${PYTHONPATH} /usr/bin/python3 setup.py egg_info --egg-base ../../build/hb_taskbonus build --build-base /home/akshar/eyrc_hb/hb_task6_ws/build/hb_taskbonus/build install --record /home/akshar/eyrc_hb/hb_task6_ws/build/hb_taskbonus/install.log --single-version-externally-managed
