[0.905s] Invoking command in '/home/akshar/eyrc_hb/hb_task6_ws/build/my_robot_interfaces': CMAKE_PREFIX_PATH=${CMAKE_PREFIX_PATH}:/home/akshar/eyrc_hb/hb_task6_ws/install/hb_taskbonus:/home/akshar/eyrc_hb/hb_task6_ws/install/hb_task_6:/home/akshar/eyrc_hb/hb_task6_ws/install/hb_task6:/opt/ros/humble /usr/bin/cmake --build /home/akshar/eyrc_hb/hb_task6_ws/build/my_robot_interfaces -- -j16 -l16
[1.013s] [  2%] Built target my_robot_interfaces__cpp
[1.026s] [ 12%] Built target my_robot_interfaces__rosidl_generator_c
[1.039s] [ 12%] Built target ament_cmake_python_copy_my_robot_interfaces
[1.068s] [ 23%] Built target my_robot_interfaces__rosidl_typesupport_introspection_cpp
[1.071s] [ 34%] Built target my_robot_interfaces__rosidl_typesupport_cpp
[1.071s] [ 44%] Built target my_robot_interfaces__rosidl_typesupport_introspection_c
[1.073s] [ 55%] Built target my_robot_interfaces__rosidl_typesupport_c
[1.075s] [ 65%] Built target my_robot_interfaces__rosidl_typesupport_fastrtps_c
[1.077s] [ 76%] Built target my_robot_interfaces__rosidl_typesupport_fastrtps_cpp
[1.108s] [ 76%] Built target my_robot_interfaces
[1.142s] [ 78%] Built target my_robot_interfaces__py
[1.189s] [ 87%] Built target my_robot_interfaces__rosidl_generator_py
[1.228s] [ 95%] Built target my_robot_interfaces__rosidl_typesupport_introspection_c__pyext
[1.228s] [ 95%] Built target my_robot_interfaces__rosidl_typesupport_fastrtps_c__pyext
[1.230s] [100%] Built target my_robot_interfaces__rosidl_typesupport_c__pyext
[1.378s] running egg_info
[1.379s] writing my_robot_interfaces.egg-info/PKG-INFO
[1.379s] writing dependency_links to my_robot_interfaces.egg-info/dependency_links.txt
[1.379s] writing top-level names to my_robot_interfaces.egg-info/top_level.txt
[1.383s] reading manifest file 'my_robot_interfaces.egg-info/SOURCES.txt'
[1.388s] writing manifest file 'my_robot_interfaces.egg-info/SOURCES.txt'
[1.429s] [100%] Built target ament_cmake_python_build_my_robot_interfaces_egg
[1.447s] Invoked command in '/home/akshar/eyrc_hb/hb_task6_ws/build/my_robot_interfaces' returned '0': CMAKE_PREFIX_PATH=${CMAKE_PREFIX_PATH}:/home/akshar/eyrc_hb/hb_task6_ws/install/hb_taskbonus:/home/akshar/eyrc_hb/hb_task6_ws/install/hb_task_6:/home/akshar/eyrc_hb/hb_task6_ws/install/hb_task6:/opt/ros/humble /usr/bin/cmake --build /home/akshar/eyrc_hb/hb_task6_ws/build/my_robot_interfaces -- -j16 -l16
[1.623s] Invoking command in '/home/akshar/eyrc_hb/hb_task6_ws/build/my_robot_interfaces': CMAKE_PREFIX_PATH=${CMAKE_PREFIX_PATH}:/home/akshar/eyrc_hb/hb_task6_ws/install/hb_taskbonus:/home/akshar/eyrc_hb/hb_task6_ws/install/hb_task_6:/home/akshar/eyrc_hb/hb_task6_ws/install/hb_task6:/opt/ros/humble /usr/bin/cmake --install /home/akshar/eyrc_hb/hb_task6_ws/build/my_robot_interfaces
[1.638s] -- Install configuration: ""
[1.639s] -- Up-to-date: /home/akshar/eyrc_hb/hb_task6_ws/install/my_robot_interfaces/share/ament_index/resource_index/rosidl_interfaces/my_robot_interfaces
[1.639s] -- Up-to-date: /home/akshar/eyrc_hb/hb_task6_ws/install/my_robot_interfaces/include/my_robot_interfaces/my_robot_interfaces
[1.639s] -- Up-to-date: /home/akshar/eyrc_hb/hb_task6_ws/install/my_robot_interfaces/include/my_robot_interfaces/my_robot_interfaces/srv
[1.639s] -- Up-to-date: /home/akshar/eyrc_hb/hb_task6_ws/install/my_robot_interfaces/include/my_robot_interfaces/my_robot_interfaces/srv/next_goal.h
[1.639s] -- Up-to-date: /home/akshar/eyrc_hb/hb_task6_ws/install/my_robot_interfaces/include/my_robot_interfaces/my_robot_interfaces/srv/detail
[1.639s] -- Up-to-date: /home/akshar/eyrc_hb/hb_task6_ws/install/my_robot_interfaces/include/my_robot_interfaces/my_robot_interfaces/srv/detail/next_goal__struct.h
[1.639s] -- Up-to-date: /home/akshar/eyrc_hb/hb_task6_ws/install/my_robot_interfaces/include/my_robot_interfaces/my_robot_interfaces/srv/detail/next_goal__functions.c
[1.640s] -- Up-to-date: /home/akshar/eyrc_hb/hb_task6_ws/install/my_robot_interfaces/include/my_robot_interfaces/my_robot_interfaces/srv/detail/next_goal__functions.h
[1.640s] -- Up-to-date: /home/akshar/eyrc_hb/hb_task6_ws/install/my_robot_interfaces/include/my_robot_interfaces/my_robot_interfaces/srv/detail/next_goal__type_support.h
[1.640s] -- Up-to-date: /home/akshar/eyrc_hb/hb_task6_ws/install/my_robot_interfaces/include/my_robot_interfaces/my_robot_interfaces/msg
[1.640s] -- Up-to-date: /home/akshar/eyrc_hb/hb_task6_ws/install/my_robot_interfaces/include/my_robot_interfaces/my_robot_interfaces/msg/goal.h
[1.640s] -- Up-to-date: /home/akshar/eyrc_hb/hb_task6_ws/install/my_robot_interfaces/include/my_robot_interfaces/my_robot_interfaces/msg/shape.h
[1.640s] -- Up-to-date: /home/akshar/eyrc_hb/hb_task6_ws/install/my_robot_interfaces/include/my_robot_interfaces/my_robot_interfaces/msg/rosidl_generator_c__visibility_control.h
[1.640s] -- Up-to-date: /home/akshar/eyrc_hb/hb_task6_ws/install/my_robot_interfaces/include/my_robot_interfaces/my_robot_interfaces/msg/detail
[1.641s] -- Up-to-date: /home/akshar/eyrc_hb/hb_task6_ws/install/my_robot_interfaces/include/my_robot_interfaces/my_robot_interfaces/msg/detail/shape__functions.h
[1.641s] -- Up-to-date: /home/akshar/eyrc_hb/hb_task6_ws/install/my_robot_interfaces/include/my_robot_interfaces/my_robot_interfaces/msg/detail/goal__struct.h
[1.641s] -- Up-to-date: /home/akshar/eyrc_hb/hb_task6_ws/install/my_robot_interfaces/include/my_robot_interfaces/my_robot_interfaces/msg/detail/goal__type_support.h
[1.641s] -- Up-to-date: /home/akshar/eyrc_hb/hb_task6_ws/install/my_robot_interfaces/include/my_robot_interfaces/my_robot_interfaces/msg/detail/shape__type_support.h
[1.641s] -- Up-to-date: /home/akshar/eyrc_hb/hb_task6_ws/install/my_robot_interfaces/include/my_robot_interfaces/my_robot_interfaces/msg/detail/shape__functions.c
[1.641s] -- Up-to-date: /home/akshar/eyrc_hb/hb_task6_ws/install/my_robot_interfaces/include/my_robot_interfaces/my_robot_interfaces/msg/detail/goal__functions.c
[1.641s] -- Up-to-date: /home/akshar/eyrc_hb/hb_task6_ws/install/my_robot_interfaces/include/my_robot_interfaces/my_robot_interfaces/msg/detail/goal__functions.h
[1.641s] -- Up-to-date: /home/akshar/eyrc_hb/hb_task6_ws/install/my_robot_interfaces/include/my_robot_interfaces/my_robot_interfaces/msg/detail/shape__struct.h
[1.641s] -- Up-to-date: /home/akshar/eyrc_hb/hb_task6_ws/install/my_robot_interfaces/share/my_robot_interfaces/environment/library_path.sh
[1.641s] -- Up-to-date: /home/akshar/eyrc_hb/hb_task6_ws/install/my_robot_interfaces/share/my_robot_interfaces/environment/library_path.dsv
[1.642s] -- Up-to-date: /home/akshar/eyrc_hb/hb_task6_ws/install/my_robot_interfaces/lib/libmy_robot_interfaces__rosidl_generator_c.so
[1.642s] -- Up-to-date: /home/akshar/eyrc_hb/hb_task6_ws/install/my_robot_interfaces/include/my_robot_interfaces/my_robot_interfaces
[1.642s] -- Up-to-date: /home/akshar/eyrc_hb/hb_task6_ws/install/my_robot_interfaces/include/my_robot_interfaces/my_robot_interfaces/srv
[1.642s] -- Up-to-date: /home/akshar/eyrc_hb/hb_task6_ws/install/my_robot_interfaces/include/my_robot_interfaces/my_robot_interfaces/srv/detail
[1.642s] -- Up-to-date: /home/akshar/eyrc_hb/hb_task6_ws/install/my_robot_interfaces/include/my_robot_interfaces/my_robot_interfaces/srv/detail/next_goal__rosidl_typesupport_fastrtps_c.h
[1.642s] -- Up-to-date: /home/akshar/eyrc_hb/hb_task6_ws/install/my_robot_interfaces/include/my_robot_interfaces/my_robot_interfaces/msg
[1.642s] -- Up-to-date: /home/akshar/eyrc_hb/hb_task6_ws/install/my_robot_interfaces/include/my_robot_interfaces/my_robot_interfaces/msg/rosidl_typesupport_fastrtps_c__visibility_control.h
[1.642s] -- Up-to-date: /home/akshar/eyrc_hb/hb_task6_ws/install/my_robot_interfaces/include/my_robot_interfaces/my_robot_interfaces/msg/detail
[1.642s] -- Up-to-date: /home/akshar/eyrc_hb/hb_task6_ws/install/my_robot_interfaces/include/my_robot_interfaces/my_robot_interfaces/msg/detail/goal__rosidl_typesupport_fastrtps_c.h
[1.642s] -- Up-to-date: /home/akshar/eyrc_hb/hb_task6_ws/install/my_robot_interfaces/include/my_robot_interfaces/my_robot_interfaces/msg/detail/shape__rosidl_typesupport_fastrtps_c.h
[1.643s] -- Up-to-date: /home/akshar/eyrc_hb/hb_task6_ws/install/my_robot_interfaces/lib/libmy_robot_interfaces__rosidl_typesupport_fastrtps_c.so
[1.643s] -- Up-to-date: /home/akshar/eyrc_hb/hb_task6_ws/install/my_robot_interfaces/include/my_robot_interfaces/my_robot_interfaces
[1.643s] -- Up-to-date: /home/akshar/eyrc_hb/hb_task6_ws/install/my_robot_interfaces/include/my_robot_interfaces/my_robot_interfaces/srv
[1.643s] -- Up-to-date: /home/akshar/eyrc_hb/hb_task6_ws/install/my_robot_interfaces/include/my_robot_interfaces/my_robot_interfaces/srv/detail
[1.644s] -- Up-to-date: /home/akshar/eyrc_hb/hb_task6_ws/install/my_robot_interfaces/include/my_robot_interfaces/my_robot_interfaces/srv/detail/next_goal__type_support.c
[1.644s] -- Up-to-date: /home/akshar/eyrc_hb/hb_task6_ws/install/my_robot_interfaces/include/my_robot_interfaces/my_robot_interfaces/srv/detail/next_goal__rosidl_typesupport_introspection_c.h
[1.644s] -- Up-to-date: /home/akshar/eyrc_hb/hb_task6_ws/install/my_robot_interfaces/include/my_robot_interfaces/my_robot_interfaces/msg
[1.644s] -- Up-to-date: /home/akshar/eyrc_hb/hb_task6_ws/install/my_robot_interfaces/include/my_robot_interfaces/my_robot_interfaces/msg/rosidl_typesupport_introspection_c__visibility_control.h
[1.644s] -- Up-to-date: /home/akshar/eyrc_hb/hb_task6_ws/install/my_robot_interfaces/include/my_robot_interfaces/my_robot_interfaces/msg/detail
[1.644s] -- Up-to-date: /home/akshar/eyrc_hb/hb_task6_ws/install/my_robot_interfaces/include/my_robot_interfaces/my_robot_interfaces/msg/detail/goal__type_support.c
[1.644s] -- Up-to-date: /home/akshar/eyrc_hb/hb_task6_ws/install/my_robot_interfaces/include/my_robot_interfaces/my_robot_interfaces/msg/detail/goal__rosidl_typesupport_introspection_c.h
[1.644s] -- Up-to-date: /home/akshar/eyrc_hb/hb_task6_ws/install/my_robot_interfaces/include/my_robot_interfaces/my_robot_interfaces/msg/detail/shape__rosidl_typesupport_introspection_c.h
[1.644s] -- Up-to-date: /home/akshar/eyrc_hb/hb_task6_ws/install/my_robot_interfaces/include/my_robot_interfaces/my_robot_interfaces/msg/detail/shape__type_support.c
[1.645s] -- Up-to-date: /home/akshar/eyrc_hb/hb_task6_ws/install/my_robot_interfaces/lib/libmy_robot_interfaces__rosidl_typesupport_introspection_c.so
[1.646s] -- Up-to-date: /home/akshar/eyrc_hb/hb_task6_ws/install/my_robot_interfaces/lib/libmy_robot_interfaces__rosidl_typesupport_c.so
[1.646s] -- Up-to-date: /home/akshar/eyrc_hb/hb_task6_ws/install/my_robot_interfaces/include/my_robot_interfaces/my_robot_interfaces
[1.646s] -- Up-to-date: /home/akshar/eyrc_hb/hb_task6_ws/install/my_robot_interfaces/include/my_robot_interfaces/my_robot_interfaces/srv
[1.646s] -- Up-to-date: /home/akshar/eyrc_hb/hb_task6_ws/install/my_robot_interfaces/include/my_robot_interfaces/my_robot_interfaces/srv/next_goal.hpp
[1.646s] -- Up-to-date: /home/akshar/eyrc_hb/hb_task6_ws/install/my_robot_interfaces/include/my_robot_interfaces/my_robot_interfaces/srv/detail
[1.647s] -- Up-to-date: /home/akshar/eyrc_hb/hb_task6_ws/install/my_robot_interfaces/include/my_robot_interfaces/my_robot_interfaces/srv/detail/next_goal__struct.hpp
[1.647s] -- Up-to-date: /home/akshar/eyrc_hb/hb_task6_ws/install/my_robot_interfaces/include/my_robot_interfaces/my_robot_interfaces/srv/detail/next_goal__builder.hpp
[1.647s] -- Up-to-date: /home/akshar/eyrc_hb/hb_task6_ws/install/my_robot_interfaces/include/my_robot_interfaces/my_robot_interfaces/srv/detail/next_goal__traits.hpp
[1.647s] -- Up-to-date: /home/akshar/eyrc_hb/hb_task6_ws/install/my_robot_interfaces/include/my_robot_interfaces/my_robot_interfaces/msg
[1.647s] -- Up-to-date: /home/akshar/eyrc_hb/hb_task6_ws/install/my_robot_interfaces/include/my_robot_interfaces/my_robot_interfaces/msg/shape.hpp
[1.647s] -- Up-to-date: /home/akshar/eyrc_hb/hb_task6_ws/install/my_robot_interfaces/include/my_robot_interfaces/my_robot_interfaces/msg/goal.hpp
[1.647s] -- Up-to-date: /home/akshar/eyrc_hb/hb_task6_ws/install/my_robot_interfaces/include/my_robot_interfaces/my_robot_interfaces/msg/detail
[1.647s] -- Up-to-date: /home/akshar/eyrc_hb/hb_task6_ws/install/my_robot_interfaces/include/my_robot_interfaces/my_robot_interfaces/msg/detail/shape__struct.hpp
[1.647s] -- Up-to-date: /home/akshar/eyrc_hb/hb_task6_ws/install/my_robot_interfaces/include/my_robot_interfaces/my_robot_interfaces/msg/detail/goal__traits.hpp
[1.648s] -- Up-to-date: /home/akshar/eyrc_hb/hb_task6_ws/install/my_robot_interfaces/include/my_robot_interfaces/my_robot_interfaces/msg/detail/shape__traits.hpp
[1.648s] -- Up-to-date: /home/akshar/eyrc_hb/hb_task6_ws/install/my_robot_interfaces/include/my_robot_interfaces/my_robot_interfaces/msg/detail/shape__builder.hpp
[1.648s] -- Up-to-date: /home/akshar/eyrc_hb/hb_task6_ws/install/my_robot_interfaces/include/my_robot_interfaces/my_robot_interfaces/msg/detail/goal__builder.hpp
[1.648s] -- Up-to-date: /home/akshar/eyrc_hb/hb_task6_ws/install/my_robot_interfaces/include/my_robot_interfaces/my_robot_interfaces/msg/detail/goal__struct.hpp
[1.648s] -- Up-to-date: /home/akshar/eyrc_hb/hb_task6_ws/install/my_robot_interfaces/include/my_robot_interfaces/my_robot_interfaces
[1.648s] -- Up-to-date: /home/akshar/eyrc_hb/hb_task6_ws/install/my_robot_interfaces/include/my_robot_interfaces/my_robot_interfaces/srv
[1.648s] -- Up-to-date: /home/akshar/eyrc_hb/hb_task6_ws/install/my_robot_interfaces/include/my_robot_interfaces/my_robot_interfaces/srv/detail
[1.648s] -- Up-to-date: /home/akshar/eyrc_hb/hb_task6_ws/install/my_robot_interfaces/include/my_robot_interfaces/my_robot_interfaces/srv/detail/dds_fastrtps
[1.648s] -- Up-to-date: /home/akshar/eyrc_hb/hb_task6_ws/install/my_robot_interfaces/include/my_robot_interfaces/my_robot_interfaces/srv/detail/next_goal__rosidl_typesupport_fastrtps_cpp.hpp
[1.648s] -- Up-to-date: /home/akshar/eyrc_hb/hb_task6_ws/install/my_robot_interfaces/include/my_robot_interfaces/my_robot_interfaces/msg
[1.648s] -- Up-to-date: /home/akshar/eyrc_hb/hb_task6_ws/install/my_robot_interfaces/include/my_robot_interfaces/my_robot_interfaces/msg/rosidl_typesupport_fastrtps_cpp__visibility_control.h
[1.648s] -- Up-to-date: /home/akshar/eyrc_hb/hb_task6_ws/install/my_robot_interfaces/include/my_robot_interfaces/my_robot_interfaces/msg/detail
[1.648s] -- Up-to-date: /home/akshar/eyrc_hb/hb_task6_ws/install/my_robot_interfaces/include/my_robot_interfaces/my_robot_interfaces/msg/detail/shape__rosidl_typesupport_fastrtps_cpp.hpp
[1.649s] -- Up-to-date: /home/akshar/eyrc_hb/hb_task6_ws/install/my_robot_interfaces/include/my_robot_interfaces/my_robot_interfaces/msg/detail/goal__rosidl_typesupport_fastrtps_cpp.hpp
[1.649s] -- Up-to-date: /home/akshar/eyrc_hb/hb_task6_ws/install/my_robot_interfaces/include/my_robot_interfaces/my_robot_interfaces/msg/detail/dds_fastrtps
[1.649s] -- Up-to-date: /home/akshar/eyrc_hb/hb_task6_ws/install/my_robot_interfaces/lib/libmy_robot_interfaces__rosidl_typesupport_fastrtps_cpp.so
[1.649s] -- Up-to-date: /home/akshar/eyrc_hb/hb_task6_ws/install/my_robot_interfaces/include/my_robot_interfaces/my_robot_interfaces
[1.649s] -- Up-to-date: /home/akshar/eyrc_hb/hb_task6_ws/install/my_robot_interfaces/include/my_robot_interfaces/my_robot_interfaces/srv
[1.649s] -- Up-to-date: /home/akshar/eyrc_hb/hb_task6_ws/install/my_robot_interfaces/include/my_robot_interfaces/my_robot_interfaces/srv/detail
[1.649s] -- Up-to-date: /home/akshar/eyrc_hb/hb_task6_ws/install/my_robot_interfaces/include/my_robot_interfaces/my_robot_interfaces/srv/detail/next_goal__rosidl_typesupport_introspection_cpp.hpp
[1.650s] -- Up-to-date: /home/akshar/eyrc_hb/hb_task6_ws/install/my_robot_interfaces/include/my_robot_interfaces/my_robot_interfaces/srv/detail/next_goal__type_support.cpp
[1.650s] -- Up-to-date: /home/akshar/eyrc_hb/hb_task6_ws/install/my_robot_interfaces/include/my_robot_interfaces/my_robot_interfaces/msg
[1.650s] -- Up-to-date: /home/akshar/eyrc_hb/hb_task6_ws/install/my_robot_interfaces/include/my_robot_interfaces/my_robot_interfaces/msg/detail
[1.650s] -- Up-to-date: /home/akshar/eyrc_hb/hb_task6_ws/install/my_robot_interfaces/include/my_robot_interfaces/my_robot_interfaces/msg/detail/shape__type_support.cpp
[1.650s] -- Up-to-date: /home/akshar/eyrc_hb/hb_task6_ws/install/my_robot_interfaces/include/my_robot_interfaces/my_robot_interfaces/msg/detail/shape__rosidl_typesupport_introspection_cpp.hpp
[1.650s] -- Up-to-date: /home/akshar/eyrc_hb/hb_task6_ws/install/my_robot_interfaces/include/my_robot_interfaces/my_robot_interfaces/msg/detail/goal__type_support.cpp
[1.650s] -- Up-to-date: /home/akshar/eyrc_hb/hb_task6_ws/install/my_robot_interfaces/include/my_robot_interfaces/my_robot_interfaces/msg/detail/goal__rosidl_typesupport_introspection_cpp.hpp
[1.651s] -- Up-to-date: /home/akshar/eyrc_hb/hb_task6_ws/install/my_robot_interfaces/lib/libmy_robot_interfaces__rosidl_typesupport_introspection_cpp.so
[1.652s] -- Up-to-date: /home/akshar/eyrc_hb/hb_task6_ws/install/my_robot_interfaces/lib/libmy_robot_interfaces__rosidl_typesupport_cpp.so
[1.652s] -- Up-to-date: /home/akshar/eyrc_hb/hb_task6_ws/install/my_robot_interfaces/share/my_robot_interfaces/environment/pythonpath.sh
[1.653s] -- Up-to-date: /home/akshar/eyrc_hb/hb_task6_ws/install/my_robot_interfaces/share/my_robot_interfaces/environment/pythonpath.dsv
[1.653s] -- Up-to-date: /home/akshar/eyrc_hb/hb_task6_ws/install/my_robot_interfaces/local/lib/python3.10/dist-packages/my_robot_interfaces-0.0.0-py3.10.egg-info
[1.653s] -- Installing: /home/akshar/eyrc_hb/hb_task6_ws/install/my_robot_interfaces/local/lib/python3.10/dist-packages/my_robot_interfaces-0.0.0-py3.10.egg-info/PKG-INFO
[1.653s] -- Installing: /home/akshar/eyrc_hb/hb_task6_ws/install/my_robot_interfaces/local/lib/python3.10/dist-packages/my_robot_interfaces-0.0.0-py3.10.egg-info/SOURCES.txt
[1.653s] -- Installing: /home/akshar/eyrc_hb/hb_task6_ws/install/my_robot_interfaces/local/lib/python3.10/dist-packages/my_robot_interfaces-0.0.0-py3.10.egg-info/top_level.txt
[1.653s] -- Installing: /home/akshar/eyrc_hb/hb_task6_ws/install/my_robot_interfaces/local/lib/python3.10/dist-packages/my_robot_interfaces-0.0.0-py3.10.egg-info/dependency_links.txt
[1.654s] -- Up-to-date: /home/akshar/eyrc_hb/hb_task6_ws/install/my_robot_interfaces/local/lib/python3.10/dist-packages/my_robot_interfaces
[1.654s] -- Up-to-date: /home/akshar/eyrc_hb/hb_task6_ws/install/my_robot_interfaces/local/lib/python3.10/dist-packages/my_robot_interfaces/my_robot_interfaces_s__rosidl_typesupport_fastrtps_c.cpython-310-x86_64-linux-gnu.so
[1.654s] -- Up-to-date: /home/akshar/eyrc_hb/hb_task6_ws/install/my_robot_interfaces/local/lib/python3.10/dist-packages/my_robot_interfaces/_my_robot_interfaces_s.ep.rosidl_typesupport_fastrtps_c.c
[1.654s] -- Up-to-date: /home/akshar/eyrc_hb/hb_task6_ws/install/my_robot_interfaces/local/lib/python3.10/dist-packages/my_robot_interfaces/_my_robot_interfaces_s.ep.rosidl_typesupport_introspection_c.c
[1.654s] -- Up-to-date: /home/akshar/eyrc_hb/hb_task6_ws/install/my_robot_interfaces/local/lib/python3.10/dist-packages/my_robot_interfaces/_my_robot_interfaces_s.ep.rosidl_typesupport_c.c
[1.654s] -- Up-to-date: /home/akshar/eyrc_hb/hb_task6_ws/install/my_robot_interfaces/local/lib/python3.10/dist-packages/my_robot_interfaces/my_robot_interfaces_s__rosidl_typesupport_c.cpython-310-x86_64-linux-gnu.so
[1.654s] -- Up-to-date: /home/akshar/eyrc_hb/hb_task6_ws/install/my_robot_interfaces/local/lib/python3.10/dist-packages/my_robot_interfaces/libmy_robot_interfaces__rosidl_generator_py.so
[1.654s] -- Up-to-date: /home/akshar/eyrc_hb/hb_task6_ws/install/my_robot_interfaces/local/lib/python3.10/dist-packages/my_robot_interfaces/my_robot_interfaces_s__rosidl_typesupport_introspection_c.cpython-310-x86_64-linux-gnu.so
[1.655s] -- Up-to-date: /home/akshar/eyrc_hb/hb_task6_ws/install/my_robot_interfaces/local/lib/python3.10/dist-packages/my_robot_interfaces/__init__.py
[1.655s] -- Up-to-date: /home/akshar/eyrc_hb/hb_task6_ws/install/my_robot_interfaces/local/lib/python3.10/dist-packages/my_robot_interfaces/srv
[1.655s] -- Up-to-date: /home/akshar/eyrc_hb/hb_task6_ws/install/my_robot_interfaces/local/lib/python3.10/dist-packages/my_robot_interfaces/srv/_next_goal.py
[1.655s] -- Up-to-date: /home/akshar/eyrc_hb/hb_task6_ws/install/my_robot_interfaces/local/lib/python3.10/dist-packages/my_robot_interfaces/srv/_next_goal_s.c
[1.655s] -- Up-to-date: /home/akshar/eyrc_hb/hb_task6_ws/install/my_robot_interfaces/local/lib/python3.10/dist-packages/my_robot_interfaces/srv/__init__.py
[1.655s] -- Up-to-date: /home/akshar/eyrc_hb/hb_task6_ws/install/my_robot_interfaces/local/lib/python3.10/dist-packages/my_robot_interfaces/msg
[1.655s] -- Up-to-date: /home/akshar/eyrc_hb/hb_task6_ws/install/my_robot_interfaces/local/lib/python3.10/dist-packages/my_robot_interfaces/msg/_shape_s.c
[1.655s] -- Up-to-date: /home/akshar/eyrc_hb/hb_task6_ws/install/my_robot_interfaces/local/lib/python3.10/dist-packages/my_robot_interfaces/msg/_shape.py
[1.655s] -- Up-to-date: /home/akshar/eyrc_hb/hb_task6_ws/install/my_robot_interfaces/local/lib/python3.10/dist-packages/my_robot_interfaces/msg/_goal_s.c
[1.655s] -- Up-to-date: /home/akshar/eyrc_hb/hb_task6_ws/install/my_robot_interfaces/local/lib/python3.10/dist-packages/my_robot_interfaces/msg/__init__.py
[1.655s] -- Up-to-date: /home/akshar/eyrc_hb/hb_task6_ws/install/my_robot_interfaces/local/lib/python3.10/dist-packages/my_robot_interfaces/msg/_goal.py
[1.704s] Listing '/home/akshar/eyrc_hb/hb_task6_ws/install/my_robot_interfaces/local/lib/python3.10/dist-packages/my_robot_interfaces'...
[1.705s] Listing '/home/akshar/eyrc_hb/hb_task6_ws/install/my_robot_interfaces/local/lib/python3.10/dist-packages/my_robot_interfaces/msg'...
[1.705s] Listing '/home/akshar/eyrc_hb/hb_task6_ws/install/my_robot_interfaces/local/lib/python3.10/dist-packages/my_robot_interfaces/srv'...
[1.713s] -- Up-to-date: /home/akshar/eyrc_hb/hb_task6_ws/install/my_robot_interfaces/local/lib/python3.10/dist-packages/my_robot_interfaces/my_robot_interfaces_s__rosidl_typesupport_fastrtps_c.cpython-310-x86_64-linux-gnu.so
[1.714s] -- Up-to-date: /home/akshar/eyrc_hb/hb_task6_ws/install/my_robot_interfaces/local/lib/python3.10/dist-packages/my_robot_interfaces/my_robot_interfaces_s__rosidl_typesupport_introspection_c.cpython-310-x86_64-linux-gnu.so
[1.715s] -- Up-to-date: /home/akshar/eyrc_hb/hb_task6_ws/install/my_robot_interfaces/local/lib/python3.10/dist-packages/my_robot_interfaces/my_robot_interfaces_s__rosidl_typesupport_c.cpython-310-x86_64-linux-gnu.so
[1.716s] -- Up-to-date: /home/akshar/eyrc_hb/hb_task6_ws/install/my_robot_interfaces/lib/libmy_robot_interfaces__rosidl_generator_py.so
[1.716s] -- Up-to-date: /home/akshar/eyrc_hb/hb_task6_ws/install/my_robot_interfaces/share/my_robot_interfaces/srv/NextGoal.idl
[1.717s] -- Up-to-date: /home/akshar/eyrc_hb/hb_task6_ws/install/my_robot_interfaces/share/my_robot_interfaces/msg/Goal.idl
[1.717s] -- Up-to-date: /home/akshar/eyrc_hb/hb_task6_ws/install/my_robot_interfaces/share/my_robot_interfaces/msg/Shape.idl
[1.717s] -- Up-to-date: /home/akshar/eyrc_hb/hb_task6_ws/install/my_robot_interfaces/share/my_robot_interfaces/srv/NextGoal.srv
[1.717s] -- Up-to-date: /home/akshar/eyrc_hb/hb_task6_ws/install/my_robot_interfaces/share/my_robot_interfaces/srv/NextGoal_Request.msg
[1.717s] -- Up-to-date: /home/akshar/eyrc_hb/hb_task6_ws/install/my_robot_interfaces/share/my_robot_interfaces/srv/NextGoal_Response.msg
[1.718s] -- Up-to-date: /home/akshar/eyrc_hb/hb_task6_ws/install/my_robot_interfaces/share/my_robot_interfaces/msg/Goal.msg
[1.718s] -- Up-to-date: /home/akshar/eyrc_hb/hb_task6_ws/install/my_robot_interfaces/share/my_robot_interfaces/msg/Shape.msg
[1.718s] -- Up-to-date: /home/akshar/eyrc_hb/hb_task6_ws/install/my_robot_interfaces/share/ament_index/resource_index/package_run_dependencies/my_robot_interfaces
[1.718s] -- Up-to-date: /home/akshar/eyrc_hb/hb_task6_ws/install/my_robot_interfaces/share/ament_index/resource_index/parent_prefix_path/my_robot_interfaces
[1.718s] -- Up-to-date: /home/akshar/eyrc_hb/hb_task6_ws/install/my_robot_interfaces/share/my_robot_interfaces/environment/ament_prefix_path.sh
[1.719s] -- Up-to-date: /home/akshar/eyrc_hb/hb_task6_ws/install/my_robot_interfaces/share/my_robot_interfaces/environment/ament_prefix_path.dsv
[1.719s] -- Up-to-date: /home/akshar/eyrc_hb/hb_task6_ws/install/my_robot_interfaces/share/my_robot_interfaces/environment/path.sh
[1.719s] -- Up-to-date: /home/akshar/eyrc_hb/hb_task6_ws/install/my_robot_interfaces/share/my_robot_interfaces/environment/path.dsv
[1.719s] -- Up-to-date: /home/akshar/eyrc_hb/hb_task6_ws/install/my_robot_interfaces/share/my_robot_interfaces/local_setup.bash
[1.719s] -- Up-to-date: /home/akshar/eyrc_hb/hb_task6_ws/install/my_robot_interfaces/share/my_robot_interfaces/local_setup.sh
[1.719s] -- Up-to-date: /home/akshar/eyrc_hb/hb_task6_ws/install/my_robot_interfaces/share/my_robot_interfaces/local_setup.zsh
[1.719s] -- Up-to-date: /home/akshar/eyrc_hb/hb_task6_ws/install/my_robot_interfaces/share/my_robot_interfaces/local_setup.dsv
[1.720s] -- Installing: /home/akshar/eyrc_hb/hb_task6_ws/install/my_robot_interfaces/share/my_robot_interfaces/package.dsv
[1.720s] -- Up-to-date: /home/akshar/eyrc_hb/hb_task6_ws/install/my_robot_interfaces/share/ament_index/resource_index/packages/my_robot_interfaces
[1.720s] -- Up-to-date: /home/akshar/eyrc_hb/hb_task6_ws/install/my_robot_interfaces/share/my_robot_interfaces/cmake/export_my_robot_interfaces__rosidl_generator_cExport.cmake
[1.720s] -- Up-to-date: /home/akshar/eyrc_hb/hb_task6_ws/install/my_robot_interfaces/share/my_robot_interfaces/cmake/export_my_robot_interfaces__rosidl_generator_cExport-noconfig.cmake
[1.720s] -- Up-to-date: /home/akshar/eyrc_hb/hb_task6_ws/install/my_robot_interfaces/share/my_robot_interfaces/cmake/export_my_robot_interfaces__rosidl_typesupport_fastrtps_cExport.cmake
[1.720s] -- Up-to-date: /home/akshar/eyrc_hb/hb_task6_ws/install/my_robot_interfaces/share/my_robot_interfaces/cmake/export_my_robot_interfaces__rosidl_typesupport_fastrtps_cExport-noconfig.cmake
[1.720s] -- Up-to-date: /home/akshar/eyrc_hb/hb_task6_ws/install/my_robot_interfaces/share/my_robot_interfaces/cmake/my_robot_interfaces__rosidl_typesupport_introspection_cExport.cmake
[1.721s] -- Up-to-date: /home/akshar/eyrc_hb/hb_task6_ws/install/my_robot_interfaces/share/my_robot_interfaces/cmake/my_robot_interfaces__rosidl_typesupport_introspection_cExport-noconfig.cmake
[1.721s] -- Up-to-date: /home/akshar/eyrc_hb/hb_task6_ws/install/my_robot_interfaces/share/my_robot_interfaces/cmake/my_robot_interfaces__rosidl_typesupport_cExport.cmake
[1.721s] -- Up-to-date: /home/akshar/eyrc_hb/hb_task6_ws/install/my_robot_interfaces/share/my_robot_interfaces/cmake/my_robot_interfaces__rosidl_typesupport_cExport-noconfig.cmake
[1.722s] -- Up-to-date: /home/akshar/eyrc_hb/hb_task6_ws/install/my_robot_interfaces/share/my_robot_interfaces/cmake/export_my_robot_interfaces__rosidl_generator_cppExport.cmake
[1.722s] -- Up-to-date: /home/akshar/eyrc_hb/hb_task6_ws/install/my_robot_interfaces/share/my_robot_interfaces/cmake/export_my_robot_interfaces__rosidl_typesupport_fastrtps_cppExport.cmake
[1.723s] -- Up-to-date: /home/akshar/eyrc_hb/hb_task6_ws/install/my_robot_interfaces/share/my_robot_interfaces/cmake/export_my_robot_interfaces__rosidl_typesupport_fastrtps_cppExport-noconfig.cmake
[1.723s] -- Up-to-date: /home/akshar/eyrc_hb/hb_task6_ws/install/my_robot_interfaces/share/my_robot_interfaces/cmake/my_robot_interfaces__rosidl_typesupport_introspection_cppExport.cmake
[1.723s] -- Up-to-date: /home/akshar/eyrc_hb/hb_task6_ws/install/my_robot_interfaces/share/my_robot_interfaces/cmake/my_robot_interfaces__rosidl_typesupport_introspection_cppExport-noconfig.cmake
[1.724s] -- Up-to-date: /home/akshar/eyrc_hb/hb_task6_ws/install/my_robot_interfaces/share/my_robot_interfaces/cmake/my_robot_interfaces__rosidl_typesupport_cppExport.cmake
[1.724s] -- Up-to-date: /home/akshar/eyrc_hb/hb_task6_ws/install/my_robot_interfaces/share/my_robot_interfaces/cmake/my_robot_interfaces__rosidl_typesupport_cppExport-noconfig.cmake
[1.725s] -- Up-to-date: /home/akshar/eyrc_hb/hb_task6_ws/install/my_robot_interfaces/share/my_robot_interfaces/cmake/export_my_robot_interfaces__rosidl_generator_pyExport.cmake
[1.725s] -- Up-to-date: /home/akshar/eyrc_hb/hb_task6_ws/install/my_robot_interfaces/share/my_robot_interfaces/cmake/export_my_robot_interfaces__rosidl_generator_pyExport-noconfig.cmake
[1.725s] -- Up-to-date: /home/akshar/eyrc_hb/hb_task6_ws/install/my_robot_interfaces/share/my_robot_interfaces/cmake/rosidl_cmake-extras.cmake
[1.725s] -- Up-to-date: /home/akshar/eyrc_hb/hb_task6_ws/install/my_robot_interfaces/share/my_robot_interfaces/cmake/ament_cmake_export_include_directories-extras.cmake
[1.726s] -- Up-to-date: /home/akshar/eyrc_hb/hb_task6_ws/install/my_robot_interfaces/share/my_robot_interfaces/cmake/ament_cmake_export_libraries-extras.cmake
[1.726s] -- Up-to-date: /home/akshar/eyrc_hb/hb_task6_ws/install/my_robot_interfaces/share/my_robot_interfaces/cmake/ament_cmake_export_targets-extras.cmake
[1.726s] -- Up-to-date: /home/akshar/eyrc_hb/hb_task6_ws/install/my_robot_interfaces/share/my_robot_interfaces/cmake/rosidl_cmake_export_typesupport_targets-extras.cmake
[1.726s] -- Up-to-date: /home/akshar/eyrc_hb/hb_task6_ws/install/my_robot_interfaces/share/my_robot_interfaces/cmake/ament_cmake_export_dependencies-extras.cmake
[1.726s] -- Up-to-date: /home/akshar/eyrc_hb/hb_task6_ws/install/my_robot_interfaces/share/my_robot_interfaces/cmake/rosidl_cmake_export_typesupport_libraries-extras.cmake
[1.726s] -- Up-to-date: /home/akshar/eyrc_hb/hb_task6_ws/install/my_robot_interfaces/share/my_robot_interfaces/cmake/my_robot_interfacesConfig.cmake
[1.726s] -- Up-to-date: /home/akshar/eyrc_hb/hb_task6_ws/install/my_robot_interfaces/share/my_robot_interfaces/cmake/my_robot_interfacesConfig-version.cmake
[1.726s] -- Up-to-date: /home/akshar/eyrc_hb/hb_task6_ws/install/my_robot_interfaces/share/my_robot_interfaces/package.xml
[1.729s] Invoked command in '/home/akshar/eyrc_hb/hb_task6_ws/build/my_robot_interfaces' returned '0': CMAKE_PREFIX_PATH=${CMAKE_PREFIX_PATH}:/home/akshar/eyrc_hb/hb_task6_ws/install/hb_taskbonus:/home/akshar/eyrc_hb/hb_task6_ws/install/hb_task_6:/home/akshar/eyrc_hb/hb_task6_ws/install/hb_task6:/opt/ros/humble /usr/bin/cmake --install /home/akshar/eyrc_hb/hb_task6_ws/build/my_robot_interfaces
