[0.683s] Invoking command in '/home/premsai/eyrc23_HB_1282/hb_task6_ws/src/hb_task6': PYTHONPATH=/home/premsai/eyrc23_HB_1282/hb_task6_ws/build/hb_task6/prefix_override:/home/premsai/eyrc23_HB_1282/hb_task6_ws/install/hb_task6/lib/python3.10/site-packages:${PYTHONPATH} /usr/bin/python3 setup.py egg_info --egg-base ../../build/hb_task6 build --build-base /home/premsai/eyrc23_HB_1282/hb_task6_ws/build/hb_task6/build install --record /home/premsai/eyrc23_HB_1282/hb_task6_ws/build/hb_task6/install.log --single-version-externally-managed
[0.827s] running egg_info
[0.827s] writing ../../build/hb_task6/hb_task6.egg-info/PKG-INFO
[0.828s] writing dependency_links to ../../build/hb_task6/hb_task6.egg-info/dependency_links.txt
[0.828s] writing entry points to ../../build/hb_task6/hb_task6.egg-info/entry_points.txt
[0.828s] writing requirements to ../../build/hb_task6/hb_task6.egg-info/requires.txt
[0.828s] writing top-level names to ../../build/hb_task6/hb_task6.egg-info/top_level.txt
[0.829s] reading manifest file '../../build/hb_task6/hb_task6.egg-info/SOURCES.txt'
[0.829s] writing manifest file '../../build/hb_task6/hb_task6.egg-info/SOURCES.txt'
[0.830s] running build
[0.830s] running build_py
[0.831s] running install
[0.831s] /usr/lib/python3/dist-packages/setuptools/command/install.py:34: SetuptoolsDeprecationWarning: setup.py install is deprecated. Use build and pip and other standards-based tools.
[0.831s]   warnings.warn(
[0.832s] running install_lib
[0.833s] running install_data
[0.834s] running install_egg_info
[0.835s] removing '/home/premsai/eyrc23_HB_1282/hb_task6_ws/install/hb_task6/lib/python3.10/site-packages/hb_task6-0.0.0-py3.10.egg-info' (and everything under it)
[0.835s] Copying ../../build/hb_task6/hb_task6.egg-info to /home/premsai/eyrc23_HB_1282/hb_task6_ws/install/hb_task6/lib/python3.10/site-packages/hb_task6-0.0.0-py3.10.egg-info
[0.836s] running install_scripts
[0.853s] Installing StopFlag script to /home/premsai/eyrc23_HB_1282/hb_task6_ws/install/hb_task6/lib/hb_task6
[0.854s] Installing controller script to /home/premsai/eyrc23_HB_1282/hb_task6_ws/install/hb_task6/lib/hb_task6
[0.854s] Installing controllerik script to /home/premsai/eyrc23_HB_1282/hb_task6_ws/install/hb_task6/lib/hb_task6
[0.854s] Installing controllerik2 script to /home/premsai/eyrc23_HB_1282/hb_task6_ws/install/hb_task6/lib/hb_task6
[0.854s] Installing controllerik3 script to /home/premsai/eyrc23_HB_1282/hb_task6_ws/install/hb_task6/lib/hb_task6
[0.854s] Installing feedback script to /home/premsai/eyrc23_HB_1282/hb_task6_ws/install/hb_task6/lib/hb_task6
[0.854s] Installing img script to /home/premsai/eyrc23_HB_1282/hb_task6_ws/install/hb_task6/lib/hb_task6
[0.854s] Installing interp script to /home/premsai/eyrc23_HB_1282/hb_task6_ws/install/hb_task6/lib/hb_task6
[0.854s] Installing interp2 script to /home/premsai/eyrc23_HB_1282/hb_task6_ws/install/hb_task6/lib/hb_task6
[0.854s] Installing interp3 script to /home/premsai/eyrc23_HB_1282/hb_task6_ws/install/hb_task6/lib/hb_task6
[0.855s] Installing map script to /home/premsai/eyrc23_HB_1282/hb_task6_ws/install/hb_task6/lib/hb_task6
[0.855s] Installing map2 script to /home/premsai/eyrc23_HB_1282/hb_task6_ws/install/hb_task6/lib/hb_task6
[0.855s] Installing map3 script to /home/premsai/eyrc23_HB_1282/hb_task6_ws/install/hb_task6/lib/hb_task6
[0.855s] Installing nextgoal script to /home/premsai/eyrc23_HB_1282/hb_task6_ws/install/hb_task6/lib/hb_task6
[0.855s] Installing server script to /home/premsai/eyrc23_HB_1282/hb_task6_ws/install/hb_task6/lib/hb_task6
[0.855s] Installing startFlag script to /home/premsai/eyrc23_HB_1282/hb_task6_ws/install/hb_task6/lib/hb_task6
[0.855s] writing list of installed files to '/home/premsai/eyrc23_HB_1282/hb_task6_ws/build/hb_task6/install.log'
[0.884s] Invoked command in '/home/premsai/eyrc23_HB_1282/hb_task6_ws/src/hb_task6' returned '0': PYTHONPATH=/home/premsai/eyrc23_HB_1282/hb_task6_ws/build/hb_task6/prefix_override:/home/premsai/eyrc23_HB_1282/hb_task6_ws/install/hb_task6/lib/python3.10/site-packages:${PYTHONPATH} /usr/bin/python3 setup.py egg_info --egg-base ../../build/hb_task6 build --build-base /home/premsai/eyrc23_HB_1282/hb_task6_ws/build/hb_task6/build install --record /home/premsai/eyrc23_HB_1282/hb_task6_ws/build/hb_task6/install.log --single-version-externally-managed
