[1.451s] Invoking command in '/home/akshar/eyrc_hb/hb_task_2_ws/src/hb_task2a': PYTHONPATH=/home/akshar/eyrc_hb/hb_task_2_ws/build/hb_task2a/prefix_override:/home/akshar/eyrc_hb/hb_task_2_ws/install/hb_task2a/lib/python3.10/site-packages:${PYTHONPATH} /usr/bin/python3 setup.py egg_info --egg-base ../../build/hb_task2a build --build-base /home/akshar/eyrc_hb/hb_task_2_ws/build/hb_task2a/build install --record /home/akshar/eyrc_hb/hb_task_2_ws/build/hb_task2a/install.log --single-version-externally-managed
[1.791s] running egg_info
[1.792s] writing ../../build/hb_task2a/hb_task2a.egg-info/PKG-INFO
[1.793s] writing dependency_links to ../../build/hb_task2a/hb_task2a.egg-info/dependency_links.txt
[1.793s] writing entry points to ../../build/hb_task2a/hb_task2a.egg-info/entry_points.txt
[1.793s] writing requirements to ../../build/hb_task2a/hb_task2a.egg-info/requires.txt
[1.793s] writing top-level names to ../../build/hb_task2a/hb_task2a.egg-info/top_level.txt
[1.796s] reading manifest file '../../build/hb_task2a/hb_task2a.egg-info/SOURCES.txt'
[1.797s] writing manifest file '../../build/hb_task2a/hb_task2a.egg-info/SOURCES.txt'
[1.797s] running build
[1.797s] running build_py
[1.798s] running install
[1.799s] /usr/lib/python3/dist-packages/setuptools/command/install.py:34: SetuptoolsDeprecationWarning: setup.py install is deprecated. Use build and pip and other standards-based tools.
[1.799s]   warnings.warn(
[1.799s] running install_lib
[1.800s] running install_data
[1.800s] running install_egg_info
[1.802s] removing '/home/akshar/eyrc_hb/hb_task_2_ws/install/hb_task2a/lib/python3.10/site-packages/hb_task2a-0.0.0-py3.10.egg-info' (and everything under it)
[1.803s] Copying ../../build/hb_task2a/hb_task2a.egg-info to /home/akshar/eyrc_hb/hb_task_2_ws/install/hb_task2a/lib/python3.10/site-packages/hb_task2a-0.0.0-py3.10.egg-info
[1.804s] running install_scripts
[1.829s] Installing controller script to /home/akshar/eyrc_hb/hb_task_2_ws/install/hb_task2a/lib/hb_task2a
[1.829s] Installing feedback script to /home/akshar/eyrc_hb/hb_task_2_ws/install/hb_task2a/lib/hb_task2a
[1.830s] Installing hb_task1b.launch.py script to /home/akshar/eyrc_hb/hb_task_2_ws/install/hb_task2a/lib/hb_task2a
[1.830s] Installing service_node script to /home/akshar/eyrc_hb/hb_task_2_ws/install/hb_task2a/lib/hb_task2a
[1.830s] writing list of installed files to '/home/akshar/eyrc_hb/hb_task_2_ws/build/hb_task2a/install.log'
[1.901s] Invoked command in '/home/akshar/eyrc_hb/hb_task_2_ws/src/hb_task2a' returned '0': PYTHONPATH=/home/akshar/eyrc_hb/hb_task_2_ws/build/hb_task2a/prefix_override:/home/akshar/eyrc_hb/hb_task_2_ws/install/hb_task2a/lib/python3.10/site-packages:${PYTHONPATH} /usr/bin/python3 setup.py egg_info --egg-base ../../build/hb_task2a build --build-base /home/akshar/eyrc_hb/hb_task_2_ws/build/hb_task2a/build install --record /home/akshar/eyrc_hb/hb_task_2_ws/build/hb_task2a/install.log --single-version-externally-managed
