[1.137s] DEBUG:colcon:Command line arguments: ['/usr/bin/colcon', 'build']
[1.137s] DEBUG:colcon:Parsed command line arguments: Namespace(log_base=None, log_level=None, verb_name='build', build_base='build', install_base='install', merge_install=False, symlink_install=False, test_result_base=None, continue_on_error=False, executor='parallel', parallel_workers=16, event_handlers=None, ignore_user_meta=False, metas=['./colcon.meta'], base_paths=['.'], packages_ignore=None, packages_ignore_regex=None, paths=None, packages_up_to=None, packages_up_to_regex=None, packages_above=None, packages_above_and_dependencies=None, packages_above_depth=None, packages_select_by_dep=None, packages_skip_by_dep=None, packages_skip_up_to=None, packages_select_build_failed=False, packages_skip_build_finished=False, packages_select_test_failures=False, packages_skip_test_passed=False, packages_select=None, packages_skip=None, packages_select_regex=None, packages_skip_regex=None, packages_start=None, packages_end=None, allow_overriding=[], cmake_args=None, cmake_target=None, cmake_target_skip_unavailable=False, cmake_clean_cache=False, cmake_clean_first=False, cmake_force_configure=False, ament_cmake_args=None, catkin_cmake_args=None, catkin_skip_building_tests=False, verb_parser=<colcon_defaults.argument_parser.defaults.DefaultArgumentsDecorator object at 0x7658b167a680>, verb_extension=<colcon_core.verb.build.BuildVerb object at 0x7658b1968c70>, main=<bound method BuildVerb.main of <colcon_core.verb.build.BuildVerb object at 0x7658b1968c70>>)
[1.191s] Level 1:colcon.colcon_core.package_discovery:discover_packages(colcon_meta) check parameters
[1.191s] Level 1:colcon.colcon_core.package_discovery:discover_packages(recursive) check parameters
[1.192s] Level 1:colcon.colcon_core.package_discovery:discover_packages(ignore) check parameters
[1.192s] Level 1:colcon.colcon_core.package_discovery:discover_packages(path) check parameters
[1.192s] Level 1:colcon.colcon_core.package_discovery:discover_packages(colcon_meta) discover
[1.192s] Level 1:colcon.colcon_core.package_discovery:discover_packages(recursive) discover
[1.192s] INFO:colcon.colcon_core.package_discovery:Crawling recursively for packages in '/home/akshar/eyrc_hb/hb_task6_ws'
[1.192s] Level 1:colcon.colcon_core.package_identification:_identify(.) by extensions ['ignore', 'ignore_ament_install']
[1.192s] Level 1:colcon.colcon_core.package_identification:_identify(.) by extension 'ignore'
[1.192s] Level 1:colcon.colcon_core.package_identification:_identify(.) by extension 'ignore_ament_install'
[1.192s] Level 1:colcon.colcon_core.package_identification:_identify(.) by extensions ['colcon_pkg']
[1.192s] Level 1:colcon.colcon_core.package_identification:_identify(.) by extension 'colcon_pkg'
[1.192s] Level 1:colcon.colcon_core.package_identification:_identify(.) by extensions ['colcon_meta']
[1.192s] Level 1:colcon.colcon_core.package_identification:_identify(.) by extension 'colcon_meta'
[1.192s] Level 1:colcon.colcon_core.package_identification:_identify(.) by extensions ['ros']
[1.192s] Level 1:colcon.colcon_core.package_identification:_identify(.) by extension 'ros'
[1.204s] Level 1:colcon.colcon_core.package_identification:_identify(.) by extensions ['cmake', 'python']
[1.204s] Level 1:colcon.colcon_core.package_identification:_identify(.) by extension 'cmake'
[1.205s] Level 1:colcon.colcon_core.package_identification:_identify(.) by extension 'python'
[1.205s] Level 1:colcon.colcon_core.package_identification:_identify(.) by extensions ['python_setup_py']
[1.205s] Level 1:colcon.colcon_core.package_identification:_identify(.) by extension 'python_setup_py'
[1.205s] Level 1:colcon.colcon_core.package_identification:_identify(build) by extensions ['ignore', 'ignore_ament_install']
[1.205s] Level 1:colcon.colcon_core.package_identification:_identify(build) by extension 'ignore'
[1.205s] Level 1:colcon.colcon_core.package_identification:_identify(build) ignored
[1.205s] Level 1:colcon.colcon_core.package_identification:_identify(install) by extensions ['ignore', 'ignore_ament_install']
[1.205s] Level 1:colcon.colcon_core.package_identification:_identify(install) by extension 'ignore'
[1.205s] Level 1:colcon.colcon_core.package_identification:_identify(install) ignored
[1.206s] Level 1:colcon.colcon_core.package_identification:_identify(log) by extensions ['ignore', 'ignore_ament_install']
[1.206s] Level 1:colcon.colcon_core.package_identification:_identify(log) by extension 'ignore'
[1.206s] Level 1:colcon.colcon_core.package_identification:_identify(log) ignored
[1.206s] Level 1:colcon.colcon_core.package_identification:_identify(src) by extensions ['ignore', 'ignore_ament_install']
[1.206s] Level 1:colcon.colcon_core.package_identification:_identify(src) by extension 'ignore'
[1.206s] Level 1:colcon.colcon_core.package_identification:_identify(src) by extension 'ignore_ament_install'
[1.206s] Level 1:colcon.colcon_core.package_identification:_identify(src) by extensions ['colcon_pkg']
[1.206s] Level 1:colcon.colcon_core.package_identification:_identify(src) by extension 'colcon_pkg'
[1.206s] Level 1:colcon.colcon_core.package_identification:_identify(src) by extensions ['colcon_meta']
[1.206s] Level 1:colcon.colcon_core.package_identification:_identify(src) by extension 'colcon_meta'
[1.207s] Level 1:colcon.colcon_core.package_identification:_identify(src) by extensions ['ros']
[1.207s] Level 1:colcon.colcon_core.package_identification:_identify(src) by extension 'ros'
[1.207s] Level 1:colcon.colcon_core.package_identification:_identify(src) by extensions ['cmake', 'python']
[1.207s] Level 1:colcon.colcon_core.package_identification:_identify(src) by extension 'cmake'
[1.207s] Level 1:colcon.colcon_core.package_identification:_identify(src) by extension 'python'
[1.207s] Level 1:colcon.colcon_core.package_identification:_identify(src) by extensions ['python_setup_py']
[1.207s] Level 1:colcon.colcon_core.package_identification:_identify(src) by extension 'python_setup_py'
[1.207s] Level 1:colcon.colcon_core.package_identification:_identify(src/hb_task6) by extensions ['ignore', 'ignore_ament_install']
[1.207s] Level 1:colcon.colcon_core.package_identification:_identify(src/hb_task6) by extension 'ignore'
[1.207s] Level 1:colcon.colcon_core.package_identification:_identify(src/hb_task6) by extension 'ignore_ament_install'
[1.207s] Level 1:colcon.colcon_core.package_identification:_identify(src/hb_task6) by extensions ['colcon_pkg']
[1.207s] Level 1:colcon.colcon_core.package_identification:_identify(src/hb_task6) by extension 'colcon_pkg'
[1.207s] Level 1:colcon.colcon_core.package_identification:_identify(src/hb_task6) by extensions ['colcon_meta']
[1.207s] Level 1:colcon.colcon_core.package_identification:_identify(src/hb_task6) by extension 'colcon_meta'
[1.208s] Level 1:colcon.colcon_core.package_identification:_identify(src/hb_task6) by extensions ['ros']
[1.208s] Level 1:colcon.colcon_core.package_identification:_identify(src/hb_task6) by extension 'ros'
[1.210s] DEBUG:colcon.colcon_core.package_identification:Package 'src/hb_task6' with type 'ros.ament_python' and name 'hb_task6'
[1.210s] Level 1:colcon.colcon_core.package_identification:_identify(src/hb_taskbonus) by extensions ['ignore', 'ignore_ament_install']
[1.210s] Level 1:colcon.colcon_core.package_identification:_identify(src/hb_taskbonus) by extension 'ignore'
[1.210s] Level 1:colcon.colcon_core.package_identification:_identify(src/hb_taskbonus) by extension 'ignore_ament_install'
[1.210s] Level 1:colcon.colcon_core.package_identification:_identify(src/hb_taskbonus) by extensions ['colcon_pkg']
[1.211s] Level 1:colcon.colcon_core.package_identification:_identify(src/hb_taskbonus) by extension 'colcon_pkg'
[1.211s] Level 1:colcon.colcon_core.package_identification:_identify(src/hb_taskbonus) by extensions ['colcon_meta']
[1.211s] Level 1:colcon.colcon_core.package_identification:_identify(src/hb_taskbonus) by extension 'colcon_meta'
[1.211s] Level 1:colcon.colcon_core.package_identification:_identify(src/hb_taskbonus) by extensions ['ros']
[1.211s] Level 1:colcon.colcon_core.package_identification:_identify(src/hb_taskbonus) by extension 'ros'
[1.211s] DEBUG:colcon.colcon_core.package_identification:Package 'src/hb_taskbonus' with type 'ros.ament_python' and name 'hb_taskbonus'
[1.211s] Level 1:colcon.colcon_core.package_identification:_identify(src/my_robot_interfaces) by extensions ['ignore', 'ignore_ament_install']
[1.212s] Level 1:colcon.colcon_core.package_identification:_identify(src/my_robot_interfaces) by extension 'ignore'
[1.212s] Level 1:colcon.colcon_core.package_identification:_identify(src/my_robot_interfaces) by extension 'ignore_ament_install'
[1.212s] Level 1:colcon.colcon_core.package_identification:_identify(src/my_robot_interfaces) by extensions ['colcon_pkg']
[1.212s] Level 1:colcon.colcon_core.package_identification:_identify(src/my_robot_interfaces) by extension 'colcon_pkg'
[1.212s] Level 1:colcon.colcon_core.package_identification:_identify(src/my_robot_interfaces) by extensions ['colcon_meta']
[1.212s] Level 1:colcon.colcon_core.package_identification:_identify(src/my_robot_interfaces) by extension 'colcon_meta'
[1.212s] Level 1:colcon.colcon_core.package_identification:_identify(src/my_robot_interfaces) by extensions ['ros']
[1.212s] Level 1:colcon.colcon_core.package_identification:_identify(src/my_robot_interfaces) by extension 'ros'
[1.213s] DEBUG:colcon.colcon_core.package_identification:Package 'src/my_robot_interfaces' with type 'ros.ament_cmake' and name 'my_robot_interfaces'
[1.213s] Level 1:colcon.colcon_core.package_discovery:discover_packages(recursive) using defaults
[1.213s] Level 1:colcon.colcon_core.package_discovery:discover_packages(ignore) discover
[1.213s] Level 1:colcon.colcon_core.package_discovery:discover_packages(ignore) using defaults
[1.213s] Level 1:colcon.colcon_core.package_discovery:discover_packages(path) discover
[1.213s] Level 1:colcon.colcon_core.package_discovery:discover_packages(path) using defaults
[1.318s] Level 1:colcon.colcon_core.package_discovery:discover_packages(prefix_path) check parameters
[1.318s] Level 1:colcon.colcon_core.package_discovery:discover_packages(prefix_path) discover
[1.355s] DEBUG:colcon.colcon_installed_package_information.package_discovery:Found 4 installed packages in /home/akshar/eyrc_hb/hb_task6_ws/install
[1.374s] DEBUG:colcon.colcon_installed_package_information.package_discovery:Found 286 installed packages in /opt/ros/humble
[1.375s] Level 1:colcon.colcon_core.package_discovery:discover_packages(prefix_path) using defaults
[1.489s] Level 5:colcon.colcon_core.verb:set package 'hb_task6' build argument 'cmake_args' from command line to 'None'
[1.489s] Level 5:colcon.colcon_core.verb:set package 'hb_task6' build argument 'cmake_target' from command line to 'None'
[1.489s] Level 5:colcon.colcon_core.verb:set package 'hb_task6' build argument 'cmake_target_skip_unavailable' from command line to 'False'
[1.489s] Level 5:colcon.colcon_core.verb:set package 'hb_task6' build argument 'cmake_clean_cache' from command line to 'False'
[1.489s] Level 5:colcon.colcon_core.verb:set package 'hb_task6' build argument 'cmake_clean_first' from command line to 'False'
[1.489s] Level 5:colcon.colcon_core.verb:set package 'hb_task6' build argument 'cmake_force_configure' from command line to 'False'
[1.489s] Level 5:colcon.colcon_core.verb:set package 'hb_task6' build argument 'ament_cmake_args' from command line to 'None'
[1.490s] Level 5:colcon.colcon_core.verb:set package 'hb_task6' build argument 'catkin_cmake_args' from command line to 'None'
[1.490s] Level 5:colcon.colcon_core.verb:set package 'hb_task6' build argument 'catkin_skip_building_tests' from command line to 'False'
[1.490s] DEBUG:colcon.colcon_core.verb:Building package 'hb_task6' with the following arguments: {'ament_cmake_args': None, 'build_base': '/home/akshar/eyrc_hb/hb_task6_ws/build/hb_task6', 'catkin_cmake_args': None, 'catkin_skip_building_tests': False, 'cmake_args': None, 'cmake_clean_cache': False, 'cmake_clean_first': False, 'cmake_force_configure': False, 'cmake_target': None, 'cmake_target_skip_unavailable': False, 'install_base': '/home/akshar/eyrc_hb/hb_task6_ws/install/hb_task6', 'merge_install': False, 'path': '/home/akshar/eyrc_hb/hb_task6_ws/src/hb_task6', 'symlink_install': False, 'test_result_base': None}
[1.507s] Level 5:colcon.colcon_core.verb:set package 'hb_taskbonus' build argument 'cmake_args' from command line to 'None'
[1.507s] Level 5:colcon.colcon_core.verb:set package 'hb_taskbonus' build argument 'cmake_target' from command line to 'None'
[1.507s] Level 5:colcon.colcon_core.verb:set package 'hb_taskbonus' build argument 'cmake_target_skip_unavailable' from command line to 'False'
[1.507s] Level 5:colcon.colcon_core.verb:set package 'hb_taskbonus' build argument 'cmake_clean_cache' from command line to 'False'
[1.507s] Level 5:colcon.colcon_core.verb:set package 'hb_taskbonus' build argument 'cmake_clean_first' from command line to 'False'
[1.507s] Level 5:colcon.colcon_core.verb:set package 'hb_taskbonus' build argument 'cmake_force_configure' from command line to 'False'
[1.507s] Level 5:colcon.colcon_core.verb:set package 'hb_taskbonus' build argument 'ament_cmake_args' from command line to 'None'
[1.507s] Level 5:colcon.colcon_core.verb:set package 'hb_taskbonus' build argument 'catkin_cmake_args' from command line to 'None'
[1.507s] Level 5:colcon.colcon_core.verb:set package 'hb_taskbonus' build argument 'catkin_skip_building_tests' from command line to 'False'
[1.507s] DEBUG:colcon.colcon_core.verb:Building package 'hb_taskbonus' with the following arguments: {'ament_cmake_args': None, 'build_base': '/home/akshar/eyrc_hb/hb_task6_ws/build/hb_taskbonus', 'catkin_cmake_args': None, 'catkin_skip_building_tests': False, 'cmake_args': None, 'cmake_clean_cache': False, 'cmake_clean_first': False, 'cmake_force_configure': False, 'cmake_target': None, 'cmake_target_skip_unavailable': False, 'install_base': '/home/akshar/eyrc_hb/hb_task6_ws/install/hb_taskbonus', 'merge_install': False, 'path': '/home/akshar/eyrc_hb/hb_task6_ws/src/hb_taskbonus', 'symlink_install': False, 'test_result_base': None}
[1.524s] Level 5:colcon.colcon_core.verb:set package 'my_robot_interfaces' build argument 'cmake_args' from command line to 'None'
[1.525s] Level 5:colcon.colcon_core.verb:set package 'my_robot_interfaces' build argument 'cmake_target' from command line to 'None'
[1.525s] Level 5:colcon.colcon_core.verb:set package 'my_robot_interfaces' build argument 'cmake_target_skip_unavailable' from command line to 'False'
[1.525s] Level 5:colcon.colcon_core.verb:set package 'my_robot_interfaces' build argument 'cmake_clean_cache' from command line to 'False'
[1.525s] Level 5:colcon.colcon_core.verb:set package 'my_robot_interfaces' build argument 'cmake_clean_first' from command line to 'False'
[1.525s] Level 5:colcon.colcon_core.verb:set package 'my_robot_interfaces' build argument 'cmake_force_configure' from command line to 'False'
[1.525s] Level 5:colcon.colcon_core.verb:set package 'my_robot_interfaces' build argument 'ament_cmake_args' from command line to 'None'
[1.525s] Level 5:colcon.colcon_core.verb:set package 'my_robot_interfaces' build argument 'catkin_cmake_args' from command line to 'None'
[1.525s] Level 5:colcon.colcon_core.verb:set package 'my_robot_interfaces' build argument 'catkin_skip_building_tests' from command line to 'False'
[1.525s] DEBUG:colcon.colcon_core.verb:Building package 'my_robot_interfaces' with the following arguments: {'ament_cmake_args': None, 'build_base': '/home/akshar/eyrc_hb/hb_task6_ws/build/my_robot_interfaces', 'catkin_cmake_args': None, 'catkin_skip_building_tests': False, 'cmake_args': None, 'cmake_clean_cache': False, 'cmake_clean_first': False, 'cmake_force_configure': False, 'cmake_target': None, 'cmake_target_skip_unavailable': False, 'install_base': '/home/akshar/eyrc_hb/hb_task6_ws/install/my_robot_interfaces', 'merge_install': False, 'path': '/home/akshar/eyrc_hb/hb_task6_ws/src/my_robot_interfaces', 'symlink_install': False, 'test_result_base': None}
[1.542s] INFO:colcon.colcon_core.executor:Executing jobs using 'parallel' executor
[1.559s] DEBUG:colcon.colcon_parallel_executor.executor.parallel:run_until_complete
[1.559s] INFO:colcon.colcon_ros.task.ament_python.build:Building ROS package in '/home/akshar/eyrc_hb/hb_task6_ws/src/hb_task6' with build type 'ament_python'
[1.560s] Level 1:colcon.colcon_core.shell:create_environment_hook('hb_task6', 'ament_prefix_path')
[1.581s] INFO:colcon.colcon_core.plugin_system:Skipping extension 'colcon_core.shell.bat': Not used on non-Windows systems
[1.581s] INFO:colcon.colcon_core.shell:Creating environment hook '/home/akshar/eyrc_hb/hb_task6_ws/install/hb_task6/share/hb_task6/hook/ament_prefix_path.ps1'
[1.582s] INFO:colcon.colcon_core.shell:Creating environment descriptor '/home/akshar/eyrc_hb/hb_task6_ws/install/hb_task6/share/hb_task6/hook/ament_prefix_path.dsv'
[1.582s] INFO:colcon.colcon_core.shell:Creating environment hook '/home/akshar/eyrc_hb/hb_task6_ws/install/hb_task6/share/hb_task6/hook/ament_prefix_path.sh'
[1.601s] INFO:colcon.colcon_core.shell:Skip shell extension 'powershell' for command environment: Not usable outside of PowerShell
[1.601s] DEBUG:colcon.colcon_core.shell:Skip shell extension 'dsv' for command environment
[1.654s] INFO:colcon.colcon_ros.task.ament_python.build:Building ROS package in '/home/akshar/eyrc_hb/hb_task6_ws/src/hb_taskbonus' with build type 'ament_python'
[1.655s] Level 1:colcon.colcon_core.shell:create_environment_hook('hb_taskbonus', 'ament_prefix_path')
[1.676s] INFO:colcon.colcon_core.shell:Creating environment hook '/home/akshar/eyrc_hb/hb_task6_ws/install/hb_taskbonus/share/hb_taskbonus/hook/ament_prefix_path.ps1'
[1.677s] INFO:colcon.colcon_core.shell:Creating environment descriptor '/home/akshar/eyrc_hb/hb_task6_ws/install/hb_taskbonus/share/hb_taskbonus/hook/ament_prefix_path.dsv'
[1.678s] INFO:colcon.colcon_core.shell:Creating environment hook '/home/akshar/eyrc_hb/hb_task6_ws/install/hb_taskbonus/share/hb_taskbonus/hook/ament_prefix_path.sh'
[1.696s] INFO:colcon.colcon_core.shell:Skip shell extension 'powershell' for command environment: Not usable outside of PowerShell
[1.697s] DEBUG:colcon.colcon_core.shell:Skip shell extension 'dsv' for command environment
[1.751s] INFO:colcon.colcon_ros.task.ament_cmake.build:Building ROS package in '/home/akshar/eyrc_hb/hb_task6_ws/src/my_robot_interfaces' with build type 'ament_cmake'
[1.751s] INFO:colcon.colcon_cmake.task.cmake.build:Building CMake package in '/home/akshar/eyrc_hb/hb_task6_ws/src/my_robot_interfaces'
[1.774s] INFO:colcon.colcon_core.shell:Skip shell extension 'powershell' for command environment: Not usable outside of PowerShell
[1.774s] DEBUG:colcon.colcon_core.shell:Skip shell extension 'dsv' for command environment
[2.105s] INFO:colcon.colcon_core.task.python.build:Building Python package in '/home/akshar/eyrc_hb/hb_task6_ws/src/hb_task6'
[2.122s] INFO:colcon.colcon_core.shell:Skip shell extension 'powershell' for command environment: Not usable outside of PowerShell
[2.122s] DEBUG:colcon.colcon_core.shell:Skip shell extension 'dsv' for command environment
[2.455s] INFO:colcon.colcon_core.task.python.build:Building Python package in '/home/akshar/eyrc_hb/hb_task6_ws/src/hb_taskbonus'
[2.473s] INFO:colcon.colcon_core.shell:Skip shell extension 'powershell' for command environment: Not usable outside of PowerShell
[2.473s] DEBUG:colcon.colcon_core.shell:Skip shell extension 'dsv' for command environment
[2.532s] DEBUG:colcon.colcon_core.event_handler.log_command:Invoking command in '/home/akshar/eyrc_hb/hb_task6_ws/build/my_robot_interfaces': CMAKE_PREFIX_PATH=${CMAKE_PREFIX_PATH}:/home/akshar/eyrc_hb/hb_task6_ws/install/hb_taskbonus:/home/akshar/eyrc_hb/hb_task6_ws/install/hb_task_6:/home/akshar/eyrc_hb/hb_task6_ws/install/hb_task6:/opt/ros/humble /usr/bin/cmake --build /home/akshar/eyrc_hb/hb_task6_ws/build/my_robot_interfaces -- -j16 -l16
[2.897s] DEBUG:colcon.colcon_core.event_handler.log_command:Invoking command in '/home/akshar/eyrc_hb/hb_task6_ws/src/hb_taskbonus': PYTHONPATH=/home/akshar/eyrc_hb/hb_task6_ws/build/hb_taskbonus/prefix_override:/home/akshar/eyrc_hb/hb_task6_ws/install/hb_taskbonus/lib/python3.10/site-packages:${PYTHONPATH} /usr/bin/python3 setup.py egg_info --egg-base ../../build/hb_taskbonus build --build-base /home/akshar/eyrc_hb/hb_task6_ws/build/hb_taskbonus/build install --record /home/akshar/eyrc_hb/hb_task6_ws/build/hb_taskbonus/install.log --single-version-externally-managed
[2.917s] DEBUG:colcon.colcon_core.event_handler.log_command:Invoking command in '/home/akshar/eyrc_hb/hb_task6_ws/src/hb_task6': PYTHONPATH=/home/akshar/eyrc_hb/hb_task6_ws/build/hb_task6/prefix_override:/home/akshar/eyrc_hb/hb_task6_ws/install/hb_task6/lib/python3.10/site-packages:${PYTHONPATH} /usr/bin/python3 setup.py egg_info --egg-base ../../build/hb_task6 build --build-base /home/akshar/eyrc_hb/hb_task6_ws/build/hb_task6/build install --record /home/akshar/eyrc_hb/hb_task6_ws/build/hb_task6/install.log --single-version-externally-managed
[2.956s] DEBUG:colcon.colcon_core.event_handler.log_command:Invoked command in '/home/akshar/eyrc_hb/hb_task6_ws/build/my_robot_interfaces' returned '0': CMAKE_PREFIX_PATH=${CMAKE_PREFIX_PATH}:/home/akshar/eyrc_hb/hb_task6_ws/install/hb_taskbonus:/home/akshar/eyrc_hb/hb_task6_ws/install/hb_task_6:/home/akshar/eyrc_hb/hb_task6_ws/install/hb_task6:/opt/ros/humble /usr/bin/cmake --build /home/akshar/eyrc_hb/hb_task6_ws/build/my_robot_interfaces -- -j16 -l16
[3.121s] DEBUG:colcon.colcon_core.event_handler.log_command:Invoking command in '/home/akshar/eyrc_hb/hb_task6_ws/build/my_robot_interfaces': CMAKE_PREFIX_PATH=${CMAKE_PREFIX_PATH}:/home/akshar/eyrc_hb/hb_task6_ws/install/hb_taskbonus:/home/akshar/eyrc_hb/hb_task6_ws/install/hb_task_6:/home/akshar/eyrc_hb/hb_task6_ws/install/hb_task6:/opt/ros/humble /usr/bin/cmake --install /home/akshar/eyrc_hb/hb_task6_ws/build/my_robot_interfaces
[3.188s] Level 1:colcon.colcon_core.environment:create_environment_scripts_only(my_robot_interfaces)
[3.188s] DEBUG:colcon.colcon_core.event_handler.log_command:Invoked command in '/home/akshar/eyrc_hb/hb_task6_ws/build/my_robot_interfaces' returned '0': CMAKE_PREFIX_PATH=${CMAKE_PREFIX_PATH}:/home/akshar/eyrc_hb/hb_task6_ws/install/hb_taskbonus:/home/akshar/eyrc_hb/hb_task6_ws/install/hb_task_6:/home/akshar/eyrc_hb/hb_task6_ws/install/hb_task6:/opt/ros/humble /usr/bin/cmake --install /home/akshar/eyrc_hb/hb_task6_ws/build/my_robot_interfaces
[3.215s] Level 1:colcon.colcon_core.environment:checking '/home/akshar/eyrc_hb/hb_task6_ws/install/my_robot_interfaces' for CMake module files
[3.215s] Level 1:colcon.colcon_core.environment:checking '/home/akshar/eyrc_hb/hb_task6_ws/install/my_robot_interfaces' for CMake config files
[3.216s] Level 1:colcon.colcon_core.shell:create_environment_hook('my_robot_interfaces', 'cmake_prefix_path')
[3.236s] INFO:colcon.colcon_core.shell:Creating environment hook '/home/akshar/eyrc_hb/hb_task6_ws/install/my_robot_interfaces/share/my_robot_interfaces/hook/cmake_prefix_path.ps1'
[3.237s] INFO:colcon.colcon_core.shell:Creating environment descriptor '/home/akshar/eyrc_hb/hb_task6_ws/install/my_robot_interfaces/share/my_robot_interfaces/hook/cmake_prefix_path.dsv'
[3.237s] INFO:colcon.colcon_core.shell:Creating environment hook '/home/akshar/eyrc_hb/hb_task6_ws/install/my_robot_interfaces/share/my_robot_interfaces/hook/cmake_prefix_path.sh'
[3.238s] Level 1:colcon.colcon_core.environment:checking '/home/akshar/eyrc_hb/hb_task6_ws/install/my_robot_interfaces/lib'
[3.238s] Level 1:colcon.colcon_core.shell:create_environment_hook('my_robot_interfaces', 'ld_library_path_lib')
[3.257s] INFO:colcon.colcon_core.shell:Creating environment hook '/home/akshar/eyrc_hb/hb_task6_ws/install/my_robot_interfaces/share/my_robot_interfaces/hook/ld_library_path_lib.ps1'
[3.257s] INFO:colcon.colcon_core.shell:Creating environment descriptor '/home/akshar/eyrc_hb/hb_task6_ws/install/my_robot_interfaces/share/my_robot_interfaces/hook/ld_library_path_lib.dsv'
[3.258s] INFO:colcon.colcon_core.shell:Creating environment hook '/home/akshar/eyrc_hb/hb_task6_ws/install/my_robot_interfaces/share/my_robot_interfaces/hook/ld_library_path_lib.sh'
[3.258s] Level 1:colcon.colcon_core.environment:checking '/home/akshar/eyrc_hb/hb_task6_ws/install/my_robot_interfaces/bin'
[3.258s] Level 1:colcon.colcon_core.environment:checking '/home/akshar/eyrc_hb/hb_task6_ws/install/my_robot_interfaces/lib/pkgconfig/my_robot_interfaces.pc'
[3.258s] Level 1:colcon.colcon_core.environment:checking '/home/akshar/eyrc_hb/hb_task6_ws/install/my_robot_interfaces/lib/python3.10/site-packages'
[3.259s] Level 1:colcon.colcon_core.environment:checking '/home/akshar/eyrc_hb/hb_task6_ws/install/my_robot_interfaces/bin'
[3.276s] INFO:colcon.colcon_core.shell:Creating package script '/home/akshar/eyrc_hb/hb_task6_ws/install/my_robot_interfaces/share/my_robot_interfaces/package.ps1'
[3.277s] INFO:colcon.colcon_core.shell:Creating package descriptor '/home/akshar/eyrc_hb/hb_task6_ws/install/my_robot_interfaces/share/my_robot_interfaces/package.dsv'
[3.277s] INFO:colcon.colcon_core.shell:Creating package script '/home/akshar/eyrc_hb/hb_task6_ws/install/my_robot_interfaces/share/my_robot_interfaces/package.sh'
[3.278s] INFO:colcon.colcon_core.shell:Creating package script '/home/akshar/eyrc_hb/hb_task6_ws/install/my_robot_interfaces/share/my_robot_interfaces/package.bash'
[3.279s] INFO:colcon.colcon_core.shell:Creating package script '/home/akshar/eyrc_hb/hb_task6_ws/install/my_robot_interfaces/share/my_robot_interfaces/package.zsh'
[3.280s] Level 1:colcon.colcon_core.environment:create_file_with_runtime_dependencies(/home/akshar/eyrc_hb/hb_task6_ws/install/my_robot_interfaces/share/colcon-core/packages/my_robot_interfaces)
[3.283s] DEBUG:colcon.colcon_core.event_handler.log_command:Invoked command in '/home/akshar/eyrc_hb/hb_task6_ws/src/hb_task6' returned '0': PYTHONPATH=/home/akshar/eyrc_hb/hb_task6_ws/build/hb_task6/prefix_override:/home/akshar/eyrc_hb/hb_task6_ws/install/hb_task6/lib/python3.10/site-packages:${PYTHONPATH} /usr/bin/python3 setup.py egg_info --egg-base ../../build/hb_task6 build --build-base /home/akshar/eyrc_hb/hb_task6_ws/build/hb_task6/build install --record /home/akshar/eyrc_hb/hb_task6_ws/build/hb_task6/install.log --single-version-externally-managed
[3.301s] Level 1:colcon.colcon_core.environment:checking '/home/akshar/eyrc_hb/hb_task6_ws/install/hb_task6' for CMake module files
[3.301s] Level 1:colcon.colcon_core.environment:checking '/home/akshar/eyrc_hb/hb_task6_ws/install/hb_task6' for CMake config files
[3.302s] Level 1:colcon.colcon_core.environment:checking '/home/akshar/eyrc_hb/hb_task6_ws/install/hb_task6/lib'
[3.302s] Level 1:colcon.colcon_core.environment:checking '/home/akshar/eyrc_hb/hb_task6_ws/install/hb_task6/bin'
[3.302s] Level 1:colcon.colcon_core.environment:checking '/home/akshar/eyrc_hb/hb_task6_ws/install/hb_task6/lib/pkgconfig/hb_task6.pc'
[3.303s] Level 1:colcon.colcon_core.environment:checking '/home/akshar/eyrc_hb/hb_task6_ws/install/hb_task6/lib/python3.10/site-packages'
[3.303s] Level 1:colcon.colcon_core.shell:create_environment_hook('hb_task6', 'pythonpath')
[3.320s] INFO:colcon.colcon_core.shell:Creating environment hook '/home/akshar/eyrc_hb/hb_task6_ws/install/hb_task6/share/hb_task6/hook/pythonpath.ps1'
[3.321s] INFO:colcon.colcon_core.shell:Creating environment descriptor '/home/akshar/eyrc_hb/hb_task6_ws/install/hb_task6/share/hb_task6/hook/pythonpath.dsv'
[3.321s] INFO:colcon.colcon_core.shell:Creating environment hook '/home/akshar/eyrc_hb/hb_task6_ws/install/hb_task6/share/hb_task6/hook/pythonpath.sh'
[3.322s] Level 1:colcon.colcon_core.environment:checking '/home/akshar/eyrc_hb/hb_task6_ws/install/hb_task6/bin'
[3.322s] Level 1:colcon.colcon_core.environment:create_environment_scripts_only(hb_task6)
[3.340s] INFO:colcon.colcon_core.shell:Creating package script '/home/akshar/eyrc_hb/hb_task6_ws/install/hb_task6/share/hb_task6/package.ps1'
[3.341s] INFO:colcon.colcon_core.shell:Creating package descriptor '/home/akshar/eyrc_hb/hb_task6_ws/install/hb_task6/share/hb_task6/package.dsv'
[3.341s] INFO:colcon.colcon_core.shell:Creating package script '/home/akshar/eyrc_hb/hb_task6_ws/install/hb_task6/share/hb_task6/package.sh'
[3.342s] INFO:colcon.colcon_core.shell:Creating package script '/home/akshar/eyrc_hb/hb_task6_ws/install/hb_task6/share/hb_task6/package.bash'
[3.342s] INFO:colcon.colcon_core.shell:Creating package script '/home/akshar/eyrc_hb/hb_task6_ws/install/hb_task6/share/hb_task6/package.zsh'
[3.343s] Level 1:colcon.colcon_core.environment:create_file_with_runtime_dependencies(/home/akshar/eyrc_hb/hb_task6_ws/install/hb_task6/share/colcon-core/packages/hb_task6)
[3.345s] DEBUG:colcon.colcon_core.event_handler.log_command:Invoked command in '/home/akshar/eyrc_hb/hb_task6_ws/src/hb_taskbonus' returned '0': PYTHONPATH=/home/akshar/eyrc_hb/hb_task6_ws/build/hb_taskbonus/prefix_override:/home/akshar/eyrc_hb/hb_task6_ws/install/hb_taskbonus/lib/python3.10/site-packages:${PYTHONPATH} /usr/bin/python3 setup.py egg_info --egg-base ../../build/hb_taskbonus build --build-base /home/akshar/eyrc_hb/hb_task6_ws/build/hb_taskbonus/build install --record /home/akshar/eyrc_hb/hb_task6_ws/build/hb_taskbonus/install.log --single-version-externally-managed
[3.362s] Level 1:colcon.colcon_core.environment:checking '/home/akshar/eyrc_hb/hb_task6_ws/install/hb_taskbonus' for CMake module files
[3.363s] Level 1:colcon.colcon_core.environment:checking '/home/akshar/eyrc_hb/hb_task6_ws/install/hb_taskbonus' for CMake config files
[3.364s] Level 1:colcon.colcon_core.environment:checking '/home/akshar/eyrc_hb/hb_task6_ws/install/hb_taskbonus/lib'
[3.364s] Level 1:colcon.colcon_core.environment:checking '/home/akshar/eyrc_hb/hb_task6_ws/install/hb_taskbonus/bin'
[3.364s] Level 1:colcon.colcon_core.environment:checking '/home/akshar/eyrc_hb/hb_task6_ws/install/hb_taskbonus/lib/pkgconfig/hb_taskbonus.pc'
[3.365s] Level 1:colcon.colcon_core.environment:checking '/home/akshar/eyrc_hb/hb_task6_ws/install/hb_taskbonus/lib/python3.10/site-packages'
[3.365s] Level 1:colcon.colcon_core.shell:create_environment_hook('hb_taskbonus', 'pythonpath')
[3.383s] INFO:colcon.colcon_core.shell:Creating environment hook '/home/akshar/eyrc_hb/hb_task6_ws/install/hb_taskbonus/share/hb_taskbonus/hook/pythonpath.ps1'
[3.384s] INFO:colcon.colcon_core.shell:Creating environment descriptor '/home/akshar/eyrc_hb/hb_task6_ws/install/hb_taskbonus/share/hb_taskbonus/hook/pythonpath.dsv'
[3.384s] INFO:colcon.colcon_core.shell:Creating environment hook '/home/akshar/eyrc_hb/hb_task6_ws/install/hb_taskbonus/share/hb_taskbonus/hook/pythonpath.sh'
[3.385s] Level 1:colcon.colcon_core.environment:checking '/home/akshar/eyrc_hb/hb_task6_ws/install/hb_taskbonus/bin'
[3.385s] Level 1:colcon.colcon_core.environment:create_environment_scripts_only(hb_taskbonus)
[3.403s] INFO:colcon.colcon_core.shell:Creating package script '/home/akshar/eyrc_hb/hb_task6_ws/install/hb_taskbonus/share/hb_taskbonus/package.ps1'
[3.403s] INFO:colcon.colcon_core.shell:Creating package descriptor '/home/akshar/eyrc_hb/hb_task6_ws/install/hb_taskbonus/share/hb_taskbonus/package.dsv'
[3.404s] INFO:colcon.colcon_core.shell:Creating package script '/home/akshar/eyrc_hb/hb_task6_ws/install/hb_taskbonus/share/hb_taskbonus/package.sh'
[3.404s] INFO:colcon.colcon_core.shell:Creating package script '/home/akshar/eyrc_hb/hb_task6_ws/install/hb_taskbonus/share/hb_taskbonus/package.bash'
[3.405s] INFO:colcon.colcon_core.shell:Creating package script '/home/akshar/eyrc_hb/hb_task6_ws/install/hb_taskbonus/share/hb_taskbonus/package.zsh'
[3.405s] Level 1:colcon.colcon_core.environment:create_file_with_runtime_dependencies(/home/akshar/eyrc_hb/hb_task6_ws/install/hb_taskbonus/share/colcon-core/packages/hb_taskbonus)
[3.451s] Level 1:colcon.colcon_core.environment:create_environment_scripts_only(my_robot_interfaces)
[3.469s] Level 1:colcon.colcon_core.environment:checking '/home/akshar/eyrc_hb/hb_task6_ws/install/my_robot_interfaces' for CMake module files
[3.470s] Level 1:colcon.colcon_core.environment:checking '/home/akshar/eyrc_hb/hb_task6_ws/install/my_robot_interfaces' for CMake config files
[3.471s] Level 1:colcon.colcon_core.shell:create_environment_hook('my_robot_interfaces', 'cmake_prefix_path')
[3.488s] INFO:colcon.colcon_core.shell:Creating environment hook '/home/akshar/eyrc_hb/hb_task6_ws/install/my_robot_interfaces/share/my_robot_interfaces/hook/cmake_prefix_path.ps1'
[3.489s] INFO:colcon.colcon_core.shell:Creating environment descriptor '/home/akshar/eyrc_hb/hb_task6_ws/install/my_robot_interfaces/share/my_robot_interfaces/hook/cmake_prefix_path.dsv'
[3.489s] INFO:colcon.colcon_core.shell:Creating environment hook '/home/akshar/eyrc_hb/hb_task6_ws/install/my_robot_interfaces/share/my_robot_interfaces/hook/cmake_prefix_path.sh'
[3.490s] Level 1:colcon.colcon_core.environment:checking '/home/akshar/eyrc_hb/hb_task6_ws/install/my_robot_interfaces/lib'
[3.490s] Level 1:colcon.colcon_core.shell:create_environment_hook('my_robot_interfaces', 'ld_library_path_lib')
[3.507s] INFO:colcon.colcon_core.shell:Creating environment hook '/home/akshar/eyrc_hb/hb_task6_ws/install/my_robot_interfaces/share/my_robot_interfaces/hook/ld_library_path_lib.ps1'
[3.507s] INFO:colcon.colcon_core.shell:Creating environment descriptor '/home/akshar/eyrc_hb/hb_task6_ws/install/my_robot_interfaces/share/my_robot_interfaces/hook/ld_library_path_lib.dsv'
[3.507s] INFO:colcon.colcon_core.shell:Creating environment hook '/home/akshar/eyrc_hb/hb_task6_ws/install/my_robot_interfaces/share/my_robot_interfaces/hook/ld_library_path_lib.sh'
[3.508s] Level 1:colcon.colcon_core.environment:checking '/home/akshar/eyrc_hb/hb_task6_ws/install/my_robot_interfaces/bin'
[3.508s] Level 1:colcon.colcon_core.environment:checking '/home/akshar/eyrc_hb/hb_task6_ws/install/my_robot_interfaces/lib/pkgconfig/my_robot_interfaces.pc'
[3.508s] Level 1:colcon.colcon_core.environment:checking '/home/akshar/eyrc_hb/hb_task6_ws/install/my_robot_interfaces/lib/python3.10/site-packages'
[3.508s] Level 1:colcon.colcon_core.environment:checking '/home/akshar/eyrc_hb/hb_task6_ws/install/my_robot_interfaces/bin'
[3.525s] INFO:colcon.colcon_core.shell:Creating package script '/home/akshar/eyrc_hb/hb_task6_ws/install/my_robot_interfaces/share/my_robot_interfaces/package.ps1'
[3.526s] INFO:colcon.colcon_core.shell:Creating package descriptor '/home/akshar/eyrc_hb/hb_task6_ws/install/my_robot_interfaces/share/my_robot_interfaces/package.dsv'
[3.527s] INFO:colcon.colcon_core.shell:Creating package script '/home/akshar/eyrc_hb/hb_task6_ws/install/my_robot_interfaces/share/my_robot_interfaces/package.sh'
[3.527s] INFO:colcon.colcon_core.shell:Creating package script '/home/akshar/eyrc_hb/hb_task6_ws/install/my_robot_interfaces/share/my_robot_interfaces/package.bash'
[3.528s] INFO:colcon.colcon_core.shell:Creating package script '/home/akshar/eyrc_hb/hb_task6_ws/install/my_robot_interfaces/share/my_robot_interfaces/package.zsh'
[3.528s] Level 1:colcon.colcon_core.environment:create_file_with_runtime_dependencies(/home/akshar/eyrc_hb/hb_task6_ws/install/my_robot_interfaces/share/colcon-core/packages/my_robot_interfaces)
[3.528s] DEBUG:colcon.colcon_parallel_executor.executor.parallel:closing loop
[3.529s] DEBUG:colcon.colcon_parallel_executor.executor.parallel:loop closed
[3.529s] DEBUG:colcon.colcon_parallel_executor.executor.parallel:run_until_complete finished with '0'
[3.529s] DEBUG:colcon.colcon_core.event_reactor:joining thread
[3.555s] INFO:colcon.colcon_core.plugin_system:Skipping extension 'colcon_notification.desktop_notification.terminal_notifier': Not used on non-Darwin systems
[3.555s] INFO:colcon.colcon_core.plugin_system:Skipping extension 'colcon_notification.desktop_notification.win32': Not used on non-Windows systems
[3.555s] INFO:colcon.colcon_notification.desktop_notification:Sending desktop notification using 'notify2'
[3.570s] DEBUG:colcon.colcon_core.event_reactor:joined thread
[3.592s] INFO:colcon.colcon_core.shell:Creating prefix script '/home/akshar/eyrc_hb/hb_task6_ws/install/local_setup.ps1'
[3.593s] INFO:colcon.colcon_core.shell:Creating prefix util module '/home/akshar/eyrc_hb/hb_task6_ws/install/_local_setup_util_ps1.py'
[3.594s] INFO:colcon.colcon_core.shell:Creating prefix chain script '/home/akshar/eyrc_hb/hb_task6_ws/install/setup.ps1'
[3.613s] INFO:colcon.colcon_core.shell:Creating prefix script '/home/akshar/eyrc_hb/hb_task6_ws/install/local_setup.sh'
[3.614s] INFO:colcon.colcon_core.shell:Creating prefix util module '/home/akshar/eyrc_hb/hb_task6_ws/install/_local_setup_util_sh.py'
[3.615s] INFO:colcon.colcon_core.shell:Creating prefix chain script '/home/akshar/eyrc_hb/hb_task6_ws/install/setup.sh'
[3.634s] INFO:colcon.colcon_core.shell:Creating prefix script '/home/akshar/eyrc_hb/hb_task6_ws/install/local_setup.bash'
[3.635s] INFO:colcon.colcon_core.shell:Creating prefix chain script '/home/akshar/eyrc_hb/hb_task6_ws/install/setup.bash'
[3.654s] INFO:colcon.colcon_core.shell:Creating prefix script '/home/akshar/eyrc_hb/hb_task6_ws/install/local_setup.zsh'
[3.655s] INFO:colcon.colcon_core.shell:Creating prefix chain script '/home/akshar/eyrc_hb/hb_task6_ws/install/setup.zsh'
