/home/premsai/eyrc23_HB_1282/hb_task6_ws/install/hb_task6/lib/python3.10/site-packages/hb_task6/feedback.py
/home/premsai/eyrc23_HB_1282/hb_task6_ws/install/hb_task6/lib/python3.10/site-packages/hb_task6/mapping3.py
/home/premsai/eyrc23_HB_1282/hb_task6_ws/install/hb_task6/lib/python3.10/site-packages/hb_task6/startpointflag.py
/home/premsai/eyrc23_HB_1282/hb_task6_ws/install/hb_task6/lib/python3.10/site-packages/hb_task6/rough.py
/home/premsai/eyrc23_HB_1282/hb_task6_ws/install/hb_task6/lib/python3.10/site-packages/hb_task6/countour_extraction.py
/home/premsai/eyrc23_HB_1282/hb_task6_ws/install/hb_task6/lib/python3.10/site-packages/hb_task6/StopFlagServer.py
/home/premsai/eyrc23_HB_1282/hb_task6_ws/install/hb_task6/lib/python3.10/site-packages/hb_task6/controller_ik.py
/home/premsai/eyrc23_HB_1282/hb_task6_ws/install/hb_task6/lib/python3.10/site-packages/hb_task6/interpolation.py
/home/premsai/eyrc23_HB_1282/hb_task6_ws/install/hb_task6/lib/python3.10/site-packages/hb_task6/nextGoalPub.py
/home/premsai/eyrc23_HB_1282/hb_task6_ws/install/hb_task6/lib/python3.10/site-packages/hb_task6/controller.py
/home/premsai/eyrc23_HB_1282/hb_task6_ws/install/hb_task6/lib/python3.10/site-packages/hb_task6/draw.py
/home/premsai/eyrc23_HB_1282/hb_task6_ws/install/hb_task6/lib/python3.10/site-packages/hb_task6/__init__.py
/home/premsai/eyrc23_HB_1282/hb_task6_ws/install/hb_task6/lib/python3.10/site-packages/hb_task6/interpolation2.py
/home/premsai/eyrc23_HB_1282/hb_task6_ws/install/hb_task6/lib/python3.10/site-packages/hb_task6/nextGOal1.py
/home/premsai/eyrc23_HB_1282/hb_task6_ws/install/hb_task6/lib/python3.10/site-packages/hb_task6/controller_ik2.py
/home/premsai/eyrc23_HB_1282/hb_task6_ws/install/hb_task6/lib/python3.10/site-packages/hb_task6/stop_bot_srv.py
/home/premsai/eyrc23_HB_1282/hb_task6_ws/install/hb_task6/lib/python3.10/site-packages/hb_task6/mapping.py
/home/premsai/eyrc23_HB_1282/hb_task6_ws/install/hb_task6/lib/python3.10/site-packages/hb_task6/mapping2.py
/home/premsai/eyrc23_HB_1282/hb_task6_ws/install/hb_task6/lib/python3.10/site-packages/hb_task6/controller_ik3.py
/home/premsai/eyrc23_HB_1282/hb_task6_ws/install/hb_task6/lib/python3.10/site-packages/hb_task6/interpolation3.py
/home/premsai/eyrc23_HB_1282/hb_task6_ws/install/hb_task6/lib/python3.10/site-packages/hb_task6/__pycache__/feedback.cpython-310.pyc
/home/premsai/eyrc23_HB_1282/hb_task6_ws/install/hb_task6/lib/python3.10/site-packages/hb_task6/__pycache__/mapping3.cpython-310.pyc
/home/premsai/eyrc23_HB_1282/hb_task6_ws/install/hb_task6/lib/python3.10/site-packages/hb_task6/__pycache__/startpointflag.cpython-310.pyc
/home/premsai/eyrc23_HB_1282/hb_task6_ws/install/hb_task6/lib/python3.10/site-packages/hb_task6/__pycache__/rough.cpython-310.pyc
/home/premsai/eyrc23_HB_1282/hb_task6_ws/install/hb_task6/lib/python3.10/site-packages/hb_task6/__pycache__/countour_extraction.cpython-310.pyc
/home/premsai/eyrc23_HB_1282/hb_task6_ws/install/hb_task6/lib/python3.10/site-packages/hb_task6/__pycache__/StopFlagServer.cpython-310.pyc
/home/premsai/eyrc23_HB_1282/hb_task6_ws/install/hb_task6/lib/python3.10/site-packages/hb_task6/__pycache__/controller_ik.cpython-310.pyc
/home/premsai/eyrc23_HB_1282/hb_task6_ws/install/hb_task6/lib/python3.10/site-packages/hb_task6/__pycache__/interpolation.cpython-310.pyc
/home/premsai/eyrc23_HB_1282/hb_task6_ws/install/hb_task6/lib/python3.10/site-packages/hb_task6/__pycache__/nextGoalPub.cpython-310.pyc
/home/premsai/eyrc23_HB_1282/hb_task6_ws/install/hb_task6/lib/python3.10/site-packages/hb_task6/__pycache__/controller.cpython-310.pyc
/home/premsai/eyrc23_HB_1282/hb_task6_ws/install/hb_task6/lib/python3.10/site-packages/hb_task6/__pycache__/draw.cpython-310.pyc
/home/premsai/eyrc23_HB_1282/hb_task6_ws/install/hb_task6/lib/python3.10/site-packages/hb_task6/__pycache__/__init__.cpython-310.pyc
/home/premsai/eyrc23_HB_1282/hb_task6_ws/install/hb_task6/lib/python3.10/site-packages/hb_task6/__pycache__/interpolation2.cpython-310.pyc
/home/premsai/eyrc23_HB_1282/hb_task6_ws/install/hb_task6/lib/python3.10/site-packages/hb_task6/__pycache__/nextGOal1.cpython-310.pyc
/home/premsai/eyrc23_HB_1282/hb_task6_ws/install/hb_task6/lib/python3.10/site-packages/hb_task6/__pycache__/controller_ik2.cpython-310.pyc
/home/premsai/eyrc23_HB_1282/hb_task6_ws/install/hb_task6/lib/python3.10/site-packages/hb_task6/__pycache__/stop_bot_srv.cpython-310.pyc
/home/premsai/eyrc23_HB_1282/hb_task6_ws/install/hb_task6/lib/python3.10/site-packages/hb_task6/__pycache__/mapping.cpython-310.pyc
/home/premsai/eyrc23_HB_1282/hb_task6_ws/install/hb_task6/lib/python3.10/site-packages/hb_task6/__pycache__/mapping2.cpython-310.pyc
/home/premsai/eyrc23_HB_1282/hb_task6_ws/install/hb_task6/lib/python3.10/site-packages/hb_task6/__pycache__/controller_ik3.cpython-310.pyc
/home/premsai/eyrc23_HB_1282/hb_task6_ws/install/hb_task6/lib/python3.10/site-packages/hb_task6/__pycache__/interpolation3.cpython-310.pyc
/home/premsai/eyrc23_HB_1282/hb_task6_ws/install/hb_task6/share/ament_index/resource_index/packages/hb_task6
/home/premsai/eyrc23_HB_1282/hb_task6_ws/install/hb_task6/share/hb_task6/package.xml
/home/premsai/eyrc23_HB_1282/hb_task6_ws/install/hb_task6/share/hb_task6/launch/bot1.launch.py
/home/premsai/eyrc23_HB_1282/hb_task6_ws/install/hb_task6/share/hb_task6/launch/bot3.launch.py
/home/premsai/eyrc23_HB_1282/hb_task6_ws/install/hb_task6/share/hb_task6/launch/bot2.launch.py
/home/premsai/eyrc23_HB_1282/hb_task6_ws/install/hb_task6/share/hb_task6/scripts
/home/premsai/eyrc23_HB_1282/hb_task6_ws/install/hb_task6/lib/python3.10/site-packages/hb_task6-0.0.0-py3.10.egg-info/PKG-INFO
/home/premsai/eyrc23_HB_1282/hb_task6_ws/install/hb_task6/lib/python3.10/site-packages/hb_task6-0.0.0-py3.10.egg-info/SOURCES.txt
/home/premsai/eyrc23_HB_1282/hb_task6_ws/install/hb_task6/lib/python3.10/site-packages/hb_task6-0.0.0-py3.10.egg-info/zip-safe
/home/premsai/eyrc23_HB_1282/hb_task6_ws/install/hb_task6/lib/python3.10/site-packages/hb_task6-0.0.0-py3.10.egg-info/top_level.txt
/home/premsai/eyrc23_HB_1282/hb_task6_ws/install/hb_task6/lib/python3.10/site-packages/hb_task6-0.0.0-py3.10.egg-info/requires.txt
/home/premsai/eyrc23_HB_1282/hb_task6_ws/install/hb_task6/lib/python3.10/site-packages/hb_task6-0.0.0-py3.10.egg-info/entry_points.txt
/home/premsai/eyrc23_HB_1282/hb_task6_ws/install/hb_task6/lib/python3.10/site-packages/hb_task6-0.0.0-py3.10.egg-info/dependency_links.txt
/home/premsai/eyrc23_HB_1282/hb_task6_ws/install/hb_task6/lib/hb_task6/StopFlag
/home/premsai/eyrc23_HB_1282/hb_task6_ws/install/hb_task6/lib/hb_task6/controller
/home/premsai/eyrc23_HB_1282/hb_task6_ws/install/hb_task6/lib/hb_task6/controllerik
/home/premsai/eyrc23_HB_1282/hb_task6_ws/install/hb_task6/lib/hb_task6/controllerik2
/home/premsai/eyrc23_HB_1282/hb_task6_ws/install/hb_task6/lib/hb_task6/controllerik3
/home/premsai/eyrc23_HB_1282/hb_task6_ws/install/hb_task6/lib/hb_task6/feedback
/home/premsai/eyrc23_HB_1282/hb_task6_ws/install/hb_task6/lib/hb_task6/img
/home/premsai/eyrc23_HB_1282/hb_task6_ws/install/hb_task6/lib/hb_task6/interp
/home/premsai/eyrc23_HB_1282/hb_task6_ws/install/hb_task6/lib/hb_task6/interp2
/home/premsai/eyrc23_HB_1282/hb_task6_ws/install/hb_task6/lib/hb_task6/interp3
/home/premsai/eyrc23_HB_1282/hb_task6_ws/install/hb_task6/lib/hb_task6/map
/home/premsai/eyrc23_HB_1282/hb_task6_ws/install/hb_task6/lib/hb_task6/map2
/home/premsai/eyrc23_HB_1282/hb_task6_ws/install/hb_task6/lib/hb_task6/map3
/home/premsai/eyrc23_HB_1282/hb_task6_ws/install/hb_task6/lib/hb_task6/nextgoal
/home/premsai/eyrc23_HB_1282/hb_task6_ws/install/hb_task6/lib/hb_task6/server
/home/premsai/eyrc23_HB_1282/hb_task6_ws/install/hb_task6/lib/hb_task6/startFlag
