[0.271s] Invoking command in '/home/akshar/eyrc_hb/hb_task_2_ws/build/hb_world': CMAKE_PREFIX_PATH=/opt/ros/humble /usr/bin/cmake /home/akshar/eyrc_hb/hb_task_2_ws/src/hb_world -DCMAKE_INSTALL_PREFIX=/home/akshar/eyrc_hb/hb_task_2_ws/install/hb_world
[0.318s] -- The C compiler identification is GNU 11.4.0
[0.368s] -- The CXX compiler identification is GNU 11.4.0
[0.375s] -- Detecting C compiler ABI info
[0.448s] -- Detecting C compiler ABI info - done
[0.454s] -- Check for working C compiler: /usr/bin/cc - skipped
[0.455s] -- Detecting C compile features
[0.456s] -- Detecting C compile features - done
[0.459s] -- Detecting CXX compiler ABI info
[0.545s] -- Detecting CXX compiler ABI info - done
[0.553s] -- Check for working CXX compiler: /usr/bin/c++ - skipped
[0.553s] -- Detecting CXX compile features
[0.554s] -- Detecting CXX compile features - done
[0.557s] -- Found ament_cmake: 1.3.5 (/opt/ros/humble/share/ament_cmake/cmake)
[0.706s] -- Found Python3: /usr/bin/python3.10 (found version "3.10.12") found components: Interpreter 
[0.801s] -- Found rclcpp: 16.0.6 (/opt/ros/humble/share/rclcpp/cmake)
[0.848s] -- Found rosidl_generator_c: 3.1.5 (/opt/ros/humble/share/rosidl_generator_c/cmake)
[0.851s] -- Found rosidl_adapter: 3.1.5 (/opt/ros/humble/share/rosidl_adapter/cmake)
[0.858s] -- Found rosidl_generator_cpp: 3.1.5 (/opt/ros/humble/share/rosidl_generator_cpp/cmake)
[0.872s] -- Using all available rosidl_typesupport_c: rosidl_typesupport_fastrtps_c;rosidl_typesupport_introspection_c
[0.886s] -- Using all available rosidl_typesupport_cpp: rosidl_typesupport_fastrtps_cpp;rosidl_typesupport_introspection_cpp
[0.953s] -- Found rmw_implementation_cmake: 6.1.1 (/opt/ros/humble/share/rmw_implementation_cmake/cmake)
[0.956s] -- Found rmw_fastrtps_cpp: 6.2.4 (/opt/ros/humble/share/rmw_fastrtps_cpp/cmake)
[1.067s] -- Found OpenSSL: /usr/lib/x86_64-linux-gnu/libcrypto.so (found version "3.0.2")  
[1.092s] -- Found FastRTPS: /opt/ros/humble/include  
[1.134s] -- Using RMW implementation 'rmw_fastrtps_cpp' as default
[1.146s] -- Looking for pthread.h
[1.222s] -- Looking for pthread.h - found
[1.222s] -- Performing Test CMAKE_HAVE_LIBC_PTHREAD
[1.291s] -- Performing Test CMAKE_HAVE_LIBC_PTHREAD - Success
[1.292s] -- Found Threads: TRUE  
[1.433s] -- Found rclpy: 3.3.10 (/opt/ros/humble/share/rclpy/cmake)
[1.435s] -- Found urdf: 2.6.0 (/opt/ros/humble/share/urdf/cmake)
[1.475s] -- Found xacro: 2.0.8 (/opt/ros/humble/share/xacro/cmake)
[1.477s] -- Found ament_lint_auto: 0.12.8 (/opt/ros/humble/share/ament_lint_auto/cmake)
[1.544s] -- Added test 'flake8' to check Python code syntax and style conventions
[1.544s] -- Added test 'lint_cmake' to check CMake code style
[1.545s] -- Added test 'pep257' to check Python code against some of the docstring style conventions in PEP 257
[1.547s] -- Added test 'xmllint' to check XML markup files
[1.548s] -- Configuring done
[1.552s] -- Generating done
[1.554s] -- Build files have been written to: /home/akshar/eyrc_hb/hb_task_2_ws/build/hb_world
[1.563s] Invoked command in '/home/akshar/eyrc_hb/hb_task_2_ws/build/hb_world' returned '0': CMAKE_PREFIX_PATH=/opt/ros/humble /usr/bin/cmake /home/akshar/eyrc_hb/hb_task_2_ws/src/hb_world -DCMAKE_INSTALL_PREFIX=/home/akshar/eyrc_hb/hb_task_2_ws/install/hb_world
[1.565s] Invoking command in '/home/akshar/eyrc_hb/hb_task_2_ws/build/hb_world': CMAKE_PREFIX_PATH=/opt/ros/humble /usr/bin/cmake --build /home/akshar/eyrc_hb/hb_task_2_ws/build/hb_world -- -j16 -l16
[1.610s] Invoked command in '/home/akshar/eyrc_hb/hb_task_2_ws/build/hb_world' returned '0': CMAKE_PREFIX_PATH=/opt/ros/humble /usr/bin/cmake --build /home/akshar/eyrc_hb/hb_task_2_ws/build/hb_world -- -j16 -l16
[1.646s] Invoking command in '/home/akshar/eyrc_hb/hb_task_2_ws/build/hb_world': CMAKE_PREFIX_PATH=/opt/ros/humble /usr/bin/cmake --install /home/akshar/eyrc_hb/hb_task_2_ws/build/hb_world
[1.655s] -- Install configuration: ""
[1.655s] -- Installing: /home/akshar/eyrc_hb/hb_task_2_ws/install/hb_world/share/hb_world//launch
[1.656s] -- Installing: /home/akshar/eyrc_hb/hb_task_2_ws/install/hb_world/share/hb_world//launch/world.launch.py
[1.656s] -- Installing: /home/akshar/eyrc_hb/hb_task_2_ws/install/hb_world/share/hb_world//worlds
[1.656s] -- Installing: /home/akshar/eyrc_hb/hb_task_2_ws/install/hb_world/share/hb_world//worlds/gazebo.world
[1.656s] -- Installing: /home/akshar/eyrc_hb/hb_task_2_ws/install/hb_world/share/hb_world//models
[1.657s] -- Installing: /home/akshar/eyrc_hb/hb_task_2_ws/install/hb_world/share/hb_world//models/e_camera
[1.657s] -- Installing: /home/akshar/eyrc_hb/hb_task_2_ws/install/hb_world/share/hb_world//models/e_camera/model.config
[1.657s] -- Installing: /home/akshar/eyrc_hb/hb_task_2_ws/install/hb_world/share/hb_world//models/e_camera/meshes
[1.657s] -- Installing: /home/akshar/eyrc_hb/hb_task_2_ws/install/hb_world/share/hb_world//models/e_camera/meshes/camera.dae
[1.657s] -- Installing: /home/akshar/eyrc_hb/hb_task_2_ws/install/hb_world/share/hb_world//models/e_camera/meshes/17eyantra_logo_large e.png
[1.658s] -- Installing: /home/akshar/eyrc_hb/hb_task_2_ws/install/hb_world/share/hb_world//models/e_camera/model.sdf
[1.658s] -- Installing: /home/akshar/eyrc_hb/hb_task_2_ws/install/hb_world/share/hb_world//models/ground_surface
[1.658s] -- Installing: /home/akshar/eyrc_hb/hb_task_2_ws/install/hb_world/share/hb_world//models/ground_surface/model.config
[1.658s] -- Installing: /home/akshar/eyrc_hb/hb_task_2_ws/install/hb_world/share/hb_world//models/ground_surface/meshes
[1.658s] -- Installing: /home/akshar/eyrc_hb/hb_task_2_ws/install/hb_world/share/hb_world//models/ground_surface/meshes/ground_surface.dae
[1.658s] -- Installing: /home/akshar/eyrc_hb/hb_task_2_ws/install/hb_world/share/hb_world//models/ground_surface/meshes/geoglyph.jpg
[1.658s] -- Installing: /home/akshar/eyrc_hb/hb_task_2_ws/install/hb_world/share/hb_world//models/ground_surface/model.sdf
[1.658s] -- Installing: /home/akshar/eyrc_hb/hb_task_2_ws/install/hb_world/share/hb_world//models/arena
[1.659s] -- Installing: /home/akshar/eyrc_hb/hb_task_2_ws/install/hb_world/share/hb_world//models/arena/model.config
[1.659s] -- Installing: /home/akshar/eyrc_hb/hb_task_2_ws/install/hb_world/share/hb_world//models/arena/meshes
[1.659s] -- Installing: /home/akshar/eyrc_hb/hb_task_2_ws/install/hb_world/share/hb_world//models/arena/meshes/arena.dae
[1.659s] -- Installing: /home/akshar/eyrc_hb/hb_task_2_ws/install/hb_world/share/hb_world//models/arena/meshes/arena.jpg
[1.659s] -- Installing: /home/akshar/eyrc_hb/hb_task_2_ws/install/hb_world/share/hb_world//models/arena/model.sdf
[1.659s] -- Installing: /home/akshar/eyrc_hb/hb_task_2_ws/install/hb_world/share/ament_index/resource_index/package_run_dependencies/hb_world
[1.659s] -- Installing: /home/akshar/eyrc_hb/hb_task_2_ws/install/hb_world/share/ament_index/resource_index/parent_prefix_path/hb_world
[1.659s] -- Installing: /home/akshar/eyrc_hb/hb_task_2_ws/install/hb_world/share/hb_world/environment/ament_prefix_path.sh
[1.660s] -- Installing: /home/akshar/eyrc_hb/hb_task_2_ws/install/hb_world/share/hb_world/environment/ament_prefix_path.dsv
[1.660s] -- Installing: /home/akshar/eyrc_hb/hb_task_2_ws/install/hb_world/share/hb_world/environment/path.sh
[1.660s] -- Installing: /home/akshar/eyrc_hb/hb_task_2_ws/install/hb_world/share/hb_world/environment/path.dsv
[1.660s] -- Installing: /home/akshar/eyrc_hb/hb_task_2_ws/install/hb_world/share/hb_world/local_setup.bash
[1.660s] -- Installing: /home/akshar/eyrc_hb/hb_task_2_ws/install/hb_world/share/hb_world/local_setup.sh
[1.660s] -- Installing: /home/akshar/eyrc_hb/hb_task_2_ws/install/hb_world/share/hb_world/local_setup.zsh
[1.660s] -- Installing: /home/akshar/eyrc_hb/hb_task_2_ws/install/hb_world/share/hb_world/local_setup.dsv
[1.660s] -- Installing: /home/akshar/eyrc_hb/hb_task_2_ws/install/hb_world/share/hb_world/package.dsv
[1.661s] -- Installing: /home/akshar/eyrc_hb/hb_task_2_ws/install/hb_world/share/ament_index/resource_index/packages/hb_world
[1.661s] -- Installing: /home/akshar/eyrc_hb/hb_task_2_ws/install/hb_world/share/hb_world/cmake/hb_worldConfig.cmake
[1.661s] -- Installing: /home/akshar/eyrc_hb/hb_task_2_ws/install/hb_world/share/hb_world/cmake/hb_worldConfig-version.cmake
[1.661s] -- Installing: /home/akshar/eyrc_hb/hb_task_2_ws/install/hb_world/share/hb_world/package.xml
[1.664s] Invoked command in '/home/akshar/eyrc_hb/hb_task_2_ws/build/hb_world' returned '0': CMAKE_PREFIX_PATH=/opt/ros/humble /usr/bin/cmake --install /home/akshar/eyrc_hb/hb_task_2_ws/build/hb_world
