[0.765s] Invoking command in '/home/akshar/eyrc_hb/hb_task_2_ws/build/hb_world': CMAKE_PREFIX_PATH=${CMAKE_PREFIX_PATH}:/home/akshar/eyrc_hb/hb_task_2_ws/install/hb_task2b:/home/akshar/eyrc_hb/hb_task_2_ws/install/hb_task2a:/opt/ros/humble /usr/bin/cmake --build /home/akshar/eyrc_hb/hb_task_2_ws/build/hb_world -- -j16 -l16
[0.864s] Invoked command in '/home/akshar/eyrc_hb/hb_task_2_ws/build/hb_world' returned '0': CMAKE_PREFIX_PATH=${CMAKE_PREFIX_PATH}:/home/akshar/eyrc_hb/hb_task_2_ws/install/hb_task2b:/home/akshar/eyrc_hb/hb_task_2_ws/install/hb_task2a:/opt/ros/humble /usr/bin/cmake --build /home/akshar/eyrc_hb/hb_task_2_ws/build/hb_world -- -j16 -l16
[0.970s] Invoking command in '/home/akshar/eyrc_hb/hb_task_2_ws/build/hb_world': CMAKE_PREFIX_PATH=${CMAKE_PREFIX_PATH}:/home/akshar/eyrc_hb/hb_task_2_ws/install/hb_task2b:/home/akshar/eyrc_hb/hb_task_2_ws/install/hb_task2a:/opt/ros/humble /usr/bin/cmake --install /home/akshar/eyrc_hb/hb_task_2_ws/build/hb_world
[0.984s] -- Install configuration: ""
[0.984s] -- Up-to-date: /home/akshar/eyrc_hb/hb_task_2_ws/install/hb_world/share/hb_world//launch
[0.984s] -- Up-to-date: /home/akshar/eyrc_hb/hb_task_2_ws/install/hb_world/share/hb_world//launch/world.launch.py
[0.985s] -- Up-to-date: /home/akshar/eyrc_hb/hb_task_2_ws/install/hb_world/share/hb_world//worlds
[0.985s] -- Up-to-date: /home/akshar/eyrc_hb/hb_task_2_ws/install/hb_world/share/hb_world//worlds/gazebo.world
[0.985s] -- Up-to-date: /home/akshar/eyrc_hb/hb_task_2_ws/install/hb_world/share/hb_world//models
[0.985s] -- Up-to-date: /home/akshar/eyrc_hb/hb_task_2_ws/install/hb_world/share/hb_world//models/e_camera
[0.986s] -- Up-to-date: /home/akshar/eyrc_hb/hb_task_2_ws/install/hb_world/share/hb_world//models/e_camera/model.config
[0.986s] -- Up-to-date: /home/akshar/eyrc_hb/hb_task_2_ws/install/hb_world/share/hb_world//models/e_camera/meshes
[0.986s] -- Up-to-date: /home/akshar/eyrc_hb/hb_task_2_ws/install/hb_world/share/hb_world//models/e_camera/meshes/camera.dae
[0.986s] -- Up-to-date: /home/akshar/eyrc_hb/hb_task_2_ws/install/hb_world/share/hb_world//models/e_camera/meshes/17eyantra_logo_large e.png
[0.986s] -- Up-to-date: /home/akshar/eyrc_hb/hb_task_2_ws/install/hb_world/share/hb_world//models/e_camera/model.sdf
[0.987s] -- Up-to-date: /home/akshar/eyrc_hb/hb_task_2_ws/install/hb_world/share/hb_world//models/ground_surface
[0.987s] -- Up-to-date: /home/akshar/eyrc_hb/hb_task_2_ws/install/hb_world/share/hb_world//models/ground_surface/model.config
[0.987s] -- Up-to-date: /home/akshar/eyrc_hb/hb_task_2_ws/install/hb_world/share/hb_world//models/ground_surface/meshes
[0.987s] -- Up-to-date: /home/akshar/eyrc_hb/hb_task_2_ws/install/hb_world/share/hb_world//models/ground_surface/meshes/ground_surface.dae
[0.987s] -- Up-to-date: /home/akshar/eyrc_hb/hb_task_2_ws/install/hb_world/share/hb_world//models/ground_surface/meshes/geoglyph.jpg
[0.987s] -- Up-to-date: /home/akshar/eyrc_hb/hb_task_2_ws/install/hb_world/share/hb_world//models/ground_surface/model.sdf
[0.987s] -- Up-to-date: /home/akshar/eyrc_hb/hb_task_2_ws/install/hb_world/share/hb_world//models/arena
[0.988s] -- Up-to-date: /home/akshar/eyrc_hb/hb_task_2_ws/install/hb_world/share/hb_world//models/arena/model.config
[0.988s] -- Up-to-date: /home/akshar/eyrc_hb/hb_task_2_ws/install/hb_world/share/hb_world//models/arena/meshes
[0.988s] -- Up-to-date: /home/akshar/eyrc_hb/hb_task_2_ws/install/hb_world/share/hb_world//models/arena/meshes/arena.dae
[0.988s] -- Up-to-date: /home/akshar/eyrc_hb/hb_task_2_ws/install/hb_world/share/hb_world//models/arena/meshes/arena.jpg
[0.988s] -- Up-to-date: /home/akshar/eyrc_hb/hb_task_2_ws/install/hb_world/share/hb_world//models/arena/model.sdf
[0.988s] -- Up-to-date: /home/akshar/eyrc_hb/hb_task_2_ws/install/hb_world/share/ament_index/resource_index/package_run_dependencies/hb_world
[0.989s] -- Up-to-date: /home/akshar/eyrc_hb/hb_task_2_ws/install/hb_world/share/ament_index/resource_index/parent_prefix_path/hb_world
[0.989s] -- Up-to-date: /home/akshar/eyrc_hb/hb_task_2_ws/install/hb_world/share/hb_world/environment/ament_prefix_path.sh
[0.990s] -- Up-to-date: /home/akshar/eyrc_hb/hb_task_2_ws/install/hb_world/share/hb_world/environment/ament_prefix_path.dsv
[0.991s] -- Up-to-date: /home/akshar/eyrc_hb/hb_task_2_ws/install/hb_world/share/hb_world/environment/path.sh
[0.991s] -- Up-to-date: /home/akshar/eyrc_hb/hb_task_2_ws/install/hb_world/share/hb_world/environment/path.dsv
[0.992s] -- Up-to-date: /home/akshar/eyrc_hb/hb_task_2_ws/install/hb_world/share/hb_world/local_setup.bash
[0.992s] -- Up-to-date: /home/akshar/eyrc_hb/hb_task_2_ws/install/hb_world/share/hb_world/local_setup.sh
[0.992s] -- Up-to-date: /home/akshar/eyrc_hb/hb_task_2_ws/install/hb_world/share/hb_world/local_setup.zsh
[0.993s] -- Up-to-date: /home/akshar/eyrc_hb/hb_task_2_ws/install/hb_world/share/hb_world/local_setup.dsv
[0.993s] -- Installing: /home/akshar/eyrc_hb/hb_task_2_ws/install/hb_world/share/hb_world/package.dsv
[0.993s] -- Up-to-date: /home/akshar/eyrc_hb/hb_task_2_ws/install/hb_world/share/ament_index/resource_index/packages/hb_world
[0.993s] -- Up-to-date: /home/akshar/eyrc_hb/hb_task_2_ws/install/hb_world/share/hb_world/cmake/hb_worldConfig.cmake
[0.994s] -- Up-to-date: /home/akshar/eyrc_hb/hb_task_2_ws/install/hb_world/share/hb_world/cmake/hb_worldConfig-version.cmake
[0.994s] -- Up-to-date: /home/akshar/eyrc_hb/hb_task_2_ws/install/hb_world/share/hb_world/package.xml
[0.995s] Invoked command in '/home/akshar/eyrc_hb/hb_task_2_ws/build/hb_world' returned '0': CMAKE_PREFIX_PATH=${CMAKE_PREFIX_PATH}:/home/akshar/eyrc_hb/hb_task_2_ws/install/hb_task2b:/home/akshar/eyrc_hb/hb_task_2_ws/install/hb_task2a:/opt/ros/humble /usr/bin/cmake --install /home/akshar/eyrc_hb/hb_task_2_ws/build/hb_world
