[0.250s] Invoking command in '/home/akshar/eyrc_hb/hb_task_4/build/my_custom_msgs': CMAKE_PREFIX_PATH=/opt/ros/humble /usr/bin/cmake --build /home/akshar/eyrc_hb/hb_task_4/build/my_custom_msgs -- -j16 -l16
[0.273s] -- Found ament_cmake: 1.3.5 (/opt/ros/humble/share/ament_cmake/cmake)
[0.380s] -- Found rosidl_default_generators: 1.2.0 (/opt/ros/humble/share/rosidl_default_generators/cmake)
[0.381s] -- Using all available rosidl_typesupport_c: rosidl_typesupport_fastrtps_c;rosidl_typesupport_introspection_c
[0.383s] -- Found rosidl_adapter: 3.1.5 (/opt/ros/humble/share/rosidl_adapter/cmake)
[0.406s] -- Using all available rosidl_typesupport_cpp: rosidl_typesupport_fastrtps_cpp;rosidl_typesupport_introspection_cpp
[0.425s] -- Found ament_lint_auto: 0.12.8 (/opt/ros/humble/share/ament_lint_auto/cmake)
[0.613s] -- Found ament_cmake_ros: 0.10.0 (/opt/ros/humble/share/ament_cmake_ros/cmake)
[0.756s] -- Using all available rosidl_typesupport_c: rosidl_typesupport_fastrtps_c;rosidl_typesupport_introspection_c
[0.937s] -- Using all available rosidl_typesupport_cpp: rosidl_typesupport_fastrtps_cpp;rosidl_typesupport_introspection_cpp
[0.955s] -- Found PythonInterp: /usr/bin/python3 (found suitable version "3.10.12", minimum required is "3.6") 
[0.957s] -- Found python_cmake_module: 0.10.0 (/opt/ros/humble/share/python_cmake_module/cmake)
[0.978s] -- Found PythonLibs: /usr/lib/x86_64-linux-gnu/libpython3.10.so (found suitable version "3.10.12", minimum required is "3.5") 
[0.978s] -- Using PYTHON_EXECUTABLE: /usr/bin/python3
[0.978s] -- Using PYTHON_INCLUDE_DIRS: /usr/include/python3.10
[0.978s] -- Using PYTHON_LIBRARIES: /usr/lib/x86_64-linux-gnu/libpython3.10.so
[0.994s] -- Found PythonExtra: .so  
[1.020s] -- Added test 'lint_cmake' to check CMake code style
[1.020s] -- Added test 'xmllint' to check XML markup files
[1.024s] -- Configuring done
[1.047s] -- Generating done
[1.050s] -- Build files have been written to: /home/akshar/eyrc_hb/hb_task_4/build/my_custom_msgs
[1.073s] [  3%] [34m[1mGenerating C code for ROS interfaces[0m
[1.082s] [  6%] [34m[1mGenerating C++ code for ROS interfaces[0m
[1.090s] [  6%] Built target ament_cmake_python_copy_my_custom_msgs
[1.262s] [  6%] Built target my_custom_msgs__cpp
[1.263s] [  9%] [32mBuilding C object CMakeFiles/my_custom_msgs__rosidl_generator_c.dir/rosidl_generator_c/my_custom_msgs/msg/detail/wheel_vel__functions.c.o[0m
[1.273s] [ 19%] [34m[1mGenerating C++ type support for eProsima Fast-RTPS[0m
[1.273s] [ 19%] [34m[1mGenerating C++ type support dispatch for ROS interfaces[0m
[1.273s] [ 19%] [34m[1mGenerating C++ introspection for ROS interfaces[0m
[1.278s] running egg_info
[1.279s] creating my_custom_msgs.egg-info
[1.279s] writing my_custom_msgs.egg-info/PKG-INFO
[1.279s] writing dependency_links to my_custom_msgs.egg-info/dependency_links.txt
[1.279s] writing top-level names to my_custom_msgs.egg-info/top_level.txt
[1.280s] writing manifest file 'my_custom_msgs.egg-info/SOURCES.txt'
[1.281s] reading manifest file 'my_custom_msgs.egg-info/SOURCES.txt'
[1.282s] writing manifest file 'my_custom_msgs.egg-info/SOURCES.txt'
[1.307s] [ 22%] [32m[1mLinking C shared library libmy_custom_msgs__rosidl_generator_c.so[0m
[1.313s] [ 22%] Built target ament_cmake_python_build_my_custom_msgs_egg
[1.343s] [ 22%] Built target my_custom_msgs__rosidl_generator_c
[1.354s] [ 32%] [34m[1mGenerating C introspection for ROS interfaces[0m
[1.354s] [ 32%] [34m[1mGenerating C type support dispatch for ROS interfaces[0m
[1.354s] [ 32%] [34m[1mGenerating C type support for eProsima Fast-RTPS[0m
[1.465s] [ 35%] [32mBuilding CXX object CMakeFiles/my_custom_msgs__rosidl_typesupport_cpp.dir/rosidl_typesupport_cpp/my_custom_msgs/msg/wheel_vel__type_support.cpp.o[0m
[1.482s] [ 38%] [32mBuilding CXX object CMakeFiles/my_custom_msgs__rosidl_typesupport_introspection_cpp.dir/rosidl_typesupport_introspection_cpp/my_custom_msgs/msg/detail/wheel_vel__type_support.cpp.o[0m
[1.487s] [ 41%] [32mBuilding CXX object CMakeFiles/my_custom_msgs__rosidl_typesupport_fastrtps_cpp.dir/rosidl_typesupport_fastrtps_cpp/my_custom_msgs/msg/detail/dds_fastrtps/wheel_vel__type_support.cpp.o[0m
[1.552s] [ 45%] [32mBuilding CXX object CMakeFiles/my_custom_msgs__rosidl_typesupport_c.dir/rosidl_typesupport_c/my_custom_msgs/msg/wheel_vel__type_support.cpp.o[0m
[1.575s] [ 51%] [32mBuilding C object CMakeFiles/my_custom_msgs__rosidl_typesupport_introspection_c.dir/rosidl_typesupport_introspection_c/my_custom_msgs/msg/detail/wheel_vel__type_support.c.o[0m
[1.575s] [ 51%] [32mBuilding CXX object CMakeFiles/my_custom_msgs__rosidl_typesupport_fastrtps_c.dir/rosidl_typesupport_fastrtps_c/my_custom_msgs/msg/detail/wheel_vel__type_support_c.cpp.o[0m
[1.583s] [ 54%] [32m[1mLinking CXX shared library libmy_custom_msgs__rosidl_typesupport_c.so[0m
[1.609s] [ 58%] [32m[1mLinking C shared library libmy_custom_msgs__rosidl_typesupport_introspection_c.so[0m
[1.627s] [ 58%] Built target my_custom_msgs__rosidl_typesupport_c
[1.642s] [ 58%] Built target my_custom_msgs__rosidl_typesupport_introspection_c
[1.696s] [ 61%] [32m[1mLinking CXX shared library libmy_custom_msgs__rosidl_typesupport_cpp.so[0m
[1.735s] [ 61%] Built target my_custom_msgs__rosidl_typesupport_cpp
[1.790s] [ 64%] [32m[1mLinking CXX shared library libmy_custom_msgs__rosidl_typesupport_introspection_cpp.so[0m
[1.807s] [ 67%] [32m[1mLinking CXX shared library libmy_custom_msgs__rosidl_typesupport_fastrtps_cpp.so[0m
[1.826s] [ 67%] Built target my_custom_msgs__rosidl_typesupport_introspection_cpp
[1.838s] [ 70%] [32m[1mLinking CXX shared library libmy_custom_msgs__rosidl_typesupport_fastrtps_c.so[0m
[1.867s] [ 70%] Built target my_custom_msgs__rosidl_typesupport_fastrtps_cpp
[1.897s] [ 70%] Built target my_custom_msgs__rosidl_typesupport_fastrtps_c
[1.915s] [ 70%] Built target my_custom_msgs
[1.933s] [ 74%] [34m[1mGenerating Python code for ROS interfaces[0m
[2.129s] [ 74%] Built target my_custom_msgs__py
[2.147s] [ 77%] [32mBuilding C object CMakeFiles/my_custom_msgs__rosidl_generator_py.dir/rosidl_generator_py/my_custom_msgs/msg/_wheel_vel_s.c.o[0m
[2.219s] [ 80%] [32m[1mLinking C shared library rosidl_generator_py/my_custom_msgs/libmy_custom_msgs__rosidl_generator_py.so[0m
[2.252s] [ 80%] Built target my_custom_msgs__rosidl_generator_py
[2.270s] [ 87%] [32mBuilding C object CMakeFiles/my_custom_msgs__rosidl_typesupport_fastrtps_c__pyext.dir/rosidl_generator_py/my_custom_msgs/_my_custom_msgs_s.ep.rosidl_typesupport_fastrtps_c.c.o[0m
[2.270s] [ 87%] [32mBuilding C object CMakeFiles/my_custom_msgs__rosidl_typesupport_introspection_c__pyext.dir/rosidl_generator_py/my_custom_msgs/_my_custom_msgs_s.ep.rosidl_typesupport_introspection_c.c.o[0m
[2.270s] [ 90%] [32mBuilding C object CMakeFiles/my_custom_msgs__rosidl_typesupport_c__pyext.dir/rosidl_generator_py/my_custom_msgs/_my_custom_msgs_s.ep.rosidl_typesupport_c.c.o[0m
[2.340s] [ 96%] [32m[1mLinking C shared library rosidl_generator_py/my_custom_msgs/my_custom_msgs_s__rosidl_typesupport_c.cpython-310-x86_64-linux-gnu.so[0m
[2.340s] [ 96%] [32m[1mLinking C shared library rosidl_generator_py/my_custom_msgs/my_custom_msgs_s__rosidl_typesupport_introspection_c.cpython-310-x86_64-linux-gnu.so[0m
[2.344s] [100%] [32m[1mLinking C shared library rosidl_generator_py/my_custom_msgs/my_custom_msgs_s__rosidl_typesupport_fastrtps_c.cpython-310-x86_64-linux-gnu.so[0m
[2.368s] [100%] Built target my_custom_msgs__rosidl_typesupport_introspection_c__pyext
[2.368s] [100%] Built target my_custom_msgs__rosidl_typesupport_c__pyext
[2.373s] [100%] Built target my_custom_msgs__rosidl_typesupport_fastrtps_c__pyext
[2.384s] Invoked command in '/home/akshar/eyrc_hb/hb_task_4/build/my_custom_msgs' returned '0': CMAKE_PREFIX_PATH=/opt/ros/humble /usr/bin/cmake --build /home/akshar/eyrc_hb/hb_task_4/build/my_custom_msgs -- -j16 -l16
[2.457s] Invoking command in '/home/akshar/eyrc_hb/hb_task_4/build/my_custom_msgs': CMAKE_PREFIX_PATH=/opt/ros/humble /usr/bin/cmake --install /home/akshar/eyrc_hb/hb_task_4/build/my_custom_msgs
[2.464s] -- Install configuration: ""
[2.464s] -- Installing: /home/akshar/eyrc_hb/hb_task_4/install/my_custom_msgs/share/ament_index/resource_index/rosidl_interfaces/my_custom_msgs
[2.464s] -- Installing: /home/akshar/eyrc_hb/hb_task_4/install/my_custom_msgs/include/my_custom_msgs/my_custom_msgs
[2.464s] -- Installing: /home/akshar/eyrc_hb/hb_task_4/install/my_custom_msgs/include/my_custom_msgs/my_custom_msgs/msg
[2.464s] -- Installing: /home/akshar/eyrc_hb/hb_task_4/install/my_custom_msgs/include/my_custom_msgs/my_custom_msgs/msg/rosidl_generator_c__visibility_control.h
[2.464s] -- Installing: /home/akshar/eyrc_hb/hb_task_4/install/my_custom_msgs/include/my_custom_msgs/my_custom_msgs/msg/wheel_vel.h
[2.464s] -- Installing: /home/akshar/eyrc_hb/hb_task_4/install/my_custom_msgs/include/my_custom_msgs/my_custom_msgs/msg/detail
[2.464s] -- Installing: /home/akshar/eyrc_hb/hb_task_4/install/my_custom_msgs/include/my_custom_msgs/my_custom_msgs/msg/detail/wheel_vel__functions.c
[2.464s] -- Installing: /home/akshar/eyrc_hb/hb_task_4/install/my_custom_msgs/include/my_custom_msgs/my_custom_msgs/msg/detail/wheel_vel__type_support.h
[2.464s] -- Installing: /home/akshar/eyrc_hb/hb_task_4/install/my_custom_msgs/include/my_custom_msgs/my_custom_msgs/msg/detail/wheel_vel__functions.h
[2.465s] -- Installing: /home/akshar/eyrc_hb/hb_task_4/install/my_custom_msgs/include/my_custom_msgs/my_custom_msgs/msg/detail/wheel_vel__struct.h
[2.465s] -- Installing: /home/akshar/eyrc_hb/hb_task_4/install/my_custom_msgs/share/my_custom_msgs/environment/library_path.sh
[2.465s] -- Installing: /home/akshar/eyrc_hb/hb_task_4/install/my_custom_msgs/share/my_custom_msgs/environment/library_path.dsv
[2.465s] -- Installing: /home/akshar/eyrc_hb/hb_task_4/install/my_custom_msgs/lib/libmy_custom_msgs__rosidl_generator_c.so
[2.465s] -- Set runtime path of "/home/akshar/eyrc_hb/hb_task_4/install/my_custom_msgs/lib/libmy_custom_msgs__rosidl_generator_c.so" to ""
[2.465s] -- Up-to-date: /home/akshar/eyrc_hb/hb_task_4/install/my_custom_msgs/include/my_custom_msgs/my_custom_msgs
[2.466s] -- Up-to-date: /home/akshar/eyrc_hb/hb_task_4/install/my_custom_msgs/include/my_custom_msgs/my_custom_msgs/msg
[2.466s] -- Installing: /home/akshar/eyrc_hb/hb_task_4/install/my_custom_msgs/include/my_custom_msgs/my_custom_msgs/msg/rosidl_typesupport_fastrtps_c__visibility_control.h
[2.466s] -- Up-to-date: /home/akshar/eyrc_hb/hb_task_4/install/my_custom_msgs/include/my_custom_msgs/my_custom_msgs/msg/detail
[2.466s] -- Installing: /home/akshar/eyrc_hb/hb_task_4/install/my_custom_msgs/include/my_custom_msgs/my_custom_msgs/msg/detail/wheel_vel__rosidl_typesupport_fastrtps_c.h
[2.466s] -- Installing: /home/akshar/eyrc_hb/hb_task_4/install/my_custom_msgs/lib/libmy_custom_msgs__rosidl_typesupport_fastrtps_c.so
[2.466s] -- Set runtime path of "/home/akshar/eyrc_hb/hb_task_4/install/my_custom_msgs/lib/libmy_custom_msgs__rosidl_typesupport_fastrtps_c.so" to ""
[2.466s] -- Up-to-date: /home/akshar/eyrc_hb/hb_task_4/install/my_custom_msgs/include/my_custom_msgs/my_custom_msgs
[2.466s] -- Up-to-date: /home/akshar/eyrc_hb/hb_task_4/install/my_custom_msgs/include/my_custom_msgs/my_custom_msgs/msg
[2.466s] -- Installing: /home/akshar/eyrc_hb/hb_task_4/install/my_custom_msgs/include/my_custom_msgs/my_custom_msgs/msg/rosidl_typesupport_introspection_c__visibility_control.h
[2.466s] -- Up-to-date: /home/akshar/eyrc_hb/hb_task_4/install/my_custom_msgs/include/my_custom_msgs/my_custom_msgs/msg/detail
[2.466s] -- Installing: /home/akshar/eyrc_hb/hb_task_4/install/my_custom_msgs/include/my_custom_msgs/my_custom_msgs/msg/detail/wheel_vel__rosidl_typesupport_introspection_c.h
[2.466s] -- Installing: /home/akshar/eyrc_hb/hb_task_4/install/my_custom_msgs/include/my_custom_msgs/my_custom_msgs/msg/detail/wheel_vel__type_support.c
[2.467s] -- Installing: /home/akshar/eyrc_hb/hb_task_4/install/my_custom_msgs/lib/libmy_custom_msgs__rosidl_typesupport_introspection_c.so
[2.467s] -- Set runtime path of "/home/akshar/eyrc_hb/hb_task_4/install/my_custom_msgs/lib/libmy_custom_msgs__rosidl_typesupport_introspection_c.so" to ""
[2.467s] -- Installing: /home/akshar/eyrc_hb/hb_task_4/install/my_custom_msgs/lib/libmy_custom_msgs__rosidl_typesupport_c.so
[2.467s] -- Set runtime path of "/home/akshar/eyrc_hb/hb_task_4/install/my_custom_msgs/lib/libmy_custom_msgs__rosidl_typesupport_c.so" to ""
[2.467s] -- Up-to-date: /home/akshar/eyrc_hb/hb_task_4/install/my_custom_msgs/include/my_custom_msgs/my_custom_msgs
[2.467s] -- Up-to-date: /home/akshar/eyrc_hb/hb_task_4/install/my_custom_msgs/include/my_custom_msgs/my_custom_msgs/msg
[2.467s] -- Installing: /home/akshar/eyrc_hb/hb_task_4/install/my_custom_msgs/include/my_custom_msgs/my_custom_msgs/msg/wheel_vel.hpp
[2.467s] -- Up-to-date: /home/akshar/eyrc_hb/hb_task_4/install/my_custom_msgs/include/my_custom_msgs/my_custom_msgs/msg/detail
[2.467s] -- Installing: /home/akshar/eyrc_hb/hb_task_4/install/my_custom_msgs/include/my_custom_msgs/my_custom_msgs/msg/detail/wheel_vel__struct.hpp
[2.468s] -- Installing: /home/akshar/eyrc_hb/hb_task_4/install/my_custom_msgs/include/my_custom_msgs/my_custom_msgs/msg/detail/wheel_vel__traits.hpp
[2.468s] -- Installing: /home/akshar/eyrc_hb/hb_task_4/install/my_custom_msgs/include/my_custom_msgs/my_custom_msgs/msg/detail/wheel_vel__builder.hpp
[2.468s] -- Up-to-date: /home/akshar/eyrc_hb/hb_task_4/install/my_custom_msgs/include/my_custom_msgs/my_custom_msgs
[2.468s] -- Up-to-date: /home/akshar/eyrc_hb/hb_task_4/install/my_custom_msgs/include/my_custom_msgs/my_custom_msgs/msg
[2.468s] -- Installing: /home/akshar/eyrc_hb/hb_task_4/install/my_custom_msgs/include/my_custom_msgs/my_custom_msgs/msg/rosidl_typesupport_fastrtps_cpp__visibility_control.h
[2.468s] -- Up-to-date: /home/akshar/eyrc_hb/hb_task_4/install/my_custom_msgs/include/my_custom_msgs/my_custom_msgs/msg/detail
[2.468s] -- Installing: /home/akshar/eyrc_hb/hb_task_4/install/my_custom_msgs/include/my_custom_msgs/my_custom_msgs/msg/detail/dds_fastrtps
[2.468s] -- Installing: /home/akshar/eyrc_hb/hb_task_4/install/my_custom_msgs/include/my_custom_msgs/my_custom_msgs/msg/detail/wheel_vel__rosidl_typesupport_fastrtps_cpp.hpp
[2.468s] -- Installing: /home/akshar/eyrc_hb/hb_task_4/install/my_custom_msgs/lib/libmy_custom_msgs__rosidl_typesupport_fastrtps_cpp.so
[2.468s] -- Set runtime path of "/home/akshar/eyrc_hb/hb_task_4/install/my_custom_msgs/lib/libmy_custom_msgs__rosidl_typesupport_fastrtps_cpp.so" to ""
[2.469s] -- Up-to-date: /home/akshar/eyrc_hb/hb_task_4/install/my_custom_msgs/include/my_custom_msgs/my_custom_msgs
[2.469s] -- Up-to-date: /home/akshar/eyrc_hb/hb_task_4/install/my_custom_msgs/include/my_custom_msgs/my_custom_msgs/msg
[2.469s] -- Up-to-date: /home/akshar/eyrc_hb/hb_task_4/install/my_custom_msgs/include/my_custom_msgs/my_custom_msgs/msg/detail
[2.469s] -- Installing: /home/akshar/eyrc_hb/hb_task_4/install/my_custom_msgs/include/my_custom_msgs/my_custom_msgs/msg/detail/wheel_vel__rosidl_typesupport_introspection_cpp.hpp
[2.469s] -- Installing: /home/akshar/eyrc_hb/hb_task_4/install/my_custom_msgs/include/my_custom_msgs/my_custom_msgs/msg/detail/wheel_vel__type_support.cpp
[2.469s] -- Installing: /home/akshar/eyrc_hb/hb_task_4/install/my_custom_msgs/lib/libmy_custom_msgs__rosidl_typesupport_introspection_cpp.so
[2.469s] -- Set runtime path of "/home/akshar/eyrc_hb/hb_task_4/install/my_custom_msgs/lib/libmy_custom_msgs__rosidl_typesupport_introspection_cpp.so" to ""
[2.469s] -- Installing: /home/akshar/eyrc_hb/hb_task_4/install/my_custom_msgs/lib/libmy_custom_msgs__rosidl_typesupport_cpp.so
[2.470s] -- Set runtime path of "/home/akshar/eyrc_hb/hb_task_4/install/my_custom_msgs/lib/libmy_custom_msgs__rosidl_typesupport_cpp.so" to ""
[2.470s] -- Installing: /home/akshar/eyrc_hb/hb_task_4/install/my_custom_msgs/share/my_custom_msgs/environment/pythonpath.sh
[2.470s] -- Installing: /home/akshar/eyrc_hb/hb_task_4/install/my_custom_msgs/share/my_custom_msgs/environment/pythonpath.dsv
[2.470s] -- Installing: /home/akshar/eyrc_hb/hb_task_4/install/my_custom_msgs/local/lib/python3.10/dist-packages/my_custom_msgs-0.0.0-py3.10.egg-info
[2.470s] -- Installing: /home/akshar/eyrc_hb/hb_task_4/install/my_custom_msgs/local/lib/python3.10/dist-packages/my_custom_msgs-0.0.0-py3.10.egg-info/PKG-INFO
[2.470s] -- Installing: /home/akshar/eyrc_hb/hb_task_4/install/my_custom_msgs/local/lib/python3.10/dist-packages/my_custom_msgs-0.0.0-py3.10.egg-info/SOURCES.txt
[2.470s] -- Installing: /home/akshar/eyrc_hb/hb_task_4/install/my_custom_msgs/local/lib/python3.10/dist-packages/my_custom_msgs-0.0.0-py3.10.egg-info/top_level.txt
[2.470s] -- Installing: /home/akshar/eyrc_hb/hb_task_4/install/my_custom_msgs/local/lib/python3.10/dist-packages/my_custom_msgs-0.0.0-py3.10.egg-info/dependency_links.txt
[2.471s] -- Installing: /home/akshar/eyrc_hb/hb_task_4/install/my_custom_msgs/local/lib/python3.10/dist-packages/my_custom_msgs
[2.471s] -- Installing: /home/akshar/eyrc_hb/hb_task_4/install/my_custom_msgs/local/lib/python3.10/dist-packages/my_custom_msgs/my_custom_msgs_s__rosidl_typesupport_fastrtps_c.cpython-310-x86_64-linux-gnu.so
[2.471s] -- Installing: /home/akshar/eyrc_hb/hb_task_4/install/my_custom_msgs/local/lib/python3.10/dist-packages/my_custom_msgs/my_custom_msgs_s__rosidl_typesupport_c.cpython-310-x86_64-linux-gnu.so
[2.471s] -- Installing: /home/akshar/eyrc_hb/hb_task_4/install/my_custom_msgs/local/lib/python3.10/dist-packages/my_custom_msgs/_my_custom_msgs_s.ep.rosidl_typesupport_c.c
[2.471s] -- Installing: /home/akshar/eyrc_hb/hb_task_4/install/my_custom_msgs/local/lib/python3.10/dist-packages/my_custom_msgs/my_custom_msgs_s__rosidl_typesupport_introspection_c.cpython-310-x86_64-linux-gnu.so
[2.471s] -- Installing: /home/akshar/eyrc_hb/hb_task_4/install/my_custom_msgs/local/lib/python3.10/dist-packages/my_custom_msgs/_my_custom_msgs_s.ep.rosidl_typesupport_introspection_c.c
[2.471s] -- Installing: /home/akshar/eyrc_hb/hb_task_4/install/my_custom_msgs/local/lib/python3.10/dist-packages/my_custom_msgs/libmy_custom_msgs__rosidl_generator_py.so
[2.471s] -- Installing: /home/akshar/eyrc_hb/hb_task_4/install/my_custom_msgs/local/lib/python3.10/dist-packages/my_custom_msgs/__init__.py
[2.472s] -- Installing: /home/akshar/eyrc_hb/hb_task_4/install/my_custom_msgs/local/lib/python3.10/dist-packages/my_custom_msgs/_my_custom_msgs_s.ep.rosidl_typesupport_fastrtps_c.c
[2.472s] -- Installing: /home/akshar/eyrc_hb/hb_task_4/install/my_custom_msgs/local/lib/python3.10/dist-packages/my_custom_msgs/msg
[2.472s] -- Installing: /home/akshar/eyrc_hb/hb_task_4/install/my_custom_msgs/local/lib/python3.10/dist-packages/my_custom_msgs/msg/_wheel_vel_s.c
[2.472s] -- Installing: /home/akshar/eyrc_hb/hb_task_4/install/my_custom_msgs/local/lib/python3.10/dist-packages/my_custom_msgs/msg/_wheel_vel.py
[2.472s] -- Installing: /home/akshar/eyrc_hb/hb_task_4/install/my_custom_msgs/local/lib/python3.10/dist-packages/my_custom_msgs/msg/__init__.py
[2.496s] Listing '/home/akshar/eyrc_hb/hb_task_4/install/my_custom_msgs/local/lib/python3.10/dist-packages/my_custom_msgs'...
[2.496s] Compiling '/home/akshar/eyrc_hb/hb_task_4/install/my_custom_msgs/local/lib/python3.10/dist-packages/my_custom_msgs/__init__.py'...
[2.496s] Listing '/home/akshar/eyrc_hb/hb_task_4/install/my_custom_msgs/local/lib/python3.10/dist-packages/my_custom_msgs/msg'...
[2.496s] Compiling '/home/akshar/eyrc_hb/hb_task_4/install/my_custom_msgs/local/lib/python3.10/dist-packages/my_custom_msgs/msg/__init__.py'...
[2.496s] Compiling '/home/akshar/eyrc_hb/hb_task_4/install/my_custom_msgs/local/lib/python3.10/dist-packages/my_custom_msgs/msg/_wheel_vel.py'...
[2.499s] -- Installing: /home/akshar/eyrc_hb/hb_task_4/install/my_custom_msgs/local/lib/python3.10/dist-packages/my_custom_msgs/my_custom_msgs_s__rosidl_typesupport_fastrtps_c.cpython-310-x86_64-linux-gnu.so
[2.499s] -- Set runtime path of "/home/akshar/eyrc_hb/hb_task_4/install/my_custom_msgs/local/lib/python3.10/dist-packages/my_custom_msgs/my_custom_msgs_s__rosidl_typesupport_fastrtps_c.cpython-310-x86_64-linux-gnu.so" to ""
[2.499s] -- Installing: /home/akshar/eyrc_hb/hb_task_4/install/my_custom_msgs/local/lib/python3.10/dist-packages/my_custom_msgs/my_custom_msgs_s__rosidl_typesupport_introspection_c.cpython-310-x86_64-linux-gnu.so
[2.500s] -- Set runtime path of "/home/akshar/eyrc_hb/hb_task_4/install/my_custom_msgs/local/lib/python3.10/dist-packages/my_custom_msgs/my_custom_msgs_s__rosidl_typesupport_introspection_c.cpython-310-x86_64-linux-gnu.so" to ""
[2.500s] -- Installing: /home/akshar/eyrc_hb/hb_task_4/install/my_custom_msgs/local/lib/python3.10/dist-packages/my_custom_msgs/my_custom_msgs_s__rosidl_typesupport_c.cpython-310-x86_64-linux-gnu.so
[2.500s] -- Set runtime path of "/home/akshar/eyrc_hb/hb_task_4/install/my_custom_msgs/local/lib/python3.10/dist-packages/my_custom_msgs/my_custom_msgs_s__rosidl_typesupport_c.cpython-310-x86_64-linux-gnu.so" to ""
[2.500s] -- Installing: /home/akshar/eyrc_hb/hb_task_4/install/my_custom_msgs/lib/libmy_custom_msgs__rosidl_generator_py.so
[2.500s] -- Set runtime path of "/home/akshar/eyrc_hb/hb_task_4/install/my_custom_msgs/lib/libmy_custom_msgs__rosidl_generator_py.so" to ""
[2.500s] -- Installing: /home/akshar/eyrc_hb/hb_task_4/install/my_custom_msgs/share/my_custom_msgs/msg/WheelVel.idl
[2.501s] -- Installing: /home/akshar/eyrc_hb/hb_task_4/install/my_custom_msgs/share/my_custom_msgs/msg/WheelVel.msg
[2.501s] -- Installing: /home/akshar/eyrc_hb/hb_task_4/install/my_custom_msgs/share/ament_index/resource_index/package_run_dependencies/my_custom_msgs
[2.501s] -- Up-to-date: /home/akshar/eyrc_hb/hb_task_4/install/my_custom_msgs/share/ament_index/resource_index/parent_prefix_path/my_custom_msgs
[2.501s] -- Up-to-date: /home/akshar/eyrc_hb/hb_task_4/install/my_custom_msgs/share/my_custom_msgs/environment/ament_prefix_path.sh
[2.501s] -- Installing: /home/akshar/eyrc_hb/hb_task_4/install/my_custom_msgs/share/my_custom_msgs/environment/ament_prefix_path.dsv
[2.501s] -- Up-to-date: /home/akshar/eyrc_hb/hb_task_4/install/my_custom_msgs/share/my_custom_msgs/environment/path.sh
[2.501s] -- Installing: /home/akshar/eyrc_hb/hb_task_4/install/my_custom_msgs/share/my_custom_msgs/environment/path.dsv
[2.501s] -- Up-to-date: /home/akshar/eyrc_hb/hb_task_4/install/my_custom_msgs/share/my_custom_msgs/local_setup.bash
[2.501s] -- Installing: /home/akshar/eyrc_hb/hb_task_4/install/my_custom_msgs/share/my_custom_msgs/local_setup.sh
[2.501s] -- Up-to-date: /home/akshar/eyrc_hb/hb_task_4/install/my_custom_msgs/share/my_custom_msgs/local_setup.zsh
[2.501s] -- Installing: /home/akshar/eyrc_hb/hb_task_4/install/my_custom_msgs/share/my_custom_msgs/local_setup.dsv
[2.502s] -- Installing: /home/akshar/eyrc_hb/hb_task_4/install/my_custom_msgs/share/my_custom_msgs/package.dsv
[2.502s] -- Up-to-date: /home/akshar/eyrc_hb/hb_task_4/install/my_custom_msgs/share/ament_index/resource_index/packages/my_custom_msgs
[2.502s] -- Installing: /home/akshar/eyrc_hb/hb_task_4/install/my_custom_msgs/share/my_custom_msgs/cmake/export_my_custom_msgs__rosidl_generator_cExport.cmake
[2.502s] -- Installing: /home/akshar/eyrc_hb/hb_task_4/install/my_custom_msgs/share/my_custom_msgs/cmake/export_my_custom_msgs__rosidl_generator_cExport-noconfig.cmake
[2.502s] -- Installing: /home/akshar/eyrc_hb/hb_task_4/install/my_custom_msgs/share/my_custom_msgs/cmake/export_my_custom_msgs__rosidl_typesupport_fastrtps_cExport.cmake
[2.502s] -- Installing: /home/akshar/eyrc_hb/hb_task_4/install/my_custom_msgs/share/my_custom_msgs/cmake/export_my_custom_msgs__rosidl_typesupport_fastrtps_cExport-noconfig.cmake
[2.502s] -- Installing: /home/akshar/eyrc_hb/hb_task_4/install/my_custom_msgs/share/my_custom_msgs/cmake/my_custom_msgs__rosidl_typesupport_introspection_cExport.cmake
[2.503s] -- Installing: /home/akshar/eyrc_hb/hb_task_4/install/my_custom_msgs/share/my_custom_msgs/cmake/my_custom_msgs__rosidl_typesupport_introspection_cExport-noconfig.cmake
[2.503s] -- Installing: /home/akshar/eyrc_hb/hb_task_4/install/my_custom_msgs/share/my_custom_msgs/cmake/my_custom_msgs__rosidl_typesupport_cExport.cmake
[2.503s] -- Installing: /home/akshar/eyrc_hb/hb_task_4/install/my_custom_msgs/share/my_custom_msgs/cmake/my_custom_msgs__rosidl_typesupport_cExport-noconfig.cmake
[2.503s] -- Installing: /home/akshar/eyrc_hb/hb_task_4/install/my_custom_msgs/share/my_custom_msgs/cmake/export_my_custom_msgs__rosidl_generator_cppExport.cmake
[2.503s] -- Installing: /home/akshar/eyrc_hb/hb_task_4/install/my_custom_msgs/share/my_custom_msgs/cmake/export_my_custom_msgs__rosidl_typesupport_fastrtps_cppExport.cmake
[2.503s] -- Installing: /home/akshar/eyrc_hb/hb_task_4/install/my_custom_msgs/share/my_custom_msgs/cmake/export_my_custom_msgs__rosidl_typesupport_fastrtps_cppExport-noconfig.cmake
[2.503s] -- Installing: /home/akshar/eyrc_hb/hb_task_4/install/my_custom_msgs/share/my_custom_msgs/cmake/my_custom_msgs__rosidl_typesupport_introspection_cppExport.cmake
[2.504s] -- Installing: /home/akshar/eyrc_hb/hb_task_4/install/my_custom_msgs/share/my_custom_msgs/cmake/my_custom_msgs__rosidl_typesupport_introspection_cppExport-noconfig.cmake
[2.504s] -- Installing: /home/akshar/eyrc_hb/hb_task_4/install/my_custom_msgs/share/my_custom_msgs/cmake/my_custom_msgs__rosidl_typesupport_cppExport.cmake
[2.504s] -- Installing: /home/akshar/eyrc_hb/hb_task_4/install/my_custom_msgs/share/my_custom_msgs/cmake/my_custom_msgs__rosidl_typesupport_cppExport-noconfig.cmake
[2.504s] -- Installing: /home/akshar/eyrc_hb/hb_task_4/install/my_custom_msgs/share/my_custom_msgs/cmake/export_my_custom_msgs__rosidl_generator_pyExport.cmake
[2.504s] -- Installing: /home/akshar/eyrc_hb/hb_task_4/install/my_custom_msgs/share/my_custom_msgs/cmake/export_my_custom_msgs__rosidl_generator_pyExport-noconfig.cmake
[2.504s] -- Installing: /home/akshar/eyrc_hb/hb_task_4/install/my_custom_msgs/share/my_custom_msgs/cmake/rosidl_cmake-extras.cmake
[2.504s] -- Installing: /home/akshar/eyrc_hb/hb_task_4/install/my_custom_msgs/share/my_custom_msgs/cmake/ament_cmake_export_include_directories-extras.cmake
[2.505s] -- Installing: /home/akshar/eyrc_hb/hb_task_4/install/my_custom_msgs/share/my_custom_msgs/cmake/ament_cmake_export_libraries-extras.cmake
[2.505s] -- Installing: /home/akshar/eyrc_hb/hb_task_4/install/my_custom_msgs/share/my_custom_msgs/cmake/ament_cmake_export_targets-extras.cmake
[2.505s] -- Installing: /home/akshar/eyrc_hb/hb_task_4/install/my_custom_msgs/share/my_custom_msgs/cmake/rosidl_cmake_export_typesupport_targets-extras.cmake
[2.505s] -- Installing: /home/akshar/eyrc_hb/hb_task_4/install/my_custom_msgs/share/my_custom_msgs/cmake/ament_cmake_export_dependencies-extras.cmake
[2.505s] -- Installing: /home/akshar/eyrc_hb/hb_task_4/install/my_custom_msgs/share/my_custom_msgs/cmake/rosidl_cmake_export_typesupport_libraries-extras.cmake
[2.505s] -- Installing: /home/akshar/eyrc_hb/hb_task_4/install/my_custom_msgs/share/my_custom_msgs/cmake/my_custom_msgsConfig.cmake
[2.505s] -- Up-to-date: /home/akshar/eyrc_hb/hb_task_4/install/my_custom_msgs/share/my_custom_msgs/cmake/my_custom_msgsConfig-version.cmake
[2.505s] -- Installing: /home/akshar/eyrc_hb/hb_task_4/install/my_custom_msgs/share/my_custom_msgs/package.xml
[2.508s] Invoked command in '/home/akshar/eyrc_hb/hb_task_4/build/my_custom_msgs' returned '0': CMAKE_PREFIX_PATH=/opt/ros/humble /usr/bin/cmake --install /home/akshar/eyrc_hb/hb_task_4/build/my_custom_msgs
