[0.768s] Invoking command in '/home/akshar/eyrc_hb/hb_task_2_ws/build/hb_world': CMAKE_PREFIX_PATH=${CMAKE_PREFIX_PATH}:/home/akshar/eyrc_hb/hb_task_2_ws/install/hb_task2b:/home/akshar/eyrc_hb/hb_task_2_ws/install/hb_task2a:/opt/ros/humble /usr/bin/cmake --build /home/akshar/eyrc_hb/hb_task_2_ws/build/hb_world -- -j16 -l16
[0.797s] -- Found ament_cmake: 1.3.5 (/opt/ros/humble/share/ament_cmake/cmake)
[0.985s] -- Found rclcpp: 16.0.6 (/opt/ros/humble/share/rclcpp/cmake)
[1.021s] -- Found rosidl_generator_c: 3.1.5 (/opt/ros/humble/share/rosidl_generator_c/cmake)
[1.024s] -- Found rosidl_adapter: 3.1.5 (/opt/ros/humble/share/rosidl_adapter/cmake)
[1.030s] -- Found rosidl_generator_cpp: 3.1.5 (/opt/ros/humble/share/rosidl_generator_cpp/cmake)
[1.049s] -- Using all available rosidl_typesupport_c: rosidl_typesupport_fastrtps_c;rosidl_typesupport_introspection_c
[1.067s] -- Using all available rosidl_typesupport_cpp: rosidl_typesupport_fastrtps_cpp;rosidl_typesupport_introspection_cpp
[1.125s] -- Found rmw_implementation_cmake: 6.1.1 (/opt/ros/humble/share/rmw_implementation_cmake/cmake)
[1.126s] -- Found rmw_fastrtps_cpp: 6.2.4 (/opt/ros/humble/share/rmw_fastrtps_cpp/cmake)
[1.280s] -- Using RMW implementation 'rmw_fastrtps_cpp' as default
[1.432s] -- Found rclpy: 3.3.10 (/opt/ros/humble/share/rclpy/cmake)
[1.432s] -- Found urdf: 2.6.0 (/opt/ros/humble/share/urdf/cmake)
[1.462s] -- Found xacro: 2.0.8 (/opt/ros/humble/share/xacro/cmake)
[1.462s] -- Found ament_lint_auto: 0.12.8 (/opt/ros/humble/share/ament_lint_auto/cmake)
[1.555s] -- Added test 'flake8' to check Python code syntax and style conventions
[1.555s] -- Added test 'lint_cmake' to check CMake code style
[1.556s] -- Added test 'pep257' to check Python code against some of the docstring style conventions in PEP 257
[1.559s] -- Added test 'xmllint' to check XML markup files
[1.562s] -- Configuring done
[1.572s] -- Generating done
[1.574s] -- Build files have been written to: /home/akshar/eyrc_hb/hb_task_2_ws/build/hb_world
[1.669s] Invoked command in '/home/akshar/eyrc_hb/hb_task_2_ws/build/hb_world' returned '0': CMAKE_PREFIX_PATH=${CMAKE_PREFIX_PATH}:/home/akshar/eyrc_hb/hb_task_2_ws/install/hb_task2b:/home/akshar/eyrc_hb/hb_task_2_ws/install/hb_task2a:/opt/ros/humble /usr/bin/cmake --build /home/akshar/eyrc_hb/hb_task_2_ws/build/hb_world -- -j16 -l16
[1.717s] Invoking command in '/home/akshar/eyrc_hb/hb_task_2_ws/build/hb_world': CMAKE_PREFIX_PATH=${CMAKE_PREFIX_PATH}:/home/akshar/eyrc_hb/hb_task_2_ws/install/hb_task2b:/home/akshar/eyrc_hb/hb_task_2_ws/install/hb_task2a:/opt/ros/humble /usr/bin/cmake --install /home/akshar/eyrc_hb/hb_task_2_ws/build/hb_world
[1.727s] -- Install configuration: ""
[1.727s] -- Up-to-date: /home/akshar/eyrc_hb/hb_task_2_ws/install/hb_world/share/hb_world//launch
[1.727s] -- Installing: /home/akshar/eyrc_hb/hb_task_2_ws/install/hb_world/share/hb_world//launch/world.launch.py
[1.727s] -- Up-to-date: /home/akshar/eyrc_hb/hb_task_2_ws/install/hb_world/share/hb_world//worlds
[1.727s] -- Installing: /home/akshar/eyrc_hb/hb_task_2_ws/install/hb_world/share/hb_world//worlds/gazebo.world
[1.727s] -- Up-to-date: /home/akshar/eyrc_hb/hb_task_2_ws/install/hb_world/share/hb_world//models
[1.727s] -- Up-to-date: /home/akshar/eyrc_hb/hb_task_2_ws/install/hb_world/share/hb_world//models/e_camera
[1.728s] -- Installing: /home/akshar/eyrc_hb/hb_task_2_ws/install/hb_world/share/hb_world//models/e_camera/model.config
[1.728s] -- Up-to-date: /home/akshar/eyrc_hb/hb_task_2_ws/install/hb_world/share/hb_world//models/e_camera/meshes
[1.728s] -- Installing: /home/akshar/eyrc_hb/hb_task_2_ws/install/hb_world/share/hb_world//models/e_camera/meshes/camera.dae
[1.729s] -- Installing: /home/akshar/eyrc_hb/hb_task_2_ws/install/hb_world/share/hb_world//models/e_camera/meshes/17eyantra_logo_large e.png
[1.729s] -- Installing: /home/akshar/eyrc_hb/hb_task_2_ws/install/hb_world/share/hb_world//models/e_camera/model.sdf
[1.729s] -- Up-to-date: /home/akshar/eyrc_hb/hb_task_2_ws/install/hb_world/share/hb_world//models/ground_surface
[1.729s] -- Installing: /home/akshar/eyrc_hb/hb_task_2_ws/install/hb_world/share/hb_world//models/ground_surface/model.config
[1.729s] -- Up-to-date: /home/akshar/eyrc_hb/hb_task_2_ws/install/hb_world/share/hb_world//models/ground_surface/meshes
[1.730s] -- Installing: /home/akshar/eyrc_hb/hb_task_2_ws/install/hb_world/share/hb_world//models/ground_surface/meshes/ground_surface.dae
[1.730s] -- Installing: /home/akshar/eyrc_hb/hb_task_2_ws/install/hb_world/share/hb_world//models/ground_surface/meshes/geoglyph.jpg
[1.730s] -- Installing: /home/akshar/eyrc_hb/hb_task_2_ws/install/hb_world/share/hb_world//models/ground_surface/model.sdf
[1.731s] -- Up-to-date: /home/akshar/eyrc_hb/hb_task_2_ws/install/hb_world/share/hb_world//models/arena
[1.731s] -- Installing: /home/akshar/eyrc_hb/hb_task_2_ws/install/hb_world/share/hb_world//models/arena/model.config
[1.731s] -- Up-to-date: /home/akshar/eyrc_hb/hb_task_2_ws/install/hb_world/share/hb_world//models/arena/meshes
[1.731s] -- Installing: /home/akshar/eyrc_hb/hb_task_2_ws/install/hb_world/share/hb_world//models/arena/meshes/arena.dae
[1.731s] -- Installing: /home/akshar/eyrc_hb/hb_task_2_ws/install/hb_world/share/hb_world//models/arena/meshes/arena.jpg
[1.731s] -- Installing: /home/akshar/eyrc_hb/hb_task_2_ws/install/hb_world/share/hb_world//models/arena/model.sdf
[1.732s] -- Up-to-date: /home/akshar/eyrc_hb/hb_task_2_ws/install/hb_world/share/ament_index/resource_index/package_run_dependencies/hb_world
[1.732s] -- Installing: /home/akshar/eyrc_hb/hb_task_2_ws/install/hb_world/share/ament_index/resource_index/parent_prefix_path/hb_world
[1.732s] -- Up-to-date: /home/akshar/eyrc_hb/hb_task_2_ws/install/hb_world/share/hb_world/environment/ament_prefix_path.sh
[1.732s] -- Installing: /home/akshar/eyrc_hb/hb_task_2_ws/install/hb_world/share/hb_world/environment/ament_prefix_path.dsv
[1.732s] -- Up-to-date: /home/akshar/eyrc_hb/hb_task_2_ws/install/hb_world/share/hb_world/environment/path.sh
[1.732s] -- Installing: /home/akshar/eyrc_hb/hb_task_2_ws/install/hb_world/share/hb_world/environment/path.dsv
[1.732s] -- Up-to-date: /home/akshar/eyrc_hb/hb_task_2_ws/install/hb_world/share/hb_world/local_setup.bash
[1.732s] -- Up-to-date: /home/akshar/eyrc_hb/hb_task_2_ws/install/hb_world/share/hb_world/local_setup.sh
[1.733s] -- Up-to-date: /home/akshar/eyrc_hb/hb_task_2_ws/install/hb_world/share/hb_world/local_setup.zsh
[1.733s] -- Installing: /home/akshar/eyrc_hb/hb_task_2_ws/install/hb_world/share/hb_world/local_setup.dsv
[1.733s] -- Installing: /home/akshar/eyrc_hb/hb_task_2_ws/install/hb_world/share/hb_world/package.dsv
[1.733s] -- Up-to-date: /home/akshar/eyrc_hb/hb_task_2_ws/install/hb_world/share/ament_index/resource_index/packages/hb_world
[1.733s] -- Up-to-date: /home/akshar/eyrc_hb/hb_task_2_ws/install/hb_world/share/hb_world/cmake/hb_worldConfig.cmake
[1.733s] -- Up-to-date: /home/akshar/eyrc_hb/hb_task_2_ws/install/hb_world/share/hb_world/cmake/hb_worldConfig-version.cmake
[1.733s] -- Installing: /home/akshar/eyrc_hb/hb_task_2_ws/install/hb_world/share/hb_world/package.xml
[1.738s] Invoked command in '/home/akshar/eyrc_hb/hb_task_2_ws/build/hb_world' returned '0': CMAKE_PREFIX_PATH=${CMAKE_PREFIX_PATH}:/home/akshar/eyrc_hb/hb_task_2_ws/install/hb_task2b:/home/akshar/eyrc_hb/hb_task_2_ws/install/hb_task2a:/opt/ros/humble /usr/bin/cmake --install /home/akshar/eyrc_hb/hb_task_2_ws/build/hb_world
