[0.684s] Invoking command in '/home/akshar/eyrc_hb/hb_task_4/src/hb_task4': PYTHONPATH=/home/akshar/eyrc_hb/hb_task_4/build/hb_task4/prefix_override:/home/akshar/eyrc_hb/hb_task_4/install/hb_task4/lib/python3.10/site-packages:${PYTHONPATH} /usr/bin/python3 setup.py egg_info --egg-base ../../build/hb_task4 build --build-base /home/akshar/eyrc_hb/hb_task_4/build/hb_task4/build install --record /home/akshar/eyrc_hb/hb_task_4/build/hb_task4/install.log --single-version-externally-managed
[0.859s] running egg_info
[0.860s] writing ../../build/hb_task4/hb_task4.egg-info/PKG-INFO
[0.860s] writing dependency_links to ../../build/hb_task4/hb_task4.egg-info/dependency_links.txt
[0.861s] writing entry points to ../../build/hb_task4/hb_task4.egg-info/entry_points.txt
[0.861s] writing requirements to ../../build/hb_task4/hb_task4.egg-info/requires.txt
[0.861s] writing top-level names to ../../build/hb_task4/hb_task4.egg-info/top_level.txt
[0.862s] reading manifest file '../../build/hb_task4/hb_task4.egg-info/SOURCES.txt'
[0.863s] writing manifest file '../../build/hb_task4/hb_task4.egg-info/SOURCES.txt'
[0.863s] running build
[0.863s] running build_py
[0.863s] copying hb_task4/publish_test.py -> /home/akshar/eyrc_hb/hb_task_4/build/hb_task4/build/lib/hb_task4
[0.863s] running install
[0.864s] /usr/lib/python3/dist-packages/setuptools/command/install.py:34: SetuptoolsDeprecationWarning: setup.py install is deprecated. Use build and pip and other standards-based tools.
[0.864s]   warnings.warn(
[0.864s] running install_lib
[0.864s] copying /home/akshar/eyrc_hb/hb_task_4/build/hb_task4/build/lib/hb_task4/publish_test.py -> /home/akshar/eyrc_hb/hb_task_4/install/hb_task4/lib/python3.10/site-packages/hb_task4
[0.865s] byte-compiling /home/akshar/eyrc_hb/hb_task_4/install/hb_task4/lib/python3.10/site-packages/hb_task4/publish_test.py to publish_test.cpython-310.pyc
[0.866s] running install_data
[0.867s] running install_egg_info
[0.868s] removing '/home/akshar/eyrc_hb/hb_task_4/install/hb_task4/lib/python3.10/site-packages/hb_task4-0.0.0-py3.10.egg-info' (and everything under it)
[0.868s] Copying ../../build/hb_task4/hb_task4.egg-info to /home/akshar/eyrc_hb/hb_task_4/install/hb_task4/lib/python3.10/site-packages/hb_task4-0.0.0-py3.10.egg-info
[0.869s] running install_scripts
[0.885s] Installing feedback script to /home/akshar/eyrc_hb/hb_task_4/install/hb_task4/lib/hb_task4
[0.885s] Installing subs script to /home/akshar/eyrc_hb/hb_task_4/install/hb_task4/lib/hb_task4
[0.885s] Installing test script to /home/akshar/eyrc_hb/hb_task_4/install/hb_task4/lib/hb_task4
[0.885s] writing list of installed files to '/home/akshar/eyrc_hb/hb_task_4/build/hb_task4/install.log'
[0.904s] Invoked command in '/home/akshar/eyrc_hb/hb_task_4/src/hb_task4' returned '0': PYTHONPATH=/home/akshar/eyrc_hb/hb_task_4/build/hb_task4/prefix_override:/home/akshar/eyrc_hb/hb_task_4/install/hb_task4/lib/python3.10/site-packages:${PYTHONPATH} /usr/bin/python3 setup.py egg_info --egg-base ../../build/hb_task4 build --build-base /home/akshar/eyrc_hb/hb_task_4/build/hb_task4/build install --record /home/akshar/eyrc_hb/hb_task_4/build/hb_task4/install.log --single-version-externally-managed
