[0.762s] Invoking command in '/home/akshar/eyrc_hb/hb_task5_ws/src/hb_task5a': PYTHONPATH=/home/akshar/eyrc_hb/hb_task5_ws/build/hb_task5a/prefix_override:/home/akshar/eyrc_hb/hb_task5_ws/install/hb_task5a/lib/python3.10/site-packages:${PYTHONPATH} /usr/bin/python3 setup.py egg_info --egg-base ../../build/hb_task5a build --build-base /home/akshar/eyrc_hb/hb_task5_ws/build/hb_task5a/build install --record /home/akshar/eyrc_hb/hb_task5_ws/build/hb_task5a/install.log --single-version-externally-managed
[0.979s] running egg_info
[0.980s] writing ../../build/hb_task5a/hb_task5a.egg-info/PKG-INFO
[0.981s] writing dependency_links to ../../build/hb_task5a/hb_task5a.egg-info/dependency_links.txt
[0.981s] writing entry points to ../../build/hb_task5a/hb_task5a.egg-info/entry_points.txt
[0.981s] writing requirements to ../../build/hb_task5a/hb_task5a.egg-info/requires.txt
[0.981s] writing top-level names to ../../build/hb_task5a/hb_task5a.egg-info/top_level.txt
[0.983s] reading manifest file '../../build/hb_task5a/hb_task5a.egg-info/SOURCES.txt'
[0.984s] writing manifest file '../../build/hb_task5a/hb_task5a.egg-info/SOURCES.txt'
[0.985s] running build
[0.986s] running build_py
[0.986s] /usr/lib/python3/dist-packages/setuptools/command/install.py:34: SetuptoolsDeprecationWarning: setup.py install is deprecated. Use build and pip and other standards-based tools.
[0.986s]   warnings.warn(
[0.986s] running install
[0.987s] running install_lib
[0.987s] running install_data
[0.987s] running install_egg_info
[0.990s] removing '/home/akshar/eyrc_hb/hb_task5_ws/install/hb_task5a/lib/python3.10/site-packages/hb_task5a-0.0.0-py3.10.egg-info' (and everything under it)
[0.990s] Copying ../../build/hb_task5a/hb_task5a.egg-info to /home/akshar/eyrc_hb/hb_task5_ws/install/hb_task5a/lib/python3.10/site-packages/hb_task5a-0.0.0-py3.10.egg-info
[0.992s] running install_scripts
[1.013s] Installing controller script to /home/akshar/eyrc_hb/hb_task5_ws/install/hb_task5a/lib/hb_task5a
[1.013s] Installing feedback script to /home/akshar/eyrc_hb/hb_task5_ws/install/hb_task5a/lib/hb_task5a
[1.013s] Installing nextgoal script to /home/akshar/eyrc_hb/hb_task5_ws/install/hb_task5a/lib/hb_task5a
[1.013s] writing list of installed files to '/home/akshar/eyrc_hb/hb_task5_ws/build/hb_task5a/install.log'
[1.060s] Invoked command in '/home/akshar/eyrc_hb/hb_task5_ws/src/hb_task5a' returned '0': PYTHONPATH=/home/akshar/eyrc_hb/hb_task5_ws/build/hb_task5a/prefix_override:/home/akshar/eyrc_hb/hb_task5_ws/install/hb_task5a/lib/python3.10/site-packages:${PYTHONPATH} /usr/bin/python3 setup.py egg_info --egg-base ../../build/hb_task5a build --build-base /home/akshar/eyrc_hb/hb_task5_ws/build/hb_task5a/build install --record /home/akshar/eyrc_hb/hb_task5_ws/build/hb_task5a/install.log --single-version-externally-managed
