[0.327s] Invoking command in '/home/akshar/eyrc_hb/hb_task_2_ws/build/hb_bot': CMAKE_PREFIX_PATH=${CMAKE_PREFIX_PATH}:/home/akshar/eyrc_hb/hb_task_2_ws/install/hb_task2b:/home/akshar/eyrc_hb/hb_task_2_ws/install/hb_task2a:/opt/ros/humble /usr/bin/cmake --build /home/akshar/eyrc_hb/hb_task_2_ws/build/hb_bot -- -j16 -l16
[0.957s] -- Found ament_cmake: 1.3.5 (/opt/ros/humble/share/ament_cmake/cmake)
[0.958s] -- Found rclcpp: 16.0.6 (/opt/ros/humble/share/rclcpp/cmake)
[0.958s] -- Found rosidl_generator_c: 3.1.5 (/opt/ros/humble/share/rosidl_generator_c/cmake)
[0.958s] -- Found rosidl_adapter: 3.1.5 (/opt/ros/humble/share/rosidl_adapter/cmake)
[0.958s] -- Found rosidl_generator_cpp: 3.1.5 (/opt/ros/humble/share/rosidl_generator_cpp/cmake)
[0.958s] -- Using all available rosidl_typesupport_c: rosidl_typesupport_fastrtps_c;rosidl_typesupport_introspection_c
[0.958s] -- Using all available rosidl_typesupport_cpp: rosidl_typesupport_fastrtps_cpp;rosidl_typesupport_introspection_cpp
[0.959s] -- Found rmw_implementation_cmake: 6.1.1 (/opt/ros/humble/share/rmw_implementation_cmake/cmake)
[0.959s] -- Found rmw_fastrtps_cpp: 6.2.4 (/opt/ros/humble/share/rmw_fastrtps_cpp/cmake)
[0.959s] -- Using RMW implementation 'rmw_fastrtps_cpp' as default
[1.053s] -- Found rclpy: 3.3.10 (/opt/ros/humble/share/rclpy/cmake)
[1.054s] -- Found urdf: 2.6.0 (/opt/ros/humble/share/urdf/cmake)
[1.087s] -- Found xacro: 2.0.8 (/opt/ros/humble/share/xacro/cmake)
[1.088s] -- Found ament_lint_auto: 0.12.8 (/opt/ros/humble/share/ament_lint_auto/cmake)
[1.188s] -- Added test 'flake8' to check Python code syntax and style conventions
[1.189s] -- Added test 'lint_cmake' to check CMake code style
[1.189s] -- Added test 'pep257' to check Python code against some of the docstring style conventions in PEP 257
[1.191s] -- Added test 'xmllint' to check XML markup files
[1.193s] -- Configuring done
[1.203s] -- Generating done
[1.205s] -- Build files have been written to: /home/akshar/eyrc_hb/hb_task_2_ws/build/hb_bot
[1.254s] Invoked command in '/home/akshar/eyrc_hb/hb_task_2_ws/build/hb_bot' returned '0': CMAKE_PREFIX_PATH=${CMAKE_PREFIX_PATH}:/home/akshar/eyrc_hb/hb_task_2_ws/install/hb_task2b:/home/akshar/eyrc_hb/hb_task_2_ws/install/hb_task2a:/opt/ros/humble /usr/bin/cmake --build /home/akshar/eyrc_hb/hb_task_2_ws/build/hb_bot -- -j16 -l16
[1.296s] Invoking command in '/home/akshar/eyrc_hb/hb_task_2_ws/build/hb_bot': CMAKE_PREFIX_PATH=${CMAKE_PREFIX_PATH}:/home/akshar/eyrc_hb/hb_task_2_ws/install/hb_task2b:/home/akshar/eyrc_hb/hb_task_2_ws/install/hb_task2a:/opt/ros/humble /usr/bin/cmake --install /home/akshar/eyrc_hb/hb_task_2_ws/build/hb_bot
[1.306s] -- Install configuration: ""
[1.306s] -- Up-to-date: /home/akshar/eyrc_hb/hb_task_2_ws/install/hb_bot/share/hb_bot//launch
[1.307s] -- Installing: /home/akshar/eyrc_hb/hb_task_2_ws/install/hb_bot/share/hb_bot//launch/multi_bot_spawn.launch.py
[1.307s] -- Installing: /home/akshar/eyrc_hb/hb_task_2_ws/install/hb_bot/share/hb_bot//launch/Spawn_bot.launch.py
[1.307s] -- Up-to-date: /home/akshar/eyrc_hb/hb_task_2_ws/install/hb_bot/share/hb_bot//meshes
[1.307s] -- Installing: /home/akshar/eyrc_hb/hb_task_2_ws/install/hb_bot/share/hb_bot//meshes/bot_1.jpg.001.jpg
[1.307s] -- Installing: /home/akshar/eyrc_hb/hb_task_2_ws/install/hb_bot/share/hb_bot//meshes/bot_2.jpg.001.jpg
[1.307s] -- Installing: /home/akshar/eyrc_hb/hb_task_2_ws/install/hb_bot/share/hb_bot//meshes/bot_1.dae
[1.313s] -- Installing: /home/akshar/eyrc_hb/hb_task_2_ws/install/hb_bot/share/hb_bot//meshes/bot_3.jpg.001.jpg
[1.313s] -- Installing: /home/akshar/eyrc_hb/hb_task_2_ws/install/hb_bot/share/hb_bot//meshes/bot_3.dae
[1.318s] -- Installing: /home/akshar/eyrc_hb/hb_task_2_ws/install/hb_bot/share/hb_bot//meshes/bot_2.dae
[1.324s] -- Installing: /home/akshar/eyrc_hb/hb_task_2_ws/install/hb_bot/share/hb_bot//meshes/bot_1.jpg
[1.325s] -- Installing: /home/akshar/eyrc_hb/hb_task_2_ws/install/hb_bot/share/hb_bot//meshes/bot_3.jpg
[1.325s] -- Installing: /home/akshar/eyrc_hb/hb_task_2_ws/install/hb_bot/share/hb_bot//meshes/bot_2.jpg
[1.326s] -- Installing: /home/akshar/eyrc_hb/hb_task_2_ws/install/hb_bot/share/hb_bot//meshes/wheel.stl
[1.348s] -- Up-to-date: /home/akshar/eyrc_hb/hb_task_2_ws/install/hb_bot/share/hb_bot//urdf
[1.348s] -- Installing: /home/akshar/eyrc_hb/hb_task_2_ws/install/hb_bot/share/hb_bot//urdf/materials.xacro
[1.348s] -- Installing: /home/akshar/eyrc_hb/hb_task_2_ws/install/hb_bot/share/hb_bot//urdf/hb_bot_1.urdf.xacro
[1.348s] -- Installing: /home/akshar/eyrc_hb/hb_task_2_ws/install/hb_bot/share/hb_bot//urdf/hb_bot_2.urdf.xacro
[1.348s] -- Installing: /home/akshar/eyrc_hb/hb_task_2_ws/install/hb_bot/share/hb_bot//urdf/hb_bot_3.urdf.xacro
[1.349s] -- Up-to-date: /home/akshar/eyrc_hb/hb_task_2_ws/install/hb_bot/share/ament_index/resource_index/package_run_dependencies/hb_bot
[1.349s] -- Installing: /home/akshar/eyrc_hb/hb_task_2_ws/install/hb_bot/share/ament_index/resource_index/parent_prefix_path/hb_bot
[1.349s] -- Up-to-date: /home/akshar/eyrc_hb/hb_task_2_ws/install/hb_bot/share/hb_bot/environment/ament_prefix_path.sh
[1.349s] -- Installing: /home/akshar/eyrc_hb/hb_task_2_ws/install/hb_bot/share/hb_bot/environment/ament_prefix_path.dsv
[1.349s] -- Up-to-date: /home/akshar/eyrc_hb/hb_task_2_ws/install/hb_bot/share/hb_bot/environment/path.sh
[1.349s] -- Installing: /home/akshar/eyrc_hb/hb_task_2_ws/install/hb_bot/share/hb_bot/environment/path.dsv
[1.350s] -- Up-to-date: /home/akshar/eyrc_hb/hb_task_2_ws/install/hb_bot/share/hb_bot/local_setup.bash
[1.350s] -- Up-to-date: /home/akshar/eyrc_hb/hb_task_2_ws/install/hb_bot/share/hb_bot/local_setup.sh
[1.350s] -- Up-to-date: /home/akshar/eyrc_hb/hb_task_2_ws/install/hb_bot/share/hb_bot/local_setup.zsh
[1.350s] -- Installing: /home/akshar/eyrc_hb/hb_task_2_ws/install/hb_bot/share/hb_bot/local_setup.dsv
[1.350s] -- Installing: /home/akshar/eyrc_hb/hb_task_2_ws/install/hb_bot/share/hb_bot/package.dsv
[1.350s] -- Up-to-date: /home/akshar/eyrc_hb/hb_task_2_ws/install/hb_bot/share/ament_index/resource_index/packages/hb_bot
[1.350s] -- Up-to-date: /home/akshar/eyrc_hb/hb_task_2_ws/install/hb_bot/share/hb_bot/cmake/hb_botConfig.cmake
[1.351s] -- Up-to-date: /home/akshar/eyrc_hb/hb_task_2_ws/install/hb_bot/share/hb_bot/cmake/hb_botConfig-version.cmake
[1.351s] -- Installing: /home/akshar/eyrc_hb/hb_task_2_ws/install/hb_bot/share/hb_bot/package.xml
[1.354s] Invoked command in '/home/akshar/eyrc_hb/hb_task_2_ws/build/hb_bot' returned '0': CMAKE_PREFIX_PATH=${CMAKE_PREFIX_PATH}:/home/akshar/eyrc_hb/hb_task_2_ws/install/hb_task2b:/home/akshar/eyrc_hb/hb_task_2_ws/install/hb_task2a:/opt/ros/humble /usr/bin/cmake --install /home/akshar/eyrc_hb/hb_task_2_ws/build/hb_bot
