[0.778s] Invoking command in '/home/akshar/eyrc_hb/hb_task_2_ws/src/hb_task2a': PYTHONPATH=/home/akshar/eyrc_hb/hb_task_2_ws/build/hb_task2a/prefix_override:/home/akshar/eyrc_hb/hb_task_2_ws/install/hb_task2a/lib/python3.10/site-packages:${PYTHONPATH} /usr/bin/python3 setup.py egg_info --egg-base ../../build/hb_task2a build --build-base /home/akshar/eyrc_hb/hb_task_2_ws/build/hb_task2a/build install --record /home/akshar/eyrc_hb/hb_task_2_ws/build/hb_task2a/install.log --single-version-externally-managed
[0.970s] running egg_info
[0.970s] writing ../../build/hb_task2a/hb_task2a.egg-info/PKG-INFO
[0.971s] writing dependency_links to ../../build/hb_task2a/hb_task2a.egg-info/dependency_links.txt
[0.971s] writing entry points to ../../build/hb_task2a/hb_task2a.egg-info/entry_points.txt
[0.971s] writing requirements to ../../build/hb_task2a/hb_task2a.egg-info/requires.txt
[0.971s] writing top-level names to ../../build/hb_task2a/hb_task2a.egg-info/top_level.txt
[0.972s] reading manifest file '../../build/hb_task2a/hb_task2a.egg-info/SOURCES.txt'
[0.973s] writing manifest file '../../build/hb_task2a/hb_task2a.egg-info/SOURCES.txt'
[0.973s] running build
[0.974s] running build_py
[0.974s] running install
[0.974s] /usr/lib/python3/dist-packages/setuptools/command/install.py:34: SetuptoolsDeprecationWarning: setup.py install is deprecated. Use build and pip and other standards-based tools.
[0.974s]   warnings.warn(
[0.974s] running install_lib
[0.975s] running install_data
[0.975s] copying scripts/okokok.py -> /home/akshar/eyrc_hb/hb_task_2_ws/install/hb_task2a/share/hb_task2a/scripts
[0.976s] copying scripts/feedback.py -> /home/akshar/eyrc_hb/hb_task_2_ws/install/hb_task2a/share/hb_task2a/scripts
[0.976s] running install_egg_info
[0.977s] removing '/home/akshar/eyrc_hb/hb_task_2_ws/install/hb_task2a/lib/python3.10/site-packages/hb_task2a-0.0.0-py3.10.egg-info' (and everything under it)
[0.978s] Copying ../../build/hb_task2a/hb_task2a.egg-info to /home/akshar/eyrc_hb/hb_task_2_ws/install/hb_task2a/lib/python3.10/site-packages/hb_task2a-0.0.0-py3.10.egg-info
[0.978s] running install_scripts
[0.995s] Installing feedback script to /home/akshar/eyrc_hb/hb_task_2_ws/install/hb_task2a/lib/hb_task2a
[0.996s] Installing task2a.launch.py script to /home/akshar/eyrc_hb/hb_task_2_ws/install/hb_task2a/lib/hb_task2a
[0.996s] writing list of installed files to '/home/akshar/eyrc_hb/hb_task_2_ws/build/hb_task2a/install.log'
[1.022s] Invoked command in '/home/akshar/eyrc_hb/hb_task_2_ws/src/hb_task2a' returned '0': PYTHONPATH=/home/akshar/eyrc_hb/hb_task_2_ws/build/hb_task2a/prefix_override:/home/akshar/eyrc_hb/hb_task_2_ws/install/hb_task2a/lib/python3.10/site-packages:${PYTHONPATH} /usr/bin/python3 setup.py egg_info --egg-base ../../build/hb_task2a build --build-base /home/akshar/eyrc_hb/hb_task_2_ws/build/hb_task2a/build install --record /home/akshar/eyrc_hb/hb_task_2_ws/build/hb_task2a/install.log --single-version-externally-managed
