[0.785s] Invoking command in '/home/akshar/eyrc_hb/hb_task_2_ws/src/hb_task2a': PYTHONPATH=/home/akshar/eyrc_hb/hb_task_2_ws/build/hb_task2a/prefix_override:/home/akshar/eyrc_hb/hb_task_2_ws/install/hb_task2a/lib/python3.10/site-packages:${PYTHONPATH} /usr/bin/python3 setup.py egg_info --egg-base ../../build/hb_task2a build --build-base /home/akshar/eyrc_hb/hb_task_2_ws/build/hb_task2a/build install --record /home/akshar/eyrc_hb/hb_task_2_ws/build/hb_task2a/install.log --single-version-externally-managed
[0.982s] running egg_info
[0.983s] writing ../../build/hb_task2a/hb_task2a.egg-info/PKG-INFO
[0.983s] writing dependency_links to ../../build/hb_task2a/hb_task2a.egg-info/dependency_links.txt
[0.983s] writing entry points to ../../build/hb_task2a/hb_task2a.egg-info/entry_points.txt
[0.984s] writing requirements to ../../build/hb_task2a/hb_task2a.egg-info/requires.txt
[0.984s] writing top-level names to ../../build/hb_task2a/hb_task2a.egg-info/top_level.txt
[0.985s] reading manifest file '../../build/hb_task2a/hb_task2a.egg-info/SOURCES.txt'
[0.986s] writing manifest file '../../build/hb_task2a/hb_task2a.egg-info/SOURCES.txt'
[0.986s] running build
[0.986s] running build_py
[0.986s] running install
[0.986s] /usr/lib/python3/dist-packages/setuptools/command/install.py:34: SetuptoolsDeprecationWarning: setup.py install is deprecated. Use build and pip and other standards-based tools.
[0.986s]   warnings.warn(
[0.986s] running install_lib
[0.987s] running install_data
[0.988s] copying scripts/feedback.py -> /home/akshar/eyrc_hb/hb_task_2_ws/install/hb_task2a/share/hb_task2a/scripts
[0.988s] running install_egg_info
[0.989s] removing '/home/akshar/eyrc_hb/hb_task_2_ws/install/hb_task2a/lib/python3.10/site-packages/hb_task2a-0.0.0-py3.10.egg-info' (and everything under it)
[0.990s] Copying ../../build/hb_task2a/hb_task2a.egg-info to /home/akshar/eyrc_hb/hb_task_2_ws/install/hb_task2a/lib/python3.10/site-packages/hb_task2a-0.0.0-py3.10.egg-info
[0.991s] running install_scripts
[1.008s] Installing feedback script to /home/akshar/eyrc_hb/hb_task_2_ws/install/hb_task2a/lib/hb_task2a
[1.008s] Installing task2a.launch.py script to /home/akshar/eyrc_hb/hb_task_2_ws/install/hb_task2a/lib/hb_task2a
[1.008s] writing list of installed files to '/home/akshar/eyrc_hb/hb_task_2_ws/build/hb_task2a/install.log'
[1.032s] Invoked command in '/home/akshar/eyrc_hb/hb_task_2_ws/src/hb_task2a' returned '0': PYTHONPATH=/home/akshar/eyrc_hb/hb_task_2_ws/build/hb_task2a/prefix_override:/home/akshar/eyrc_hb/hb_task_2_ws/install/hb_task2a/lib/python3.10/site-packages:${PYTHONPATH} /usr/bin/python3 setup.py egg_info --egg-base ../../build/hb_task2a build --build-base /home/akshar/eyrc_hb/hb_task_2_ws/build/hb_task2a/build install --record /home/akshar/eyrc_hb/hb_task_2_ws/build/hb_task2a/install.log --single-version-externally-managed
