[1.236s] Invoking command in '/home/akshar/eyrc_hb/hb_task_2_ws/src/hb_task2b': PYTHONPATH=/home/akshar/eyrc_hb/hb_task_2_ws/build/hb_task2b/prefix_override:/home/akshar/eyrc_hb/hb_task_2_ws/install/hb_task2b/lib/python3.10/site-packages:${PYTHONPATH} /usr/bin/python3 setup.py egg_info --egg-base ../../build/hb_task2b build --build-base /home/akshar/eyrc_hb/hb_task_2_ws/build/hb_task2b/build install --record /home/akshar/eyrc_hb/hb_task_2_ws/build/hb_task2b/install.log --single-version-externally-managed
[1.496s] running egg_info
[1.497s] writing ../../build/hb_task2b/hb_task2b.egg-info/PKG-INFO
[1.497s] writing dependency_links to ../../build/hb_task2b/hb_task2b.egg-info/dependency_links.txt
[1.498s] writing entry points to ../../build/hb_task2b/hb_task2b.egg-info/entry_points.txt
[1.498s] writing requirements to ../../build/hb_task2b/hb_task2b.egg-info/requires.txt
[1.498s] writing top-level names to ../../build/hb_task2b/hb_task2b.egg-info/top_level.txt
[1.500s] reading manifest file '../../build/hb_task2b/hb_task2b.egg-info/SOURCES.txt'
[1.500s] writing manifest file '../../build/hb_task2b/hb_task2b.egg-info/SOURCES.txt'
[1.501s] running build
[1.501s] running build_py
[1.501s] copying hb_task2b/bot_controller.py -> /home/akshar/eyrc_hb/hb_task_2_ws/build/hb_task2b/build/lib/hb_task2b
[1.501s] running install
[1.501s] running install_lib
[1.502s] /usr/lib/python3/dist-packages/setuptools/command/install.py:34: SetuptoolsDeprecationWarning: setup.py install is deprecated. Use build and pip and other standards-based tools.
[1.502s]   warnings.warn(
[1.502s] copying /home/akshar/eyrc_hb/hb_task_2_ws/build/hb_task2b/build/lib/hb_task2b/bot_controller.py -> /home/akshar/eyrc_hb/hb_task_2_ws/install/hb_task2b/lib/python3.10/site-packages/hb_task2b
[1.503s] byte-compiling /home/akshar/eyrc_hb/hb_task_2_ws/install/hb_task2b/lib/python3.10/site-packages/hb_task2b/bot_controller.py to bot_controller.cpython-310.pyc
[1.504s] running install_data
[1.504s] running install_egg_info
[1.506s] removing '/home/akshar/eyrc_hb/hb_task_2_ws/install/hb_task2b/lib/python3.10/site-packages/hb_task2b-0.0.0-py3.10.egg-info' (and everything under it)
[1.506s] Copying ../../build/hb_task2b/hb_task2b.egg-info to /home/akshar/eyrc_hb/hb_task_2_ws/install/hb_task2b/lib/python3.10/site-packages/hb_task2b-0.0.0-py3.10.egg-info
[1.507s] running install_scripts
[1.529s] Installing controller script to /home/akshar/eyrc_hb/hb_task_2_ws/install/hb_task2b/lib/hb_task2b
[1.529s] Installing feedback script to /home/akshar/eyrc_hb/hb_task_2_ws/install/hb_task2b/lib/hb_task2b
[1.529s] Installing nextgoalpub script to /home/akshar/eyrc_hb/hb_task_2_ws/install/hb_task2b/lib/hb_task2b
[1.530s] writing list of installed files to '/home/akshar/eyrc_hb/hb_task_2_ws/build/hb_task2b/install.log'
[1.572s] Invoked command in '/home/akshar/eyrc_hb/hb_task_2_ws/src/hb_task2b' returned '0': PYTHONPATH=/home/akshar/eyrc_hb/hb_task_2_ws/build/hb_task2b/prefix_override:/home/akshar/eyrc_hb/hb_task_2_ws/install/hb_task2b/lib/python3.10/site-packages:${PYTHONPATH} /usr/bin/python3 setup.py egg_info --egg-base ../../build/hb_task2b build --build-base /home/akshar/eyrc_hb/hb_task_2_ws/build/hb_task2b/build install --record /home/akshar/eyrc_hb/hb_task_2_ws/build/hb_task2b/install.log --single-version-externally-managed
