[0.544s] Invoking command in '/home/akshar/eyrc_hb/hb_task1b_ws/src/hb_task_1b': PYTHONPATH=/home/akshar/eyrc_hb/hb_task1b_ws/build/hb_task_1b/prefix_override:/home/akshar/eyrc_hb/hb_task1b_ws/install/hb_task_1b/lib/python3.10/site-packages:${PYTHONPATH} /usr/bin/python3 setup.py egg_info --egg-base ../../build/hb_task_1b build --build-base /home/akshar/eyrc_hb/hb_task1b_ws/build/hb_task_1b/build install --record /home/akshar/eyrc_hb/hb_task1b_ws/build/hb_task_1b/install.log --single-version-externally-managed
[0.712s] running egg_info
[0.712s] writing ../../build/hb_task_1b/hb_task_1b.egg-info/PKG-INFO
[0.712s] writing dependency_links to ../../build/hb_task_1b/hb_task_1b.egg-info/dependency_links.txt
[0.713s] writing entry points to ../../build/hb_task_1b/hb_task_1b.egg-info/entry_points.txt
[0.713s] writing requirements to ../../build/hb_task_1b/hb_task_1b.egg-info/requires.txt
[0.713s] writing top-level names to ../../build/hb_task_1b/hb_task_1b.egg-info/top_level.txt
[0.714s] reading manifest file '../../build/hb_task_1b/hb_task_1b.egg-info/SOURCES.txt'
[0.715s] writing manifest file '../../build/hb_task_1b/hb_task_1b.egg-info/SOURCES.txt'
[0.715s] running build
[0.715s] running build_py
[0.715s] running install
[0.715s] /usr/lib/python3/dist-packages/setuptools/command/install.py:34: SetuptoolsDeprecationWarning: setup.py install is deprecated. Use build and pip and other standards-based tools.
[0.716s]   warnings.warn(
[0.716s] running install_lib
[0.717s] running install_data
[0.717s] running install_egg_info
[0.718s] removing '/home/akshar/eyrc_hb/hb_task1b_ws/install/hb_task_1b/lib/python3.10/site-packages/hb_task_1b-0.0.0-py3.10.egg-info' (and everything under it)
[0.719s] Copying ../../build/hb_task_1b/hb_task_1b.egg-info to /home/akshar/eyrc_hb/hb_task1b_ws/install/hb_task_1b/lib/python3.10/site-packages/hb_task_1b-0.0.0-py3.10.egg-info
[0.719s] running install_scripts
[0.735s] Installing gazebo.launch.py script to /home/akshar/eyrc_hb/hb_task1b_ws/install/hb_task_1b/lib/hb_task_1b
[0.736s] Installing hb_task1b.launch.py script to /home/akshar/eyrc_hb/hb_task1b_ws/install/hb_task_1b/lib/hb_task_1b
[0.736s] Installing service_node script to /home/akshar/eyrc_hb/hb_task1b_ws/install/hb_task_1b/lib/hb_task_1b
[0.736s] writing list of installed files to '/home/akshar/eyrc_hb/hb_task1b_ws/build/hb_task_1b/install.log'
[0.782s] Invoked command in '/home/akshar/eyrc_hb/hb_task1b_ws/src/hb_task_1b' returned '0': PYTHONPATH=/home/akshar/eyrc_hb/hb_task1b_ws/build/hb_task_1b/prefix_override:/home/akshar/eyrc_hb/hb_task1b_ws/install/hb_task_1b/lib/python3.10/site-packages:${PYTHONPATH} /usr/bin/python3 setup.py egg_info --egg-base ../../build/hb_task_1b build --build-base /home/akshar/eyrc_hb/hb_task1b_ws/build/hb_task_1b/build install --record /home/akshar/eyrc_hb/hb_task1b_ws/build/hb_task_1b/install.log --single-version-externally-managed
