[0.340s] Invoking command in '/home/akshar/eyrc_hb/hb_task5_ws/build/my_robot_interfaces': CMAKE_PREFIX_PATH=${CMAKE_PREFIX_PATH}:/home/akshar/eyrc_hb/hb_task5_ws/install/hb_task5a:/opt/ros/humble /usr/bin/cmake --build /home/akshar/eyrc_hb/hb_task5_ws/build/my_robot_interfaces -- -j16 -l16
[0.388s] [  6%] Built target my_robot_interfaces__cpp
[0.388s] [ 12%] Built target my_robot_interfaces__rosidl_generator_c
[0.399s] [ 12%] Built target ament_cmake_python_copy_my_robot_interfaces
[0.410s] [ 36%] Built target my_robot_interfaces__rosidl_typesupport_c
[0.411s] [ 38%] Built target my_robot_interfaces__rosidl_typesupport_fastrtps_c
[0.411s] [ 44%] Built target my_robot_interfaces__rosidl_typesupport_fastrtps_cpp
[0.411s] [ 55%] Built target my_robot_interfaces__rosidl_typesupport_cpp
[0.412s] [ 65%] Built target my_robot_interfaces__rosidl_typesupport_introspection_cpp
[0.413s] [ 76%] Built target my_robot_interfaces__rosidl_typesupport_introspection_c
[0.433s] [ 76%] Built target my_robot_interfaces
[0.454s] [ 78%] Built target my_robot_interfaces__py
[0.482s] [ 87%] Built target my_robot_interfaces__rosidl_generator_py
[0.509s] [100%] Built target my_robot_interfaces__rosidl_typesupport_c__pyext
[0.509s] [100%] Built target my_robot_interfaces__rosidl_typesupport_fastrtps_c__pyext
[0.509s] [100%] Built target my_robot_interfaces__rosidl_typesupport_introspection_c__pyext
[0.611s] running egg_info
[0.612s] writing my_robot_interfaces.egg-info/PKG-INFO
[0.612s] writing dependency_links to my_robot_interfaces.egg-info/dependency_links.txt
[0.612s] writing top-level names to my_robot_interfaces.egg-info/top_level.txt
[0.615s] reading manifest file 'my_robot_interfaces.egg-info/SOURCES.txt'
[0.616s] writing manifest file 'my_robot_interfaces.egg-info/SOURCES.txt'
[0.657s] [100%] Built target ament_cmake_python_build_my_robot_interfaces_egg
[0.674s] Invoked command in '/home/akshar/eyrc_hb/hb_task5_ws/build/my_robot_interfaces' returned '0': CMAKE_PREFIX_PATH=${CMAKE_PREFIX_PATH}:/home/akshar/eyrc_hb/hb_task5_ws/install/hb_task5a:/opt/ros/humble /usr/bin/cmake --build /home/akshar/eyrc_hb/hb_task5_ws/build/my_robot_interfaces -- -j16 -l16
[0.794s] Invoking command in '/home/akshar/eyrc_hb/hb_task5_ws/build/my_robot_interfaces': CMAKE_PREFIX_PATH=${CMAKE_PREFIX_PATH}:/home/akshar/eyrc_hb/hb_task5_ws/install/hb_task5a:/opt/ros/humble /usr/bin/cmake --install /home/akshar/eyrc_hb/hb_task5_ws/build/my_robot_interfaces
[0.805s] -- Install configuration: ""
[0.805s] -- Up-to-date: /home/akshar/eyrc_hb/hb_task5_ws/install/my_robot_interfaces/share/ament_index/resource_index/rosidl_interfaces/my_robot_interfaces
[0.807s] -- Up-to-date: /home/akshar/eyrc_hb/hb_task5_ws/install/my_robot_interfaces/include/my_robot_interfaces/my_robot_interfaces
[0.807s] -- Up-to-date: /home/akshar/eyrc_hb/hb_task5_ws/install/my_robot_interfaces/include/my_robot_interfaces/my_robot_interfaces/srv
[0.807s] -- Up-to-date: /home/akshar/eyrc_hb/hb_task5_ws/install/my_robot_interfaces/include/my_robot_interfaces/my_robot_interfaces/srv/next_goal.h
[0.807s] -- Up-to-date: /home/akshar/eyrc_hb/hb_task5_ws/install/my_robot_interfaces/include/my_robot_interfaces/my_robot_interfaces/srv/detail
[0.807s] -- Up-to-date: /home/akshar/eyrc_hb/hb_task5_ws/install/my_robot_interfaces/include/my_robot_interfaces/my_robot_interfaces/srv/detail/next_goal__struct.h
[0.808s] -- Up-to-date: /home/akshar/eyrc_hb/hb_task5_ws/install/my_robot_interfaces/include/my_robot_interfaces/my_robot_interfaces/srv/detail/next_goal__functions.c
[0.808s] -- Up-to-date: /home/akshar/eyrc_hb/hb_task5_ws/install/my_robot_interfaces/include/my_robot_interfaces/my_robot_interfaces/srv/detail/next_goal__functions.h
[0.808s] -- Up-to-date: /home/akshar/eyrc_hb/hb_task5_ws/install/my_robot_interfaces/include/my_robot_interfaces/my_robot_interfaces/srv/detail/next_goal__type_support.h
[0.808s] -- Up-to-date: /home/akshar/eyrc_hb/hb_task5_ws/install/my_robot_interfaces/include/my_robot_interfaces/my_robot_interfaces/msg
[0.808s] -- Up-to-date: /home/akshar/eyrc_hb/hb_task5_ws/install/my_robot_interfaces/include/my_robot_interfaces/my_robot_interfaces/msg/goal.h
[0.808s] -- Up-to-date: /home/akshar/eyrc_hb/hb_task5_ws/install/my_robot_interfaces/include/my_robot_interfaces/my_robot_interfaces/msg/shape.h
[0.808s] -- Up-to-date: /home/akshar/eyrc_hb/hb_task5_ws/install/my_robot_interfaces/include/my_robot_interfaces/my_robot_interfaces/msg/rosidl_generator_c__visibility_control.h
[0.808s] -- Up-to-date: /home/akshar/eyrc_hb/hb_task5_ws/install/my_robot_interfaces/include/my_robot_interfaces/my_robot_interfaces/msg/detail
[0.808s] -- Up-to-date: /home/akshar/eyrc_hb/hb_task5_ws/install/my_robot_interfaces/include/my_robot_interfaces/my_robot_interfaces/msg/detail/shape__functions.h
[0.808s] -- Up-to-date: /home/akshar/eyrc_hb/hb_task5_ws/install/my_robot_interfaces/include/my_robot_interfaces/my_robot_interfaces/msg/detail/goal__struct.h
[0.808s] -- Up-to-date: /home/akshar/eyrc_hb/hb_task5_ws/install/my_robot_interfaces/include/my_robot_interfaces/my_robot_interfaces/msg/detail/goal__type_support.h
[0.808s] -- Up-to-date: /home/akshar/eyrc_hb/hb_task5_ws/install/my_robot_interfaces/include/my_robot_interfaces/my_robot_interfaces/msg/detail/shape__type_support.h
[0.808s] -- Up-to-date: /home/akshar/eyrc_hb/hb_task5_ws/install/my_robot_interfaces/include/my_robot_interfaces/my_robot_interfaces/msg/detail/shape__functions.c
[0.809s] -- Up-to-date: /home/akshar/eyrc_hb/hb_task5_ws/install/my_robot_interfaces/include/my_robot_interfaces/my_robot_interfaces/msg/detail/goal__functions.c
[0.809s] -- Up-to-date: /home/akshar/eyrc_hb/hb_task5_ws/install/my_robot_interfaces/include/my_robot_interfaces/my_robot_interfaces/msg/detail/goal__functions.h
[0.809s] -- Up-to-date: /home/akshar/eyrc_hb/hb_task5_ws/install/my_robot_interfaces/include/my_robot_interfaces/my_robot_interfaces/msg/detail/shape__struct.h
[0.809s] -- Up-to-date: /home/akshar/eyrc_hb/hb_task5_ws/install/my_robot_interfaces/share/my_robot_interfaces/environment/library_path.sh
[0.809s] -- Up-to-date: /home/akshar/eyrc_hb/hb_task5_ws/install/my_robot_interfaces/share/my_robot_interfaces/environment/library_path.dsv
[0.809s] -- Up-to-date: /home/akshar/eyrc_hb/hb_task5_ws/install/my_robot_interfaces/lib/libmy_robot_interfaces__rosidl_generator_c.so
[0.809s] -- Up-to-date: /home/akshar/eyrc_hb/hb_task5_ws/install/my_robot_interfaces/include/my_robot_interfaces/my_robot_interfaces
[0.809s] -- Up-to-date: /home/akshar/eyrc_hb/hb_task5_ws/install/my_robot_interfaces/include/my_robot_interfaces/my_robot_interfaces/srv
[0.809s] -- Up-to-date: /home/akshar/eyrc_hb/hb_task5_ws/install/my_robot_interfaces/include/my_robot_interfaces/my_robot_interfaces/srv/detail
[0.809s] -- Up-to-date: /home/akshar/eyrc_hb/hb_task5_ws/install/my_robot_interfaces/include/my_robot_interfaces/my_robot_interfaces/srv/detail/next_goal__rosidl_typesupport_fastrtps_c.h
[0.809s] -- Up-to-date: /home/akshar/eyrc_hb/hb_task5_ws/install/my_robot_interfaces/include/my_robot_interfaces/my_robot_interfaces/msg
[0.809s] -- Up-to-date: /home/akshar/eyrc_hb/hb_task5_ws/install/my_robot_interfaces/include/my_robot_interfaces/my_robot_interfaces/msg/rosidl_typesupport_fastrtps_c__visibility_control.h
[0.810s] -- Up-to-date: /home/akshar/eyrc_hb/hb_task5_ws/install/my_robot_interfaces/include/my_robot_interfaces/my_robot_interfaces/msg/detail
[0.810s] -- Up-to-date: /home/akshar/eyrc_hb/hb_task5_ws/install/my_robot_interfaces/include/my_robot_interfaces/my_robot_interfaces/msg/detail/goal__rosidl_typesupport_fastrtps_c.h
[0.810s] -- Up-to-date: /home/akshar/eyrc_hb/hb_task5_ws/install/my_robot_interfaces/include/my_robot_interfaces/my_robot_interfaces/msg/detail/shape__rosidl_typesupport_fastrtps_c.h
[0.810s] -- Up-to-date: /home/akshar/eyrc_hb/hb_task5_ws/install/my_robot_interfaces/lib/libmy_robot_interfaces__rosidl_typesupport_fastrtps_c.so
[0.810s] -- Up-to-date: /home/akshar/eyrc_hb/hb_task5_ws/install/my_robot_interfaces/include/my_robot_interfaces/my_robot_interfaces
[0.810s] -- Up-to-date: /home/akshar/eyrc_hb/hb_task5_ws/install/my_robot_interfaces/include/my_robot_interfaces/my_robot_interfaces/srv
[0.810s] -- Up-to-date: /home/akshar/eyrc_hb/hb_task5_ws/install/my_robot_interfaces/include/my_robot_interfaces/my_robot_interfaces/srv/detail
[0.810s] -- Up-to-date: /home/akshar/eyrc_hb/hb_task5_ws/install/my_robot_interfaces/include/my_robot_interfaces/my_robot_interfaces/srv/detail/next_goal__type_support.c
[0.810s] -- Up-to-date: /home/akshar/eyrc_hb/hb_task5_ws/install/my_robot_interfaces/include/my_robot_interfaces/my_robot_interfaces/srv/detail/next_goal__rosidl_typesupport_introspection_c.h
[0.810s] -- Up-to-date: /home/akshar/eyrc_hb/hb_task5_ws/install/my_robot_interfaces/include/my_robot_interfaces/my_robot_interfaces/msg
[0.810s] -- Up-to-date: /home/akshar/eyrc_hb/hb_task5_ws/install/my_robot_interfaces/include/my_robot_interfaces/my_robot_interfaces/msg/rosidl_typesupport_introspection_c__visibility_control.h
[0.810s] -- Up-to-date: /home/akshar/eyrc_hb/hb_task5_ws/install/my_robot_interfaces/include/my_robot_interfaces/my_robot_interfaces/msg/detail
[0.810s] -- Up-to-date: /home/akshar/eyrc_hb/hb_task5_ws/install/my_robot_interfaces/include/my_robot_interfaces/my_robot_interfaces/msg/detail/goal__type_support.c
[0.810s] -- Up-to-date: /home/akshar/eyrc_hb/hb_task5_ws/install/my_robot_interfaces/include/my_robot_interfaces/my_robot_interfaces/msg/detail/goal__rosidl_typesupport_introspection_c.h
[0.811s] -- Up-to-date: /home/akshar/eyrc_hb/hb_task5_ws/install/my_robot_interfaces/include/my_robot_interfaces/my_robot_interfaces/msg/detail/shape__rosidl_typesupport_introspection_c.h
[0.811s] -- Up-to-date: /home/akshar/eyrc_hb/hb_task5_ws/install/my_robot_interfaces/include/my_robot_interfaces/my_robot_interfaces/msg/detail/shape__type_support.c
[0.811s] -- Up-to-date: /home/akshar/eyrc_hb/hb_task5_ws/install/my_robot_interfaces/lib/libmy_robot_interfaces__rosidl_typesupport_introspection_c.so
[0.811s] -- Up-to-date: /home/akshar/eyrc_hb/hb_task5_ws/install/my_robot_interfaces/lib/libmy_robot_interfaces__rosidl_typesupport_c.so
[0.811s] -- Up-to-date: /home/akshar/eyrc_hb/hb_task5_ws/install/my_robot_interfaces/include/my_robot_interfaces/my_robot_interfaces
[0.811s] -- Up-to-date: /home/akshar/eyrc_hb/hb_task5_ws/install/my_robot_interfaces/include/my_robot_interfaces/my_robot_interfaces/srv
[0.811s] -- Up-to-date: /home/akshar/eyrc_hb/hb_task5_ws/install/my_robot_interfaces/include/my_robot_interfaces/my_robot_interfaces/srv/next_goal.hpp
[0.811s] -- Up-to-date: /home/akshar/eyrc_hb/hb_task5_ws/install/my_robot_interfaces/include/my_robot_interfaces/my_robot_interfaces/srv/detail
[0.811s] -- Up-to-date: /home/akshar/eyrc_hb/hb_task5_ws/install/my_robot_interfaces/include/my_robot_interfaces/my_robot_interfaces/srv/detail/next_goal__struct.hpp
[0.811s] -- Up-to-date: /home/akshar/eyrc_hb/hb_task5_ws/install/my_robot_interfaces/include/my_robot_interfaces/my_robot_interfaces/srv/detail/next_goal__builder.hpp
[0.811s] -- Up-to-date: /home/akshar/eyrc_hb/hb_task5_ws/install/my_robot_interfaces/include/my_robot_interfaces/my_robot_interfaces/srv/detail/next_goal__traits.hpp
[0.811s] -- Up-to-date: /home/akshar/eyrc_hb/hb_task5_ws/install/my_robot_interfaces/include/my_robot_interfaces/my_robot_interfaces/msg
[0.811s] -- Up-to-date: /home/akshar/eyrc_hb/hb_task5_ws/install/my_robot_interfaces/include/my_robot_interfaces/my_robot_interfaces/msg/shape.hpp
[0.811s] -- Up-to-date: /home/akshar/eyrc_hb/hb_task5_ws/install/my_robot_interfaces/include/my_robot_interfaces/my_robot_interfaces/msg/goal.hpp
[0.811s] -- Up-to-date: /home/akshar/eyrc_hb/hb_task5_ws/install/my_robot_interfaces/include/my_robot_interfaces/my_robot_interfaces/msg/detail
[0.811s] -- Up-to-date: /home/akshar/eyrc_hb/hb_task5_ws/install/my_robot_interfaces/include/my_robot_interfaces/my_robot_interfaces/msg/detail/shape__struct.hpp
[0.811s] -- Up-to-date: /home/akshar/eyrc_hb/hb_task5_ws/install/my_robot_interfaces/include/my_robot_interfaces/my_robot_interfaces/msg/detail/goal__traits.hpp
[0.812s] -- Up-to-date: /home/akshar/eyrc_hb/hb_task5_ws/install/my_robot_interfaces/include/my_robot_interfaces/my_robot_interfaces/msg/detail/shape__traits.hpp
[0.812s] -- Up-to-date: /home/akshar/eyrc_hb/hb_task5_ws/install/my_robot_interfaces/include/my_robot_interfaces/my_robot_interfaces/msg/detail/shape__builder.hpp
[0.812s] -- Up-to-date: /home/akshar/eyrc_hb/hb_task5_ws/install/my_robot_interfaces/include/my_robot_interfaces/my_robot_interfaces/msg/detail/goal__builder.hpp
[0.812s] -- Up-to-date: /home/akshar/eyrc_hb/hb_task5_ws/install/my_robot_interfaces/include/my_robot_interfaces/my_robot_interfaces/msg/detail/goal__struct.hpp
[0.812s] -- Up-to-date: /home/akshar/eyrc_hb/hb_task5_ws/install/my_robot_interfaces/include/my_robot_interfaces/my_robot_interfaces
[0.812s] -- Up-to-date: /home/akshar/eyrc_hb/hb_task5_ws/install/my_robot_interfaces/include/my_robot_interfaces/my_robot_interfaces/srv
[0.812s] -- Up-to-date: /home/akshar/eyrc_hb/hb_task5_ws/install/my_robot_interfaces/include/my_robot_interfaces/my_robot_interfaces/srv/detail
[0.812s] -- Up-to-date: /home/akshar/eyrc_hb/hb_task5_ws/install/my_robot_interfaces/include/my_robot_interfaces/my_robot_interfaces/srv/detail/dds_fastrtps
[0.812s] -- Up-to-date: /home/akshar/eyrc_hb/hb_task5_ws/install/my_robot_interfaces/include/my_robot_interfaces/my_robot_interfaces/srv/detail/next_goal__rosidl_typesupport_fastrtps_cpp.hpp
[0.812s] -- Up-to-date: /home/akshar/eyrc_hb/hb_task5_ws/install/my_robot_interfaces/include/my_robot_interfaces/my_robot_interfaces/msg
[0.812s] -- Up-to-date: /home/akshar/eyrc_hb/hb_task5_ws/install/my_robot_interfaces/include/my_robot_interfaces/my_robot_interfaces/msg/rosidl_typesupport_fastrtps_cpp__visibility_control.h
[0.812s] -- Up-to-date: /home/akshar/eyrc_hb/hb_task5_ws/install/my_robot_interfaces/include/my_robot_interfaces/my_robot_interfaces/msg/detail
[0.812s] -- Up-to-date: /home/akshar/eyrc_hb/hb_task5_ws/install/my_robot_interfaces/include/my_robot_interfaces/my_robot_interfaces/msg/detail/shape__rosidl_typesupport_fastrtps_cpp.hpp
[0.812s] -- Up-to-date: /home/akshar/eyrc_hb/hb_task5_ws/install/my_robot_interfaces/include/my_robot_interfaces/my_robot_interfaces/msg/detail/goal__rosidl_typesupport_fastrtps_cpp.hpp
[0.812s] -- Up-to-date: /home/akshar/eyrc_hb/hb_task5_ws/install/my_robot_interfaces/include/my_robot_interfaces/my_robot_interfaces/msg/detail/dds_fastrtps
[0.812s] -- Up-to-date: /home/akshar/eyrc_hb/hb_task5_ws/install/my_robot_interfaces/lib/libmy_robot_interfaces__rosidl_typesupport_fastrtps_cpp.so
[0.813s] -- Up-to-date: /home/akshar/eyrc_hb/hb_task5_ws/install/my_robot_interfaces/include/my_robot_interfaces/my_robot_interfaces
[0.813s] -- Up-to-date: /home/akshar/eyrc_hb/hb_task5_ws/install/my_robot_interfaces/include/my_robot_interfaces/my_robot_interfaces/srv
[0.813s] -- Up-to-date: /home/akshar/eyrc_hb/hb_task5_ws/install/my_robot_interfaces/include/my_robot_interfaces/my_robot_interfaces/srv/detail
[0.813s] -- Up-to-date: /home/akshar/eyrc_hb/hb_task5_ws/install/my_robot_interfaces/include/my_robot_interfaces/my_robot_interfaces/srv/detail/next_goal__rosidl_typesupport_introspection_cpp.hpp
[0.813s] -- Up-to-date: /home/akshar/eyrc_hb/hb_task5_ws/install/my_robot_interfaces/include/my_robot_interfaces/my_robot_interfaces/srv/detail/next_goal__type_support.cpp
[0.813s] -- Up-to-date: /home/akshar/eyrc_hb/hb_task5_ws/install/my_robot_interfaces/include/my_robot_interfaces/my_robot_interfaces/msg
[0.813s] -- Up-to-date: /home/akshar/eyrc_hb/hb_task5_ws/install/my_robot_interfaces/include/my_robot_interfaces/my_robot_interfaces/msg/detail
[0.813s] -- Up-to-date: /home/akshar/eyrc_hb/hb_task5_ws/install/my_robot_interfaces/include/my_robot_interfaces/my_robot_interfaces/msg/detail/shape__type_support.cpp
[0.813s] -- Up-to-date: /home/akshar/eyrc_hb/hb_task5_ws/install/my_robot_interfaces/include/my_robot_interfaces/my_robot_interfaces/msg/detail/shape__rosidl_typesupport_introspection_cpp.hpp
[0.813s] -- Up-to-date: /home/akshar/eyrc_hb/hb_task5_ws/install/my_robot_interfaces/include/my_robot_interfaces/my_robot_interfaces/msg/detail/goal__type_support.cpp
[0.813s] -- Up-to-date: /home/akshar/eyrc_hb/hb_task5_ws/install/my_robot_interfaces/include/my_robot_interfaces/my_robot_interfaces/msg/detail/goal__rosidl_typesupport_introspection_cpp.hpp
[0.813s] -- Up-to-date: /home/akshar/eyrc_hb/hb_task5_ws/install/my_robot_interfaces/lib/libmy_robot_interfaces__rosidl_typesupport_introspection_cpp.so
[0.813s] -- Up-to-date: /home/akshar/eyrc_hb/hb_task5_ws/install/my_robot_interfaces/lib/libmy_robot_interfaces__rosidl_typesupport_cpp.so
[0.813s] -- Up-to-date: /home/akshar/eyrc_hb/hb_task5_ws/install/my_robot_interfaces/share/my_robot_interfaces/environment/pythonpath.sh
[0.813s] -- Up-to-date: /home/akshar/eyrc_hb/hb_task5_ws/install/my_robot_interfaces/share/my_robot_interfaces/environment/pythonpath.dsv
[0.814s] -- Up-to-date: /home/akshar/eyrc_hb/hb_task5_ws/install/my_robot_interfaces/local/lib/python3.10/dist-packages/my_robot_interfaces-0.0.0-py3.10.egg-info
[0.814s] -- Installing: /home/akshar/eyrc_hb/hb_task5_ws/install/my_robot_interfaces/local/lib/python3.10/dist-packages/my_robot_interfaces-0.0.0-py3.10.egg-info/PKG-INFO
[0.814s] -- Installing: /home/akshar/eyrc_hb/hb_task5_ws/install/my_robot_interfaces/local/lib/python3.10/dist-packages/my_robot_interfaces-0.0.0-py3.10.egg-info/SOURCES.txt
[0.814s] -- Installing: /home/akshar/eyrc_hb/hb_task5_ws/install/my_robot_interfaces/local/lib/python3.10/dist-packages/my_robot_interfaces-0.0.0-py3.10.egg-info/top_level.txt
[0.814s] -- Installing: /home/akshar/eyrc_hb/hb_task5_ws/install/my_robot_interfaces/local/lib/python3.10/dist-packages/my_robot_interfaces-0.0.0-py3.10.egg-info/dependency_links.txt
[0.814s] -- Up-to-date: /home/akshar/eyrc_hb/hb_task5_ws/install/my_robot_interfaces/local/lib/python3.10/dist-packages/my_robot_interfaces
[0.814s] -- Up-to-date: /home/akshar/eyrc_hb/hb_task5_ws/install/my_robot_interfaces/local/lib/python3.10/dist-packages/my_robot_interfaces/my_robot_interfaces_s__rosidl_typesupport_fastrtps_c.cpython-310-x86_64-linux-gnu.so
[0.814s] -- Up-to-date: /home/akshar/eyrc_hb/hb_task5_ws/install/my_robot_interfaces/local/lib/python3.10/dist-packages/my_robot_interfaces/_my_robot_interfaces_s.ep.rosidl_typesupport_fastrtps_c.c
[0.814s] -- Up-to-date: /home/akshar/eyrc_hb/hb_task5_ws/install/my_robot_interfaces/local/lib/python3.10/dist-packages/my_robot_interfaces/_my_robot_interfaces_s.ep.rosidl_typesupport_introspection_c.c
[0.814s] -- Up-to-date: /home/akshar/eyrc_hb/hb_task5_ws/install/my_robot_interfaces/local/lib/python3.10/dist-packages/my_robot_interfaces/_my_robot_interfaces_s.ep.rosidl_typesupport_c.c
[0.814s] -- Up-to-date: /home/akshar/eyrc_hb/hb_task5_ws/install/my_robot_interfaces/local/lib/python3.10/dist-packages/my_robot_interfaces/my_robot_interfaces_s__rosidl_typesupport_c.cpython-310-x86_64-linux-gnu.so
[0.814s] -- Up-to-date: /home/akshar/eyrc_hb/hb_task5_ws/install/my_robot_interfaces/local/lib/python3.10/dist-packages/my_robot_interfaces/libmy_robot_interfaces__rosidl_generator_py.so
[0.814s] -- Up-to-date: /home/akshar/eyrc_hb/hb_task5_ws/install/my_robot_interfaces/local/lib/python3.10/dist-packages/my_robot_interfaces/my_robot_interfaces_s__rosidl_typesupport_introspection_c.cpython-310-x86_64-linux-gnu.so
[0.815s] -- Up-to-date: /home/akshar/eyrc_hb/hb_task5_ws/install/my_robot_interfaces/local/lib/python3.10/dist-packages/my_robot_interfaces/__init__.py
[0.815s] -- Up-to-date: /home/akshar/eyrc_hb/hb_task5_ws/install/my_robot_interfaces/local/lib/python3.10/dist-packages/my_robot_interfaces/srv
[0.815s] -- Up-to-date: /home/akshar/eyrc_hb/hb_task5_ws/install/my_robot_interfaces/local/lib/python3.10/dist-packages/my_robot_interfaces/srv/_next_goal.py
[0.815s] -- Up-to-date: /home/akshar/eyrc_hb/hb_task5_ws/install/my_robot_interfaces/local/lib/python3.10/dist-packages/my_robot_interfaces/srv/_next_goal_s.c
[0.815s] -- Up-to-date: /home/akshar/eyrc_hb/hb_task5_ws/install/my_robot_interfaces/local/lib/python3.10/dist-packages/my_robot_interfaces/srv/__init__.py
[0.815s] -- Up-to-date: /home/akshar/eyrc_hb/hb_task5_ws/install/my_robot_interfaces/local/lib/python3.10/dist-packages/my_robot_interfaces/msg
[0.815s] -- Up-to-date: /home/akshar/eyrc_hb/hb_task5_ws/install/my_robot_interfaces/local/lib/python3.10/dist-packages/my_robot_interfaces/msg/_shape_s.c
[0.815s] -- Up-to-date: /home/akshar/eyrc_hb/hb_task5_ws/install/my_robot_interfaces/local/lib/python3.10/dist-packages/my_robot_interfaces/msg/_shape.py
[0.815s] -- Up-to-date: /home/akshar/eyrc_hb/hb_task5_ws/install/my_robot_interfaces/local/lib/python3.10/dist-packages/my_robot_interfaces/msg/_goal_s.c
[0.815s] -- Up-to-date: /home/akshar/eyrc_hb/hb_task5_ws/install/my_robot_interfaces/local/lib/python3.10/dist-packages/my_robot_interfaces/msg/__init__.py
[0.815s] -- Up-to-date: /home/akshar/eyrc_hb/hb_task5_ws/install/my_robot_interfaces/local/lib/python3.10/dist-packages/my_robot_interfaces/msg/_goal.py
[0.842s] Listing '/home/akshar/eyrc_hb/hb_task5_ws/install/my_robot_interfaces/local/lib/python3.10/dist-packages/my_robot_interfaces'...
[0.843s] Listing '/home/akshar/eyrc_hb/hb_task5_ws/install/my_robot_interfaces/local/lib/python3.10/dist-packages/my_robot_interfaces/msg'...
[0.843s] Listing '/home/akshar/eyrc_hb/hb_task5_ws/install/my_robot_interfaces/local/lib/python3.10/dist-packages/my_robot_interfaces/srv'...
[0.846s] -- Up-to-date: /home/akshar/eyrc_hb/hb_task5_ws/install/my_robot_interfaces/local/lib/python3.10/dist-packages/my_robot_interfaces/my_robot_interfaces_s__rosidl_typesupport_fastrtps_c.cpython-310-x86_64-linux-gnu.so
[0.846s] -- Up-to-date: /home/akshar/eyrc_hb/hb_task5_ws/install/my_robot_interfaces/local/lib/python3.10/dist-packages/my_robot_interfaces/my_robot_interfaces_s__rosidl_typesupport_introspection_c.cpython-310-x86_64-linux-gnu.so
[0.847s] -- Up-to-date: /home/akshar/eyrc_hb/hb_task5_ws/install/my_robot_interfaces/local/lib/python3.10/dist-packages/my_robot_interfaces/my_robot_interfaces_s__rosidl_typesupport_c.cpython-310-x86_64-linux-gnu.so
[0.847s] -- Up-to-date: /home/akshar/eyrc_hb/hb_task5_ws/install/my_robot_interfaces/lib/libmy_robot_interfaces__rosidl_generator_py.so
[0.847s] -- Up-to-date: /home/akshar/eyrc_hb/hb_task5_ws/install/my_robot_interfaces/share/my_robot_interfaces/srv/NextGoal.idl
[0.847s] -- Up-to-date: /home/akshar/eyrc_hb/hb_task5_ws/install/my_robot_interfaces/share/my_robot_interfaces/msg/Goal.idl
[0.848s] -- Up-to-date: /home/akshar/eyrc_hb/hb_task5_ws/install/my_robot_interfaces/share/my_robot_interfaces/msg/Shape.idl
[0.848s] -- Up-to-date: /home/akshar/eyrc_hb/hb_task5_ws/install/my_robot_interfaces/share/my_robot_interfaces/srv/NextGoal.srv
[0.848s] -- Up-to-date: /home/akshar/eyrc_hb/hb_task5_ws/install/my_robot_interfaces/share/my_robot_interfaces/srv/NextGoal_Request.msg
[0.848s] -- Up-to-date: /home/akshar/eyrc_hb/hb_task5_ws/install/my_robot_interfaces/share/my_robot_interfaces/srv/NextGoal_Response.msg
[0.848s] -- Up-to-date: /home/akshar/eyrc_hb/hb_task5_ws/install/my_robot_interfaces/share/my_robot_interfaces/msg/Goal.msg
[0.848s] -- Up-to-date: /home/akshar/eyrc_hb/hb_task5_ws/install/my_robot_interfaces/share/my_robot_interfaces/msg/Shape.msg
[0.848s] -- Up-to-date: /home/akshar/eyrc_hb/hb_task5_ws/install/my_robot_interfaces/share/ament_index/resource_index/package_run_dependencies/my_robot_interfaces
[0.848s] -- Up-to-date: /home/akshar/eyrc_hb/hb_task5_ws/install/my_robot_interfaces/share/ament_index/resource_index/parent_prefix_path/my_robot_interfaces
[0.848s] -- Up-to-date: /home/akshar/eyrc_hb/hb_task5_ws/install/my_robot_interfaces/share/my_robot_interfaces/environment/ament_prefix_path.sh
[0.849s] -- Up-to-date: /home/akshar/eyrc_hb/hb_task5_ws/install/my_robot_interfaces/share/my_robot_interfaces/environment/ament_prefix_path.dsv
[0.849s] -- Up-to-date: /home/akshar/eyrc_hb/hb_task5_ws/install/my_robot_interfaces/share/my_robot_interfaces/environment/path.sh
[0.849s] -- Up-to-date: /home/akshar/eyrc_hb/hb_task5_ws/install/my_robot_interfaces/share/my_robot_interfaces/environment/path.dsv
[0.849s] -- Up-to-date: /home/akshar/eyrc_hb/hb_task5_ws/install/my_robot_interfaces/share/my_robot_interfaces/local_setup.bash
[0.849s] -- Up-to-date: /home/akshar/eyrc_hb/hb_task5_ws/install/my_robot_interfaces/share/my_robot_interfaces/local_setup.sh
[0.849s] -- Up-to-date: /home/akshar/eyrc_hb/hb_task5_ws/install/my_robot_interfaces/share/my_robot_interfaces/local_setup.zsh
[0.849s] -- Up-to-date: /home/akshar/eyrc_hb/hb_task5_ws/install/my_robot_interfaces/share/my_robot_interfaces/local_setup.dsv
[0.849s] -- Installing: /home/akshar/eyrc_hb/hb_task5_ws/install/my_robot_interfaces/share/my_robot_interfaces/package.dsv
[0.850s] -- Up-to-date: /home/akshar/eyrc_hb/hb_task5_ws/install/my_robot_interfaces/share/ament_index/resource_index/packages/my_robot_interfaces
[0.850s] -- Up-to-date: /home/akshar/eyrc_hb/hb_task5_ws/install/my_robot_interfaces/share/my_robot_interfaces/cmake/export_my_robot_interfaces__rosidl_generator_cExport.cmake
[0.850s] -- Up-to-date: /home/akshar/eyrc_hb/hb_task5_ws/install/my_robot_interfaces/share/my_robot_interfaces/cmake/export_my_robot_interfaces__rosidl_generator_cExport-noconfig.cmake
[0.850s] -- Up-to-date: /home/akshar/eyrc_hb/hb_task5_ws/install/my_robot_interfaces/share/my_robot_interfaces/cmake/export_my_robot_interfaces__rosidl_typesupport_fastrtps_cExport.cmake
[0.850s] -- Up-to-date: /home/akshar/eyrc_hb/hb_task5_ws/install/my_robot_interfaces/share/my_robot_interfaces/cmake/export_my_robot_interfaces__rosidl_typesupport_fastrtps_cExport-noconfig.cmake
[0.850s] -- Up-to-date: /home/akshar/eyrc_hb/hb_task5_ws/install/my_robot_interfaces/share/my_robot_interfaces/cmake/my_robot_interfaces__rosidl_typesupport_introspection_cExport.cmake
[0.850s] -- Up-to-date: /home/akshar/eyrc_hb/hb_task5_ws/install/my_robot_interfaces/share/my_robot_interfaces/cmake/my_robot_interfaces__rosidl_typesupport_introspection_cExport-noconfig.cmake
[0.850s] -- Up-to-date: /home/akshar/eyrc_hb/hb_task5_ws/install/my_robot_interfaces/share/my_robot_interfaces/cmake/my_robot_interfaces__rosidl_typesupport_cExport.cmake
[0.850s] -- Up-to-date: /home/akshar/eyrc_hb/hb_task5_ws/install/my_robot_interfaces/share/my_robot_interfaces/cmake/my_robot_interfaces__rosidl_typesupport_cExport-noconfig.cmake
[0.850s] -- Up-to-date: /home/akshar/eyrc_hb/hb_task5_ws/install/my_robot_interfaces/share/my_robot_interfaces/cmake/export_my_robot_interfaces__rosidl_generator_cppExport.cmake
[0.851s] -- Up-to-date: /home/akshar/eyrc_hb/hb_task5_ws/install/my_robot_interfaces/share/my_robot_interfaces/cmake/export_my_robot_interfaces__rosidl_typesupport_fastrtps_cppExport.cmake
[0.851s] -- Up-to-date: /home/akshar/eyrc_hb/hb_task5_ws/install/my_robot_interfaces/share/my_robot_interfaces/cmake/export_my_robot_interfaces__rosidl_typesupport_fastrtps_cppExport-noconfig.cmake
[0.851s] -- Up-to-date: /home/akshar/eyrc_hb/hb_task5_ws/install/my_robot_interfaces/share/my_robot_interfaces/cmake/my_robot_interfaces__rosidl_typesupport_introspection_cppExport.cmake
[0.851s] -- Up-to-date: /home/akshar/eyrc_hb/hb_task5_ws/install/my_robot_interfaces/share/my_robot_interfaces/cmake/my_robot_interfaces__rosidl_typesupport_introspection_cppExport-noconfig.cmake
[0.851s] -- Up-to-date: /home/akshar/eyrc_hb/hb_task5_ws/install/my_robot_interfaces/share/my_robot_interfaces/cmake/my_robot_interfaces__rosidl_typesupport_cppExport.cmake
[0.851s] -- Up-to-date: /home/akshar/eyrc_hb/hb_task5_ws/install/my_robot_interfaces/share/my_robot_interfaces/cmake/my_robot_interfaces__rosidl_typesupport_cppExport-noconfig.cmake
[0.851s] -- Up-to-date: /home/akshar/eyrc_hb/hb_task5_ws/install/my_robot_interfaces/share/my_robot_interfaces/cmake/export_my_robot_interfaces__rosidl_generator_pyExport.cmake
[0.851s] -- Up-to-date: /home/akshar/eyrc_hb/hb_task5_ws/install/my_robot_interfaces/share/my_robot_interfaces/cmake/export_my_robot_interfaces__rosidl_generator_pyExport-noconfig.cmake
[0.851s] -- Up-to-date: /home/akshar/eyrc_hb/hb_task5_ws/install/my_robot_interfaces/share/my_robot_interfaces/cmake/rosidl_cmake-extras.cmake
[0.851s] -- Up-to-date: /home/akshar/eyrc_hb/hb_task5_ws/install/my_robot_interfaces/share/my_robot_interfaces/cmake/ament_cmake_export_include_directories-extras.cmake
[0.852s] -- Up-to-date: /home/akshar/eyrc_hb/hb_task5_ws/install/my_robot_interfaces/share/my_robot_interfaces/cmake/ament_cmake_export_libraries-extras.cmake
[0.852s] -- Up-to-date: /home/akshar/eyrc_hb/hb_task5_ws/install/my_robot_interfaces/share/my_robot_interfaces/cmake/ament_cmake_export_targets-extras.cmake
[0.853s] -- Up-to-date: /home/akshar/eyrc_hb/hb_task5_ws/install/my_robot_interfaces/share/my_robot_interfaces/cmake/rosidl_cmake_export_typesupport_targets-extras.cmake
[0.853s] -- Up-to-date: /home/akshar/eyrc_hb/hb_task5_ws/install/my_robot_interfaces/share/my_robot_interfaces/cmake/ament_cmake_export_dependencies-extras.cmake
[0.853s] -- Up-to-date: /home/akshar/eyrc_hb/hb_task5_ws/install/my_robot_interfaces/share/my_robot_interfaces/cmake/rosidl_cmake_export_typesupport_libraries-extras.cmake
[0.853s] -- Up-to-date: /home/akshar/eyrc_hb/hb_task5_ws/install/my_robot_interfaces/share/my_robot_interfaces/cmake/my_robot_interfacesConfig.cmake
[0.854s] -- Up-to-date: /home/akshar/eyrc_hb/hb_task5_ws/install/my_robot_interfaces/share/my_robot_interfaces/cmake/my_robot_interfacesConfig-version.cmake
[0.854s] -- Up-to-date: /home/akshar/eyrc_hb/hb_task5_ws/install/my_robot_interfaces/share/my_robot_interfaces/package.xml
[0.854s] Invoked command in '/home/akshar/eyrc_hb/hb_task5_ws/build/my_robot_interfaces' returned '0': CMAKE_PREFIX_PATH=${CMAKE_PREFIX_PATH}:/home/akshar/eyrc_hb/hb_task5_ws/install/hb_task5a:/opt/ros/humble /usr/bin/cmake --install /home/akshar/eyrc_hb/hb_task5_ws/build/my_robot_interfaces
