[0.660s] Invoking command in '/home/premsai/eyrc23_HB_1282/hb_task6_ws/src/hb_taskbonus': PYTHONPATH=/home/premsai/eyrc23_HB_1282/hb_task6_ws/build/hb_taskbonus/prefix_override:/home/premsai/eyrc23_HB_1282/hb_task6_ws/install/hb_taskbonus/lib/python3.10/site-packages:${PYTHONPATH} /usr/bin/python3 setup.py egg_info --egg-base ../../build/hb_taskbonus build --build-base /home/premsai/eyrc23_HB_1282/hb_task6_ws/build/hb_taskbonus/build install --record /home/premsai/eyrc23_HB_1282/hb_task6_ws/build/hb_taskbonus/install.log --single-version-externally-managed
[0.853s] running egg_info
[0.854s] writing ../../build/hb_taskbonus/hb_taskbonus.egg-info/PKG-INFO
[0.854s] writing dependency_links to ../../build/hb_taskbonus/hb_taskbonus.egg-info/dependency_links.txt
[0.854s] writing entry points to ../../build/hb_taskbonus/hb_taskbonus.egg-info/entry_points.txt
[0.854s] writing requirements to ../../build/hb_taskbonus/hb_taskbonus.egg-info/requires.txt
[0.854s] writing top-level names to ../../build/hb_taskbonus/hb_taskbonus.egg-info/top_level.txt
[0.855s] reading manifest file '../../build/hb_taskbonus/hb_taskbonus.egg-info/SOURCES.txt'
[0.856s] writing manifest file '../../build/hb_taskbonus/hb_taskbonus.egg-info/SOURCES.txt'
[0.856s] running build
[0.856s] running build_py
[0.856s] running install
[0.857s] /usr/lib/python3/dist-packages/setuptools/command/install.py:34: SetuptoolsDeprecationWarning: setup.py install is deprecated. Use build and pip and other standards-based tools.
[0.857s]   warnings.warn(
[0.858s] running install_lib
[0.859s] running install_data
[0.860s] running install_egg_info
[0.860s] removing '/home/premsai/eyrc23_HB_1282/hb_task6_ws/install/hb_taskbonus/lib/python3.10/site-packages/hb_taskbonus-0.0.0-py3.10.egg-info' (and everything under it)
[0.861s] Copying ../../build/hb_taskbonus/hb_taskbonus.egg-info to /home/premsai/eyrc23_HB_1282/hb_task6_ws/install/hb_taskbonus/lib/python3.10/site-packages/hb_taskbonus-0.0.0-py3.10.egg-info
[0.862s] running install_scripts
[0.882s] Installing controller1 script to /home/premsai/eyrc23_HB_1282/hb_task6_ws/install/hb_taskbonus/lib/hb_taskbonus
[0.882s] Installing feedback script to /home/premsai/eyrc23_HB_1282/hb_task6_ws/install/hb_taskbonus/lib/hb_taskbonus
[0.882s] Installing interp1 script to /home/premsai/eyrc23_HB_1282/hb_task6_ws/install/hb_taskbonus/lib/hb_taskbonus
[0.883s] Installing map1 script to /home/premsai/eyrc23_HB_1282/hb_task6_ws/install/hb_taskbonus/lib/hb_taskbonus
[0.883s] Installing nextGoal1 script to /home/premsai/eyrc23_HB_1282/hb_task6_ws/install/hb_taskbonus/lib/hb_taskbonus
[0.884s] Installing nextGoalfunc script to /home/premsai/eyrc23_HB_1282/hb_task6_ws/install/hb_taskbonus/lib/hb_taskbonus
[0.884s] writing list of installed files to '/home/premsai/eyrc23_HB_1282/hb_task6_ws/build/hb_taskbonus/install.log'
[0.903s] Invoked command in '/home/premsai/eyrc23_HB_1282/hb_task6_ws/src/hb_taskbonus' returned '0': PYTHONPATH=/home/premsai/eyrc23_HB_1282/hb_task6_ws/build/hb_taskbonus/prefix_override:/home/premsai/eyrc23_HB_1282/hb_task6_ws/install/hb_taskbonus/lib/python3.10/site-packages:${PYTHONPATH} /usr/bin/python3 setup.py egg_info --egg-base ../../build/hb_taskbonus build --build-base /home/premsai/eyrc23_HB_1282/hb_task6_ws/build/hb_taskbonus/build install --record /home/premsai/eyrc23_HB_1282/hb_task6_ws/build/hb_taskbonus/install.log --single-version-externally-managed
