[0.440s] Invoking command in '/home/premsai/eyrc23_HB_1282/hb_task_4/src/hb_task4': PYTHONPATH=/home/premsai/eyrc23_HB_1282/hb_task_4/build/hb_task4/prefix_override:/home/premsai/eyrc23_HB_1282/hb_task_4/install/hb_task4/lib/python3.10/site-packages:${PYTHONPATH} /usr/bin/python3 setup.py egg_info --egg-base ../../build/hb_task4 build --build-base /home/premsai/eyrc23_HB_1282/hb_task_4/build/hb_task4/build install --record /home/premsai/eyrc23_HB_1282/hb_task_4/build/hb_task4/install.log --single-version-externally-managed
[0.577s] running egg_info
[0.577s] creating ../../build/hb_task4/hb_task4.egg-info
[0.578s] writing ../../build/hb_task4/hb_task4.egg-info/PKG-INFO
[0.578s] writing dependency_links to ../../build/hb_task4/hb_task4.egg-info/dependency_links.txt
[0.578s] writing entry points to ../../build/hb_task4/hb_task4.egg-info/entry_points.txt
[0.578s] writing requirements to ../../build/hb_task4/hb_task4.egg-info/requires.txt
[0.578s] writing top-level names to ../../build/hb_task4/hb_task4.egg-info/top_level.txt
[0.578s] writing manifest file '../../build/hb_task4/hb_task4.egg-info/SOURCES.txt'
[0.579s] reading manifest file '../../build/hb_task4/hb_task4.egg-info/SOURCES.txt'
[0.580s] writing manifest file '../../build/hb_task4/hb_task4.egg-info/SOURCES.txt'
[0.580s] running build
[0.580s] running build_py
[0.580s] creating /home/premsai/eyrc23_HB_1282/hb_task_4/build/hb_task4/build
[0.580s] creating /home/premsai/eyrc23_HB_1282/hb_task_4/build/hb_task4/build/lib
[0.580s] creating /home/premsai/eyrc23_HB_1282/hb_task_4/build/hb_task4/build/lib/hb_task4
[0.580s] copying hb_task4/feedback.py -> /home/premsai/eyrc23_HB_1282/hb_task_4/build/hb_task4/build/lib/hb_task4
[0.580s] copying hb_task4/_wheel_vel.py -> /home/premsai/eyrc23_HB_1282/hb_task_4/build/hb_task4/build/lib/hb_task4
[0.580s] copying hb_task4/subs.py -> /home/premsai/eyrc23_HB_1282/hb_task_4/build/hb_task4/build/lib/hb_task4
[0.580s] copying hb_task4/propotions.py -> /home/premsai/eyrc23_HB_1282/hb_task_4/build/hb_task4/build/lib/hb_task4
[0.580s] copying hb_task4/__init__.py -> /home/premsai/eyrc23_HB_1282/hb_task_4/build/hb_task4/build/lib/hb_task4
[0.580s] copying hb_task4/publish_test.py -> /home/premsai/eyrc23_HB_1282/hb_task_4/build/hb_task4/build/lib/hb_task4
[0.580s] creating /home/premsai/eyrc23_HB_1282/hb_task_4/build/hb_task4/build/lib/hb_task4/my_custom_msgs
[0.580s] copying hb_task4/my_custom_msgs/__init__.py -> /home/premsai/eyrc23_HB_1282/hb_task_4/build/hb_task4/build/lib/hb_task4/my_custom_msgs
[0.580s] creating /home/premsai/eyrc23_HB_1282/hb_task_4/build/hb_task4/build/lib/hb_task4/my_custom_msgs/msg
[0.581s] copying hb_task4/my_custom_msgs/msg/_wheel_vel.py -> /home/premsai/eyrc23_HB_1282/hb_task_4/build/hb_task4/build/lib/hb_task4/my_custom_msgs/msg
[0.581s] copying hb_task4/my_custom_msgs/msg/__init__.py -> /home/premsai/eyrc23_HB_1282/hb_task_4/build/hb_task4/build/lib/hb_task4/my_custom_msgs/msg
[0.581s] running install
[0.581s] /usr/lib/python3/dist-packages/setuptools/command/install.py:34: SetuptoolsDeprecationWarning: setup.py install is deprecated. Use build and pip and other standards-based tools.
[0.581s]   warnings.warn(
[0.581s] running install_lib
[0.582s] copying /home/premsai/eyrc23_HB_1282/hb_task_4/build/hb_task4/build/lib/hb_task4/publish_test.py -> /home/premsai/eyrc23_HB_1282/hb_task_4/install/hb_task4/lib/python3.10/site-packages/hb_task4
[0.582s] byte-compiling /home/premsai/eyrc23_HB_1282/hb_task_4/install/hb_task4/lib/python3.10/site-packages/hb_task4/publish_test.py to publish_test.cpython-310.pyc
[0.583s] running install_data
[0.584s] running install_egg_info
[0.585s] removing '/home/premsai/eyrc23_HB_1282/hb_task_4/install/hb_task4/lib/python3.10/site-packages/hb_task4-0.0.0-py3.10.egg-info' (and everything under it)
[0.585s] Copying ../../build/hb_task4/hb_task4.egg-info to /home/premsai/eyrc23_HB_1282/hb_task_4/install/hb_task4/lib/python3.10/site-packages/hb_task4-0.0.0-py3.10.egg-info
[0.585s] running install_scripts
[0.598s] Installing feedback script to /home/premsai/eyrc23_HB_1282/hb_task_4/install/hb_task4/lib/hb_task4
[0.599s] Installing subs script to /home/premsai/eyrc23_HB_1282/hb_task_4/install/hb_task4/lib/hb_task4
[0.599s] Installing test script to /home/premsai/eyrc23_HB_1282/hb_task_4/install/hb_task4/lib/hb_task4
[0.599s] writing list of installed files to '/home/premsai/eyrc23_HB_1282/hb_task_4/build/hb_task4/install.log'
[0.621s] Invoked command in '/home/premsai/eyrc23_HB_1282/hb_task_4/src/hb_task4' returned '0': PYTHONPATH=/home/premsai/eyrc23_HB_1282/hb_task_4/build/hb_task4/prefix_override:/home/premsai/eyrc23_HB_1282/hb_task_4/install/hb_task4/lib/python3.10/site-packages:${PYTHONPATH} /usr/bin/python3 setup.py egg_info --egg-base ../../build/hb_task4 build --build-base /home/premsai/eyrc23_HB_1282/hb_task_4/build/hb_task4/build install --record /home/premsai/eyrc23_HB_1282/hb_task_4/build/hb_task4/install.log --single-version-externally-managed
