[1.261s] Invoking command in '/home/akshar/eyrc_hb/hb_task6_ws/src/hb_task6': PYTHONPATH=/home/akshar/eyrc_hb/hb_task6_ws/build/hb_task6/prefix_override:/home/akshar/eyrc_hb/hb_task6_ws/install/hb_task6/lib/python3.10/site-packages:${PYTHONPATH} /usr/bin/python3 setup.py egg_info --egg-base ../../build/hb_task6 build --build-base /home/akshar/eyrc_hb/hb_task6_ws/build/hb_task6/build install --record /home/akshar/eyrc_hb/hb_task6_ws/build/hb_task6/install.log --single-version-externally-managed
[1.490s] running egg_info
[1.490s] writing ../../build/hb_task6/hb_task6.egg-info/PKG-INFO
[1.490s] writing dependency_links to ../../build/hb_task6/hb_task6.egg-info/dependency_links.txt
[1.491s] writing entry points to ../../build/hb_task6/hb_task6.egg-info/entry_points.txt
[1.491s] writing requirements to ../../build/hb_task6/hb_task6.egg-info/requires.txt
[1.491s] writing top-level names to ../../build/hb_task6/hb_task6.egg-info/top_level.txt
[1.494s] reading manifest file '../../build/hb_task6/hb_task6.egg-info/SOURCES.txt'
[1.495s] writing manifest file '../../build/hb_task6/hb_task6.egg-info/SOURCES.txt'
[1.495s] running build
[1.495s] running build_py
[1.497s] running install
[1.497s] /usr/lib/python3/dist-packages/setuptools/command/install.py:34: SetuptoolsDeprecationWarning: setup.py install is deprecated. Use build and pip and other standards-based tools.
[1.497s]   warnings.warn(
[1.497s] running install_lib
[1.500s] running install_data
[1.501s] running install_egg_info
[1.503s] removing '/home/akshar/eyrc_hb/hb_task6_ws/install/hb_task6/lib/python3.10/site-packages/hb_task6-0.0.0-py3.10.egg-info' (and everything under it)
[1.504s] Copying ../../build/hb_task6/hb_task6.egg-info to /home/akshar/eyrc_hb/hb_task6_ws/install/hb_task6/lib/python3.10/site-packages/hb_task6-0.0.0-py3.10.egg-info
[1.505s] running install_scripts
[1.525s] Installing StopFlag script to /home/akshar/eyrc_hb/hb_task6_ws/install/hb_task6/lib/hb_task6
[1.525s] Installing controller script to /home/akshar/eyrc_hb/hb_task6_ws/install/hb_task6/lib/hb_task6
[1.525s] Installing controllerik script to /home/akshar/eyrc_hb/hb_task6_ws/install/hb_task6/lib/hb_task6
[1.526s] Installing controllerik2 script to /home/akshar/eyrc_hb/hb_task6_ws/install/hb_task6/lib/hb_task6
[1.526s] Installing controllerik3 script to /home/akshar/eyrc_hb/hb_task6_ws/install/hb_task6/lib/hb_task6
[1.526s] Installing feedback script to /home/akshar/eyrc_hb/hb_task6_ws/install/hb_task6/lib/hb_task6
[1.526s] Installing img script to /home/akshar/eyrc_hb/hb_task6_ws/install/hb_task6/lib/hb_task6
[1.526s] Installing interp script to /home/akshar/eyrc_hb/hb_task6_ws/install/hb_task6/lib/hb_task6
[1.526s] Installing interp2 script to /home/akshar/eyrc_hb/hb_task6_ws/install/hb_task6/lib/hb_task6
[1.526s] Installing interp3 script to /home/akshar/eyrc_hb/hb_task6_ws/install/hb_task6/lib/hb_task6
[1.527s] Installing map script to /home/akshar/eyrc_hb/hb_task6_ws/install/hb_task6/lib/hb_task6
[1.527s] Installing map2 script to /home/akshar/eyrc_hb/hb_task6_ws/install/hb_task6/lib/hb_task6
[1.527s] Installing map3 script to /home/akshar/eyrc_hb/hb_task6_ws/install/hb_task6/lib/hb_task6
[1.527s] Installing nextgoal script to /home/akshar/eyrc_hb/hb_task6_ws/install/hb_task6/lib/hb_task6
[1.527s] Installing server script to /home/akshar/eyrc_hb/hb_task6_ws/install/hb_task6/lib/hb_task6
[1.527s] Installing startFlag script to /home/akshar/eyrc_hb/hb_task6_ws/install/hb_task6/lib/hb_task6
[1.528s] writing list of installed files to '/home/akshar/eyrc_hb/hb_task6_ws/build/hb_task6/install.log'
[1.594s] Invoked command in '/home/akshar/eyrc_hb/hb_task6_ws/src/hb_task6' returned '0': PYTHONPATH=/home/akshar/eyrc_hb/hb_task6_ws/build/hb_task6/prefix_override:/home/akshar/eyrc_hb/hb_task6_ws/install/hb_task6/lib/python3.10/site-packages:${PYTHONPATH} /usr/bin/python3 setup.py egg_info --egg-base ../../build/hb_task6 build --build-base /home/akshar/eyrc_hb/hb_task6_ws/build/hb_task6/build install --record /home/akshar/eyrc_hb/hb_task6_ws/build/hb_task6/install.log --single-version-externally-managed
