[0.585s] Invoking command in '/home/akshar/eyrc_hb/hb_task_2_ws/src/hb_task2a': PYTHONPATH=/home/akshar/eyrc_hb/hb_task_2_ws/build/hb_task2a/prefix_override:/home/akshar/eyrc_hb/hb_task_2_ws/install/hb_task2a/lib/python3.10/site-packages:${PYTHONPATH} /usr/bin/python3 setup.py egg_info --egg-base ../../build/hb_task2a build --build-base /home/akshar/eyrc_hb/hb_task_2_ws/build/hb_task2a/build install --record /home/akshar/eyrc_hb/hb_task_2_ws/build/hb_task2a/install.log --single-version-externally-managed
[0.771s] running egg_info
[0.772s] creating ../../build/hb_task2a/hb_task2a.egg-info
[0.772s] writing ../../build/hb_task2a/hb_task2a.egg-info/PKG-INFO
[0.772s] writing dependency_links to ../../build/hb_task2a/hb_task2a.egg-info/dependency_links.txt
[0.772s] writing entry points to ../../build/hb_task2a/hb_task2a.egg-info/entry_points.txt
[0.773s] writing requirements to ../../build/hb_task2a/hb_task2a.egg-info/requires.txt
[0.773s] writing top-level names to ../../build/hb_task2a/hb_task2a.egg-info/top_level.txt
[0.773s] writing manifest file '../../build/hb_task2a/hb_task2a.egg-info/SOURCES.txt'
[0.774s] reading manifest file '../../build/hb_task2a/hb_task2a.egg-info/SOURCES.txt'
[0.774s] writing manifest file '../../build/hb_task2a/hb_task2a.egg-info/SOURCES.txt'
[0.775s] running build
[0.775s] running build_py
[0.775s] creating /home/akshar/eyrc_hb/hb_task_2_ws/build/hb_task2a/build
[0.775s] creating /home/akshar/eyrc_hb/hb_task_2_ws/build/hb_task2a/build/lib
[0.775s] creating /home/akshar/eyrc_hb/hb_task_2_ws/build/hb_task2a/build/lib/hb_task2a
[0.775s] copying hb_task2a/__init__.py -> /home/akshar/eyrc_hb/hb_task_2_ws/build/hb_task2a/build/lib/hb_task2a
[0.775s] running install
[0.775s] /usr/lib/python3/dist-packages/setuptools/command/install.py:34: SetuptoolsDeprecationWarning: setup.py install is deprecated. Use build and pip and other standards-based tools.
[0.775s]   warnings.warn(
[0.775s] running install_lib
[0.776s] creating /home/akshar/eyrc_hb/hb_task_2_ws/install/hb_task2a/lib/python3.10/site-packages/hb_task2a
[0.776s] copying /home/akshar/eyrc_hb/hb_task_2_ws/build/hb_task2a/build/lib/hb_task2a/__init__.py -> /home/akshar/eyrc_hb/hb_task_2_ws/install/hb_task2a/lib/python3.10/site-packages/hb_task2a
[0.776s] byte-compiling /home/akshar/eyrc_hb/hb_task_2_ws/install/hb_task2a/lib/python3.10/site-packages/hb_task2a/__init__.py to __init__.cpython-310.pyc
[0.777s] running install_data
[0.777s] creating /home/akshar/eyrc_hb/hb_task_2_ws/install/hb_task2a/share/ament_index
[0.777s] creating /home/akshar/eyrc_hb/hb_task_2_ws/install/hb_task2a/share/ament_index/resource_index
[0.777s] creating /home/akshar/eyrc_hb/hb_task_2_ws/install/hb_task2a/share/ament_index/resource_index/packages
[0.777s] copying resource/hb_task2a -> /home/akshar/eyrc_hb/hb_task_2_ws/install/hb_task2a/share/ament_index/resource_index/packages
[0.777s] copying package.xml -> /home/akshar/eyrc_hb/hb_task_2_ws/install/hb_task2a/share/hb_task2a
[0.777s] creating /home/akshar/eyrc_hb/hb_task_2_ws/install/hb_task2a/share/hb_task2a/launch
[0.777s] copying launch/task2a.launch.py -> /home/akshar/eyrc_hb/hb_task_2_ws/install/hb_task2a/share/hb_task2a/launch
[0.777s] creating /home/akshar/eyrc_hb/hb_task_2_ws/install/hb_task2a/share/hb_task2a/scripts
[0.778s] copying scripts/controller.py -> /home/akshar/eyrc_hb/hb_task_2_ws/install/hb_task2a/share/hb_task2a/scripts
[0.778s] copying scripts/feedback.py -> /home/akshar/eyrc_hb/hb_task_2_ws/install/hb_task2a/share/hb_task2a/scripts
[0.778s] copying scripts/service_node.py -> /home/akshar/eyrc_hb/hb_task_2_ws/install/hb_task2a/share/hb_task2a/scripts
[0.778s] running install_egg_info
[0.779s] Copying ../../build/hb_task2a/hb_task2a.egg-info to /home/akshar/eyrc_hb/hb_task_2_ws/install/hb_task2a/lib/python3.10/site-packages/hb_task2a-0.0.0-py3.10.egg-info
[0.780s] running install_scripts
[0.798s] Installing feedback script to /home/akshar/eyrc_hb/hb_task_2_ws/install/hb_task2a/lib/hb_task2a
[0.798s] writing list of installed files to '/home/akshar/eyrc_hb/hb_task_2_ws/build/hb_task2a/install.log'
[0.821s] Invoked command in '/home/akshar/eyrc_hb/hb_task_2_ws/src/hb_task2a' returned '0': PYTHONPATH=/home/akshar/eyrc_hb/hb_task_2_ws/build/hb_task2a/prefix_override:/home/akshar/eyrc_hb/hb_task_2_ws/install/hb_task2a/lib/python3.10/site-packages:${PYTHONPATH} /usr/bin/python3 setup.py egg_info --egg-base ../../build/hb_task2a build --build-base /home/akshar/eyrc_hb/hb_task_2_ws/build/hb_task2a/build install --record /home/akshar/eyrc_hb/hb_task_2_ws/build/hb_task2a/install.log --single-version-externally-managed
