[0.512s] Invoking command in '/home/akshar/eyrc_hb/hb_task1b_ws/src/hb_task_1b': PYTHONPATH=/home/akshar/eyrc_hb/hb_task1b_ws/build/hb_task_1b/prefix_override:/home/akshar/eyrc_hb/hb_task1b_ws/install/hb_task_1b/lib/python3.10/site-packages:${PYTHONPATH} /usr/bin/python3 setup.py egg_info --egg-base ../../build/hb_task_1b build --build-base /home/akshar/eyrc_hb/hb_task1b_ws/build/hb_task_1b/build install --record /home/akshar/eyrc_hb/hb_task1b_ws/build/hb_task_1b/install.log --single-version-externally-managed
[0.662s] running egg_info
[0.663s] writing ../../build/hb_task_1b/hb_task_1b.egg-info/PKG-INFO
[0.663s] writing dependency_links to ../../build/hb_task_1b/hb_task_1b.egg-info/dependency_links.txt
[0.663s] writing entry points to ../../build/hb_task_1b/hb_task_1b.egg-info/entry_points.txt
[0.663s] writing requirements to ../../build/hb_task_1b/hb_task_1b.egg-info/requires.txt
[0.664s] writing top-level names to ../../build/hb_task_1b/hb_task_1b.egg-info/top_level.txt
[0.665s] reading manifest file '../../build/hb_task_1b/hb_task_1b.egg-info/SOURCES.txt'
[0.665s] writing manifest file '../../build/hb_task_1b/hb_task_1b.egg-info/SOURCES.txt'
[0.665s] running build
[0.666s] running build_py
[0.666s] running install
[0.667s] /usr/lib/python3/dist-packages/setuptools/command/install.py:34: SetuptoolsDeprecationWarning: setup.py install is deprecated. Use build and pip and other standards-based tools.
[0.667s]   warnings.warn(
[0.667s] running install_lib
[0.668s] running install_data
[0.669s] copying urdf/hb_bot.urdf.xacro -> /home/akshar/eyrc_hb/hb_task1b_ws/install/hb_task_1b/share/hb_task_1b/urdf
[0.670s] running install_egg_info
[0.671s] removing '/home/akshar/eyrc_hb/hb_task1b_ws/install/hb_task_1b/lib/python3.10/site-packages/hb_task_1b-0.0.0-py3.10.egg-info' (and everything under it)
[0.671s] Copying ../../build/hb_task_1b/hb_task_1b.egg-info to /home/akshar/eyrc_hb/hb_task1b_ws/install/hb_task_1b/lib/python3.10/site-packages/hb_task_1b-0.0.0-py3.10.egg-info
[0.672s] running install_scripts
[0.686s] Installing gazebo.launch.py script to /home/akshar/eyrc_hb/hb_task1b_ws/install/hb_task_1b/lib/hb_task_1b
[0.686s] Installing service_node script to /home/akshar/eyrc_hb/hb_task1b_ws/install/hb_task_1b/lib/hb_task_1b
[0.686s] writing list of installed files to '/home/akshar/eyrc_hb/hb_task1b_ws/build/hb_task_1b/install.log'
[0.729s] Invoked command in '/home/akshar/eyrc_hb/hb_task1b_ws/src/hb_task_1b' returned '0': PYTHONPATH=/home/akshar/eyrc_hb/hb_task1b_ws/build/hb_task_1b/prefix_override:/home/akshar/eyrc_hb/hb_task1b_ws/install/hb_task_1b/lib/python3.10/site-packages:${PYTHONPATH} /usr/bin/python3 setup.py egg_info --egg-base ../../build/hb_task_1b build --build-base /home/akshar/eyrc_hb/hb_task1b_ws/build/hb_task_1b/build install --record /home/akshar/eyrc_hb/hb_task1b_ws/build/hb_task_1b/install.log --single-version-externally-managed
