[0.468s] Invoking command in '/home/premsai/eyrc23_HB_1282/hb_task6_ws/src/hb_task6': PYTHONPATH=/home/premsai/eyrc23_HB_1282/hb_task6_ws/build/hb_task6/prefix_override:/home/premsai/eyrc23_HB_1282/hb_task6_ws/install/hb_task6/lib/python3.10/site-packages:${PYTHONPATH} /usr/bin/python3 setup.py egg_info --egg-base ../../build/hb_task6 build --build-base /home/premsai/eyrc23_HB_1282/hb_task6_ws/build/hb_task6/build install --record /home/premsai/eyrc23_HB_1282/hb_task6_ws/build/hb_task6/install.log --single-version-externally-managed
[0.619s] running egg_info
[0.619s] writing ../../build/hb_task6/hb_task6.egg-info/PKG-INFO
[0.620s] writing dependency_links to ../../build/hb_task6/hb_task6.egg-info/dependency_links.txt
[0.620s] writing entry points to ../../build/hb_task6/hb_task6.egg-info/entry_points.txt
[0.620s] writing requirements to ../../build/hb_task6/hb_task6.egg-info/requires.txt
[0.620s] writing top-level names to ../../build/hb_task6/hb_task6.egg-info/top_level.txt
[0.621s] reading manifest file '../../build/hb_task6/hb_task6.egg-info/SOURCES.txt'
[0.621s] writing manifest file '../../build/hb_task6/hb_task6.egg-info/SOURCES.txt'
[0.621s] running build
[0.621s] running build_py
[0.622s] copying hb_task6/controller_ik.py -> /home/premsai/eyrc23_HB_1282/hb_task6_ws/build/hb_task6/build/lib/hb_task6
[0.622s] copying hb_task6/controller_ik2.py -> /home/premsai/eyrc23_HB_1282/hb_task6_ws/build/hb_task6/build/lib/hb_task6
[0.622s] copying hb_task6/controller_ik3.py -> /home/premsai/eyrc23_HB_1282/hb_task6_ws/build/hb_task6/build/lib/hb_task6
[0.622s] running install
[0.622s] /usr/lib/python3/dist-packages/setuptools/command/install.py:34: SetuptoolsDeprecationWarning: setup.py install is deprecated. Use build and pip and other standards-based tools.
[0.623s]   warnings.warn(
[0.623s] running install_lib
[0.623s] copying /home/premsai/eyrc23_HB_1282/hb_task6_ws/build/hb_task6/build/lib/hb_task6/controller_ik.py -> /home/premsai/eyrc23_HB_1282/hb_task6_ws/install/hb_task6/lib/python3.10/site-packages/hb_task6
[0.623s] copying /home/premsai/eyrc23_HB_1282/hb_task6_ws/build/hb_task6/build/lib/hb_task6/controller_ik2.py -> /home/premsai/eyrc23_HB_1282/hb_task6_ws/install/hb_task6/lib/python3.10/site-packages/hb_task6
[0.623s] copying /home/premsai/eyrc23_HB_1282/hb_task6_ws/build/hb_task6/build/lib/hb_task6/controller_ik3.py -> /home/premsai/eyrc23_HB_1282/hb_task6_ws/install/hb_task6/lib/python3.10/site-packages/hb_task6
[0.624s] byte-compiling /home/premsai/eyrc23_HB_1282/hb_task6_ws/install/hb_task6/lib/python3.10/site-packages/hb_task6/controller_ik.py to controller_ik.cpython-310.pyc
[0.625s] byte-compiling /home/premsai/eyrc23_HB_1282/hb_task6_ws/install/hb_task6/lib/python3.10/site-packages/hb_task6/controller_ik2.py to controller_ik2.cpython-310.pyc
[0.626s] byte-compiling /home/premsai/eyrc23_HB_1282/hb_task6_ws/install/hb_task6/lib/python3.10/site-packages/hb_task6/controller_ik3.py to controller_ik3.cpython-310.pyc
[0.627s] running install_data
[0.627s] running install_egg_info
[0.629s] removing '/home/premsai/eyrc23_HB_1282/hb_task6_ws/install/hb_task6/lib/python3.10/site-packages/hb_task6-0.0.0-py3.10.egg-info' (and everything under it)
[0.629s] Copying ../../build/hb_task6/hb_task6.egg-info to /home/premsai/eyrc23_HB_1282/hb_task6_ws/install/hb_task6/lib/python3.10/site-packages/hb_task6-0.0.0-py3.10.egg-info
[0.630s] running install_scripts
[0.649s] Installing StopFlag script to /home/premsai/eyrc23_HB_1282/hb_task6_ws/install/hb_task6/lib/hb_task6
[0.649s] Installing controller script to /home/premsai/eyrc23_HB_1282/hb_task6_ws/install/hb_task6/lib/hb_task6
[0.649s] Installing controllerik script to /home/premsai/eyrc23_HB_1282/hb_task6_ws/install/hb_task6/lib/hb_task6
[0.649s] Installing controllerik2 script to /home/premsai/eyrc23_HB_1282/hb_task6_ws/install/hb_task6/lib/hb_task6
[0.649s] Installing controllerik3 script to /home/premsai/eyrc23_HB_1282/hb_task6_ws/install/hb_task6/lib/hb_task6
[0.649s] Installing feedback script to /home/premsai/eyrc23_HB_1282/hb_task6_ws/install/hb_task6/lib/hb_task6
[0.649s] Installing img script to /home/premsai/eyrc23_HB_1282/hb_task6_ws/install/hb_task6/lib/hb_task6
[0.650s] Installing interp script to /home/premsai/eyrc23_HB_1282/hb_task6_ws/install/hb_task6/lib/hb_task6
[0.650s] Installing interp2 script to /home/premsai/eyrc23_HB_1282/hb_task6_ws/install/hb_task6/lib/hb_task6
[0.650s] Installing interp3 script to /home/premsai/eyrc23_HB_1282/hb_task6_ws/install/hb_task6/lib/hb_task6
[0.650s] Installing map script to /home/premsai/eyrc23_HB_1282/hb_task6_ws/install/hb_task6/lib/hb_task6
[0.650s] Installing map2 script to /home/premsai/eyrc23_HB_1282/hb_task6_ws/install/hb_task6/lib/hb_task6
[0.650s] Installing map3 script to /home/premsai/eyrc23_HB_1282/hb_task6_ws/install/hb_task6/lib/hb_task6
[0.650s] Installing nextgoal script to /home/premsai/eyrc23_HB_1282/hb_task6_ws/install/hb_task6/lib/hb_task6
[0.650s] Installing server script to /home/premsai/eyrc23_HB_1282/hb_task6_ws/install/hb_task6/lib/hb_task6
[0.650s] Installing startFlag script to /home/premsai/eyrc23_HB_1282/hb_task6_ws/install/hb_task6/lib/hb_task6
[0.650s] writing list of installed files to '/home/premsai/eyrc23_HB_1282/hb_task6_ws/build/hb_task6/install.log'
[0.671s] Invoked command in '/home/premsai/eyrc23_HB_1282/hb_task6_ws/src/hb_task6' returned '0': PYTHONPATH=/home/premsai/eyrc23_HB_1282/hb_task6_ws/build/hb_task6/prefix_override:/home/premsai/eyrc23_HB_1282/hb_task6_ws/install/hb_task6/lib/python3.10/site-packages:${PYTHONPATH} /usr/bin/python3 setup.py egg_info --egg-base ../../build/hb_task6 build --build-base /home/premsai/eyrc23_HB_1282/hb_task6_ws/build/hb_task6/build install --record /home/premsai/eyrc23_HB_1282/hb_task6_ws/build/hb_task6/install.log --single-version-externally-managed
