[0.579s] Invoking command in '/home/akshar/eyrc_hb/hb_task_4/src/hb_task4': PYTHONPATH=/home/akshar/eyrc_hb/hb_task_4/build/hb_task4/prefix_override:/home/akshar/eyrc_hb/hb_task_4/install/hb_task4/lib/python3.10/site-packages:${PYTHONPATH} /usr/bin/python3 setup.py egg_info --egg-base ../../build/hb_task4 build --build-base /home/akshar/eyrc_hb/hb_task_4/build/hb_task4/build install --record /home/akshar/eyrc_hb/hb_task_4/build/hb_task4/install.log --single-version-externally-managed
[0.743s] running egg_info
[0.744s] writing ../../build/hb_task4/hb_task4.egg-info/PKG-INFO
[0.744s] writing dependency_links to ../../build/hb_task4/hb_task4.egg-info/dependency_links.txt
[0.744s] writing entry points to ../../build/hb_task4/hb_task4.egg-info/entry_points.txt
[0.744s] writing requirements to ../../build/hb_task4/hb_task4.egg-info/requires.txt
[0.745s] writing top-level names to ../../build/hb_task4/hb_task4.egg-info/top_level.txt
[0.746s] reading manifest file '../../build/hb_task4/hb_task4.egg-info/SOURCES.txt'
[0.747s] writing manifest file '../../build/hb_task4/hb_task4.egg-info/SOURCES.txt'
[0.747s] running build
[0.747s] running build_py
[0.748s] running install
[0.749s] /usr/lib/python3/dist-packages/setuptools/command/install.py:34: SetuptoolsDeprecationWarning: setup.py install is deprecated. Use build and pip and other standards-based tools.
[0.749s]   warnings.warn(
[0.749s] running install_lib
[0.751s] running install_data
[0.752s] running install_egg_info
[0.753s] removing '/home/akshar/eyrc_hb/hb_task_4/install/hb_task4/lib/python3.10/site-packages/hb_task4-0.0.0-py3.10.egg-info' (and everything under it)
[0.753s] Copying ../../build/hb_task4/hb_task4.egg-info to /home/akshar/eyrc_hb/hb_task_4/install/hb_task4/lib/python3.10/site-packages/hb_task4-0.0.0-py3.10.egg-info
[0.754s] running install_scripts
[0.769s] Installing feedback script to /home/akshar/eyrc_hb/hb_task_4/install/hb_task4/lib/hb_task4
[0.769s] Installing subs script to /home/akshar/eyrc_hb/hb_task_4/install/hb_task4/lib/hb_task4
[0.769s] Installing test script to /home/akshar/eyrc_hb/hb_task_4/install/hb_task4/lib/hb_task4
[0.769s] writing list of installed files to '/home/akshar/eyrc_hb/hb_task_4/build/hb_task4/install.log'
[0.824s] Invoked command in '/home/akshar/eyrc_hb/hb_task_4/src/hb_task4' returned '0': PYTHONPATH=/home/akshar/eyrc_hb/hb_task_4/build/hb_task4/prefix_override:/home/akshar/eyrc_hb/hb_task_4/install/hb_task4/lib/python3.10/site-packages:${PYTHONPATH} /usr/bin/python3 setup.py egg_info --egg-base ../../build/hb_task4 build --build-base /home/akshar/eyrc_hb/hb_task_4/build/hb_task4/build install --record /home/akshar/eyrc_hb/hb_task_4/build/hb_task4/install.log --single-version-externally-managed
