[0.426s] Invoking command in '/home/akshar/eyrc_hb/hb_task1b_ws/src/hb_task_1b': AMENT_PREFIX_PATH=/home/akshar/eyrc_hb/hb_task1b_ws/install/my_robot_interfaces:${AMENT_PREFIX_PATH} CMAKE_PREFIX_PATH=/home/akshar/eyrc_hb/hb_task1b_ws/install/my_robot_interfaces LD_LIBRARY_PATH=/home/akshar/eyrc_hb/hb_task1b_ws/install/my_robot_interfaces/lib:${LD_LIBRARY_PATH} PYTHONPATH=/home/akshar/eyrc_hb/hb_task1b_ws/build/hb_task_1b/prefix_override:/home/akshar/eyrc_hb/hb_task1b_ws/install/hb_task_1b/lib/python3.10/site-packages:/home/akshar/eyrc_hb/hb_task1b_ws/install/my_robot_interfaces/local/lib/python3.10/dist-packages:${PYTHONPATH} /usr/bin/python3 setup.py egg_info --egg-base ../../build/hb_task_1b build --build-base /home/akshar/eyrc_hb/hb_task1b_ws/build/hb_task_1b/build install --record /home/akshar/eyrc_hb/hb_task1b_ws/build/hb_task_1b/install.log --single-version-externally-managed
[0.572s] running egg_info
[0.572s] writing ../../build/hb_task_1b/hb_task_1b.egg-info/PKG-INFO
[0.572s] writing dependency_links to ../../build/hb_task_1b/hb_task_1b.egg-info/dependency_links.txt
[0.572s] writing entry points to ../../build/hb_task_1b/hb_task_1b.egg-info/entry_points.txt
[0.573s] writing requirements to ../../build/hb_task_1b/hb_task_1b.egg-info/requires.txt
[0.573s] writing top-level names to ../../build/hb_task_1b/hb_task_1b.egg-info/top_level.txt
[0.574s] reading manifest file '../../build/hb_task_1b/hb_task_1b.egg-info/SOURCES.txt'
[0.574s] writing manifest file '../../build/hb_task_1b/hb_task_1b.egg-info/SOURCES.txt'
[0.574s] running build
[0.575s] running build_py
[0.575s] copying hb_task_1b/controller.py -> /home/akshar/eyrc_hb/hb_task1b_ws/build/hb_task_1b/build/lib/hb_task_1b
[0.575s] running install
[0.575s] /usr/lib/python3/dist-packages/setuptools/command/install.py:34: SetuptoolsDeprecationWarning: setup.py install is deprecated. Use build and pip and other standards-based tools.
[0.575s]   warnings.warn(
[0.575s] running install_lib
[0.575s] copying /home/akshar/eyrc_hb/hb_task1b_ws/build/hb_task_1b/build/lib/hb_task_1b/controller.py -> /home/akshar/eyrc_hb/hb_task1b_ws/install/hb_task_1b/lib/python3.10/site-packages/hb_task_1b
[0.576s] byte-compiling /home/akshar/eyrc_hb/hb_task1b_ws/install/hb_task_1b/lib/python3.10/site-packages/hb_task_1b/controller.py to controller.cpython-310.pyc
[0.576s] running install_data
[0.577s] running install_egg_info
[0.578s] removing '/home/akshar/eyrc_hb/hb_task1b_ws/install/hb_task_1b/lib/python3.10/site-packages/hb_task_1b-0.0.0-py3.10.egg-info' (and everything under it)
[0.578s] Copying ../../build/hb_task_1b/hb_task_1b.egg-info to /home/akshar/eyrc_hb/hb_task1b_ws/install/hb_task_1b/lib/python3.10/site-packages/hb_task_1b-0.0.0-py3.10.egg-info
[0.579s] running install_scripts
[0.592s] Installing controller script to /home/akshar/eyrc_hb/hb_task1b_ws/install/hb_task_1b/lib/hb_task_1b
[0.592s] Installing gazebo.launch.py script to /home/akshar/eyrc_hb/hb_task1b_ws/install/hb_task_1b/lib/hb_task_1b
[0.593s] Installing hb_task1b.launch.py script to /home/akshar/eyrc_hb/hb_task1b_ws/install/hb_task_1b/lib/hb_task_1b
[0.593s] Installing service_node script to /home/akshar/eyrc_hb/hb_task1b_ws/install/hb_task_1b/lib/hb_task_1b
[0.593s] writing list of installed files to '/home/akshar/eyrc_hb/hb_task1b_ws/build/hb_task_1b/install.log'
[0.611s] Invoked command in '/home/akshar/eyrc_hb/hb_task1b_ws/src/hb_task_1b' returned '0': AMENT_PREFIX_PATH=/home/akshar/eyrc_hb/hb_task1b_ws/install/my_robot_interfaces:${AMENT_PREFIX_PATH} CMAKE_PREFIX_PATH=/home/akshar/eyrc_hb/hb_task1b_ws/install/my_robot_interfaces LD_LIBRARY_PATH=/home/akshar/eyrc_hb/hb_task1b_ws/install/my_robot_interfaces/lib:${LD_LIBRARY_PATH} PYTHONPATH=/home/akshar/eyrc_hb/hb_task1b_ws/build/hb_task_1b/prefix_override:/home/akshar/eyrc_hb/hb_task1b_ws/install/hb_task_1b/lib/python3.10/site-packages:/home/akshar/eyrc_hb/hb_task1b_ws/install/my_robot_interfaces/local/lib/python3.10/dist-packages:${PYTHONPATH} /usr/bin/python3 setup.py egg_info --egg-base ../../build/hb_task_1b build --build-base /home/akshar/eyrc_hb/hb_task1b_ws/build/hb_task_1b/build install --record /home/akshar/eyrc_hb/hb_task1b_ws/build/hb_task_1b/install.log --single-version-externally-managed
