[1.266s] Invoking command in '/home/akshar/eyrc_hb/hb_task6_ws/src/hb_taskbonus': PYTHONPATH=/home/akshar/eyrc_hb/hb_task6_ws/build/hb_taskbonus/prefix_override:/home/akshar/eyrc_hb/hb_task6_ws/install/hb_taskbonus/lib/python3.10/site-packages:${PYTHONPATH} /usr/bin/python3 setup.py egg_info --egg-base ../../build/hb_taskbonus build --build-base /home/akshar/eyrc_hb/hb_task6_ws/build/hb_taskbonus/build install --record /home/akshar/eyrc_hb/hb_task6_ws/build/hb_taskbonus/install.log --single-version-externally-managed
[1.553s] running egg_info
[1.553s] writing ../../build/hb_taskbonus/hb_taskbonus.egg-info/PKG-INFO
[1.554s] writing dependency_links to ../../build/hb_taskbonus/hb_taskbonus.egg-info/dependency_links.txt
[1.554s] writing entry points to ../../build/hb_taskbonus/hb_taskbonus.egg-info/entry_points.txt
[1.554s] writing requirements to ../../build/hb_taskbonus/hb_taskbonus.egg-info/requires.txt
[1.554s] writing top-level names to ../../build/hb_taskbonus/hb_taskbonus.egg-info/top_level.txt
[1.555s] reading manifest file '../../build/hb_taskbonus/hb_taskbonus.egg-info/SOURCES.txt'
[1.557s] writing manifest file '../../build/hb_taskbonus/hb_taskbonus.egg-info/SOURCES.txt'
[1.557s] running build
[1.557s] running build_py
[1.558s] running install
[1.558s] /usr/lib/python3/dist-packages/setuptools/command/install.py:34: SetuptoolsDeprecationWarning: setup.py install is deprecated. Use build and pip and other standards-based tools.
[1.558s]   warnings.warn(
[1.558s] running install_lib
[1.560s] byte-compiling /home/akshar/eyrc_hb/hb_task6_ws/install/hb_taskbonus/lib/python3.10/site-packages/hb_taskbonus/controller1a.py to controller1a.cpython-310.pyc
[1.562s]   File "/home/akshar/eyrc_hb/hb_task6_ws/install/hb_taskbonus/lib/python3.10/site-packages/hb_taskbonus/controller1a.py", line 322
[1.562s]     global pen_down, run_complete,func_complete
[1.562s]     ^^^^^^^^^^^^^^^^^^^^^^^^^^^^^^^^^^^^^^^^^^^
[1.563s] SyntaxError: name 'func_complete' is used prior to global declaration
[1.563s] 
[1.563s] running install_data
[1.563s] running install_egg_info
[1.564s] removing '/home/akshar/eyrc_hb/hb_task6_ws/install/hb_taskbonus/lib/python3.10/site-packages/hb_taskbonus-0.0.0-py3.10.egg-info' (and everything under it)
[1.565s] Copying ../../build/hb_taskbonus/hb_taskbonus.egg-info to /home/akshar/eyrc_hb/hb_task6_ws/install/hb_taskbonus/lib/python3.10/site-packages/hb_taskbonus-0.0.0-py3.10.egg-info
[1.566s] running install_scripts
[1.590s] Installing StopFlag script to /home/akshar/eyrc_hb/hb_task6_ws/install/hb_taskbonus/lib/hb_taskbonus
[1.590s] Installing controller1 script to /home/akshar/eyrc_hb/hb_task6_ws/install/hb_taskbonus/lib/hb_taskbonus
[1.591s] Installing controller2 script to /home/akshar/eyrc_hb/hb_task6_ws/install/hb_taskbonus/lib/hb_taskbonus
[1.591s] Installing controller3 script to /home/akshar/eyrc_hb/hb_task6_ws/install/hb_taskbonus/lib/hb_taskbonus
[1.592s] Installing feedback script to /home/akshar/eyrc_hb/hb_task6_ws/install/hb_taskbonus/lib/hb_taskbonus
[1.592s] Installing imgutl script to /home/akshar/eyrc_hb/hb_task6_ws/install/hb_taskbonus/lib/hb_taskbonus
[1.592s] Installing interp1 script to /home/akshar/eyrc_hb/hb_task6_ws/install/hb_taskbonus/lib/hb_taskbonus
[1.593s] Installing interp2 script to /home/akshar/eyrc_hb/hb_task6_ws/install/hb_taskbonus/lib/hb_taskbonus
[1.593s] Installing interp3 script to /home/akshar/eyrc_hb/hb_task6_ws/install/hb_taskbonus/lib/hb_taskbonus
[1.593s] Installing map1 script to /home/akshar/eyrc_hb/hb_task6_ws/install/hb_taskbonus/lib/hb_taskbonus
[1.593s] Installing map2 script to /home/akshar/eyrc_hb/hb_task6_ws/install/hb_taskbonus/lib/hb_taskbonus
[1.593s] Installing map3 script to /home/akshar/eyrc_hb/hb_task6_ws/install/hb_taskbonus/lib/hb_taskbonus
[1.594s] Installing nextGoal1 script to /home/akshar/eyrc_hb/hb_task6_ws/install/hb_taskbonus/lib/hb_taskbonus
[1.594s] Installing nextGoal2 script to /home/akshar/eyrc_hb/hb_task6_ws/install/hb_taskbonus/lib/hb_taskbonus
[1.594s] Installing nextGoal3 script to /home/akshar/eyrc_hb/hb_task6_ws/install/hb_taskbonus/lib/hb_taskbonus
[1.594s] Installing nextGoalfunc script to /home/akshar/eyrc_hb/hb_task6_ws/install/hb_taskbonus/lib/hb_taskbonus
[1.595s] Installing startpoint script to /home/akshar/eyrc_hb/hb_task6_ws/install/hb_taskbonus/lib/hb_taskbonus
[1.595s] writing list of installed files to '/home/akshar/eyrc_hb/hb_task6_ws/build/hb_taskbonus/install.log'
[1.693s] Invoked command in '/home/akshar/eyrc_hb/hb_task6_ws/src/hb_taskbonus' returned '0': PYTHONPATH=/home/akshar/eyrc_hb/hb_task6_ws/build/hb_taskbonus/prefix_override:/home/akshar/eyrc_hb/hb_task6_ws/install/hb_taskbonus/lib/python3.10/site-packages:${PYTHONPATH} /usr/bin/python3 setup.py egg_info --egg-base ../../build/hb_taskbonus build --build-base /home/akshar/eyrc_hb/hb_task6_ws/build/hb_taskbonus/build install --record /home/akshar/eyrc_hb/hb_task6_ws/build/hb_taskbonus/install.log --single-version-externally-managed
