[0.167s] Invoking command in '/home/premsai/eyrc23_HB_1282/hb_task5_ws/build/my_robot_interfaces': CMAKE_PREFIX_PATH=/opt/ros/humble /usr/bin/cmake /home/premsai/eyrc23_HB_1282/hb_task5_ws/src/my_robot_interfaces -DCMAKE_INSTALL_PREFIX=/home/premsai/eyrc23_HB_1282/hb_task5_ws/install/my_robot_interfaces
[0.199s] -- The C compiler identification is GNU 11.4.0
[0.230s] -- The CXX compiler identification is GNU 11.4.0
[0.234s] -- Detecting C compiler ABI info
[0.272s] -- Detecting C compiler ABI info - done
[0.276s] -- Check for working C compiler: /usr/bin/cc - skipped
[0.276s] -- Detecting C compile features
[0.277s] -- Detecting C compile features - done
[0.279s] -- Detecting CXX compiler ABI info
[0.324s] -- Detecting CXX compiler ABI info - done
[0.329s] -- Check for working CXX compiler: /usr/bin/c++ - skipped
[0.330s] -- Detecting CXX compile features
[0.330s] -- Detecting CXX compile features - done
[0.331s] -- Found ament_cmake: 1.3.6 (/opt/ros/humble/share/ament_cmake/cmake)
[0.437s] -- Found Python3: /usr/bin/python3.10 (found version "3.10.12") found components: Interpreter 
[0.489s] -- Found rosidl_default_generators: 1.2.0 (/opt/ros/humble/share/rosidl_default_generators/cmake)
[0.490s] -- Using all available rosidl_typesupport_c: rosidl_typesupport_fastrtps_c;rosidl_typesupport_introspection_c
[0.493s] -- Found rosidl_adapter: 3.1.5 (/opt/ros/humble/share/rosidl_adapter/cmake)
[0.517s] -- Using all available rosidl_typesupport_cpp: rosidl_typesupport_fastrtps_cpp;rosidl_typesupport_introspection_cpp
[0.682s] -- Found ament_cmake_ros: 0.10.0 (/opt/ros/humble/share/ament_cmake_ros/cmake)
[0.786s] -- Using all available rosidl_typesupport_c: rosidl_typesupport_fastrtps_c;rosidl_typesupport_introspection_c
[0.920s] -- Using all available rosidl_typesupport_cpp: rosidl_typesupport_fastrtps_cpp;rosidl_typesupport_introspection_cpp
[0.933s] -- Found PythonInterp: /usr/bin/python3 (found suitable version "3.10.12", minimum required is "3.6") 
[0.934s] -- Found python_cmake_module: 0.10.0 (/opt/ros/humble/share/python_cmake_module/cmake)
[0.949s] -- Found PythonLibs: /usr/lib/x86_64-linux-gnu/libpython3.10.so (found suitable version "3.10.12", minimum required is "3.5") 
[0.949s] -- Using PYTHON_EXECUTABLE: /usr/bin/python3
[0.949s] -- Using PYTHON_INCLUDE_DIRS: /usr/include/python3.10
[0.949s] -- Using PYTHON_LIBRARIES: /usr/lib/x86_64-linux-gnu/libpython3.10.so
[0.961s] -- Found PythonExtra: .so  
[0.981s] -- Configuring done
[0.996s] -- Generating done
[0.997s] -- Build files have been written to: /home/premsai/eyrc23_HB_1282/hb_task5_ws/build/my_robot_interfaces
[1.003s] Invoked command in '/home/premsai/eyrc23_HB_1282/hb_task5_ws/build/my_robot_interfaces' returned '0': CMAKE_PREFIX_PATH=/opt/ros/humble /usr/bin/cmake /home/premsai/eyrc23_HB_1282/hb_task5_ws/src/my_robot_interfaces -DCMAKE_INSTALL_PREFIX=/home/premsai/eyrc23_HB_1282/hb_task5_ws/install/my_robot_interfaces
[1.004s] Invoking command in '/home/premsai/eyrc23_HB_1282/hb_task5_ws/build/my_robot_interfaces': CMAKE_PREFIX_PATH=/opt/ros/humble /usr/bin/cmake --build /home/premsai/eyrc23_HB_1282/hb_task5_ws/build/my_robot_interfaces -- -j12 -l12
[1.027s] [  2%] [34m[1mGenerating C code for ROS interfaces[0m
[1.032s] [  4%] [34m[1mGenerating C++ code for ROS interfaces[0m
[1.037s] [  4%] Built target ament_cmake_python_copy_my_robot_interfaces
[1.164s] running egg_info
[1.165s] creating my_robot_interfaces.egg-info
[1.165s] writing my_robot_interfaces.egg-info/PKG-INFO
[1.165s] writing dependency_links to my_robot_interfaces.egg-info/dependency_links.txt
[1.165s] writing top-level names to my_robot_interfaces.egg-info/top_level.txt
[1.165s] writing manifest file 'my_robot_interfaces.egg-info/SOURCES.txt'
[1.166s] reading manifest file 'my_robot_interfaces.egg-info/SOURCES.txt'
[1.166s] writing manifest file 'my_robot_interfaces.egg-info/SOURCES.txt'
[1.183s] [  4%] Built target ament_cmake_python_build_my_robot_interfaces_egg
[1.245s] [ 10%] Built target my_robot_interfaces__cpp
[1.245s] [ 10%] [32mBuilding C object CMakeFiles/my_robot_interfaces__rosidl_generator_c.dir/rosidl_generator_c/my_robot_interfaces/srv/detail/next_goal__functions.c.o[0m
[1.246s] [ 10%] [32mBuilding C object CMakeFiles/my_robot_interfaces__rosidl_generator_c.dir/rosidl_generator_c/my_robot_interfaces/msg/detail/goal__functions.c.o[0m
[1.246s] [ 10%] [32mBuilding C object CMakeFiles/my_robot_interfaces__rosidl_generator_c.dir/rosidl_generator_c/my_robot_interfaces/msg/detail/shape__functions.c.o[0m
[1.251s] [ 14%] [34m[1mGenerating C++ introspection for ROS interfaces[0m
[1.251s] [ 14%] [34m[1mGenerating C++ type support for eProsima Fast-RTPS[0m
[1.254s] [ 17%] [34m[1mGenerating C++ type support dispatch for ROS interfaces[0m
[1.282s] [ 19%] [32m[1mLinking C shared library libmy_robot_interfaces__rosidl_generator_c.so[0m
[1.305s] [ 19%] Built target my_robot_interfaces__rosidl_generator_c
[1.312s] [ 21%] [34m[1mGenerating C type support for eProsima Fast-RTPS[0m
[1.314s] [ 25%] [34m[1mGenerating C type support dispatch for ROS interfaces[0m
[1.314s] [ 25%] [34m[1mGenerating C introspection for ROS interfaces[0m
[1.434s] [ 27%] [32mBuilding CXX object CMakeFiles/my_robot_interfaces__rosidl_typesupport_cpp.dir/rosidl_typesupport_cpp/my_robot_interfaces/srv/next_goal__type_support.cpp.o[0m
[1.436s] [ 29%] [32mBuilding CXX object CMakeFiles/my_robot_interfaces__rosidl_typesupport_cpp.dir/rosidl_typesupport_cpp/my_robot_interfaces/msg/goal__type_support.cpp.o[0m
[1.436s] [ 31%] [32mBuilding CXX object CMakeFiles/my_robot_interfaces__rosidl_typesupport_cpp.dir/rosidl_typesupport_cpp/my_robot_interfaces/msg/shape__type_support.cpp.o[0m
[1.440s] [ 36%] [32mBuilding CXX object CMakeFiles/my_robot_interfaces__rosidl_typesupport_introspection_cpp.dir/rosidl_typesupport_introspection_cpp/my_robot_interfaces/msg/detail/goal__type_support.cpp.o[0m
[1.440s] [ 36%] [32mBuilding CXX object CMakeFiles/my_robot_interfaces__rosidl_typesupport_introspection_cpp.dir/rosidl_typesupport_introspection_cpp/my_robot_interfaces/srv/detail/next_goal__type_support.cpp.o[0m
[1.442s] [ 38%] [32mBuilding CXX object CMakeFiles/my_robot_interfaces__rosidl_typesupport_introspection_cpp.dir/rosidl_typesupport_introspection_cpp/my_robot_interfaces/msg/detail/shape__type_support.cpp.o[0m
[1.518s] [ 40%] [32mBuilding CXX object CMakeFiles/my_robot_interfaces__rosidl_typesupport_c.dir/rosidl_typesupport_c/my_robot_interfaces/srv/next_goal__type_support.cpp.o[0m
[1.518s] [ 42%] [32mBuilding CXX object CMakeFiles/my_robot_interfaces__rosidl_typesupport_c.dir/rosidl_typesupport_c/my_robot_interfaces/msg/goal__type_support.cpp.o[0m
[1.524s] [ 44%] [32mBuilding CXX object CMakeFiles/my_robot_interfaces__rosidl_typesupport_c.dir/rosidl_typesupport_c/my_robot_interfaces/msg/shape__type_support.cpp.o[0m
[1.535s] [ 46%] [32mBuilding CXX object CMakeFiles/my_robot_interfaces__rosidl_typesupport_fastrtps_cpp.dir/rosidl_typesupport_fastrtps_cpp/my_robot_interfaces/srv/detail/dds_fastrtps/next_goal__type_support.cpp.o[0m
[1.550s] [ 48%] [32mBuilding CXX object CMakeFiles/my_robot_interfaces__rosidl_typesupport_fastrtps_cpp.dir/rosidl_typesupport_fastrtps_cpp/my_robot_interfaces/msg/detail/dds_fastrtps/goal__type_support.cpp.o[0m
[1.553s] [ 51%] [32mBuilding CXX object CMakeFiles/my_robot_interfaces__rosidl_typesupport_fastrtps_cpp.dir/rosidl_typesupport_fastrtps_cpp/my_robot_interfaces/msg/detail/dds_fastrtps/shape__type_support.cpp.o[0m
[1.553s] [ 53%] [32m[1mLinking CXX shared library libmy_robot_interfaces__rosidl_typesupport_c.so[0m
[1.596s] [ 53%] Built target my_robot_interfaces__rosidl_typesupport_c
[1.625s] [ 55%] [32mBuilding CXX object CMakeFiles/my_robot_interfaces__rosidl_typesupport_fastrtps_c.dir/rosidl_typesupport_fastrtps_c/my_robot_interfaces/msg/detail/goal__type_support_c.cpp.o[0m
[1.637s] [ 57%] [32mBuilding CXX object CMakeFiles/my_robot_interfaces__rosidl_typesupport_fastrtps_c.dir/rosidl_typesupport_fastrtps_c/my_robot_interfaces/srv/detail/next_goal__type_support_c.cpp.o[0m
[1.678s] [ 59%] [32mBuilding CXX object CMakeFiles/my_robot_interfaces__rosidl_typesupport_fastrtps_c.dir/rosidl_typesupport_fastrtps_c/my_robot_interfaces/msg/detail/shape__type_support_c.cpp.o[0m
[1.697s] [ 61%] [32m[1mLinking CXX shared library libmy_robot_interfaces__rosidl_typesupport_cpp.so[0m
[1.702s] [ 63%] [32mBuilding C object CMakeFiles/my_robot_interfaces__rosidl_typesupport_introspection_c.dir/rosidl_typesupport_introspection_c/my_robot_interfaces/srv/detail/next_goal__type_support.c.o[0m
[1.705s] [ 65%] [32mBuilding C object CMakeFiles/my_robot_interfaces__rosidl_typesupport_introspection_c.dir/rosidl_typesupport_introspection_c/my_robot_interfaces/msg/detail/goal__type_support.c.o[0m
[1.750s] [ 68%] [32mBuilding C object CMakeFiles/my_robot_interfaces__rosidl_typesupport_introspection_c.dir/rosidl_typesupport_introspection_c/my_robot_interfaces/msg/detail/shape__type_support.c.o[0m
[1.754s] [ 68%] Built target my_robot_interfaces__rosidl_typesupport_cpp
[1.784s] [ 70%] [32m[1mLinking C shared library libmy_robot_interfaces__rosidl_typesupport_introspection_c.so[0m
[1.830s] [ 70%] Built target my_robot_interfaces__rosidl_typesupport_introspection_c
[1.851s] [ 72%] [32m[1mLinking CXX shared library libmy_robot_interfaces__rosidl_typesupport_introspection_cpp.so[0m
[1.924s] [ 74%] [32m[1mLinking CXX shared library libmy_robot_interfaces__rosidl_typesupport_fastrtps_cpp.so[0m
[1.930s] [ 74%] Built target my_robot_interfaces__rosidl_typesupport_introspection_cpp
[1.972s] [ 74%] Built target my_robot_interfaces__rosidl_typesupport_fastrtps_cpp
[1.979s] [ 76%] [32m[1mLinking CXX shared library libmy_robot_interfaces__rosidl_typesupport_fastrtps_c.so[0m
[2.023s] [ 76%] Built target my_robot_interfaces__rosidl_typesupport_fastrtps_c
[2.035s] [ 76%] Built target my_robot_interfaces
[2.047s] [ 78%] [34m[1mGenerating Python code for ROS interfaces[0m
[2.339s] [ 78%] Built target my_robot_interfaces__py
[2.351s] [ 82%] [32mBuilding C object CMakeFiles/my_robot_interfaces__rosidl_generator_py.dir/rosidl_generator_py/my_robot_interfaces/msg/_goal_s.c.o[0m
[2.351s] [ 80%] [32mBuilding C object CMakeFiles/my_robot_interfaces__rosidl_generator_py.dir/rosidl_generator_py/my_robot_interfaces/srv/_next_goal_s.c.o[0m
[2.351s] [ 85%] [32mBuilding C object CMakeFiles/my_robot_interfaces__rosidl_generator_py.dir/rosidl_generator_py/my_robot_interfaces/msg/_shape_s.c.o[0m
[2.415s] [ 87%] [32m[1mLinking C shared library rosidl_generator_py/my_robot_interfaces/libmy_robot_interfaces__rosidl_generator_py.so[0m
[2.438s] [ 87%] Built target my_robot_interfaces__rosidl_generator_py
[2.450s] [ 93%] [32mBuilding C object CMakeFiles/my_robot_interfaces__rosidl_typesupport_fastrtps_c__pyext.dir/rosidl_generator_py/my_robot_interfaces/_my_robot_interfaces_s.ep.rosidl_typesupport_fastrtps_c.c.o[0m
[2.450s] [ 93%] [32mBuilding C object CMakeFiles/my_robot_interfaces__rosidl_typesupport_c__pyext.dir/rosidl_generator_py/my_robot_interfaces/_my_robot_interfaces_s.ep.rosidl_typesupport_c.c.o[0m
[2.450s] [ 93%] [32mBuilding C object CMakeFiles/my_robot_interfaces__rosidl_typesupport_introspection_c__pyext.dir/rosidl_generator_py/my_robot_interfaces/_my_robot_interfaces_s.ep.rosidl_typesupport_introspection_c.c.o[0m
[2.506s] [ 97%] [32m[1mLinking C shared library rosidl_generator_py/my_robot_interfaces/my_robot_interfaces_s__rosidl_typesupport_c.cpython-310-x86_64-linux-gnu.so[0m
[2.506s] [ 97%] [32m[1mLinking C shared library rosidl_generator_py/my_robot_interfaces/my_robot_interfaces_s__rosidl_typesupport_introspection_c.cpython-310-x86_64-linux-gnu.so[0m
[2.506s] [100%] [32m[1mLinking C shared library rosidl_generator_py/my_robot_interfaces/my_robot_interfaces_s__rosidl_typesupport_fastrtps_c.cpython-310-x86_64-linux-gnu.so[0m
[2.526s] [100%] Built target my_robot_interfaces__rosidl_typesupport_introspection_c__pyext
[2.526s] [100%] Built target my_robot_interfaces__rosidl_typesupport_fastrtps_c__pyext
[2.526s] [100%] Built target my_robot_interfaces__rosidl_typesupport_c__pyext
[2.533s] Invoked command in '/home/premsai/eyrc23_HB_1282/hb_task5_ws/build/my_robot_interfaces' returned '0': CMAKE_PREFIX_PATH=/opt/ros/humble /usr/bin/cmake --build /home/premsai/eyrc23_HB_1282/hb_task5_ws/build/my_robot_interfaces -- -j12 -l12
[2.583s] Invoking command in '/home/premsai/eyrc23_HB_1282/hb_task5_ws/build/my_robot_interfaces': CMAKE_PREFIX_PATH=/opt/ros/humble /usr/bin/cmake --install /home/premsai/eyrc23_HB_1282/hb_task5_ws/build/my_robot_interfaces
[2.587s] -- Install configuration: ""
[2.587s] -- Installing: /home/premsai/eyrc23_HB_1282/hb_task5_ws/install/my_robot_interfaces/share/ament_index/resource_index/rosidl_interfaces/my_robot_interfaces
[2.587s] -- Up-to-date: /home/premsai/eyrc23_HB_1282/hb_task5_ws/install/my_robot_interfaces/include/my_robot_interfaces/my_robot_interfaces
[2.587s] -- Up-to-date: /home/premsai/eyrc23_HB_1282/hb_task5_ws/install/my_robot_interfaces/include/my_robot_interfaces/my_robot_interfaces/msg
[2.587s] -- Installing: /home/premsai/eyrc23_HB_1282/hb_task5_ws/install/my_robot_interfaces/include/my_robot_interfaces/my_robot_interfaces/msg/shape.h
[2.587s] -- Installing: /home/premsai/eyrc23_HB_1282/hb_task5_ws/install/my_robot_interfaces/include/my_robot_interfaces/my_robot_interfaces/msg/rosidl_generator_c__visibility_control.h
[2.587s] -- Installing: /home/premsai/eyrc23_HB_1282/hb_task5_ws/install/my_robot_interfaces/include/my_robot_interfaces/my_robot_interfaces/msg/goal.h
[2.588s] -- Up-to-date: /home/premsai/eyrc23_HB_1282/hb_task5_ws/install/my_robot_interfaces/include/my_robot_interfaces/my_robot_interfaces/msg/detail
[2.588s] -- Installing: /home/premsai/eyrc23_HB_1282/hb_task5_ws/install/my_robot_interfaces/include/my_robot_interfaces/my_robot_interfaces/msg/detail/shape__functions.h
[2.588s] -- Installing: /home/premsai/eyrc23_HB_1282/hb_task5_ws/install/my_robot_interfaces/include/my_robot_interfaces/my_robot_interfaces/msg/detail/shape__functions.c
[2.588s] -- Installing: /home/premsai/eyrc23_HB_1282/hb_task5_ws/install/my_robot_interfaces/include/my_robot_interfaces/my_robot_interfaces/msg/detail/shape__struct.h
[2.588s] -- Installing: /home/premsai/eyrc23_HB_1282/hb_task5_ws/install/my_robot_interfaces/include/my_robot_interfaces/my_robot_interfaces/msg/detail/goal__struct.h
[2.588s] -- Installing: /home/premsai/eyrc23_HB_1282/hb_task5_ws/install/my_robot_interfaces/include/my_robot_interfaces/my_robot_interfaces/msg/detail/goal__type_support.h
[2.588s] -- Installing: /home/premsai/eyrc23_HB_1282/hb_task5_ws/install/my_robot_interfaces/include/my_robot_interfaces/my_robot_interfaces/msg/detail/goal__functions.h
[2.588s] -- Installing: /home/premsai/eyrc23_HB_1282/hb_task5_ws/install/my_robot_interfaces/include/my_robot_interfaces/my_robot_interfaces/msg/detail/shape__type_support.h
[2.588s] -- Installing: /home/premsai/eyrc23_HB_1282/hb_task5_ws/install/my_robot_interfaces/include/my_robot_interfaces/my_robot_interfaces/msg/detail/goal__functions.c
[2.588s] -- Up-to-date: /home/premsai/eyrc23_HB_1282/hb_task5_ws/install/my_robot_interfaces/include/my_robot_interfaces/my_robot_interfaces/srv
[2.588s] -- Installing: /home/premsai/eyrc23_HB_1282/hb_task5_ws/install/my_robot_interfaces/include/my_robot_interfaces/my_robot_interfaces/srv/next_goal.h
[2.588s] -- Up-to-date: /home/premsai/eyrc23_HB_1282/hb_task5_ws/install/my_robot_interfaces/include/my_robot_interfaces/my_robot_interfaces/srv/detail
[2.588s] -- Installing: /home/premsai/eyrc23_HB_1282/hb_task5_ws/install/my_robot_interfaces/include/my_robot_interfaces/my_robot_interfaces/srv/detail/next_goal__functions.h
[2.589s] -- Installing: /home/premsai/eyrc23_HB_1282/hb_task5_ws/install/my_robot_interfaces/include/my_robot_interfaces/my_robot_interfaces/srv/detail/next_goal__functions.c
[2.589s] -- Installing: /home/premsai/eyrc23_HB_1282/hb_task5_ws/install/my_robot_interfaces/include/my_robot_interfaces/my_robot_interfaces/srv/detail/next_goal__struct.h
[2.589s] -- Installing: /home/premsai/eyrc23_HB_1282/hb_task5_ws/install/my_robot_interfaces/include/my_robot_interfaces/my_robot_interfaces/srv/detail/next_goal__type_support.h
[2.589s] -- Installing: /home/premsai/eyrc23_HB_1282/hb_task5_ws/install/my_robot_interfaces/share/my_robot_interfaces/environment/library_path.sh
[2.589s] -- Installing: /home/premsai/eyrc23_HB_1282/hb_task5_ws/install/my_robot_interfaces/share/my_robot_interfaces/environment/library_path.dsv
[2.589s] -- Installing: /home/premsai/eyrc23_HB_1282/hb_task5_ws/install/my_robot_interfaces/lib/libmy_robot_interfaces__rosidl_generator_c.so
[2.589s] -- Set runtime path of "/home/premsai/eyrc23_HB_1282/hb_task5_ws/install/my_robot_interfaces/lib/libmy_robot_interfaces__rosidl_generator_c.so" to ""
[2.589s] -- Up-to-date: /home/premsai/eyrc23_HB_1282/hb_task5_ws/install/my_robot_interfaces/include/my_robot_interfaces/my_robot_interfaces
[2.589s] -- Up-to-date: /home/premsai/eyrc23_HB_1282/hb_task5_ws/install/my_robot_interfaces/include/my_robot_interfaces/my_robot_interfaces/msg
[2.589s] -- Installing: /home/premsai/eyrc23_HB_1282/hb_task5_ws/install/my_robot_interfaces/include/my_robot_interfaces/my_robot_interfaces/msg/rosidl_typesupport_fastrtps_c__visibility_control.h
[2.589s] -- Up-to-date: /home/premsai/eyrc23_HB_1282/hb_task5_ws/install/my_robot_interfaces/include/my_robot_interfaces/my_robot_interfaces/msg/detail
[2.589s] -- Installing: /home/premsai/eyrc23_HB_1282/hb_task5_ws/install/my_robot_interfaces/include/my_robot_interfaces/my_robot_interfaces/msg/detail/goal__rosidl_typesupport_fastrtps_c.h
[2.589s] -- Installing: /home/premsai/eyrc23_HB_1282/hb_task5_ws/install/my_robot_interfaces/include/my_robot_interfaces/my_robot_interfaces/msg/detail/shape__rosidl_typesupport_fastrtps_c.h
[2.589s] -- Up-to-date: /home/premsai/eyrc23_HB_1282/hb_task5_ws/install/my_robot_interfaces/include/my_robot_interfaces/my_robot_interfaces/srv
[2.589s] -- Up-to-date: /home/premsai/eyrc23_HB_1282/hb_task5_ws/install/my_robot_interfaces/include/my_robot_interfaces/my_robot_interfaces/srv/detail
[2.589s] -- Installing: /home/premsai/eyrc23_HB_1282/hb_task5_ws/install/my_robot_interfaces/include/my_robot_interfaces/my_robot_interfaces/srv/detail/next_goal__rosidl_typesupport_fastrtps_c.h
[2.589s] -- Installing: /home/premsai/eyrc23_HB_1282/hb_task5_ws/install/my_robot_interfaces/lib/libmy_robot_interfaces__rosidl_typesupport_fastrtps_c.so
[2.589s] -- Set runtime path of "/home/premsai/eyrc23_HB_1282/hb_task5_ws/install/my_robot_interfaces/lib/libmy_robot_interfaces__rosidl_typesupport_fastrtps_c.so" to ""
[2.589s] -- Up-to-date: /home/premsai/eyrc23_HB_1282/hb_task5_ws/install/my_robot_interfaces/include/my_robot_interfaces/my_robot_interfaces
[2.589s] -- Up-to-date: /home/premsai/eyrc23_HB_1282/hb_task5_ws/install/my_robot_interfaces/include/my_robot_interfaces/my_robot_interfaces/msg
[2.589s] -- Installing: /home/premsai/eyrc23_HB_1282/hb_task5_ws/install/my_robot_interfaces/include/my_robot_interfaces/my_robot_interfaces/msg/rosidl_typesupport_introspection_c__visibility_control.h
[2.589s] -- Up-to-date: /home/premsai/eyrc23_HB_1282/hb_task5_ws/install/my_robot_interfaces/include/my_robot_interfaces/my_robot_interfaces/msg/detail
[2.589s] -- Installing: /home/premsai/eyrc23_HB_1282/hb_task5_ws/install/my_robot_interfaces/include/my_robot_interfaces/my_robot_interfaces/msg/detail/shape__rosidl_typesupport_introspection_c.h
[2.589s] -- Installing: /home/premsai/eyrc23_HB_1282/hb_task5_ws/install/my_robot_interfaces/include/my_robot_interfaces/my_robot_interfaces/msg/detail/goal__rosidl_typesupport_introspection_c.h
[2.589s] -- Installing: /home/premsai/eyrc23_HB_1282/hb_task5_ws/install/my_robot_interfaces/include/my_robot_interfaces/my_robot_interfaces/msg/detail/shape__type_support.c
[2.589s] -- Installing: /home/premsai/eyrc23_HB_1282/hb_task5_ws/install/my_robot_interfaces/include/my_robot_interfaces/my_robot_interfaces/msg/detail/goal__type_support.c
[2.590s] -- Up-to-date: /home/premsai/eyrc23_HB_1282/hb_task5_ws/install/my_robot_interfaces/include/my_robot_interfaces/my_robot_interfaces/srv
[2.590s] -- Up-to-date: /home/premsai/eyrc23_HB_1282/hb_task5_ws/install/my_robot_interfaces/include/my_robot_interfaces/my_robot_interfaces/srv/detail
[2.590s] -- Installing: /home/premsai/eyrc23_HB_1282/hb_task5_ws/install/my_robot_interfaces/include/my_robot_interfaces/my_robot_interfaces/srv/detail/next_goal__type_support.c
[2.590s] -- Installing: /home/premsai/eyrc23_HB_1282/hb_task5_ws/install/my_robot_interfaces/include/my_robot_interfaces/my_robot_interfaces/srv/detail/next_goal__rosidl_typesupport_introspection_c.h
[2.590s] -- Installing: /home/premsai/eyrc23_HB_1282/hb_task5_ws/install/my_robot_interfaces/lib/libmy_robot_interfaces__rosidl_typesupport_introspection_c.so
[2.590s] -- Set runtime path of "/home/premsai/eyrc23_HB_1282/hb_task5_ws/install/my_robot_interfaces/lib/libmy_robot_interfaces__rosidl_typesupport_introspection_c.so" to ""
[2.590s] -- Installing: /home/premsai/eyrc23_HB_1282/hb_task5_ws/install/my_robot_interfaces/lib/libmy_robot_interfaces__rosidl_typesupport_c.so
[2.590s] -- Set runtime path of "/home/premsai/eyrc23_HB_1282/hb_task5_ws/install/my_robot_interfaces/lib/libmy_robot_interfaces__rosidl_typesupport_c.so" to ""
[2.590s] -- Up-to-date: /home/premsai/eyrc23_HB_1282/hb_task5_ws/install/my_robot_interfaces/include/my_robot_interfaces/my_robot_interfaces
[2.590s] -- Up-to-date: /home/premsai/eyrc23_HB_1282/hb_task5_ws/install/my_robot_interfaces/include/my_robot_interfaces/my_robot_interfaces/msg
[2.590s] -- Installing: /home/premsai/eyrc23_HB_1282/hb_task5_ws/install/my_robot_interfaces/include/my_robot_interfaces/my_robot_interfaces/msg/goal.hpp
[2.590s] -- Installing: /home/premsai/eyrc23_HB_1282/hb_task5_ws/install/my_robot_interfaces/include/my_robot_interfaces/my_robot_interfaces/msg/shape.hpp
[2.590s] -- Up-to-date: /home/premsai/eyrc23_HB_1282/hb_task5_ws/install/my_robot_interfaces/include/my_robot_interfaces/my_robot_interfaces/msg/detail
[2.590s] -- Installing: /home/premsai/eyrc23_HB_1282/hb_task5_ws/install/my_robot_interfaces/include/my_robot_interfaces/my_robot_interfaces/msg/detail/goal__struct.hpp
[2.590s] -- Installing: /home/premsai/eyrc23_HB_1282/hb_task5_ws/install/my_robot_interfaces/include/my_robot_interfaces/my_robot_interfaces/msg/detail/shape__traits.hpp
[2.590s] -- Installing: /home/premsai/eyrc23_HB_1282/hb_task5_ws/install/my_robot_interfaces/include/my_robot_interfaces/my_robot_interfaces/msg/detail/shape__builder.hpp
[2.590s] -- Installing: /home/premsai/eyrc23_HB_1282/hb_task5_ws/install/my_robot_interfaces/include/my_robot_interfaces/my_robot_interfaces/msg/detail/shape__struct.hpp
[2.590s] -- Installing: /home/premsai/eyrc23_HB_1282/hb_task5_ws/install/my_robot_interfaces/include/my_robot_interfaces/my_robot_interfaces/msg/detail/goal__builder.hpp
[2.590s] -- Installing: /home/premsai/eyrc23_HB_1282/hb_task5_ws/install/my_robot_interfaces/include/my_robot_interfaces/my_robot_interfaces/msg/detail/goal__traits.hpp
[2.590s] -- Up-to-date: /home/premsai/eyrc23_HB_1282/hb_task5_ws/install/my_robot_interfaces/include/my_robot_interfaces/my_robot_interfaces/srv
[2.590s] -- Installing: /home/premsai/eyrc23_HB_1282/hb_task5_ws/install/my_robot_interfaces/include/my_robot_interfaces/my_robot_interfaces/srv/next_goal.hpp
[2.590s] -- Up-to-date: /home/premsai/eyrc23_HB_1282/hb_task5_ws/install/my_robot_interfaces/include/my_robot_interfaces/my_robot_interfaces/srv/detail
[2.591s] -- Installing: /home/premsai/eyrc23_HB_1282/hb_task5_ws/install/my_robot_interfaces/include/my_robot_interfaces/my_robot_interfaces/srv/detail/next_goal__struct.hpp
[2.591s] -- Installing: /home/premsai/eyrc23_HB_1282/hb_task5_ws/install/my_robot_interfaces/include/my_robot_interfaces/my_robot_interfaces/srv/detail/next_goal__traits.hpp
[2.591s] -- Installing: /home/premsai/eyrc23_HB_1282/hb_task5_ws/install/my_robot_interfaces/include/my_robot_interfaces/my_robot_interfaces/srv/detail/next_goal__builder.hpp
[2.591s] -- Up-to-date: /home/premsai/eyrc23_HB_1282/hb_task5_ws/install/my_robot_interfaces/include/my_robot_interfaces/my_robot_interfaces
[2.591s] -- Up-to-date: /home/premsai/eyrc23_HB_1282/hb_task5_ws/install/my_robot_interfaces/include/my_robot_interfaces/my_robot_interfaces/msg
[2.591s] -- Installing: /home/premsai/eyrc23_HB_1282/hb_task5_ws/install/my_robot_interfaces/include/my_robot_interfaces/my_robot_interfaces/msg/rosidl_typesupport_fastrtps_cpp__visibility_control.h
[2.591s] -- Up-to-date: /home/premsai/eyrc23_HB_1282/hb_task5_ws/install/my_robot_interfaces/include/my_robot_interfaces/my_robot_interfaces/msg/detail
[2.591s] -- Installing: /home/premsai/eyrc23_HB_1282/hb_task5_ws/install/my_robot_interfaces/include/my_robot_interfaces/my_robot_interfaces/msg/detail/shape__rosidl_typesupport_fastrtps_cpp.hpp
[2.591s] -- Installing: /home/premsai/eyrc23_HB_1282/hb_task5_ws/install/my_robot_interfaces/include/my_robot_interfaces/my_robot_interfaces/msg/detail/goal__rosidl_typesupport_fastrtps_cpp.hpp
[2.591s] -- Installing: /home/premsai/eyrc23_HB_1282/hb_task5_ws/install/my_robot_interfaces/include/my_robot_interfaces/my_robot_interfaces/msg/detail/dds_fastrtps
[2.591s] -- Up-to-date: /home/premsai/eyrc23_HB_1282/hb_task5_ws/install/my_robot_interfaces/include/my_robot_interfaces/my_robot_interfaces/srv
[2.591s] -- Up-to-date: /home/premsai/eyrc23_HB_1282/hb_task5_ws/install/my_robot_interfaces/include/my_robot_interfaces/my_robot_interfaces/srv/detail
[2.591s] -- Installing: /home/premsai/eyrc23_HB_1282/hb_task5_ws/install/my_robot_interfaces/include/my_robot_interfaces/my_robot_interfaces/srv/detail/next_goal__rosidl_typesupport_fastrtps_cpp.hpp
[2.591s] -- Installing: /home/premsai/eyrc23_HB_1282/hb_task5_ws/install/my_robot_interfaces/include/my_robot_interfaces/my_robot_interfaces/srv/detail/dds_fastrtps
[2.591s] -- Installing: /home/premsai/eyrc23_HB_1282/hb_task5_ws/install/my_robot_interfaces/lib/libmy_robot_interfaces__rosidl_typesupport_fastrtps_cpp.so
[2.591s] -- Set runtime path of "/home/premsai/eyrc23_HB_1282/hb_task5_ws/install/my_robot_interfaces/lib/libmy_robot_interfaces__rosidl_typesupport_fastrtps_cpp.so" to ""
[2.591s] -- Up-to-date: /home/premsai/eyrc23_HB_1282/hb_task5_ws/install/my_robot_interfaces/include/my_robot_interfaces/my_robot_interfaces
[2.591s] -- Up-to-date: /home/premsai/eyrc23_HB_1282/hb_task5_ws/install/my_robot_interfaces/include/my_robot_interfaces/my_robot_interfaces/msg
[2.591s] -- Up-to-date: /home/premsai/eyrc23_HB_1282/hb_task5_ws/install/my_robot_interfaces/include/my_robot_interfaces/my_robot_interfaces/msg/detail
[2.591s] -- Installing: /home/premsai/eyrc23_HB_1282/hb_task5_ws/install/my_robot_interfaces/include/my_robot_interfaces/my_robot_interfaces/msg/detail/shape__rosidl_typesupport_introspection_cpp.hpp
[2.591s] -- Installing: /home/premsai/eyrc23_HB_1282/hb_task5_ws/install/my_robot_interfaces/include/my_robot_interfaces/my_robot_interfaces/msg/detail/shape__type_support.cpp
[2.591s] -- Installing: /home/premsai/eyrc23_HB_1282/hb_task5_ws/install/my_robot_interfaces/include/my_robot_interfaces/my_robot_interfaces/msg/detail/goal__type_support.cpp
[2.591s] -- Installing: /home/premsai/eyrc23_HB_1282/hb_task5_ws/install/my_robot_interfaces/include/my_robot_interfaces/my_robot_interfaces/msg/detail/goal__rosidl_typesupport_introspection_cpp.hpp
[2.591s] -- Up-to-date: /home/premsai/eyrc23_HB_1282/hb_task5_ws/install/my_robot_interfaces/include/my_robot_interfaces/my_robot_interfaces/srv
[2.592s] -- Up-to-date: /home/premsai/eyrc23_HB_1282/hb_task5_ws/install/my_robot_interfaces/include/my_robot_interfaces/my_robot_interfaces/srv/detail
[2.592s] -- Installing: /home/premsai/eyrc23_HB_1282/hb_task5_ws/install/my_robot_interfaces/include/my_robot_interfaces/my_robot_interfaces/srv/detail/next_goal__type_support.cpp
[2.592s] -- Installing: /home/premsai/eyrc23_HB_1282/hb_task5_ws/install/my_robot_interfaces/include/my_robot_interfaces/my_robot_interfaces/srv/detail/next_goal__rosidl_typesupport_introspection_cpp.hpp
[2.592s] -- Installing: /home/premsai/eyrc23_HB_1282/hb_task5_ws/install/my_robot_interfaces/lib/libmy_robot_interfaces__rosidl_typesupport_introspection_cpp.so
[2.592s] -- Set runtime path of "/home/premsai/eyrc23_HB_1282/hb_task5_ws/install/my_robot_interfaces/lib/libmy_robot_interfaces__rosidl_typesupport_introspection_cpp.so" to ""
[2.592s] -- Installing: /home/premsai/eyrc23_HB_1282/hb_task5_ws/install/my_robot_interfaces/lib/libmy_robot_interfaces__rosidl_typesupport_cpp.so
[2.592s] -- Set runtime path of "/home/premsai/eyrc23_HB_1282/hb_task5_ws/install/my_robot_interfaces/lib/libmy_robot_interfaces__rosidl_typesupport_cpp.so" to ""
[2.592s] -- Installing: /home/premsai/eyrc23_HB_1282/hb_task5_ws/install/my_robot_interfaces/share/my_robot_interfaces/environment/pythonpath.sh
[2.592s] -- Installing: /home/premsai/eyrc23_HB_1282/hb_task5_ws/install/my_robot_interfaces/share/my_robot_interfaces/environment/pythonpath.dsv
[2.592s] -- Up-to-date: /home/premsai/eyrc23_HB_1282/hb_task5_ws/install/my_robot_interfaces/local/lib/python3.10/dist-packages/my_robot_interfaces-0.0.0-py3.10.egg-info
[2.592s] -- Installing: /home/premsai/eyrc23_HB_1282/hb_task5_ws/install/my_robot_interfaces/local/lib/python3.10/dist-packages/my_robot_interfaces-0.0.0-py3.10.egg-info/PKG-INFO
[2.592s] -- Installing: /home/premsai/eyrc23_HB_1282/hb_task5_ws/install/my_robot_interfaces/local/lib/python3.10/dist-packages/my_robot_interfaces-0.0.0-py3.10.egg-info/SOURCES.txt
[2.592s] -- Installing: /home/premsai/eyrc23_HB_1282/hb_task5_ws/install/my_robot_interfaces/local/lib/python3.10/dist-packages/my_robot_interfaces-0.0.0-py3.10.egg-info/top_level.txt
[2.592s] -- Installing: /home/premsai/eyrc23_HB_1282/hb_task5_ws/install/my_robot_interfaces/local/lib/python3.10/dist-packages/my_robot_interfaces-0.0.0-py3.10.egg-info/dependency_links.txt
[2.592s] -- Up-to-date: /home/premsai/eyrc23_HB_1282/hb_task5_ws/install/my_robot_interfaces/local/lib/python3.10/dist-packages/my_robot_interfaces
[2.592s] -- Installing: /home/premsai/eyrc23_HB_1282/hb_task5_ws/install/my_robot_interfaces/local/lib/python3.10/dist-packages/my_robot_interfaces/_my_robot_interfaces_s.ep.rosidl_typesupport_c.c
[2.592s] -- Installing: /home/premsai/eyrc23_HB_1282/hb_task5_ws/install/my_robot_interfaces/local/lib/python3.10/dist-packages/my_robot_interfaces/my_robot_interfaces_s__rosidl_typesupport_fastrtps_c.cpython-310-x86_64-linux-gnu.so
[2.593s] -- Installing: /home/premsai/eyrc23_HB_1282/hb_task5_ws/install/my_robot_interfaces/local/lib/python3.10/dist-packages/my_robot_interfaces/_my_robot_interfaces_s.ep.rosidl_typesupport_introspection_c.c
[2.593s] -- Installing: /home/premsai/eyrc23_HB_1282/hb_task5_ws/install/my_robot_interfaces/local/lib/python3.10/dist-packages/my_robot_interfaces/my_robot_interfaces_s__rosidl_typesupport_c.cpython-310-x86_64-linux-gnu.so
[2.593s] -- Installing: /home/premsai/eyrc23_HB_1282/hb_task5_ws/install/my_robot_interfaces/local/lib/python3.10/dist-packages/my_robot_interfaces/libmy_robot_interfaces__rosidl_generator_py.so
[2.593s] -- Installing: /home/premsai/eyrc23_HB_1282/hb_task5_ws/install/my_robot_interfaces/local/lib/python3.10/dist-packages/my_robot_interfaces/my_robot_interfaces_s__rosidl_typesupport_introspection_c.cpython-310-x86_64-linux-gnu.so
[2.593s] -- Up-to-date: /home/premsai/eyrc23_HB_1282/hb_task5_ws/install/my_robot_interfaces/local/lib/python3.10/dist-packages/my_robot_interfaces/msg
[2.593s] -- Installing: /home/premsai/eyrc23_HB_1282/hb_task5_ws/install/my_robot_interfaces/local/lib/python3.10/dist-packages/my_robot_interfaces/msg/_goal.py
[2.593s] -- Installing: /home/premsai/eyrc23_HB_1282/hb_task5_ws/install/my_robot_interfaces/local/lib/python3.10/dist-packages/my_robot_interfaces/msg/_shape_s.c
[2.593s] -- Installing: /home/premsai/eyrc23_HB_1282/hb_task5_ws/install/my_robot_interfaces/local/lib/python3.10/dist-packages/my_robot_interfaces/msg/__init__.py
[2.593s] -- Installing: /home/premsai/eyrc23_HB_1282/hb_task5_ws/install/my_robot_interfaces/local/lib/python3.10/dist-packages/my_robot_interfaces/msg/_goal_s.c
[2.593s] -- Installing: /home/premsai/eyrc23_HB_1282/hb_task5_ws/install/my_robot_interfaces/local/lib/python3.10/dist-packages/my_robot_interfaces/msg/_shape.py
[2.593s] -- Installing: /home/premsai/eyrc23_HB_1282/hb_task5_ws/install/my_robot_interfaces/local/lib/python3.10/dist-packages/my_robot_interfaces/__init__.py
[2.593s] -- Installing: /home/premsai/eyrc23_HB_1282/hb_task5_ws/install/my_robot_interfaces/local/lib/python3.10/dist-packages/my_robot_interfaces/_my_robot_interfaces_s.ep.rosidl_typesupport_fastrtps_c.c
[2.593s] -- Up-to-date: /home/premsai/eyrc23_HB_1282/hb_task5_ws/install/my_robot_interfaces/local/lib/python3.10/dist-packages/my_robot_interfaces/srv
[2.593s] -- Installing: /home/premsai/eyrc23_HB_1282/hb_task5_ws/install/my_robot_interfaces/local/lib/python3.10/dist-packages/my_robot_interfaces/srv/_next_goal.py
[2.593s] -- Installing: /home/premsai/eyrc23_HB_1282/hb_task5_ws/install/my_robot_interfaces/local/lib/python3.10/dist-packages/my_robot_interfaces/srv/__init__.py
[2.593s] -- Installing: /home/premsai/eyrc23_HB_1282/hb_task5_ws/install/my_robot_interfaces/local/lib/python3.10/dist-packages/my_robot_interfaces/srv/_next_goal_s.c
[2.615s] Listing '/home/premsai/eyrc23_HB_1282/hb_task5_ws/install/my_robot_interfaces/local/lib/python3.10/dist-packages/my_robot_interfaces'...
[2.615s] Compiling '/home/premsai/eyrc23_HB_1282/hb_task5_ws/install/my_robot_interfaces/local/lib/python3.10/dist-packages/my_robot_interfaces/__init__.py'...
[2.615s] Listing '/home/premsai/eyrc23_HB_1282/hb_task5_ws/install/my_robot_interfaces/local/lib/python3.10/dist-packages/my_robot_interfaces/msg'...
[2.615s] Compiling '/home/premsai/eyrc23_HB_1282/hb_task5_ws/install/my_robot_interfaces/local/lib/python3.10/dist-packages/my_robot_interfaces/msg/__init__.py'...
[2.615s] Compiling '/home/premsai/eyrc23_HB_1282/hb_task5_ws/install/my_robot_interfaces/local/lib/python3.10/dist-packages/my_robot_interfaces/msg/_goal.py'...
[2.615s] Compiling '/home/premsai/eyrc23_HB_1282/hb_task5_ws/install/my_robot_interfaces/local/lib/python3.10/dist-packages/my_robot_interfaces/msg/_shape.py'...
[2.615s] Listing '/home/premsai/eyrc23_HB_1282/hb_task5_ws/install/my_robot_interfaces/local/lib/python3.10/dist-packages/my_robot_interfaces/srv'...
[2.615s] Compiling '/home/premsai/eyrc23_HB_1282/hb_task5_ws/install/my_robot_interfaces/local/lib/python3.10/dist-packages/my_robot_interfaces/srv/__init__.py'...
[2.615s] Compiling '/home/premsai/eyrc23_HB_1282/hb_task5_ws/install/my_robot_interfaces/local/lib/python3.10/dist-packages/my_robot_interfaces/srv/_next_goal.py'...
[2.618s] -- Installing: /home/premsai/eyrc23_HB_1282/hb_task5_ws/install/my_robot_interfaces/local/lib/python3.10/dist-packages/my_robot_interfaces/my_robot_interfaces_s__rosidl_typesupport_fastrtps_c.cpython-310-x86_64-linux-gnu.so
[2.618s] -- Set runtime path of "/home/premsai/eyrc23_HB_1282/hb_task5_ws/install/my_robot_interfaces/local/lib/python3.10/dist-packages/my_robot_interfaces/my_robot_interfaces_s__rosidl_typesupport_fastrtps_c.cpython-310-x86_64-linux-gnu.so" to ""
[2.619s] -- Installing: /home/premsai/eyrc23_HB_1282/hb_task5_ws/install/my_robot_interfaces/local/lib/python3.10/dist-packages/my_robot_interfaces/my_robot_interfaces_s__rosidl_typesupport_introspection_c.cpython-310-x86_64-linux-gnu.so
[2.619s] -- Set runtime path of "/home/premsai/eyrc23_HB_1282/hb_task5_ws/install/my_robot_interfaces/local/lib/python3.10/dist-packages/my_robot_interfaces/my_robot_interfaces_s__rosidl_typesupport_introspection_c.cpython-310-x86_64-linux-gnu.so" to ""
[2.619s] -- Installing: /home/premsai/eyrc23_HB_1282/hb_task5_ws/install/my_robot_interfaces/local/lib/python3.10/dist-packages/my_robot_interfaces/my_robot_interfaces_s__rosidl_typesupport_c.cpython-310-x86_64-linux-gnu.so
[2.619s] -- Set runtime path of "/home/premsai/eyrc23_HB_1282/hb_task5_ws/install/my_robot_interfaces/local/lib/python3.10/dist-packages/my_robot_interfaces/my_robot_interfaces_s__rosidl_typesupport_c.cpython-310-x86_64-linux-gnu.so" to ""
[2.619s] -- Installing: /home/premsai/eyrc23_HB_1282/hb_task5_ws/install/my_robot_interfaces/lib/libmy_robot_interfaces__rosidl_generator_py.so
[2.619s] -- Set runtime path of "/home/premsai/eyrc23_HB_1282/hb_task5_ws/install/my_robot_interfaces/lib/libmy_robot_interfaces__rosidl_generator_py.so" to ""
[2.619s] -- Installing: /home/premsai/eyrc23_HB_1282/hb_task5_ws/install/my_robot_interfaces/share/my_robot_interfaces/srv/NextGoal.idl
[2.619s] -- Installing: /home/premsai/eyrc23_HB_1282/hb_task5_ws/install/my_robot_interfaces/share/my_robot_interfaces/msg/Goal.idl
[2.619s] -- Installing: /home/premsai/eyrc23_HB_1282/hb_task5_ws/install/my_robot_interfaces/share/my_robot_interfaces/msg/Shape.idl
[2.619s] -- Up-to-date: /home/premsai/eyrc23_HB_1282/hb_task5_ws/install/my_robot_interfaces/share/my_robot_interfaces/srv/NextGoal.srv
[2.619s] -- Installing: /home/premsai/eyrc23_HB_1282/hb_task5_ws/install/my_robot_interfaces/share/my_robot_interfaces/srv/NextGoal_Request.msg
[2.619s] -- Installing: /home/premsai/eyrc23_HB_1282/hb_task5_ws/install/my_robot_interfaces/share/my_robot_interfaces/srv/NextGoal_Response.msg
[2.619s] -- Up-to-date: /home/premsai/eyrc23_HB_1282/hb_task5_ws/install/my_robot_interfaces/share/my_robot_interfaces/msg/Goal.msg
[2.619s] -- Up-to-date: /home/premsai/eyrc23_HB_1282/hb_task5_ws/install/my_robot_interfaces/share/my_robot_interfaces/msg/Shape.msg
[2.620s] -- Installing: /home/premsai/eyrc23_HB_1282/hb_task5_ws/install/my_robot_interfaces/share/ament_index/resource_index/package_run_dependencies/my_robot_interfaces
[2.620s] -- Installing: /home/premsai/eyrc23_HB_1282/hb_task5_ws/install/my_robot_interfaces/share/ament_index/resource_index/parent_prefix_path/my_robot_interfaces
[2.620s] -- Installing: /home/premsai/eyrc23_HB_1282/hb_task5_ws/install/my_robot_interfaces/share/my_robot_interfaces/environment/ament_prefix_path.sh
[2.620s] -- Installing: /home/premsai/eyrc23_HB_1282/hb_task5_ws/install/my_robot_interfaces/share/my_robot_interfaces/environment/ament_prefix_path.dsv
[2.620s] -- Installing: /home/premsai/eyrc23_HB_1282/hb_task5_ws/install/my_robot_interfaces/share/my_robot_interfaces/environment/path.sh
[2.620s] -- Installing: /home/premsai/eyrc23_HB_1282/hb_task5_ws/install/my_robot_interfaces/share/my_robot_interfaces/environment/path.dsv
[2.620s] -- Installing: /home/premsai/eyrc23_HB_1282/hb_task5_ws/install/my_robot_interfaces/share/my_robot_interfaces/local_setup.bash
[2.620s] -- Installing: /home/premsai/eyrc23_HB_1282/hb_task5_ws/install/my_robot_interfaces/share/my_robot_interfaces/local_setup.sh
[2.620s] -- Installing: /home/premsai/eyrc23_HB_1282/hb_task5_ws/install/my_robot_interfaces/share/my_robot_interfaces/local_setup.zsh
[2.620s] -- Installing: /home/premsai/eyrc23_HB_1282/hb_task5_ws/install/my_robot_interfaces/share/my_robot_interfaces/local_setup.dsv
[2.620s] -- Installing: /home/premsai/eyrc23_HB_1282/hb_task5_ws/install/my_robot_interfaces/share/my_robot_interfaces/package.dsv
[2.620s] -- Installing: /home/premsai/eyrc23_HB_1282/hb_task5_ws/install/my_robot_interfaces/share/ament_index/resource_index/packages/my_robot_interfaces
[2.620s] -- Installing: /home/premsai/eyrc23_HB_1282/hb_task5_ws/install/my_robot_interfaces/share/my_robot_interfaces/cmake/export_my_robot_interfaces__rosidl_generator_cExport.cmake
[2.621s] -- Installing: /home/premsai/eyrc23_HB_1282/hb_task5_ws/install/my_robot_interfaces/share/my_robot_interfaces/cmake/export_my_robot_interfaces__rosidl_generator_cExport-noconfig.cmake
[2.621s] -- Installing: /home/premsai/eyrc23_HB_1282/hb_task5_ws/install/my_robot_interfaces/share/my_robot_interfaces/cmake/export_my_robot_interfaces__rosidl_typesupport_fastrtps_cExport.cmake
[2.621s] -- Installing: /home/premsai/eyrc23_HB_1282/hb_task5_ws/install/my_robot_interfaces/share/my_robot_interfaces/cmake/export_my_robot_interfaces__rosidl_typesupport_fastrtps_cExport-noconfig.cmake
[2.621s] -- Installing: /home/premsai/eyrc23_HB_1282/hb_task5_ws/install/my_robot_interfaces/share/my_robot_interfaces/cmake/my_robot_interfaces__rosidl_typesupport_introspection_cExport.cmake
[2.621s] -- Installing: /home/premsai/eyrc23_HB_1282/hb_task5_ws/install/my_robot_interfaces/share/my_robot_interfaces/cmake/my_robot_interfaces__rosidl_typesupport_introspection_cExport-noconfig.cmake
[2.621s] -- Installing: /home/premsai/eyrc23_HB_1282/hb_task5_ws/install/my_robot_interfaces/share/my_robot_interfaces/cmake/my_robot_interfaces__rosidl_typesupport_cExport.cmake
[2.621s] -- Installing: /home/premsai/eyrc23_HB_1282/hb_task5_ws/install/my_robot_interfaces/share/my_robot_interfaces/cmake/my_robot_interfaces__rosidl_typesupport_cExport-noconfig.cmake
[2.621s] -- Installing: /home/premsai/eyrc23_HB_1282/hb_task5_ws/install/my_robot_interfaces/share/my_robot_interfaces/cmake/export_my_robot_interfaces__rosidl_generator_cppExport.cmake
[2.621s] -- Installing: /home/premsai/eyrc23_HB_1282/hb_task5_ws/install/my_robot_interfaces/share/my_robot_interfaces/cmake/export_my_robot_interfaces__rosidl_typesupport_fastrtps_cppExport.cmake
[2.621s] -- Installing: /home/premsai/eyrc23_HB_1282/hb_task5_ws/install/my_robot_interfaces/share/my_robot_interfaces/cmake/export_my_robot_interfaces__rosidl_typesupport_fastrtps_cppExport-noconfig.cmake
[2.621s] -- Installing: /home/premsai/eyrc23_HB_1282/hb_task5_ws/install/my_robot_interfaces/share/my_robot_interfaces/cmake/my_robot_interfaces__rosidl_typesupport_introspection_cppExport.cmake
[2.621s] -- Installing: /home/premsai/eyrc23_HB_1282/hb_task5_ws/install/my_robot_interfaces/share/my_robot_interfaces/cmake/my_robot_interfaces__rosidl_typesupport_introspection_cppExport-noconfig.cmake
[2.621s] -- Installing: /home/premsai/eyrc23_HB_1282/hb_task5_ws/install/my_robot_interfaces/share/my_robot_interfaces/cmake/my_robot_interfaces__rosidl_typesupport_cppExport.cmake
[2.621s] -- Installing: /home/premsai/eyrc23_HB_1282/hb_task5_ws/install/my_robot_interfaces/share/my_robot_interfaces/cmake/my_robot_interfaces__rosidl_typesupport_cppExport-noconfig.cmake
[2.622s] -- Installing: /home/premsai/eyrc23_HB_1282/hb_task5_ws/install/my_robot_interfaces/share/my_robot_interfaces/cmake/export_my_robot_interfaces__rosidl_generator_pyExport.cmake
[2.622s] -- Installing: /home/premsai/eyrc23_HB_1282/hb_task5_ws/install/my_robot_interfaces/share/my_robot_interfaces/cmake/export_my_robot_interfaces__rosidl_generator_pyExport-noconfig.cmake
[2.622s] -- Installing: /home/premsai/eyrc23_HB_1282/hb_task5_ws/install/my_robot_interfaces/share/my_robot_interfaces/cmake/rosidl_cmake-extras.cmake
[2.622s] -- Installing: /home/premsai/eyrc23_HB_1282/hb_task5_ws/install/my_robot_interfaces/share/my_robot_interfaces/cmake/ament_cmake_export_include_directories-extras.cmake
[2.622s] -- Installing: /home/premsai/eyrc23_HB_1282/hb_task5_ws/install/my_robot_interfaces/share/my_robot_interfaces/cmake/ament_cmake_export_libraries-extras.cmake
[2.622s] -- Installing: /home/premsai/eyrc23_HB_1282/hb_task5_ws/install/my_robot_interfaces/share/my_robot_interfaces/cmake/ament_cmake_export_targets-extras.cmake
[2.622s] -- Installing: /home/premsai/eyrc23_HB_1282/hb_task5_ws/install/my_robot_interfaces/share/my_robot_interfaces/cmake/rosidl_cmake_export_typesupport_targets-extras.cmake
[2.622s] -- Installing: /home/premsai/eyrc23_HB_1282/hb_task5_ws/install/my_robot_interfaces/share/my_robot_interfaces/cmake/ament_cmake_export_dependencies-extras.cmake
[2.622s] -- Installing: /home/premsai/eyrc23_HB_1282/hb_task5_ws/install/my_robot_interfaces/share/my_robot_interfaces/cmake/rosidl_cmake_export_typesupport_libraries-extras.cmake
[2.622s] -- Installing: /home/premsai/eyrc23_HB_1282/hb_task5_ws/install/my_robot_interfaces/share/my_robot_interfaces/cmake/my_robot_interfacesConfig.cmake
[2.622s] -- Installing: /home/premsai/eyrc23_HB_1282/hb_task5_ws/install/my_robot_interfaces/share/my_robot_interfaces/cmake/my_robot_interfacesConfig-version.cmake
[2.622s] -- Up-to-date: /home/premsai/eyrc23_HB_1282/hb_task5_ws/install/my_robot_interfaces/share/my_robot_interfaces/package.xml
[2.623s] Invoked command in '/home/premsai/eyrc23_HB_1282/hb_task5_ws/build/my_robot_interfaces' returned '0': CMAKE_PREFIX_PATH=/opt/ros/humble /usr/bin/cmake --install /home/premsai/eyrc23_HB_1282/hb_task5_ws/build/my_robot_interfaces
