[0.554s] Invoking command in '/home/akshar/eyrc_hb/hb_task_2_ws/build/my_robot_interfaces': CMAKE_PREFIX_PATH=/opt/ros/humble /usr/bin/cmake --build /home/akshar/eyrc_hb/hb_task_2_ws/build/my_robot_interfaces -- -j16 -l16
[0.695s] [  2%] Built target my_robot_interfaces__cpp
[0.756s] [  4%] Built target ament_cmake_python_copy_my_robot_interfaces
[0.756s] [ 12%] Built target my_robot_interfaces__rosidl_generator_c
[0.790s] [ 23%] Built target my_robot_interfaces__rosidl_typesupport_cpp
[0.793s] [ 34%] Built target my_robot_interfaces__rosidl_typesupport_introspection_cpp
[0.804s] [ 44%] Built target my_robot_interfaces__rosidl_typesupport_fastrtps_cpp
[0.807s] [ 65%] Built target my_robot_interfaces__rosidl_typesupport_c
[0.808s] [ 65%] Built target my_robot_interfaces__rosidl_typesupport_introspection_c
[0.830s] [ 76%] Built target my_robot_interfaces__rosidl_typesupport_fastrtps_c
[0.863s] [ 76%] Built target my_robot_interfaces
[0.896s] [ 78%] Built target my_robot_interfaces__py
[0.969s] [ 87%] Built target my_robot_interfaces__rosidl_generator_py
[0.972s] running egg_info
[0.973s] writing my_robot_interfaces.egg-info/PKG-INFO
[0.973s] writing dependency_links to my_robot_interfaces.egg-info/dependency_links.txt
[0.973s] writing top-level names to my_robot_interfaces.egg-info/top_level.txt
[0.978s] reading manifest file 'my_robot_interfaces.egg-info/SOURCES.txt'
[0.983s] writing manifest file 'my_robot_interfaces.egg-info/SOURCES.txt'
[1.007s] [ 87%] Built target ament_cmake_python_build_my_robot_interfaces_egg
[1.010s] [ 97%] Built target my_robot_interfaces__rosidl_typesupport_fastrtps_c__pyext
[1.011s] [ 97%] Built target my_robot_interfaces__rosidl_typesupport_c__pyext
[1.011s] [100%] Built target my_robot_interfaces__rosidl_typesupport_introspection_c__pyext
[1.023s] Invoked command in '/home/akshar/eyrc_hb/hb_task_2_ws/build/my_robot_interfaces' returned '0': CMAKE_PREFIX_PATH=/opt/ros/humble /usr/bin/cmake --build /home/akshar/eyrc_hb/hb_task_2_ws/build/my_robot_interfaces -- -j16 -l16
[1.122s] Invoking command in '/home/akshar/eyrc_hb/hb_task_2_ws/build/my_robot_interfaces': CMAKE_PREFIX_PATH=/opt/ros/humble /usr/bin/cmake --install /home/akshar/eyrc_hb/hb_task_2_ws/build/my_robot_interfaces
[1.142s] -- Install configuration: ""
[1.142s] -- Up-to-date: /home/akshar/eyrc_hb/hb_task_2_ws/install/my_robot_interfaces/share/ament_index/resource_index/rosidl_interfaces/my_robot_interfaces
[1.142s] -- Up-to-date: /home/akshar/eyrc_hb/hb_task_2_ws/install/my_robot_interfaces/include/my_robot_interfaces/my_robot_interfaces
[1.142s] -- Up-to-date: /home/akshar/eyrc_hb/hb_task_2_ws/install/my_robot_interfaces/include/my_robot_interfaces/my_robot_interfaces/srv
[1.143s] -- Up-to-date: /home/akshar/eyrc_hb/hb_task_2_ws/install/my_robot_interfaces/include/my_robot_interfaces/my_robot_interfaces/srv/next_goal.h
[1.143s] -- Up-to-date: /home/akshar/eyrc_hb/hb_task_2_ws/install/my_robot_interfaces/include/my_robot_interfaces/my_robot_interfaces/srv/detail
[1.143s] -- Up-to-date: /home/akshar/eyrc_hb/hb_task_2_ws/install/my_robot_interfaces/include/my_robot_interfaces/my_robot_interfaces/srv/detail/next_goal__struct.h
[1.143s] -- Up-to-date: /home/akshar/eyrc_hb/hb_task_2_ws/install/my_robot_interfaces/include/my_robot_interfaces/my_robot_interfaces/srv/detail/next_goal__functions.c
[1.143s] -- Up-to-date: /home/akshar/eyrc_hb/hb_task_2_ws/install/my_robot_interfaces/include/my_robot_interfaces/my_robot_interfaces/srv/detail/next_goal__functions.h
[1.143s] -- Up-to-date: /home/akshar/eyrc_hb/hb_task_2_ws/install/my_robot_interfaces/include/my_robot_interfaces/my_robot_interfaces/srv/detail/next_goal__type_support.h
[1.143s] -- Up-to-date: /home/akshar/eyrc_hb/hb_task_2_ws/install/my_robot_interfaces/include/my_robot_interfaces/my_robot_interfaces/msg
[1.143s] -- Up-to-date: /home/akshar/eyrc_hb/hb_task_2_ws/install/my_robot_interfaces/include/my_robot_interfaces/my_robot_interfaces/msg/goal.h
[1.143s] -- Up-to-date: /home/akshar/eyrc_hb/hb_task_2_ws/install/my_robot_interfaces/include/my_robot_interfaces/my_robot_interfaces/msg/shape.h
[1.143s] -- Up-to-date: /home/akshar/eyrc_hb/hb_task_2_ws/install/my_robot_interfaces/include/my_robot_interfaces/my_robot_interfaces/msg/rosidl_generator_c__visibility_control.h
[1.143s] -- Up-to-date: /home/akshar/eyrc_hb/hb_task_2_ws/install/my_robot_interfaces/include/my_robot_interfaces/my_robot_interfaces/msg/detail
[1.143s] -- Up-to-date: /home/akshar/eyrc_hb/hb_task_2_ws/install/my_robot_interfaces/include/my_robot_interfaces/my_robot_interfaces/msg/detail/shape__functions.h
[1.143s] -- Up-to-date: /home/akshar/eyrc_hb/hb_task_2_ws/install/my_robot_interfaces/include/my_robot_interfaces/my_robot_interfaces/msg/detail/goal__struct.h
[1.144s] -- Up-to-date: /home/akshar/eyrc_hb/hb_task_2_ws/install/my_robot_interfaces/include/my_robot_interfaces/my_robot_interfaces/msg/detail/goal__type_support.h
[1.144s] -- Up-to-date: /home/akshar/eyrc_hb/hb_task_2_ws/install/my_robot_interfaces/include/my_robot_interfaces/my_robot_interfaces/msg/detail/shape__type_support.h
[1.144s] -- Up-to-date: /home/akshar/eyrc_hb/hb_task_2_ws/install/my_robot_interfaces/include/my_robot_interfaces/my_robot_interfaces/msg/detail/shape__functions.c
[1.144s] -- Up-to-date: /home/akshar/eyrc_hb/hb_task_2_ws/install/my_robot_interfaces/include/my_robot_interfaces/my_robot_interfaces/msg/detail/goal__functions.c
[1.144s] -- Up-to-date: /home/akshar/eyrc_hb/hb_task_2_ws/install/my_robot_interfaces/include/my_robot_interfaces/my_robot_interfaces/msg/detail/goal__functions.h
[1.144s] -- Up-to-date: /home/akshar/eyrc_hb/hb_task_2_ws/install/my_robot_interfaces/include/my_robot_interfaces/my_robot_interfaces/msg/detail/shape__struct.h
[1.144s] -- Up-to-date: /home/akshar/eyrc_hb/hb_task_2_ws/install/my_robot_interfaces/share/my_robot_interfaces/environment/library_path.sh
[1.144s] -- Up-to-date: /home/akshar/eyrc_hb/hb_task_2_ws/install/my_robot_interfaces/share/my_robot_interfaces/environment/library_path.dsv
[1.154s] -- Up-to-date: /home/akshar/eyrc_hb/hb_task_2_ws/install/my_robot_interfaces/lib/libmy_robot_interfaces__rosidl_generator_c.so
[1.154s] -- Up-to-date: /home/akshar/eyrc_hb/hb_task_2_ws/install/my_robot_interfaces/include/my_robot_interfaces/my_robot_interfaces
[1.154s] -- Up-to-date: /home/akshar/eyrc_hb/hb_task_2_ws/install/my_robot_interfaces/include/my_robot_interfaces/my_robot_interfaces/srv
[1.154s] -- Up-to-date: /home/akshar/eyrc_hb/hb_task_2_ws/install/my_robot_interfaces/include/my_robot_interfaces/my_robot_interfaces/srv/detail
[1.154s] -- Up-to-date: /home/akshar/eyrc_hb/hb_task_2_ws/install/my_robot_interfaces/include/my_robot_interfaces/my_robot_interfaces/srv/detail/next_goal__rosidl_typesupport_fastrtps_c.h
[1.154s] -- Up-to-date: /home/akshar/eyrc_hb/hb_task_2_ws/install/my_robot_interfaces/include/my_robot_interfaces/my_robot_interfaces/msg
[1.155s] -- Up-to-date: /home/akshar/eyrc_hb/hb_task_2_ws/install/my_robot_interfaces/include/my_robot_interfaces/my_robot_interfaces/msg/rosidl_typesupport_fastrtps_c__visibility_control.h
[1.155s] -- Up-to-date: /home/akshar/eyrc_hb/hb_task_2_ws/install/my_robot_interfaces/include/my_robot_interfaces/my_robot_interfaces/msg/detail
[1.155s] -- Up-to-date: /home/akshar/eyrc_hb/hb_task_2_ws/install/my_robot_interfaces/include/my_robot_interfaces/my_robot_interfaces/msg/detail/goal__rosidl_typesupport_fastrtps_c.h
[1.155s] -- Up-to-date: /home/akshar/eyrc_hb/hb_task_2_ws/install/my_robot_interfaces/include/my_robot_interfaces/my_robot_interfaces/msg/detail/shape__rosidl_typesupport_fastrtps_c.h
[1.168s] -- Up-to-date: /home/akshar/eyrc_hb/hb_task_2_ws/install/my_robot_interfaces/lib/libmy_robot_interfaces__rosidl_typesupport_fastrtps_c.so
[1.168s] -- Up-to-date: /home/akshar/eyrc_hb/hb_task_2_ws/install/my_robot_interfaces/include/my_robot_interfaces/my_robot_interfaces
[1.168s] -- Up-to-date: /home/akshar/eyrc_hb/hb_task_2_ws/install/my_robot_interfaces/include/my_robot_interfaces/my_robot_interfaces/srv
[1.168s] -- Up-to-date: /home/akshar/eyrc_hb/hb_task_2_ws/install/my_robot_interfaces/include/my_robot_interfaces/my_robot_interfaces/srv/detail
[1.169s] -- Up-to-date: /home/akshar/eyrc_hb/hb_task_2_ws/install/my_robot_interfaces/include/my_robot_interfaces/my_robot_interfaces/srv/detail/next_goal__type_support.c
[1.169s] -- Up-to-date: /home/akshar/eyrc_hb/hb_task_2_ws/install/my_robot_interfaces/include/my_robot_interfaces/my_robot_interfaces/srv/detail/next_goal__rosidl_typesupport_introspection_c.h
[1.169s] -- Up-to-date: /home/akshar/eyrc_hb/hb_task_2_ws/install/my_robot_interfaces/include/my_robot_interfaces/my_robot_interfaces/msg
[1.169s] -- Up-to-date: /home/akshar/eyrc_hb/hb_task_2_ws/install/my_robot_interfaces/include/my_robot_interfaces/my_robot_interfaces/msg/rosidl_typesupport_introspection_c__visibility_control.h
[1.169s] -- Up-to-date: /home/akshar/eyrc_hb/hb_task_2_ws/install/my_robot_interfaces/include/my_robot_interfaces/my_robot_interfaces/msg/detail
[1.169s] -- Up-to-date: /home/akshar/eyrc_hb/hb_task_2_ws/install/my_robot_interfaces/include/my_robot_interfaces/my_robot_interfaces/msg/detail/goal__type_support.c
[1.169s] -- Up-to-date: /home/akshar/eyrc_hb/hb_task_2_ws/install/my_robot_interfaces/include/my_robot_interfaces/my_robot_interfaces/msg/detail/goal__rosidl_typesupport_introspection_c.h
[1.169s] -- Up-to-date: /home/akshar/eyrc_hb/hb_task_2_ws/install/my_robot_interfaces/include/my_robot_interfaces/my_robot_interfaces/msg/detail/shape__rosidl_typesupport_introspection_c.h
[1.169s] -- Up-to-date: /home/akshar/eyrc_hb/hb_task_2_ws/install/my_robot_interfaces/include/my_robot_interfaces/my_robot_interfaces/msg/detail/shape__type_support.c
[1.174s] -- Up-to-date: /home/akshar/eyrc_hb/hb_task_2_ws/install/my_robot_interfaces/lib/libmy_robot_interfaces__rosidl_typesupport_introspection_c.so
[1.182s] -- Up-to-date: /home/akshar/eyrc_hb/hb_task_2_ws/install/my_robot_interfaces/lib/libmy_robot_interfaces__rosidl_typesupport_c.so
[1.182s] -- Up-to-date: /home/akshar/eyrc_hb/hb_task_2_ws/install/my_robot_interfaces/include/my_robot_interfaces/my_robot_interfaces
[1.183s] -- Up-to-date: /home/akshar/eyrc_hb/hb_task_2_ws/install/my_robot_interfaces/include/my_robot_interfaces/my_robot_interfaces/srv
[1.184s] -- Up-to-date: /home/akshar/eyrc_hb/hb_task_2_ws/install/my_robot_interfaces/include/my_robot_interfaces/my_robot_interfaces/srv/next_goal.hpp
[1.184s] -- Up-to-date: /home/akshar/eyrc_hb/hb_task_2_ws/install/my_robot_interfaces/include/my_robot_interfaces/my_robot_interfaces/srv/detail
[1.185s] -- Up-to-date: /home/akshar/eyrc_hb/hb_task_2_ws/install/my_robot_interfaces/include/my_robot_interfaces/my_robot_interfaces/srv/detail/next_goal__struct.hpp
[1.185s] -- Up-to-date: /home/akshar/eyrc_hb/hb_task_2_ws/install/my_robot_interfaces/include/my_robot_interfaces/my_robot_interfaces/srv/detail/next_goal__builder.hpp
[1.186s] -- Up-to-date: /home/akshar/eyrc_hb/hb_task_2_ws/install/my_robot_interfaces/include/my_robot_interfaces/my_robot_interfaces/srv/detail/next_goal__traits.hpp
[1.186s] -- Up-to-date: /home/akshar/eyrc_hb/hb_task_2_ws/install/my_robot_interfaces/include/my_robot_interfaces/my_robot_interfaces/msg
[1.186s] -- Up-to-date: /home/akshar/eyrc_hb/hb_task_2_ws/install/my_robot_interfaces/include/my_robot_interfaces/my_robot_interfaces/msg/shape.hpp
[1.186s] -- Up-to-date: /home/akshar/eyrc_hb/hb_task_2_ws/install/my_robot_interfaces/include/my_robot_interfaces/my_robot_interfaces/msg/goal.hpp
[1.186s] -- Up-to-date: /home/akshar/eyrc_hb/hb_task_2_ws/install/my_robot_interfaces/include/my_robot_interfaces/my_robot_interfaces/msg/detail
[1.186s] -- Up-to-date: /home/akshar/eyrc_hb/hb_task_2_ws/install/my_robot_interfaces/include/my_robot_interfaces/my_robot_interfaces/msg/detail/shape__struct.hpp
[1.186s] -- Up-to-date: /home/akshar/eyrc_hb/hb_task_2_ws/install/my_robot_interfaces/include/my_robot_interfaces/my_robot_interfaces/msg/detail/goal__traits.hpp
[1.186s] -- Up-to-date: /home/akshar/eyrc_hb/hb_task_2_ws/install/my_robot_interfaces/include/my_robot_interfaces/my_robot_interfaces/msg/detail/shape__traits.hpp
[1.186s] -- Up-to-date: /home/akshar/eyrc_hb/hb_task_2_ws/install/my_robot_interfaces/include/my_robot_interfaces/my_robot_interfaces/msg/detail/shape__builder.hpp
[1.186s] -- Up-to-date: /home/akshar/eyrc_hb/hb_task_2_ws/install/my_robot_interfaces/include/my_robot_interfaces/my_robot_interfaces/msg/detail/goal__builder.hpp
[1.186s] -- Up-to-date: /home/akshar/eyrc_hb/hb_task_2_ws/install/my_robot_interfaces/include/my_robot_interfaces/my_robot_interfaces/msg/detail/goal__struct.hpp
[1.186s] -- Up-to-date: /home/akshar/eyrc_hb/hb_task_2_ws/install/my_robot_interfaces/include/my_robot_interfaces/my_robot_interfaces
[1.186s] -- Up-to-date: /home/akshar/eyrc_hb/hb_task_2_ws/install/my_robot_interfaces/include/my_robot_interfaces/my_robot_interfaces/srv
[1.186s] -- Up-to-date: /home/akshar/eyrc_hb/hb_task_2_ws/install/my_robot_interfaces/include/my_robot_interfaces/my_robot_interfaces/srv/detail
[1.186s] -- Up-to-date: /home/akshar/eyrc_hb/hb_task_2_ws/install/my_robot_interfaces/include/my_robot_interfaces/my_robot_interfaces/srv/detail/dds_fastrtps
[1.186s] -- Up-to-date: /home/akshar/eyrc_hb/hb_task_2_ws/install/my_robot_interfaces/include/my_robot_interfaces/my_robot_interfaces/srv/detail/next_goal__rosidl_typesupport_fastrtps_cpp.hpp
[1.187s] -- Up-to-date: /home/akshar/eyrc_hb/hb_task_2_ws/install/my_robot_interfaces/include/my_robot_interfaces/my_robot_interfaces/msg
[1.187s] -- Up-to-date: /home/akshar/eyrc_hb/hb_task_2_ws/install/my_robot_interfaces/include/my_robot_interfaces/my_robot_interfaces/msg/rosidl_typesupport_fastrtps_cpp__visibility_control.h
[1.187s] -- Up-to-date: /home/akshar/eyrc_hb/hb_task_2_ws/install/my_robot_interfaces/include/my_robot_interfaces/my_robot_interfaces/msg/detail
[1.187s] -- Up-to-date: /home/akshar/eyrc_hb/hb_task_2_ws/install/my_robot_interfaces/include/my_robot_interfaces/my_robot_interfaces/msg/detail/shape__rosidl_typesupport_fastrtps_cpp.hpp
[1.187s] -- Up-to-date: /home/akshar/eyrc_hb/hb_task_2_ws/install/my_robot_interfaces/include/my_robot_interfaces/my_robot_interfaces/msg/detail/goal__rosidl_typesupport_fastrtps_cpp.hpp
[1.187s] -- Up-to-date: /home/akshar/eyrc_hb/hb_task_2_ws/install/my_robot_interfaces/include/my_robot_interfaces/my_robot_interfaces/msg/detail/dds_fastrtps
[1.189s] -- Up-to-date: /home/akshar/eyrc_hb/hb_task_2_ws/install/my_robot_interfaces/lib/libmy_robot_interfaces__rosidl_typesupport_fastrtps_cpp.so
[1.189s] -- Up-to-date: /home/akshar/eyrc_hb/hb_task_2_ws/install/my_robot_interfaces/include/my_robot_interfaces/my_robot_interfaces
[1.189s] -- Up-to-date: /home/akshar/eyrc_hb/hb_task_2_ws/install/my_robot_interfaces/include/my_robot_interfaces/my_robot_interfaces/srv
[1.189s] -- Up-to-date: /home/akshar/eyrc_hb/hb_task_2_ws/install/my_robot_interfaces/include/my_robot_interfaces/my_robot_interfaces/srv/detail
[1.190s] -- Up-to-date: /home/akshar/eyrc_hb/hb_task_2_ws/install/my_robot_interfaces/include/my_robot_interfaces/my_robot_interfaces/srv/detail/next_goal__rosidl_typesupport_introspection_cpp.hpp
[1.190s] -- Up-to-date: /home/akshar/eyrc_hb/hb_task_2_ws/install/my_robot_interfaces/include/my_robot_interfaces/my_robot_interfaces/srv/detail/next_goal__type_support.cpp
[1.190s] -- Up-to-date: /home/akshar/eyrc_hb/hb_task_2_ws/install/my_robot_interfaces/include/my_robot_interfaces/my_robot_interfaces/msg
[1.190s] -- Up-to-date: /home/akshar/eyrc_hb/hb_task_2_ws/install/my_robot_interfaces/include/my_robot_interfaces/my_robot_interfaces/msg/detail
[1.190s] -- Up-to-date: /home/akshar/eyrc_hb/hb_task_2_ws/install/my_robot_interfaces/include/my_robot_interfaces/my_robot_interfaces/msg/detail/shape__type_support.cpp
[1.190s] -- Up-to-date: /home/akshar/eyrc_hb/hb_task_2_ws/install/my_robot_interfaces/include/my_robot_interfaces/my_robot_interfaces/msg/detail/shape__rosidl_typesupport_introspection_cpp.hpp
[1.190s] -- Up-to-date: /home/akshar/eyrc_hb/hb_task_2_ws/install/my_robot_interfaces/include/my_robot_interfaces/my_robot_interfaces/msg/detail/goal__type_support.cpp
[1.190s] -- Up-to-date: /home/akshar/eyrc_hb/hb_task_2_ws/install/my_robot_interfaces/include/my_robot_interfaces/my_robot_interfaces/msg/detail/goal__rosidl_typesupport_introspection_cpp.hpp
[1.195s] -- Up-to-date: /home/akshar/eyrc_hb/hb_task_2_ws/install/my_robot_interfaces/lib/libmy_robot_interfaces__rosidl_typesupport_introspection_cpp.so
[1.200s] -- Up-to-date: /home/akshar/eyrc_hb/hb_task_2_ws/install/my_robot_interfaces/lib/libmy_robot_interfaces__rosidl_typesupport_cpp.so
[1.201s] -- Up-to-date: /home/akshar/eyrc_hb/hb_task_2_ws/install/my_robot_interfaces/share/my_robot_interfaces/environment/pythonpath.sh
[1.201s] -- Up-to-date: /home/akshar/eyrc_hb/hb_task_2_ws/install/my_robot_interfaces/share/my_robot_interfaces/environment/pythonpath.dsv
[1.201s] -- Up-to-date: /home/akshar/eyrc_hb/hb_task_2_ws/install/my_robot_interfaces/local/lib/python3.10/dist-packages/my_robot_interfaces-0.0.0-py3.10.egg-info
[1.201s] -- Installing: /home/akshar/eyrc_hb/hb_task_2_ws/install/my_robot_interfaces/local/lib/python3.10/dist-packages/my_robot_interfaces-0.0.0-py3.10.egg-info/PKG-INFO
[1.201s] -- Installing: /home/akshar/eyrc_hb/hb_task_2_ws/install/my_robot_interfaces/local/lib/python3.10/dist-packages/my_robot_interfaces-0.0.0-py3.10.egg-info/SOURCES.txt
[1.201s] -- Installing: /home/akshar/eyrc_hb/hb_task_2_ws/install/my_robot_interfaces/local/lib/python3.10/dist-packages/my_robot_interfaces-0.0.0-py3.10.egg-info/top_level.txt
[1.201s] -- Installing: /home/akshar/eyrc_hb/hb_task_2_ws/install/my_robot_interfaces/local/lib/python3.10/dist-packages/my_robot_interfaces-0.0.0-py3.10.egg-info/dependency_links.txt
[1.202s] -- Up-to-date: /home/akshar/eyrc_hb/hb_task_2_ws/install/my_robot_interfaces/local/lib/python3.10/dist-packages/my_robot_interfaces
[1.202s] -- Up-to-date: /home/akshar/eyrc_hb/hb_task_2_ws/install/my_robot_interfaces/local/lib/python3.10/dist-packages/my_robot_interfaces/my_robot_interfaces_s__rosidl_typesupport_fastrtps_c.cpython-310-x86_64-linux-gnu.so
[1.202s] -- Up-to-date: /home/akshar/eyrc_hb/hb_task_2_ws/install/my_robot_interfaces/local/lib/python3.10/dist-packages/my_robot_interfaces/_my_robot_interfaces_s.ep.rosidl_typesupport_fastrtps_c.c
[1.202s] -- Up-to-date: /home/akshar/eyrc_hb/hb_task_2_ws/install/my_robot_interfaces/local/lib/python3.10/dist-packages/my_robot_interfaces/_my_robot_interfaces_s.ep.rosidl_typesupport_introspection_c.c
[1.202s] -- Up-to-date: /home/akshar/eyrc_hb/hb_task_2_ws/install/my_robot_interfaces/local/lib/python3.10/dist-packages/my_robot_interfaces/_my_robot_interfaces_s.ep.rosidl_typesupport_c.c
[1.202s] -- Up-to-date: /home/akshar/eyrc_hb/hb_task_2_ws/install/my_robot_interfaces/local/lib/python3.10/dist-packages/my_robot_interfaces/my_robot_interfaces_s__rosidl_typesupport_c.cpython-310-x86_64-linux-gnu.so
[1.202s] -- Up-to-date: /home/akshar/eyrc_hb/hb_task_2_ws/install/my_robot_interfaces/local/lib/python3.10/dist-packages/my_robot_interfaces/libmy_robot_interfaces__rosidl_generator_py.so
[1.202s] -- Up-to-date: /home/akshar/eyrc_hb/hb_task_2_ws/install/my_robot_interfaces/local/lib/python3.10/dist-packages/my_robot_interfaces/my_robot_interfaces_s__rosidl_typesupport_introspection_c.cpython-310-x86_64-linux-gnu.so
[1.203s] -- Up-to-date: /home/akshar/eyrc_hb/hb_task_2_ws/install/my_robot_interfaces/local/lib/python3.10/dist-packages/my_robot_interfaces/__init__.py
[1.203s] -- Up-to-date: /home/akshar/eyrc_hb/hb_task_2_ws/install/my_robot_interfaces/local/lib/python3.10/dist-packages/my_robot_interfaces/srv
[1.203s] -- Up-to-date: /home/akshar/eyrc_hb/hb_task_2_ws/install/my_robot_interfaces/local/lib/python3.10/dist-packages/my_robot_interfaces/srv/_next_goal.py
[1.203s] -- Up-to-date: /home/akshar/eyrc_hb/hb_task_2_ws/install/my_robot_interfaces/local/lib/python3.10/dist-packages/my_robot_interfaces/srv/_next_goal_s.c
[1.203s] -- Up-to-date: /home/akshar/eyrc_hb/hb_task_2_ws/install/my_robot_interfaces/local/lib/python3.10/dist-packages/my_robot_interfaces/srv/__init__.py
[1.203s] -- Up-to-date: /home/akshar/eyrc_hb/hb_task_2_ws/install/my_robot_interfaces/local/lib/python3.10/dist-packages/my_robot_interfaces/msg
[1.203s] -- Up-to-date: /home/akshar/eyrc_hb/hb_task_2_ws/install/my_robot_interfaces/local/lib/python3.10/dist-packages/my_robot_interfaces/msg/_shape_s.c
[1.203s] -- Up-to-date: /home/akshar/eyrc_hb/hb_task_2_ws/install/my_robot_interfaces/local/lib/python3.10/dist-packages/my_robot_interfaces/msg/_shape.py
[1.203s] -- Up-to-date: /home/akshar/eyrc_hb/hb_task_2_ws/install/my_robot_interfaces/local/lib/python3.10/dist-packages/my_robot_interfaces/msg/_goal_s.c
[1.203s] -- Up-to-date: /home/akshar/eyrc_hb/hb_task_2_ws/install/my_robot_interfaces/local/lib/python3.10/dist-packages/my_robot_interfaces/msg/__init__.py
[1.203s] -- Up-to-date: /home/akshar/eyrc_hb/hb_task_2_ws/install/my_robot_interfaces/local/lib/python3.10/dist-packages/my_robot_interfaces/msg/_goal.py
[1.239s] Listing '/home/akshar/eyrc_hb/hb_task_2_ws/install/my_robot_interfaces/local/lib/python3.10/dist-packages/my_robot_interfaces'...
[1.239s] Listing '/home/akshar/eyrc_hb/hb_task_2_ws/install/my_robot_interfaces/local/lib/python3.10/dist-packages/my_robot_interfaces/msg'...
[1.239s] Listing '/home/akshar/eyrc_hb/hb_task_2_ws/install/my_robot_interfaces/local/lib/python3.10/dist-packages/my_robot_interfaces/srv'...
[1.254s] -- Up-to-date: /home/akshar/eyrc_hb/hb_task_2_ws/install/my_robot_interfaces/local/lib/python3.10/dist-packages/my_robot_interfaces/my_robot_interfaces_s__rosidl_typesupport_fastrtps_c.cpython-310-x86_64-linux-gnu.so
[1.265s] -- Up-to-date: /home/akshar/eyrc_hb/hb_task_2_ws/install/my_robot_interfaces/local/lib/python3.10/dist-packages/my_robot_interfaces/my_robot_interfaces_s__rosidl_typesupport_introspection_c.cpython-310-x86_64-linux-gnu.so
[1.275s] -- Up-to-date: /home/akshar/eyrc_hb/hb_task_2_ws/install/my_robot_interfaces/local/lib/python3.10/dist-packages/my_robot_interfaces/my_robot_interfaces_s__rosidl_typesupport_c.cpython-310-x86_64-linux-gnu.so
[1.286s] -- Up-to-date: /home/akshar/eyrc_hb/hb_task_2_ws/install/my_robot_interfaces/lib/libmy_robot_interfaces__rosidl_generator_py.so
[1.286s] -- Up-to-date: /home/akshar/eyrc_hb/hb_task_2_ws/install/my_robot_interfaces/share/my_robot_interfaces/srv/NextGoal.idl
[1.286s] -- Up-to-date: /home/akshar/eyrc_hb/hb_task_2_ws/install/my_robot_interfaces/share/my_robot_interfaces/msg/Goal.idl
[1.286s] -- Up-to-date: /home/akshar/eyrc_hb/hb_task_2_ws/install/my_robot_interfaces/share/my_robot_interfaces/msg/Shape.idl
[1.286s] -- Up-to-date: /home/akshar/eyrc_hb/hb_task_2_ws/install/my_robot_interfaces/share/my_robot_interfaces/srv/NextGoal.srv
[1.287s] -- Up-to-date: /home/akshar/eyrc_hb/hb_task_2_ws/install/my_robot_interfaces/share/my_robot_interfaces/srv/NextGoal_Request.msg
[1.287s] -- Up-to-date: /home/akshar/eyrc_hb/hb_task_2_ws/install/my_robot_interfaces/share/my_robot_interfaces/srv/NextGoal_Response.msg
[1.287s] -- Up-to-date: /home/akshar/eyrc_hb/hb_task_2_ws/install/my_robot_interfaces/share/my_robot_interfaces/msg/Goal.msg
[1.287s] -- Up-to-date: /home/akshar/eyrc_hb/hb_task_2_ws/install/my_robot_interfaces/share/my_robot_interfaces/msg/Shape.msg
[1.287s] -- Up-to-date: /home/akshar/eyrc_hb/hb_task_2_ws/install/my_robot_interfaces/share/ament_index/resource_index/package_run_dependencies/my_robot_interfaces
[1.287s] -- Up-to-date: /home/akshar/eyrc_hb/hb_task_2_ws/install/my_robot_interfaces/share/ament_index/resource_index/parent_prefix_path/my_robot_interfaces
[1.287s] -- Up-to-date: /home/akshar/eyrc_hb/hb_task_2_ws/install/my_robot_interfaces/share/my_robot_interfaces/environment/ament_prefix_path.sh
[1.287s] -- Up-to-date: /home/akshar/eyrc_hb/hb_task_2_ws/install/my_robot_interfaces/share/my_robot_interfaces/environment/ament_prefix_path.dsv
[1.287s] -- Up-to-date: /home/akshar/eyrc_hb/hb_task_2_ws/install/my_robot_interfaces/share/my_robot_interfaces/environment/path.sh
[1.288s] -- Up-to-date: /home/akshar/eyrc_hb/hb_task_2_ws/install/my_robot_interfaces/share/my_robot_interfaces/environment/path.dsv
[1.288s] -- Up-to-date: /home/akshar/eyrc_hb/hb_task_2_ws/install/my_robot_interfaces/share/my_robot_interfaces/local_setup.bash
[1.288s] -- Up-to-date: /home/akshar/eyrc_hb/hb_task_2_ws/install/my_robot_interfaces/share/my_robot_interfaces/local_setup.sh
[1.288s] -- Up-to-date: /home/akshar/eyrc_hb/hb_task_2_ws/install/my_robot_interfaces/share/my_robot_interfaces/local_setup.zsh
[1.288s] -- Up-to-date: /home/akshar/eyrc_hb/hb_task_2_ws/install/my_robot_interfaces/share/my_robot_interfaces/local_setup.dsv
[1.288s] -- Installing: /home/akshar/eyrc_hb/hb_task_2_ws/install/my_robot_interfaces/share/my_robot_interfaces/package.dsv
[1.292s] -- Up-to-date: /home/akshar/eyrc_hb/hb_task_2_ws/install/my_robot_interfaces/share/ament_index/resource_index/packages/my_robot_interfaces
[1.309s] -- Up-to-date: /home/akshar/eyrc_hb/hb_task_2_ws/install/my_robot_interfaces/share/my_robot_interfaces/cmake/export_my_robot_interfaces__rosidl_generator_cExport.cmake
[1.309s] -- Up-to-date: /home/akshar/eyrc_hb/hb_task_2_ws/install/my_robot_interfaces/share/my_robot_interfaces/cmake/export_my_robot_interfaces__rosidl_generator_cExport-noconfig.cmake
[1.318s] -- Up-to-date: /home/akshar/eyrc_hb/hb_task_2_ws/install/my_robot_interfaces/share/my_robot_interfaces/cmake/export_my_robot_interfaces__rosidl_typesupport_fastrtps_cExport.cmake
[1.319s] -- Up-to-date: /home/akshar/eyrc_hb/hb_task_2_ws/install/my_robot_interfaces/share/my_robot_interfaces/cmake/export_my_robot_interfaces__rosidl_typesupport_fastrtps_cExport-noconfig.cmake
[1.324s] -- Up-to-date: /home/akshar/eyrc_hb/hb_task_2_ws/install/my_robot_interfaces/share/my_robot_interfaces/cmake/my_robot_interfaces__rosidl_typesupport_introspection_cExport.cmake
[1.324s] -- Up-to-date: /home/akshar/eyrc_hb/hb_task_2_ws/install/my_robot_interfaces/share/my_robot_interfaces/cmake/my_robot_interfaces__rosidl_typesupport_introspection_cExport-noconfig.cmake
[1.332s] -- Up-to-date: /home/akshar/eyrc_hb/hb_task_2_ws/install/my_robot_interfaces/share/my_robot_interfaces/cmake/my_robot_interfaces__rosidl_typesupport_cExport.cmake
[1.332s] -- Up-to-date: /home/akshar/eyrc_hb/hb_task_2_ws/install/my_robot_interfaces/share/my_robot_interfaces/cmake/my_robot_interfaces__rosidl_typesupport_cExport-noconfig.cmake
[1.334s] -- Up-to-date: /home/akshar/eyrc_hb/hb_task_2_ws/install/my_robot_interfaces/share/my_robot_interfaces/cmake/export_my_robot_interfaces__rosidl_generator_cppExport.cmake
[1.335s] -- Up-to-date: /home/akshar/eyrc_hb/hb_task_2_ws/install/my_robot_interfaces/share/my_robot_interfaces/cmake/export_my_robot_interfaces__rosidl_typesupport_fastrtps_cppExport.cmake
[1.335s] -- Up-to-date: /home/akshar/eyrc_hb/hb_task_2_ws/install/my_robot_interfaces/share/my_robot_interfaces/cmake/export_my_robot_interfaces__rosidl_typesupport_fastrtps_cppExport-noconfig.cmake
[1.335s] -- Up-to-date: /home/akshar/eyrc_hb/hb_task_2_ws/install/my_robot_interfaces/share/my_robot_interfaces/cmake/my_robot_interfaces__rosidl_typesupport_introspection_cppExport.cmake
[1.336s] -- Up-to-date: /home/akshar/eyrc_hb/hb_task_2_ws/install/my_robot_interfaces/share/my_robot_interfaces/cmake/my_robot_interfaces__rosidl_typesupport_introspection_cppExport-noconfig.cmake
[1.341s] -- Up-to-date: /home/akshar/eyrc_hb/hb_task_2_ws/install/my_robot_interfaces/share/my_robot_interfaces/cmake/my_robot_interfaces__rosidl_typesupport_cppExport.cmake
[1.341s] -- Up-to-date: /home/akshar/eyrc_hb/hb_task_2_ws/install/my_robot_interfaces/share/my_robot_interfaces/cmake/my_robot_interfaces__rosidl_typesupport_cppExport-noconfig.cmake
[1.350s] -- Up-to-date: /home/akshar/eyrc_hb/hb_task_2_ws/install/my_robot_interfaces/share/my_robot_interfaces/cmake/export_my_robot_interfaces__rosidl_generator_pyExport.cmake
[1.350s] -- Up-to-date: /home/akshar/eyrc_hb/hb_task_2_ws/install/my_robot_interfaces/share/my_robot_interfaces/cmake/export_my_robot_interfaces__rosidl_generator_pyExport-noconfig.cmake
[1.350s] -- Up-to-date: /home/akshar/eyrc_hb/hb_task_2_ws/install/my_robot_interfaces/share/my_robot_interfaces/cmake/rosidl_cmake-extras.cmake
[1.351s] -- Up-to-date: /home/akshar/eyrc_hb/hb_task_2_ws/install/my_robot_interfaces/share/my_robot_interfaces/cmake/ament_cmake_export_include_directories-extras.cmake
[1.351s] -- Up-to-date: /home/akshar/eyrc_hb/hb_task_2_ws/install/my_robot_interfaces/share/my_robot_interfaces/cmake/ament_cmake_export_libraries-extras.cmake
[1.351s] -- Up-to-date: /home/akshar/eyrc_hb/hb_task_2_ws/install/my_robot_interfaces/share/my_robot_interfaces/cmake/ament_cmake_export_targets-extras.cmake
[1.351s] -- Up-to-date: /home/akshar/eyrc_hb/hb_task_2_ws/install/my_robot_interfaces/share/my_robot_interfaces/cmake/rosidl_cmake_export_typesupport_targets-extras.cmake
[1.351s] -- Up-to-date: /home/akshar/eyrc_hb/hb_task_2_ws/install/my_robot_interfaces/share/my_robot_interfaces/cmake/ament_cmake_export_dependencies-extras.cmake
[1.351s] -- Up-to-date: /home/akshar/eyrc_hb/hb_task_2_ws/install/my_robot_interfaces/share/my_robot_interfaces/cmake/rosidl_cmake_export_typesupport_libraries-extras.cmake
[1.351s] -- Up-to-date: /home/akshar/eyrc_hb/hb_task_2_ws/install/my_robot_interfaces/share/my_robot_interfaces/cmake/my_robot_interfacesConfig.cmake
[1.351s] -- Up-to-date: /home/akshar/eyrc_hb/hb_task_2_ws/install/my_robot_interfaces/share/my_robot_interfaces/cmake/my_robot_interfacesConfig-version.cmake
[1.351s] -- Up-to-date: /home/akshar/eyrc_hb/hb_task_2_ws/install/my_robot_interfaces/share/my_robot_interfaces/package.xml
[1.358s] Invoked command in '/home/akshar/eyrc_hb/hb_task_2_ws/build/my_robot_interfaces' returned '0': CMAKE_PREFIX_PATH=/opt/ros/humble /usr/bin/cmake --install /home/akshar/eyrc_hb/hb_task_2_ws/build/my_robot_interfaces
