[1.172s] Invoking command in '/home/akshar/eyrc_hb/hb_task6_ws/src/hb_taskbonus': PYTHONPATH=/home/akshar/eyrc_hb/hb_task6_ws/build/hb_taskbonus/prefix_override:/home/akshar/eyrc_hb/hb_task6_ws/install/hb_taskbonus/lib/python3.10/site-packages:${PYTHONPATH} /usr/bin/python3 setup.py egg_info --egg-base ../../build/hb_taskbonus build --build-base /home/akshar/eyrc_hb/hb_task6_ws/build/hb_taskbonus/build install --record /home/akshar/eyrc_hb/hb_task6_ws/build/hb_taskbonus/install.log --single-version-externally-managed
[1.426s] running egg_info
[1.426s] creating ../../build/hb_taskbonus/hb_taskbonus.egg-info
[1.427s] writing ../../build/hb_taskbonus/hb_taskbonus.egg-info/PKG-INFO
[1.427s] writing dependency_links to ../../build/hb_taskbonus/hb_taskbonus.egg-info/dependency_links.txt
[1.427s] writing entry points to ../../build/hb_taskbonus/hb_taskbonus.egg-info/entry_points.txt
[1.427s] writing requirements to ../../build/hb_taskbonus/hb_taskbonus.egg-info/requires.txt
[1.427s] writing top-level names to ../../build/hb_taskbonus/hb_taskbonus.egg-info/top_level.txt
[1.428s] writing manifest file '../../build/hb_taskbonus/hb_taskbonus.egg-info/SOURCES.txt'
[1.430s] reading manifest file '../../build/hb_taskbonus/hb_taskbonus.egg-info/SOURCES.txt'
[1.431s] writing manifest file '../../build/hb_taskbonus/hb_taskbonus.egg-info/SOURCES.txt'
[1.431s] running build
[1.431s] running build_py
[1.431s] creating /home/akshar/eyrc_hb/hb_task6_ws/build/hb_taskbonus/build
[1.431s] creating /home/akshar/eyrc_hb/hb_task6_ws/build/hb_taskbonus/build/lib
[1.432s] creating /home/akshar/eyrc_hb/hb_task6_ws/build/hb_taskbonus/build/lib/hb_taskbonus
[1.432s] copying hb_taskbonus/controller3.py -> /home/akshar/eyrc_hb/hb_task6_ws/build/hb_taskbonus/build/lib/hb_taskbonus
[1.434s] copying hb_taskbonus/nextGoal_image2.py -> /home/akshar/eyrc_hb/hb_task6_ws/build/hb_taskbonus/build/lib/hb_taskbonus
[1.435s] copying hb_taskbonus/interpolation3.py -> /home/akshar/eyrc_hb/hb_task6_ws/build/hb_taskbonus/build/lib/hb_taskbonus
[1.435s] copying hb_taskbonus/controller2.py -> /home/akshar/eyrc_hb/hb_task6_ws/build/hb_taskbonus/build/lib/hb_taskbonus
[1.436s] copying hb_taskbonus/mapping3.py -> /home/akshar/eyrc_hb/hb_task6_ws/build/hb_taskbonus/build/lib/hb_taskbonus
[1.436s] copying hb_taskbonus/image_utlis.py -> /home/akshar/eyrc_hb/hb_task6_ws/build/hb_taskbonus/build/lib/hb_taskbonus
[1.437s] copying hb_taskbonus/controller1.py -> /home/akshar/eyrc_hb/hb_task6_ws/build/hb_taskbonus/build/lib/hb_taskbonus
[1.438s] copying hb_taskbonus/interpolation2.py -> /home/akshar/eyrc_hb/hb_task6_ws/build/hb_taskbonus/build/lib/hb_taskbonus
[1.438s] copying hb_taskbonus/nextGoal_image1.py -> /home/akshar/eyrc_hb/hb_task6_ws/build/hb_taskbonus/build/lib/hb_taskbonus
[1.439s] copying hb_taskbonus/mapping2.py -> /home/akshar/eyrc_hb/hb_task6_ws/build/hb_taskbonus/build/lib/hb_taskbonus
[1.439s] copying hb_taskbonus/interpolation.py -> /home/akshar/eyrc_hb/hb_task6_ws/build/hb_taskbonus/build/lib/hb_taskbonus
[1.440s] copying hb_taskbonus/feedback.py -> /home/akshar/eyrc_hb/hb_task6_ws/build/hb_taskbonus/build/lib/hb_taskbonus
[1.440s] copying hb_taskbonus/startpointflag.py -> /home/akshar/eyrc_hb/hb_task6_ws/build/hb_taskbonus/build/lib/hb_taskbonus
[1.441s] copying hb_taskbonus/nextGoal_image3.py -> /home/akshar/eyrc_hb/hb_task6_ws/build/hb_taskbonus/build/lib/hb_taskbonus
[1.441s] copying hb_taskbonus/StopFlagServer.py -> /home/akshar/eyrc_hb/hb_task6_ws/build/hb_taskbonus/build/lib/hb_taskbonus
[1.442s] copying hb_taskbonus/__init__.py -> /home/akshar/eyrc_hb/hb_task6_ws/build/hb_taskbonus/build/lib/hb_taskbonus
[1.442s] copying hb_taskbonus/nextGoal_function.py -> /home/akshar/eyrc_hb/hb_task6_ws/build/hb_taskbonus/build/lib/hb_taskbonus
[1.442s] copying hb_taskbonus/mapping.py -> /home/akshar/eyrc_hb/hb_task6_ws/build/hb_taskbonus/build/lib/hb_taskbonus
[1.443s] running install
[1.443s] /usr/lib/python3/dist-packages/setuptools/command/install.py:34: SetuptoolsDeprecationWarning: setup.py install is deprecated. Use build and pip and other standards-based tools.
[1.443s]   warnings.warn(
[1.444s] running install_lib
[1.444s] copying /home/akshar/eyrc_hb/hb_task6_ws/build/hb_taskbonus/build/lib/hb_taskbonus/nextGoal_image2.py -> /home/akshar/eyrc_hb/hb_task6_ws/install/hb_taskbonus/lib/python3.10/site-packages/hb_taskbonus
[1.445s] copying /home/akshar/eyrc_hb/hb_task6_ws/build/hb_taskbonus/build/lib/hb_taskbonus/nextGoal_image1.py -> /home/akshar/eyrc_hb/hb_task6_ws/install/hb_taskbonus/lib/python3.10/site-packages/hb_taskbonus
[1.445s] copying /home/akshar/eyrc_hb/hb_task6_ws/build/hb_taskbonus/build/lib/hb_taskbonus/startpointflag.py -> /home/akshar/eyrc_hb/hb_task6_ws/install/hb_taskbonus/lib/python3.10/site-packages/hb_taskbonus
[1.445s] copying /home/akshar/eyrc_hb/hb_task6_ws/build/hb_taskbonus/build/lib/hb_taskbonus/nextGoal_image3.py -> /home/akshar/eyrc_hb/hb_task6_ws/install/hb_taskbonus/lib/python3.10/site-packages/hb_taskbonus
[1.446s] copying /home/akshar/eyrc_hb/hb_task6_ws/build/hb_taskbonus/build/lib/hb_taskbonus/StopFlagServer.py -> /home/akshar/eyrc_hb/hb_task6_ws/install/hb_taskbonus/lib/python3.10/site-packages/hb_taskbonus
[1.446s] copying /home/akshar/eyrc_hb/hb_task6_ws/build/hb_taskbonus/build/lib/hb_taskbonus/nextGoal_function.py -> /home/akshar/eyrc_hb/hb_task6_ws/install/hb_taskbonus/lib/python3.10/site-packages/hb_taskbonus
[1.447s] byte-compiling /home/akshar/eyrc_hb/hb_task6_ws/install/hb_taskbonus/lib/python3.10/site-packages/hb_taskbonus/nextGoal_image2.py to nextGoal_image2.cpython-310.pyc
[1.448s] byte-compiling /home/akshar/eyrc_hb/hb_task6_ws/install/hb_taskbonus/lib/python3.10/site-packages/hb_taskbonus/nextGoal_image1.py to nextGoal_image1.cpython-310.pyc
[1.449s] byte-compiling /home/akshar/eyrc_hb/hb_task6_ws/install/hb_taskbonus/lib/python3.10/site-packages/hb_taskbonus/startpointflag.py to startpointflag.cpython-310.pyc
[1.450s] byte-compiling /home/akshar/eyrc_hb/hb_task6_ws/install/hb_taskbonus/lib/python3.10/site-packages/hb_taskbonus/nextGoal_image3.py to nextGoal_image3.cpython-310.pyc
[1.450s] byte-compiling /home/akshar/eyrc_hb/hb_task6_ws/install/hb_taskbonus/lib/python3.10/site-packages/hb_taskbonus/StopFlagServer.py to StopFlagServer.cpython-310.pyc
[1.451s] byte-compiling /home/akshar/eyrc_hb/hb_task6_ws/install/hb_taskbonus/lib/python3.10/site-packages/hb_taskbonus/nextGoal_function.py to nextGoal_function.cpython-310.pyc
[1.452s] running install_data
[1.453s] creating /home/akshar/eyrc_hb/hb_task6_ws/install/hb_taskbonus/share/hb_taskbonus/scripts
[1.453s] running install_egg_info
[1.455s] removing '/home/akshar/eyrc_hb/hb_task6_ws/install/hb_taskbonus/lib/python3.10/site-packages/hb_taskbonus-0.0.0-py3.10.egg-info' (and everything under it)
[1.456s] Copying ../../build/hb_taskbonus/hb_taskbonus.egg-info to /home/akshar/eyrc_hb/hb_task6_ws/install/hb_taskbonus/lib/python3.10/site-packages/hb_taskbonus-0.0.0-py3.10.egg-info
[1.457s] running install_scripts
[1.479s] Installing StopFlag script to /home/akshar/eyrc_hb/hb_task6_ws/install/hb_taskbonus/lib/hb_taskbonus
[1.480s] Installing controller1 script to /home/akshar/eyrc_hb/hb_task6_ws/install/hb_taskbonus/lib/hb_taskbonus
[1.480s] Installing controller2 script to /home/akshar/eyrc_hb/hb_task6_ws/install/hb_taskbonus/lib/hb_taskbonus
[1.480s] Installing controller3 script to /home/akshar/eyrc_hb/hb_task6_ws/install/hb_taskbonus/lib/hb_taskbonus
[1.480s] Installing feedback script to /home/akshar/eyrc_hb/hb_task6_ws/install/hb_taskbonus/lib/hb_taskbonus
[1.480s] Installing imgutl script to /home/akshar/eyrc_hb/hb_task6_ws/install/hb_taskbonus/lib/hb_taskbonus
[1.481s] Installing interp1 script to /home/akshar/eyrc_hb/hb_task6_ws/install/hb_taskbonus/lib/hb_taskbonus
[1.481s] Installing interp2 script to /home/akshar/eyrc_hb/hb_task6_ws/install/hb_taskbonus/lib/hb_taskbonus
[1.481s] Installing interp3 script to /home/akshar/eyrc_hb/hb_task6_ws/install/hb_taskbonus/lib/hb_taskbonus
[1.481s] Installing map1 script to /home/akshar/eyrc_hb/hb_task6_ws/install/hb_taskbonus/lib/hb_taskbonus
[1.481s] Installing map2 script to /home/akshar/eyrc_hb/hb_task6_ws/install/hb_taskbonus/lib/hb_taskbonus
[1.482s] Installing map3 script to /home/akshar/eyrc_hb/hb_task6_ws/install/hb_taskbonus/lib/hb_taskbonus
[1.482s] Installing nextGoal1 script to /home/akshar/eyrc_hb/hb_task6_ws/install/hb_taskbonus/lib/hb_taskbonus
[1.482s] Installing nextGoal2 script to /home/akshar/eyrc_hb/hb_task6_ws/install/hb_taskbonus/lib/hb_taskbonus
[1.482s] Installing nextGoal3 script to /home/akshar/eyrc_hb/hb_task6_ws/install/hb_taskbonus/lib/hb_taskbonus
[1.482s] Installing nextGoalfunc script to /home/akshar/eyrc_hb/hb_task6_ws/install/hb_taskbonus/lib/hb_taskbonus
[1.482s] Installing startpoint script to /home/akshar/eyrc_hb/hb_task6_ws/install/hb_taskbonus/lib/hb_taskbonus
[1.483s] writing list of installed files to '/home/akshar/eyrc_hb/hb_task6_ws/build/hb_taskbonus/install.log'
[1.572s] Invoked command in '/home/akshar/eyrc_hb/hb_task6_ws/src/hb_taskbonus' returned '0': PYTHONPATH=/home/akshar/eyrc_hb/hb_task6_ws/build/hb_taskbonus/prefix_override:/home/akshar/eyrc_hb/hb_task6_ws/install/hb_taskbonus/lib/python3.10/site-packages:${PYTHONPATH} /usr/bin/python3 setup.py egg_info --egg-base ../../build/hb_taskbonus build --build-base /home/akshar/eyrc_hb/hb_task6_ws/build/hb_taskbonus/build install --record /home/akshar/eyrc_hb/hb_task6_ws/build/hb_taskbonus/install.log --single-version-externally-managed
