[0.596s] Invoking command in '/home/akshar/eyrc_hb/hb_task_4/src/hb_task4': PYTHONPATH=/home/akshar/eyrc_hb/hb_task_4/build/hb_task4/prefix_override:/home/akshar/eyrc_hb/hb_task_4/install/hb_task4/lib/python3.10/site-packages:${PYTHONPATH} /usr/bin/python3 setup.py egg_info --egg-base ../../build/hb_task4 build --build-base /home/akshar/eyrc_hb/hb_task_4/build/hb_task4/build install --record /home/akshar/eyrc_hb/hb_task_4/build/hb_task4/install.log --single-version-externally-managed
[0.777s] running egg_info
[0.778s] writing ../../build/hb_task4/hb_task4.egg-info/PKG-INFO
[0.778s] writing dependency_links to ../../build/hb_task4/hb_task4.egg-info/dependency_links.txt
[0.778s] writing entry points to ../../build/hb_task4/hb_task4.egg-info/entry_points.txt
[0.778s] writing requirements to ../../build/hb_task4/hb_task4.egg-info/requires.txt
[0.779s] writing top-level names to ../../build/hb_task4/hb_task4.egg-info/top_level.txt
[0.779s] reading manifest file '../../build/hb_task4/hb_task4.egg-info/SOURCES.txt'
[0.780s] writing manifest file '../../build/hb_task4/hb_task4.egg-info/SOURCES.txt'
[0.780s] running build
[0.780s] running build_py
[0.781s] copying hb_task4/feedback.py -> /home/akshar/eyrc_hb/hb_task_4/build/hb_task4/build/lib/hb_task4
[0.781s] running install
[0.781s] /usr/lib/python3/dist-packages/setuptools/command/install.py:34: SetuptoolsDeprecationWarning: setup.py install is deprecated. Use build and pip and other standards-based tools.
[0.781s]   warnings.warn(
[0.782s] running install_lib
[0.782s] copying /home/akshar/eyrc_hb/hb_task_4/build/hb_task4/build/lib/hb_task4/feedback.py -> /home/akshar/eyrc_hb/hb_task_4/install/hb_task4/lib/python3.10/site-packages/hb_task4
[0.783s] byte-compiling /home/akshar/eyrc_hb/hb_task_4/install/hb_task4/lib/python3.10/site-packages/hb_task4/feedback.py to feedback.cpython-310.pyc
[0.784s] running install_data
[0.785s] running install_egg_info
[0.786s] removing '/home/akshar/eyrc_hb/hb_task_4/install/hb_task4/lib/python3.10/site-packages/hb_task4-0.0.0-py3.10.egg-info' (and everything under it)
[0.786s] Copying ../../build/hb_task4/hb_task4.egg-info to /home/akshar/eyrc_hb/hb_task_4/install/hb_task4/lib/python3.10/site-packages/hb_task4-0.0.0-py3.10.egg-info
[0.787s] running install_scripts
[0.804s] Installing feedback script to /home/akshar/eyrc_hb/hb_task_4/install/hb_task4/lib/hb_task4
[0.804s] Installing test script to /home/akshar/eyrc_hb/hb_task_4/install/hb_task4/lib/hb_task4
[0.805s] writing list of installed files to '/home/akshar/eyrc_hb/hb_task_4/build/hb_task4/install.log'
[0.824s] Invoked command in '/home/akshar/eyrc_hb/hb_task_4/src/hb_task4' returned '0': PYTHONPATH=/home/akshar/eyrc_hb/hb_task_4/build/hb_task4/prefix_override:/home/akshar/eyrc_hb/hb_task_4/install/hb_task4/lib/python3.10/site-packages:${PYTHONPATH} /usr/bin/python3 setup.py egg_info --egg-base ../../build/hb_task4 build --build-base /home/akshar/eyrc_hb/hb_task_4/build/hb_task4/build install --record /home/akshar/eyrc_hb/hb_task_4/build/hb_task4/install.log --single-version-externally-managed
