[0.256s] Invoking command in '/home/akshar/eyrc_hb/hb_task_4/build/my_custom_msgs': CMAKE_PREFIX_PATH=/opt/ros/humble /usr/bin/cmake --build /home/akshar/eyrc_hb/hb_task_4/build/my_custom_msgs -- -j16 -l16
[0.280s] -- Found ament_cmake: 1.3.5 (/opt/ros/humble/share/ament_cmake/cmake)
[0.388s] -- Found rosidl_default_generators: 1.2.0 (/opt/ros/humble/share/rosidl_default_generators/cmake)
[0.388s] -- Using all available rosidl_typesupport_c: rosidl_typesupport_fastrtps_c;rosidl_typesupport_introspection_c
[0.391s] -- Found rosidl_adapter: 3.1.5 (/opt/ros/humble/share/rosidl_adapter/cmake)
[0.413s] -- Using all available rosidl_typesupport_cpp: rosidl_typesupport_fastrtps_cpp;rosidl_typesupport_introspection_cpp
[0.432s] -- Found ament_lint_auto: 0.12.8 (/opt/ros/humble/share/ament_lint_auto/cmake)
[0.621s] -- Found ament_cmake_ros: 0.10.0 (/opt/ros/humble/share/ament_cmake_ros/cmake)
[0.758s] -- Using all available rosidl_typesupport_c: rosidl_typesupport_fastrtps_c;rosidl_typesupport_introspection_c
[0.939s] -- Using all available rosidl_typesupport_cpp: rosidl_typesupport_fastrtps_cpp;rosidl_typesupport_introspection_cpp
[0.956s] -- Found python_cmake_module: 0.10.0 (/opt/ros/humble/share/python_cmake_module/cmake)
[0.974s] -- Using PYTHON_EXECUTABLE: /usr/bin/python3
[0.974s] -- Using PYTHON_INCLUDE_DIRS: /usr/include/python3.10
[0.974s] -- Using PYTHON_LIBRARIES: /usr/lib/x86_64-linux-gnu/libpython3.10.so
[0.984s] -- Added test 'lint_cmake' to check CMake code style
[0.985s] -- Added test 'xmllint' to check XML markup files
[0.987s] -- Configuring done
[1.012s] -- Generating done
[1.014s] -- Build files have been written to: /home/akshar/eyrc_hb/hb_task_4/build/my_custom_msgs
[1.041s] [35m[1mConsolidate compiler generated dependencies of target my_custom_msgs__rosidl_generator_c[0m
[1.052s] [ 12%] Built target my_custom_msgs__rosidl_generator_c
[1.052s] [ 12%] Built target my_custom_msgs__cpp
[1.064s] [ 12%] Built target ament_cmake_python_copy_my_custom_msgs
[1.065s] [35m[1mConsolidate compiler generated dependencies of target my_custom_msgs__rosidl_typesupport_c[0m
[1.065s] [35m[1mConsolidate compiler generated dependencies of target my_custom_msgs__rosidl_typesupport_introspection_c[0m
[1.065s] [35m[1mConsolidate compiler generated dependencies of target my_custom_msgs__rosidl_typesupport_introspection_cpp[0m
[1.065s] [35m[1mConsolidate compiler generated dependencies of target my_custom_msgs__rosidl_typesupport_fastrtps_c[0m
[1.065s] [35m[1mConsolidate compiler generated dependencies of target my_custom_msgs__rosidl_typesupport_fastrtps_cpp[0m
[1.078s] [ 25%] Built target my_custom_msgs__rosidl_typesupport_introspection_c
[1.078s] [35m[1mConsolidate compiler generated dependencies of target my_custom_msgs__rosidl_typesupport_cpp[0m
[1.078s] [ 41%] Built target my_custom_msgs__rosidl_typesupport_c
[1.078s] [ 51%] Built target my_custom_msgs__rosidl_typesupport_fastrtps_cpp
[1.078s] [ 51%] Built target my_custom_msgs__rosidl_typesupport_fastrtps_c
[1.078s] [ 61%] Built target my_custom_msgs__rosidl_typesupport_introspection_cpp
[1.092s] [ 70%] Built target my_custom_msgs__rosidl_typesupport_cpp
[1.114s] [ 70%] Built target my_custom_msgs
[1.134s] [ 74%] Built target my_custom_msgs__py
[1.145s] [35m[1mConsolidate compiler generated dependencies of target my_custom_msgs__rosidl_generator_py[0m
[1.158s] [ 80%] Built target my_custom_msgs__rosidl_generator_py
[1.169s] [35m[1mConsolidate compiler generated dependencies of target my_custom_msgs__rosidl_typesupport_c__pyext[0m
[1.170s] [35m[1mConsolidate compiler generated dependencies of target my_custom_msgs__rosidl_typesupport_fastrtps_c__pyext[0m
[1.170s] [35m[1mConsolidate compiler generated dependencies of target my_custom_msgs__rosidl_typesupport_introspection_c__pyext[0m
[1.184s] [100%] Built target my_custom_msgs__rosidl_typesupport_c__pyext
[1.184s] [100%] Built target my_custom_msgs__rosidl_typesupport_introspection_c__pyext
[1.184s] [100%] Built target my_custom_msgs__rosidl_typesupport_fastrtps_c__pyext
[1.255s] running egg_info
[1.255s] writing my_custom_msgs.egg-info/PKG-INFO
[1.256s] writing dependency_links to my_custom_msgs.egg-info/dependency_links.txt
[1.256s] writing top-level names to my_custom_msgs.egg-info/top_level.txt
[1.257s] reading manifest file 'my_custom_msgs.egg-info/SOURCES.txt'
[1.258s] writing manifest file 'my_custom_msgs.egg-info/SOURCES.txt'
[1.296s] [100%] Built target ament_cmake_python_build_my_custom_msgs_egg
[1.306s] Invoked command in '/home/akshar/eyrc_hb/hb_task_4/build/my_custom_msgs' returned '0': CMAKE_PREFIX_PATH=/opt/ros/humble /usr/bin/cmake --build /home/akshar/eyrc_hb/hb_task_4/build/my_custom_msgs -- -j16 -l16
[1.383s] Invoking command in '/home/akshar/eyrc_hb/hb_task_4/build/my_custom_msgs': CMAKE_PREFIX_PATH=/opt/ros/humble /usr/bin/cmake --install /home/akshar/eyrc_hb/hb_task_4/build/my_custom_msgs
[1.390s] -- Install configuration: ""
[1.390s] -- Up-to-date: /home/akshar/eyrc_hb/hb_task_4/install/my_custom_msgs/share/ament_index/resource_index/rosidl_interfaces/my_custom_msgs
[1.391s] -- Up-to-date: /home/akshar/eyrc_hb/hb_task_4/install/my_custom_msgs/include/my_custom_msgs/my_custom_msgs
[1.391s] -- Up-to-date: /home/akshar/eyrc_hb/hb_task_4/install/my_custom_msgs/include/my_custom_msgs/my_custom_msgs/msg
[1.391s] -- Up-to-date: /home/akshar/eyrc_hb/hb_task_4/install/my_custom_msgs/include/my_custom_msgs/my_custom_msgs/msg/rosidl_generator_c__visibility_control.h
[1.391s] -- Up-to-date: /home/akshar/eyrc_hb/hb_task_4/install/my_custom_msgs/include/my_custom_msgs/my_custom_msgs/msg/wheel_vel.h
[1.391s] -- Up-to-date: /home/akshar/eyrc_hb/hb_task_4/install/my_custom_msgs/include/my_custom_msgs/my_custom_msgs/msg/detail
[1.391s] -- Up-to-date: /home/akshar/eyrc_hb/hb_task_4/install/my_custom_msgs/include/my_custom_msgs/my_custom_msgs/msg/detail/wheel_vel__functions.c
[1.391s] -- Up-to-date: /home/akshar/eyrc_hb/hb_task_4/install/my_custom_msgs/include/my_custom_msgs/my_custom_msgs/msg/detail/wheel_vel__type_support.h
[1.391s] -- Up-to-date: /home/akshar/eyrc_hb/hb_task_4/install/my_custom_msgs/include/my_custom_msgs/my_custom_msgs/msg/detail/wheel_vel__functions.h
[1.391s] -- Up-to-date: /home/akshar/eyrc_hb/hb_task_4/install/my_custom_msgs/include/my_custom_msgs/my_custom_msgs/msg/detail/wheel_vel__struct.h
[1.391s] -- Up-to-date: /home/akshar/eyrc_hb/hb_task_4/install/my_custom_msgs/share/my_custom_msgs/environment/library_path.sh
[1.391s] -- Installing: /home/akshar/eyrc_hb/hb_task_4/install/my_custom_msgs/share/my_custom_msgs/environment/library_path.dsv
[1.391s] -- Up-to-date: /home/akshar/eyrc_hb/hb_task_4/install/my_custom_msgs/lib/libmy_custom_msgs__rosidl_generator_c.so
[1.391s] -- Up-to-date: /home/akshar/eyrc_hb/hb_task_4/install/my_custom_msgs/include/my_custom_msgs/my_custom_msgs
[1.391s] -- Up-to-date: /home/akshar/eyrc_hb/hb_task_4/install/my_custom_msgs/include/my_custom_msgs/my_custom_msgs/msg
[1.391s] -- Up-to-date: /home/akshar/eyrc_hb/hb_task_4/install/my_custom_msgs/include/my_custom_msgs/my_custom_msgs/msg/rosidl_typesupport_fastrtps_c__visibility_control.h
[1.391s] -- Up-to-date: /home/akshar/eyrc_hb/hb_task_4/install/my_custom_msgs/include/my_custom_msgs/my_custom_msgs/msg/detail
[1.392s] -- Up-to-date: /home/akshar/eyrc_hb/hb_task_4/install/my_custom_msgs/include/my_custom_msgs/my_custom_msgs/msg/detail/wheel_vel__rosidl_typesupport_fastrtps_c.h
[1.392s] -- Up-to-date: /home/akshar/eyrc_hb/hb_task_4/install/my_custom_msgs/lib/libmy_custom_msgs__rosidl_typesupport_fastrtps_c.so
[1.392s] -- Up-to-date: /home/akshar/eyrc_hb/hb_task_4/install/my_custom_msgs/include/my_custom_msgs/my_custom_msgs
[1.392s] -- Up-to-date: /home/akshar/eyrc_hb/hb_task_4/install/my_custom_msgs/include/my_custom_msgs/my_custom_msgs/msg
[1.392s] -- Up-to-date: /home/akshar/eyrc_hb/hb_task_4/install/my_custom_msgs/include/my_custom_msgs/my_custom_msgs/msg/rosidl_typesupport_introspection_c__visibility_control.h
[1.392s] -- Up-to-date: /home/akshar/eyrc_hb/hb_task_4/install/my_custom_msgs/include/my_custom_msgs/my_custom_msgs/msg/detail
[1.392s] -- Up-to-date: /home/akshar/eyrc_hb/hb_task_4/install/my_custom_msgs/include/my_custom_msgs/my_custom_msgs/msg/detail/wheel_vel__rosidl_typesupport_introspection_c.h
[1.392s] -- Up-to-date: /home/akshar/eyrc_hb/hb_task_4/install/my_custom_msgs/include/my_custom_msgs/my_custom_msgs/msg/detail/wheel_vel__type_support.c
[1.392s] -- Up-to-date: /home/akshar/eyrc_hb/hb_task_4/install/my_custom_msgs/lib/libmy_custom_msgs__rosidl_typesupport_introspection_c.so
[1.392s] -- Up-to-date: /home/akshar/eyrc_hb/hb_task_4/install/my_custom_msgs/lib/libmy_custom_msgs__rosidl_typesupport_c.so
[1.392s] -- Up-to-date: /home/akshar/eyrc_hb/hb_task_4/install/my_custom_msgs/include/my_custom_msgs/my_custom_msgs
[1.392s] -- Up-to-date: /home/akshar/eyrc_hb/hb_task_4/install/my_custom_msgs/include/my_custom_msgs/my_custom_msgs/msg
[1.392s] -- Up-to-date: /home/akshar/eyrc_hb/hb_task_4/install/my_custom_msgs/include/my_custom_msgs/my_custom_msgs/msg/wheel_vel.hpp
[1.392s] -- Up-to-date: /home/akshar/eyrc_hb/hb_task_4/install/my_custom_msgs/include/my_custom_msgs/my_custom_msgs/msg/detail
[1.392s] -- Up-to-date: /home/akshar/eyrc_hb/hb_task_4/install/my_custom_msgs/include/my_custom_msgs/my_custom_msgs/msg/detail/wheel_vel__struct.hpp
[1.393s] -- Up-to-date: /home/akshar/eyrc_hb/hb_task_4/install/my_custom_msgs/include/my_custom_msgs/my_custom_msgs/msg/detail/wheel_vel__traits.hpp
[1.393s] -- Up-to-date: /home/akshar/eyrc_hb/hb_task_4/install/my_custom_msgs/include/my_custom_msgs/my_custom_msgs/msg/detail/wheel_vel__builder.hpp
[1.393s] -- Up-to-date: /home/akshar/eyrc_hb/hb_task_4/install/my_custom_msgs/include/my_custom_msgs/my_custom_msgs
[1.393s] -- Up-to-date: /home/akshar/eyrc_hb/hb_task_4/install/my_custom_msgs/include/my_custom_msgs/my_custom_msgs/msg
[1.393s] -- Up-to-date: /home/akshar/eyrc_hb/hb_task_4/install/my_custom_msgs/include/my_custom_msgs/my_custom_msgs/msg/rosidl_typesupport_fastrtps_cpp__visibility_control.h
[1.393s] -- Up-to-date: /home/akshar/eyrc_hb/hb_task_4/install/my_custom_msgs/include/my_custom_msgs/my_custom_msgs/msg/detail
[1.393s] -- Up-to-date: /home/akshar/eyrc_hb/hb_task_4/install/my_custom_msgs/include/my_custom_msgs/my_custom_msgs/msg/detail/dds_fastrtps
[1.393s] -- Up-to-date: /home/akshar/eyrc_hb/hb_task_4/install/my_custom_msgs/include/my_custom_msgs/my_custom_msgs/msg/detail/wheel_vel__rosidl_typesupport_fastrtps_cpp.hpp
[1.393s] -- Up-to-date: /home/akshar/eyrc_hb/hb_task_4/install/my_custom_msgs/lib/libmy_custom_msgs__rosidl_typesupport_fastrtps_cpp.so
[1.393s] -- Up-to-date: /home/akshar/eyrc_hb/hb_task_4/install/my_custom_msgs/include/my_custom_msgs/my_custom_msgs
[1.393s] -- Up-to-date: /home/akshar/eyrc_hb/hb_task_4/install/my_custom_msgs/include/my_custom_msgs/my_custom_msgs/msg
[1.393s] -- Up-to-date: /home/akshar/eyrc_hb/hb_task_4/install/my_custom_msgs/include/my_custom_msgs/my_custom_msgs/msg/detail
[1.393s] -- Up-to-date: /home/akshar/eyrc_hb/hb_task_4/install/my_custom_msgs/include/my_custom_msgs/my_custom_msgs/msg/detail/wheel_vel__rosidl_typesupport_introspection_cpp.hpp
[1.393s] -- Up-to-date: /home/akshar/eyrc_hb/hb_task_4/install/my_custom_msgs/include/my_custom_msgs/my_custom_msgs/msg/detail/wheel_vel__type_support.cpp
[1.393s] -- Up-to-date: /home/akshar/eyrc_hb/hb_task_4/install/my_custom_msgs/lib/libmy_custom_msgs__rosidl_typesupport_introspection_cpp.so
[1.393s] -- Up-to-date: /home/akshar/eyrc_hb/hb_task_4/install/my_custom_msgs/lib/libmy_custom_msgs__rosidl_typesupport_cpp.so
[1.393s] -- Up-to-date: /home/akshar/eyrc_hb/hb_task_4/install/my_custom_msgs/share/my_custom_msgs/environment/pythonpath.sh
[1.393s] -- Installing: /home/akshar/eyrc_hb/hb_task_4/install/my_custom_msgs/share/my_custom_msgs/environment/pythonpath.dsv
[1.393s] -- Up-to-date: /home/akshar/eyrc_hb/hb_task_4/install/my_custom_msgs/local/lib/python3.10/dist-packages/my_custom_msgs-0.0.0-py3.10.egg-info
[1.393s] -- Installing: /home/akshar/eyrc_hb/hb_task_4/install/my_custom_msgs/local/lib/python3.10/dist-packages/my_custom_msgs-0.0.0-py3.10.egg-info/PKG-INFO
[1.394s] -- Installing: /home/akshar/eyrc_hb/hb_task_4/install/my_custom_msgs/local/lib/python3.10/dist-packages/my_custom_msgs-0.0.0-py3.10.egg-info/SOURCES.txt
[1.394s] -- Installing: /home/akshar/eyrc_hb/hb_task_4/install/my_custom_msgs/local/lib/python3.10/dist-packages/my_custom_msgs-0.0.0-py3.10.egg-info/top_level.txt
[1.394s] -- Installing: /home/akshar/eyrc_hb/hb_task_4/install/my_custom_msgs/local/lib/python3.10/dist-packages/my_custom_msgs-0.0.0-py3.10.egg-info/dependency_links.txt
[1.394s] -- Up-to-date: /home/akshar/eyrc_hb/hb_task_4/install/my_custom_msgs/local/lib/python3.10/dist-packages/my_custom_msgs
[1.394s] -- Up-to-date: /home/akshar/eyrc_hb/hb_task_4/install/my_custom_msgs/local/lib/python3.10/dist-packages/my_custom_msgs/my_custom_msgs_s__rosidl_typesupport_fastrtps_c.cpython-310-x86_64-linux-gnu.so
[1.394s] -- Up-to-date: /home/akshar/eyrc_hb/hb_task_4/install/my_custom_msgs/local/lib/python3.10/dist-packages/my_custom_msgs/my_custom_msgs_s__rosidl_typesupport_c.cpython-310-x86_64-linux-gnu.so
[1.394s] -- Up-to-date: /home/akshar/eyrc_hb/hb_task_4/install/my_custom_msgs/local/lib/python3.10/dist-packages/my_custom_msgs/_my_custom_msgs_s.ep.rosidl_typesupport_c.c
[1.394s] -- Up-to-date: /home/akshar/eyrc_hb/hb_task_4/install/my_custom_msgs/local/lib/python3.10/dist-packages/my_custom_msgs/my_custom_msgs_s__rosidl_typesupport_introspection_c.cpython-310-x86_64-linux-gnu.so
[1.394s] -- Up-to-date: /home/akshar/eyrc_hb/hb_task_4/install/my_custom_msgs/local/lib/python3.10/dist-packages/my_custom_msgs/_my_custom_msgs_s.ep.rosidl_typesupport_introspection_c.c
[1.394s] -- Up-to-date: /home/akshar/eyrc_hb/hb_task_4/install/my_custom_msgs/local/lib/python3.10/dist-packages/my_custom_msgs/libmy_custom_msgs__rosidl_generator_py.so
[1.394s] -- Installing: /home/akshar/eyrc_hb/hb_task_4/install/my_custom_msgs/local/lib/python3.10/dist-packages/my_custom_msgs/__init__.py
[1.394s] -- Up-to-date: /home/akshar/eyrc_hb/hb_task_4/install/my_custom_msgs/local/lib/python3.10/dist-packages/my_custom_msgs/_my_custom_msgs_s.ep.rosidl_typesupport_fastrtps_c.c
[1.394s] -- Up-to-date: /home/akshar/eyrc_hb/hb_task_4/install/my_custom_msgs/local/lib/python3.10/dist-packages/my_custom_msgs/msg
[1.394s] -- Up-to-date: /home/akshar/eyrc_hb/hb_task_4/install/my_custom_msgs/local/lib/python3.10/dist-packages/my_custom_msgs/msg/_wheel_vel_s.c
[1.394s] -- Up-to-date: /home/akshar/eyrc_hb/hb_task_4/install/my_custom_msgs/local/lib/python3.10/dist-packages/my_custom_msgs/msg/_wheel_vel.py
[1.394s] -- Up-to-date: /home/akshar/eyrc_hb/hb_task_4/install/my_custom_msgs/local/lib/python3.10/dist-packages/my_custom_msgs/msg/__init__.py
[1.416s] Listing '/home/akshar/eyrc_hb/hb_task_4/install/my_custom_msgs/local/lib/python3.10/dist-packages/my_custom_msgs'...
[1.416s] Compiling '/home/akshar/eyrc_hb/hb_task_4/install/my_custom_msgs/local/lib/python3.10/dist-packages/my_custom_msgs/__init__.py'...
[1.416s] Listing '/home/akshar/eyrc_hb/hb_task_4/install/my_custom_msgs/local/lib/python3.10/dist-packages/my_custom_msgs/msg'...
[1.419s] -- Up-to-date: /home/akshar/eyrc_hb/hb_task_4/install/my_custom_msgs/local/lib/python3.10/dist-packages/my_custom_msgs/my_custom_msgs_s__rosidl_typesupport_fastrtps_c.cpython-310-x86_64-linux-gnu.so
[1.420s] -- Up-to-date: /home/akshar/eyrc_hb/hb_task_4/install/my_custom_msgs/local/lib/python3.10/dist-packages/my_custom_msgs/my_custom_msgs_s__rosidl_typesupport_introspection_c.cpython-310-x86_64-linux-gnu.so
[1.420s] -- Up-to-date: /home/akshar/eyrc_hb/hb_task_4/install/my_custom_msgs/local/lib/python3.10/dist-packages/my_custom_msgs/my_custom_msgs_s__rosidl_typesupport_c.cpython-310-x86_64-linux-gnu.so
[1.420s] -- Up-to-date: /home/akshar/eyrc_hb/hb_task_4/install/my_custom_msgs/lib/libmy_custom_msgs__rosidl_generator_py.so
[1.420s] -- Up-to-date: /home/akshar/eyrc_hb/hb_task_4/install/my_custom_msgs/share/my_custom_msgs/msg/WheelVel.idl
[1.420s] -- Installing: /home/akshar/eyrc_hb/hb_task_4/install/my_custom_msgs/share/my_custom_msgs/msg/WheelVel.msg
[1.421s] -- Installing: /home/akshar/eyrc_hb/hb_task_4/install/my_custom_msgs/share/ament_index/resource_index/package_run_dependencies/my_custom_msgs
[1.421s] -- Up-to-date: /home/akshar/eyrc_hb/hb_task_4/install/my_custom_msgs/share/ament_index/resource_index/parent_prefix_path/my_custom_msgs
[1.421s] -- Up-to-date: /home/akshar/eyrc_hb/hb_task_4/install/my_custom_msgs/share/my_custom_msgs/environment/ament_prefix_path.sh
[1.421s] -- Installing: /home/akshar/eyrc_hb/hb_task_4/install/my_custom_msgs/share/my_custom_msgs/environment/ament_prefix_path.dsv
[1.421s] -- Up-to-date: /home/akshar/eyrc_hb/hb_task_4/install/my_custom_msgs/share/my_custom_msgs/environment/path.sh
[1.421s] -- Installing: /home/akshar/eyrc_hb/hb_task_4/install/my_custom_msgs/share/my_custom_msgs/environment/path.dsv
[1.421s] -- Up-to-date: /home/akshar/eyrc_hb/hb_task_4/install/my_custom_msgs/share/my_custom_msgs/local_setup.bash
[1.421s] -- Up-to-date: /home/akshar/eyrc_hb/hb_task_4/install/my_custom_msgs/share/my_custom_msgs/local_setup.sh
[1.421s] -- Up-to-date: /home/akshar/eyrc_hb/hb_task_4/install/my_custom_msgs/share/my_custom_msgs/local_setup.zsh
[1.421s] -- Installing: /home/akshar/eyrc_hb/hb_task_4/install/my_custom_msgs/share/my_custom_msgs/local_setup.dsv
[1.421s] -- Installing: /home/akshar/eyrc_hb/hb_task_4/install/my_custom_msgs/share/my_custom_msgs/package.dsv
[1.422s] -- Up-to-date: /home/akshar/eyrc_hb/hb_task_4/install/my_custom_msgs/share/ament_index/resource_index/packages/my_custom_msgs
[1.422s] -- Up-to-date: /home/akshar/eyrc_hb/hb_task_4/install/my_custom_msgs/share/my_custom_msgs/cmake/export_my_custom_msgs__rosidl_generator_cExport.cmake
[1.422s] -- Up-to-date: /home/akshar/eyrc_hb/hb_task_4/install/my_custom_msgs/share/my_custom_msgs/cmake/export_my_custom_msgs__rosidl_generator_cExport-noconfig.cmake
[1.422s] -- Up-to-date: /home/akshar/eyrc_hb/hb_task_4/install/my_custom_msgs/share/my_custom_msgs/cmake/export_my_custom_msgs__rosidl_typesupport_fastrtps_cExport.cmake
[1.422s] -- Up-to-date: /home/akshar/eyrc_hb/hb_task_4/install/my_custom_msgs/share/my_custom_msgs/cmake/export_my_custom_msgs__rosidl_typesupport_fastrtps_cExport-noconfig.cmake
[1.422s] -- Up-to-date: /home/akshar/eyrc_hb/hb_task_4/install/my_custom_msgs/share/my_custom_msgs/cmake/my_custom_msgs__rosidl_typesupport_introspection_cExport.cmake
[1.422s] -- Up-to-date: /home/akshar/eyrc_hb/hb_task_4/install/my_custom_msgs/share/my_custom_msgs/cmake/my_custom_msgs__rosidl_typesupport_introspection_cExport-noconfig.cmake
[1.422s] -- Up-to-date: /home/akshar/eyrc_hb/hb_task_4/install/my_custom_msgs/share/my_custom_msgs/cmake/my_custom_msgs__rosidl_typesupport_cExport.cmake
[1.422s] -- Up-to-date: /home/akshar/eyrc_hb/hb_task_4/install/my_custom_msgs/share/my_custom_msgs/cmake/my_custom_msgs__rosidl_typesupport_cExport-noconfig.cmake
[1.422s] -- Up-to-date: /home/akshar/eyrc_hb/hb_task_4/install/my_custom_msgs/share/my_custom_msgs/cmake/export_my_custom_msgs__rosidl_generator_cppExport.cmake
[1.422s] -- Up-to-date: /home/akshar/eyrc_hb/hb_task_4/install/my_custom_msgs/share/my_custom_msgs/cmake/export_my_custom_msgs__rosidl_typesupport_fastrtps_cppExport.cmake
[1.422s] -- Up-to-date: /home/akshar/eyrc_hb/hb_task_4/install/my_custom_msgs/share/my_custom_msgs/cmake/export_my_custom_msgs__rosidl_typesupport_fastrtps_cppExport-noconfig.cmake
[1.422s] -- Up-to-date: /home/akshar/eyrc_hb/hb_task_4/install/my_custom_msgs/share/my_custom_msgs/cmake/my_custom_msgs__rosidl_typesupport_introspection_cppExport.cmake
[1.422s] -- Up-to-date: /home/akshar/eyrc_hb/hb_task_4/install/my_custom_msgs/share/my_custom_msgs/cmake/my_custom_msgs__rosidl_typesupport_introspection_cppExport-noconfig.cmake
[1.422s] -- Up-to-date: /home/akshar/eyrc_hb/hb_task_4/install/my_custom_msgs/share/my_custom_msgs/cmake/my_custom_msgs__rosidl_typesupport_cppExport.cmake
[1.422s] -- Up-to-date: /home/akshar/eyrc_hb/hb_task_4/install/my_custom_msgs/share/my_custom_msgs/cmake/my_custom_msgs__rosidl_typesupport_cppExport-noconfig.cmake
[1.422s] -- Up-to-date: /home/akshar/eyrc_hb/hb_task_4/install/my_custom_msgs/share/my_custom_msgs/cmake/export_my_custom_msgs__rosidl_generator_pyExport.cmake
[1.423s] -- Up-to-date: /home/akshar/eyrc_hb/hb_task_4/install/my_custom_msgs/share/my_custom_msgs/cmake/export_my_custom_msgs__rosidl_generator_pyExport-noconfig.cmake
[1.423s] -- Up-to-date: /home/akshar/eyrc_hb/hb_task_4/install/my_custom_msgs/share/my_custom_msgs/cmake/rosidl_cmake-extras.cmake
[1.423s] -- Up-to-date: /home/akshar/eyrc_hb/hb_task_4/install/my_custom_msgs/share/my_custom_msgs/cmake/ament_cmake_export_include_directories-extras.cmake
[1.423s] -- Up-to-date: /home/akshar/eyrc_hb/hb_task_4/install/my_custom_msgs/share/my_custom_msgs/cmake/ament_cmake_export_libraries-extras.cmake
[1.423s] -- Up-to-date: /home/akshar/eyrc_hb/hb_task_4/install/my_custom_msgs/share/my_custom_msgs/cmake/ament_cmake_export_targets-extras.cmake
[1.423s] -- Up-to-date: /home/akshar/eyrc_hb/hb_task_4/install/my_custom_msgs/share/my_custom_msgs/cmake/rosidl_cmake_export_typesupport_targets-extras.cmake
[1.423s] -- Up-to-date: /home/akshar/eyrc_hb/hb_task_4/install/my_custom_msgs/share/my_custom_msgs/cmake/ament_cmake_export_dependencies-extras.cmake
[1.423s] -- Up-to-date: /home/akshar/eyrc_hb/hb_task_4/install/my_custom_msgs/share/my_custom_msgs/cmake/rosidl_cmake_export_typesupport_libraries-extras.cmake
[1.423s] -- Up-to-date: /home/akshar/eyrc_hb/hb_task_4/install/my_custom_msgs/share/my_custom_msgs/cmake/my_custom_msgsConfig.cmake
[1.423s] -- Up-to-date: /home/akshar/eyrc_hb/hb_task_4/install/my_custom_msgs/share/my_custom_msgs/cmake/my_custom_msgsConfig-version.cmake
[1.423s] -- Installing: /home/akshar/eyrc_hb/hb_task_4/install/my_custom_msgs/share/my_custom_msgs/package.xml
[1.425s] Invoked command in '/home/akshar/eyrc_hb/hb_task_4/build/my_custom_msgs' returned '0': CMAKE_PREFIX_PATH=/opt/ros/humble /usr/bin/cmake --install /home/akshar/eyrc_hb/hb_task_4/build/my_custom_msgs
