[0.686s] DEBUG:colcon:Command line arguments: ['/usr/bin/colcon', 'build']
[0.686s] DEBUG:colcon:Parsed command line arguments: Namespace(log_base=None, log_level=None, verb_name='build', build_base='build', install_base='install', merge_install=False, symlink_install=False, test_result_base=None, continue_on_error=False, executor='parallel', parallel_workers=16, event_handlers=None, ignore_user_meta=False, metas=['./colcon.meta'], base_paths=['.'], packages_ignore=None, packages_ignore_regex=None, paths=None, packages_up_to=None, packages_up_to_regex=None, packages_above=None, packages_above_and_dependencies=None, packages_above_depth=None, packages_select_by_dep=None, packages_skip_by_dep=None, packages_skip_up_to=None, packages_select_build_failed=False, packages_skip_build_finished=False, packages_select_test_failures=False, packages_skip_test_passed=False, packages_select=None, packages_skip=None, packages_select_regex=None, packages_skip_regex=None, packages_start=None, packages_end=None, allow_overriding=[], cmake_args=None, cmake_target=None, cmake_target_skip_unavailable=False, cmake_clean_cache=False, cmake_clean_first=False, cmake_force_configure=False, ament_cmake_args=None, catkin_cmake_args=None, catkin_skip_building_tests=False, verb_parser=<colcon_defaults.argument_parser.defaults.DefaultArgumentsDecorator object at 0x7f59ad5719f0>, verb_extension=<colcon_core.verb.build.BuildVerb object at 0x7f59ad572b90>, main=<bound method BuildVerb.main of <colcon_core.verb.build.BuildVerb object at 0x7f59ad572b90>>)
[0.721s] Level 1:colcon.colcon_core.package_discovery:discover_packages(colcon_meta) check parameters
[0.721s] Level 1:colcon.colcon_core.package_discovery:discover_packages(recursive) check parameters
[0.721s] Level 1:colcon.colcon_core.package_discovery:discover_packages(ignore) check parameters
[0.721s] Level 1:colcon.colcon_core.package_discovery:discover_packages(path) check parameters
[0.721s] Level 1:colcon.colcon_core.package_discovery:discover_packages(colcon_meta) discover
[0.721s] Level 1:colcon.colcon_core.package_discovery:discover_packages(recursive) discover
[0.721s] INFO:colcon.colcon_core.package_discovery:Crawling recursively for packages in '/home/akshar/eyrc_hb/hb_task_2_ws'
[0.721s] Level 1:colcon.colcon_core.package_identification:_identify(.) by extensions ['ignore', 'ignore_ament_install']
[0.721s] Level 1:colcon.colcon_core.package_identification:_identify(.) by extension 'ignore'
[0.721s] Level 1:colcon.colcon_core.package_identification:_identify(.) by extension 'ignore_ament_install'
[0.722s] Level 1:colcon.colcon_core.package_identification:_identify(.) by extensions ['colcon_pkg']
[0.722s] Level 1:colcon.colcon_core.package_identification:_identify(.) by extension 'colcon_pkg'
[0.722s] Level 1:colcon.colcon_core.package_identification:_identify(.) by extensions ['colcon_meta']
[0.722s] Level 1:colcon.colcon_core.package_identification:_identify(.) by extension 'colcon_meta'
[0.722s] Level 1:colcon.colcon_core.package_identification:_identify(.) by extensions ['ros']
[0.722s] Level 1:colcon.colcon_core.package_identification:_identify(.) by extension 'ros'
[0.730s] Level 1:colcon.colcon_core.package_identification:_identify(.) by extensions ['cmake', 'python']
[0.730s] Level 1:colcon.colcon_core.package_identification:_identify(.) by extension 'cmake'
[0.730s] Level 1:colcon.colcon_core.package_identification:_identify(.) by extension 'python'
[0.730s] Level 1:colcon.colcon_core.package_identification:_identify(.) by extensions ['python_setup_py']
[0.730s] Level 1:colcon.colcon_core.package_identification:_identify(.) by extension 'python_setup_py'
[0.730s] Level 1:colcon.colcon_core.package_identification:_identify(build) by extensions ['ignore', 'ignore_ament_install']
[0.730s] Level 1:colcon.colcon_core.package_identification:_identify(build) by extension 'ignore'
[0.730s] Level 1:colcon.colcon_core.package_identification:_identify(build) ignored
[0.731s] Level 1:colcon.colcon_core.package_identification:_identify(install) by extensions ['ignore', 'ignore_ament_install']
[0.731s] Level 1:colcon.colcon_core.package_identification:_identify(install) by extension 'ignore'
[0.731s] Level 1:colcon.colcon_core.package_identification:_identify(install) ignored
[0.731s] Level 1:colcon.colcon_core.package_identification:_identify(log) by extensions ['ignore', 'ignore_ament_install']
[0.731s] Level 1:colcon.colcon_core.package_identification:_identify(log) by extension 'ignore'
[0.731s] Level 1:colcon.colcon_core.package_identification:_identify(log) ignored
[0.731s] Level 1:colcon.colcon_core.package_identification:_identify(src) by extensions ['ignore', 'ignore_ament_install']
[0.731s] Level 1:colcon.colcon_core.package_identification:_identify(src) by extension 'ignore'
[0.731s] Level 1:colcon.colcon_core.package_identification:_identify(src) by extension 'ignore_ament_install'
[0.731s] Level 1:colcon.colcon_core.package_identification:_identify(src) by extensions ['colcon_pkg']
[0.731s] Level 1:colcon.colcon_core.package_identification:_identify(src) by extension 'colcon_pkg'
[0.731s] Level 1:colcon.colcon_core.package_identification:_identify(src) by extensions ['colcon_meta']
[0.731s] Level 1:colcon.colcon_core.package_identification:_identify(src) by extension 'colcon_meta'
[0.731s] Level 1:colcon.colcon_core.package_identification:_identify(src) by extensions ['ros']
[0.731s] Level 1:colcon.colcon_core.package_identification:_identify(src) by extension 'ros'
[0.731s] Level 1:colcon.colcon_core.package_identification:_identify(src) by extensions ['cmake', 'python']
[0.732s] Level 1:colcon.colcon_core.package_identification:_identify(src) by extension 'cmake'
[0.732s] Level 1:colcon.colcon_core.package_identification:_identify(src) by extension 'python'
[0.732s] Level 1:colcon.colcon_core.package_identification:_identify(src) by extensions ['python_setup_py']
[0.732s] Level 1:colcon.colcon_core.package_identification:_identify(src) by extension 'python_setup_py'
[0.732s] Level 1:colcon.colcon_core.package_identification:_identify(src/hb_bot) by extensions ['ignore', 'ignore_ament_install']
[0.732s] Level 1:colcon.colcon_core.package_identification:_identify(src/hb_bot) by extension 'ignore'
[0.732s] Level 1:colcon.colcon_core.package_identification:_identify(src/hb_bot) by extension 'ignore_ament_install'
[0.732s] Level 1:colcon.colcon_core.package_identification:_identify(src/hb_bot) by extensions ['colcon_pkg']
[0.732s] Level 1:colcon.colcon_core.package_identification:_identify(src/hb_bot) by extension 'colcon_pkg'
[0.732s] Level 1:colcon.colcon_core.package_identification:_identify(src/hb_bot) by extensions ['colcon_meta']
[0.732s] Level 1:colcon.colcon_core.package_identification:_identify(src/hb_bot) by extension 'colcon_meta'
[0.732s] Level 1:colcon.colcon_core.package_identification:_identify(src/hb_bot) by extensions ['ros']
[0.732s] Level 1:colcon.colcon_core.package_identification:_identify(src/hb_bot) by extension 'ros'
[0.734s] DEBUG:colcon.colcon_core.package_identification:Package 'src/hb_bot' with type 'ros.ament_cmake' and name 'hb_bot'
[0.734s] Level 1:colcon.colcon_core.package_identification:_identify(src/hb_task2a) by extensions ['ignore', 'ignore_ament_install']
[0.734s] Level 1:colcon.colcon_core.package_identification:_identify(src/hb_task2a) by extension 'ignore'
[0.734s] Level 1:colcon.colcon_core.package_identification:_identify(src/hb_task2a) by extension 'ignore_ament_install'
[0.734s] Level 1:colcon.colcon_core.package_identification:_identify(src/hb_task2a) by extensions ['colcon_pkg']
[0.734s] Level 1:colcon.colcon_core.package_identification:_identify(src/hb_task2a) by extension 'colcon_pkg'
[0.734s] Level 1:colcon.colcon_core.package_identification:_identify(src/hb_task2a) by extensions ['colcon_meta']
[0.734s] Level 1:colcon.colcon_core.package_identification:_identify(src/hb_task2a) by extension 'colcon_meta'
[0.734s] Level 1:colcon.colcon_core.package_identification:_identify(src/hb_task2a) by extensions ['ros']
[0.734s] Level 1:colcon.colcon_core.package_identification:_identify(src/hb_task2a) by extension 'ros'
[0.735s] DEBUG:colcon.colcon_core.package_identification:Package 'src/hb_task2a' with type 'ros.ament_python' and name 'hb_task2a'
[0.735s] Level 1:colcon.colcon_core.package_identification:_identify(src/hb_task2b) by extensions ['ignore', 'ignore_ament_install']
[0.735s] Level 1:colcon.colcon_core.package_identification:_identify(src/hb_task2b) by extension 'ignore'
[0.735s] Level 1:colcon.colcon_core.package_identification:_identify(src/hb_task2b) by extension 'ignore_ament_install'
[0.735s] Level 1:colcon.colcon_core.package_identification:_identify(src/hb_task2b) by extensions ['colcon_pkg']
[0.735s] Level 1:colcon.colcon_core.package_identification:_identify(src/hb_task2b) by extension 'colcon_pkg'
[0.735s] Level 1:colcon.colcon_core.package_identification:_identify(src/hb_task2b) by extensions ['colcon_meta']
[0.735s] Level 1:colcon.colcon_core.package_identification:_identify(src/hb_task2b) by extension 'colcon_meta'
[0.735s] Level 1:colcon.colcon_core.package_identification:_identify(src/hb_task2b) by extensions ['ros']
[0.735s] Level 1:colcon.colcon_core.package_identification:_identify(src/hb_task2b) by extension 'ros'
[0.736s] DEBUG:colcon.colcon_core.package_identification:Package 'src/hb_task2b' with type 'ros.ament_python' and name 'hb_task2b'
[0.736s] Level 1:colcon.colcon_core.package_identification:_identify(src/hb_world) by extensions ['ignore', 'ignore_ament_install']
[0.736s] Level 1:colcon.colcon_core.package_identification:_identify(src/hb_world) by extension 'ignore'
[0.736s] Level 1:colcon.colcon_core.package_identification:_identify(src/hb_world) by extension 'ignore_ament_install'
[0.736s] Level 1:colcon.colcon_core.package_identification:_identify(src/hb_world) by extensions ['colcon_pkg']
[0.736s] Level 1:colcon.colcon_core.package_identification:_identify(src/hb_world) by extension 'colcon_pkg'
[0.736s] Level 1:colcon.colcon_core.package_identification:_identify(src/hb_world) by extensions ['colcon_meta']
[0.736s] Level 1:colcon.colcon_core.package_identification:_identify(src/hb_world) by extension 'colcon_meta'
[0.736s] Level 1:colcon.colcon_core.package_identification:_identify(src/hb_world) by extensions ['ros']
[0.736s] Level 1:colcon.colcon_core.package_identification:_identify(src/hb_world) by extension 'ros'
[0.736s] DEBUG:colcon.colcon_core.package_identification:Package 'src/hb_world' with type 'ros.ament_cmake' and name 'hb_world'
[0.737s] Level 1:colcon.colcon_core.package_identification:_identify(src/my_robot_interfaces) by extensions ['ignore', 'ignore_ament_install']
[0.737s] Level 1:colcon.colcon_core.package_identification:_identify(src/my_robot_interfaces) by extension 'ignore'
[0.737s] Level 1:colcon.colcon_core.package_identification:_identify(src/my_robot_interfaces) by extension 'ignore_ament_install'
[0.737s] Level 1:colcon.colcon_core.package_identification:_identify(src/my_robot_interfaces) by extensions ['colcon_pkg']
[0.737s] Level 1:colcon.colcon_core.package_identification:_identify(src/my_robot_interfaces) by extension 'colcon_pkg'
[0.737s] Level 1:colcon.colcon_core.package_identification:_identify(src/my_robot_interfaces) by extensions ['colcon_meta']
[0.737s] Level 1:colcon.colcon_core.package_identification:_identify(src/my_robot_interfaces) by extension 'colcon_meta'
[0.737s] Level 1:colcon.colcon_core.package_identification:_identify(src/my_robot_interfaces) by extensions ['ros']
[0.737s] Level 1:colcon.colcon_core.package_identification:_identify(src/my_robot_interfaces) by extension 'ros'
[0.737s] DEBUG:colcon.colcon_core.package_identification:Package 'src/my_robot_interfaces' with type 'ros.ament_cmake' and name 'my_robot_interfaces'
[0.737s] Level 1:colcon.colcon_core.package_identification:_identify(task2a_final_submission) by extensions ['ignore', 'ignore_ament_install']
[0.737s] Level 1:colcon.colcon_core.package_identification:_identify(task2a_final_submission) by extension 'ignore'
[0.737s] Level 1:colcon.colcon_core.package_identification:_identify(task2a_final_submission) by extension 'ignore_ament_install'
[0.737s] Level 1:colcon.colcon_core.package_identification:_identify(task2a_final_submission) by extensions ['colcon_pkg']
[0.737s] Level 1:colcon.colcon_core.package_identification:_identify(task2a_final_submission) by extension 'colcon_pkg'
[0.737s] Level 1:colcon.colcon_core.package_identification:_identify(task2a_final_submission) by extensions ['colcon_meta']
[0.737s] Level 1:colcon.colcon_core.package_identification:_identify(task2a_final_submission) by extension 'colcon_meta'
[0.738s] Level 1:colcon.colcon_core.package_identification:_identify(task2a_final_submission) by extensions ['ros']
[0.738s] Level 1:colcon.colcon_core.package_identification:_identify(task2a_final_submission) by extension 'ros'
[0.738s] Level 1:colcon.colcon_core.package_identification:_identify(task2a_final_submission) by extensions ['cmake', 'python']
[0.738s] Level 1:colcon.colcon_core.package_identification:_identify(task2a_final_submission) by extension 'cmake'
[0.738s] Level 1:colcon.colcon_core.package_identification:_identify(task2a_final_submission) by extension 'python'
[0.738s] Level 1:colcon.colcon_core.package_identification:_identify(task2a_final_submission) by extensions ['python_setup_py']
[0.738s] Level 1:colcon.colcon_core.package_identification:_identify(task2a_final_submission) by extension 'python_setup_py'
[0.738s] Level 1:colcon.colcon_core.package_discovery:discover_packages(recursive) using defaults
[0.738s] Level 1:colcon.colcon_core.package_discovery:discover_packages(ignore) discover
[0.738s] Level 1:colcon.colcon_core.package_discovery:discover_packages(ignore) using defaults
[0.738s] Level 1:colcon.colcon_core.package_discovery:discover_packages(path) discover
[0.738s] Level 1:colcon.colcon_core.package_discovery:discover_packages(path) using defaults
[0.802s] Level 1:colcon.colcon_core.package_discovery:discover_packages(prefix_path) check parameters
[0.802s] Level 1:colcon.colcon_core.package_discovery:discover_packages(prefix_path) discover
[0.823s] DEBUG:colcon.colcon_installed_package_information.package_discovery:Found 5 installed packages in /home/akshar/eyrc_hb/hb_task_2_ws/install
[0.833s] DEBUG:colcon.colcon_installed_package_information.package_discovery:Found 280 installed packages in /opt/ros/humble
[0.834s] Level 1:colcon.colcon_core.package_discovery:discover_packages(prefix_path) using defaults
[0.897s] Level 5:colcon.colcon_core.verb:set package 'hb_bot' build argument 'cmake_args' from command line to 'None'
[0.898s] Level 5:colcon.colcon_core.verb:set package 'hb_bot' build argument 'cmake_target' from command line to 'None'
[0.898s] Level 5:colcon.colcon_core.verb:set package 'hb_bot' build argument 'cmake_target_skip_unavailable' from command line to 'False'
[0.898s] Level 5:colcon.colcon_core.verb:set package 'hb_bot' build argument 'cmake_clean_cache' from command line to 'False'
[0.898s] Level 5:colcon.colcon_core.verb:set package 'hb_bot' build argument 'cmake_clean_first' from command line to 'False'
[0.898s] Level 5:colcon.colcon_core.verb:set package 'hb_bot' build argument 'cmake_force_configure' from command line to 'False'
[0.898s] Level 5:colcon.colcon_core.verb:set package 'hb_bot' build argument 'ament_cmake_args' from command line to 'None'
[0.898s] Level 5:colcon.colcon_core.verb:set package 'hb_bot' build argument 'catkin_cmake_args' from command line to 'None'
[0.898s] Level 5:colcon.colcon_core.verb:set package 'hb_bot' build argument 'catkin_skip_building_tests' from command line to 'False'
[0.898s] DEBUG:colcon.colcon_core.verb:Building package 'hb_bot' with the following arguments: {'ament_cmake_args': None, 'build_base': '/home/akshar/eyrc_hb/hb_task_2_ws/build/hb_bot', 'catkin_cmake_args': None, 'catkin_skip_building_tests': False, 'cmake_args': None, 'cmake_clean_cache': False, 'cmake_clean_first': False, 'cmake_force_configure': False, 'cmake_target': None, 'cmake_target_skip_unavailable': False, 'install_base': '/home/akshar/eyrc_hb/hb_task_2_ws/install/hb_bot', 'merge_install': False, 'path': '/home/akshar/eyrc_hb/hb_task_2_ws/src/hb_bot', 'symlink_install': False, 'test_result_base': None}
[0.908s] Level 5:colcon.colcon_core.verb:set package 'hb_task2a' build argument 'cmake_args' from command line to 'None'
[0.908s] Level 5:colcon.colcon_core.verb:set package 'hb_task2a' build argument 'cmake_target' from command line to 'None'
[0.908s] Level 5:colcon.colcon_core.verb:set package 'hb_task2a' build argument 'cmake_target_skip_unavailable' from command line to 'False'
[0.908s] Level 5:colcon.colcon_core.verb:set package 'hb_task2a' build argument 'cmake_clean_cache' from command line to 'False'
[0.908s] Level 5:colcon.colcon_core.verb:set package 'hb_task2a' build argument 'cmake_clean_first' from command line to 'False'
[0.908s] Level 5:colcon.colcon_core.verb:set package 'hb_task2a' build argument 'cmake_force_configure' from command line to 'False'
[0.908s] Level 5:colcon.colcon_core.verb:set package 'hb_task2a' build argument 'ament_cmake_args' from command line to 'None'
[0.908s] Level 5:colcon.colcon_core.verb:set package 'hb_task2a' build argument 'catkin_cmake_args' from command line to 'None'
[0.908s] Level 5:colcon.colcon_core.verb:set package 'hb_task2a' build argument 'catkin_skip_building_tests' from command line to 'False'
[0.908s] DEBUG:colcon.colcon_core.verb:Building package 'hb_task2a' with the following arguments: {'ament_cmake_args': None, 'build_base': '/home/akshar/eyrc_hb/hb_task_2_ws/build/hb_task2a', 'catkin_cmake_args': None, 'catkin_skip_building_tests': False, 'cmake_args': None, 'cmake_clean_cache': False, 'cmake_clean_first': False, 'cmake_force_configure': False, 'cmake_target': None, 'cmake_target_skip_unavailable': False, 'install_base': '/home/akshar/eyrc_hb/hb_task_2_ws/install/hb_task2a', 'merge_install': False, 'path': '/home/akshar/eyrc_hb/hb_task_2_ws/src/hb_task2a', 'symlink_install': False, 'test_result_base': None}
[0.917s] Level 5:colcon.colcon_core.verb:set package 'hb_task2b' build argument 'cmake_args' from command line to 'None'
[0.917s] Level 5:colcon.colcon_core.verb:set package 'hb_task2b' build argument 'cmake_target' from command line to 'None'
[0.917s] Level 5:colcon.colcon_core.verb:set package 'hb_task2b' build argument 'cmake_target_skip_unavailable' from command line to 'False'
[0.917s] Level 5:colcon.colcon_core.verb:set package 'hb_task2b' build argument 'cmake_clean_cache' from command line to 'False'
[0.917s] Level 5:colcon.colcon_core.verb:set package 'hb_task2b' build argument 'cmake_clean_first' from command line to 'False'
[0.917s] Level 5:colcon.colcon_core.verb:set package 'hb_task2b' build argument 'cmake_force_configure' from command line to 'False'
[0.917s] Level 5:colcon.colcon_core.verb:set package 'hb_task2b' build argument 'ament_cmake_args' from command line to 'None'
[0.917s] Level 5:colcon.colcon_core.verb:set package 'hb_task2b' build argument 'catkin_cmake_args' from command line to 'None'
[0.917s] Level 5:colcon.colcon_core.verb:set package 'hb_task2b' build argument 'catkin_skip_building_tests' from command line to 'False'
[0.918s] DEBUG:colcon.colcon_core.verb:Building package 'hb_task2b' with the following arguments: {'ament_cmake_args': None, 'build_base': '/home/akshar/eyrc_hb/hb_task_2_ws/build/hb_task2b', 'catkin_cmake_args': None, 'catkin_skip_building_tests': False, 'cmake_args': None, 'cmake_clean_cache': False, 'cmake_clean_first': False, 'cmake_force_configure': False, 'cmake_target': None, 'cmake_target_skip_unavailable': False, 'install_base': '/home/akshar/eyrc_hb/hb_task_2_ws/install/hb_task2b', 'merge_install': False, 'path': '/home/akshar/eyrc_hb/hb_task_2_ws/src/hb_task2b', 'symlink_install': False, 'test_result_base': None}
[0.927s] Level 5:colcon.colcon_core.verb:set package 'hb_world' build argument 'cmake_args' from command line to 'None'
[0.927s] Level 5:colcon.colcon_core.verb:set package 'hb_world' build argument 'cmake_target' from command line to 'None'
[0.927s] Level 5:colcon.colcon_core.verb:set package 'hb_world' build argument 'cmake_target_skip_unavailable' from command line to 'False'
[0.927s] Level 5:colcon.colcon_core.verb:set package 'hb_world' build argument 'cmake_clean_cache' from command line to 'False'
[0.927s] Level 5:colcon.colcon_core.verb:set package 'hb_world' build argument 'cmake_clean_first' from command line to 'False'
[0.927s] Level 5:colcon.colcon_core.verb:set package 'hb_world' build argument 'cmake_force_configure' from command line to 'False'
[0.927s] Level 5:colcon.colcon_core.verb:set package 'hb_world' build argument 'ament_cmake_args' from command line to 'None'
[0.927s] Level 5:colcon.colcon_core.verb:set package 'hb_world' build argument 'catkin_cmake_args' from command line to 'None'
[0.927s] Level 5:colcon.colcon_core.verb:set package 'hb_world' build argument 'catkin_skip_building_tests' from command line to 'False'
[0.927s] DEBUG:colcon.colcon_core.verb:Building package 'hb_world' with the following arguments: {'ament_cmake_args': None, 'build_base': '/home/akshar/eyrc_hb/hb_task_2_ws/build/hb_world', 'catkin_cmake_args': None, 'catkin_skip_building_tests': False, 'cmake_args': None, 'cmake_clean_cache': False, 'cmake_clean_first': False, 'cmake_force_configure': False, 'cmake_target': None, 'cmake_target_skip_unavailable': False, 'install_base': '/home/akshar/eyrc_hb/hb_task_2_ws/install/hb_world', 'merge_install': False, 'path': '/home/akshar/eyrc_hb/hb_task_2_ws/src/hb_world', 'symlink_install': False, 'test_result_base': None}
[0.937s] Level 5:colcon.colcon_core.verb:set package 'my_robot_interfaces' build argument 'cmake_args' from command line to 'None'
[0.937s] Level 5:colcon.colcon_core.verb:set package 'my_robot_interfaces' build argument 'cmake_target' from command line to 'None'
[0.937s] Level 5:colcon.colcon_core.verb:set package 'my_robot_interfaces' build argument 'cmake_target_skip_unavailable' from command line to 'False'
[0.937s] Level 5:colcon.colcon_core.verb:set package 'my_robot_interfaces' build argument 'cmake_clean_cache' from command line to 'False'
[0.937s] Level 5:colcon.colcon_core.verb:set package 'my_robot_interfaces' build argument 'cmake_clean_first' from command line to 'False'
[0.937s] Level 5:colcon.colcon_core.verb:set package 'my_robot_interfaces' build argument 'cmake_force_configure' from command line to 'False'
[0.937s] Level 5:colcon.colcon_core.verb:set package 'my_robot_interfaces' build argument 'ament_cmake_args' from command line to 'None'
[0.937s] Level 5:colcon.colcon_core.verb:set package 'my_robot_interfaces' build argument 'catkin_cmake_args' from command line to 'None'
[0.937s] Level 5:colcon.colcon_core.verb:set package 'my_robot_interfaces' build argument 'catkin_skip_building_tests' from command line to 'False'
[0.937s] DEBUG:colcon.colcon_core.verb:Building package 'my_robot_interfaces' with the following arguments: {'ament_cmake_args': None, 'build_base': '/home/akshar/eyrc_hb/hb_task_2_ws/build/my_robot_interfaces', 'catkin_cmake_args': None, 'catkin_skip_building_tests': False, 'cmake_args': None, 'cmake_clean_cache': False, 'cmake_clean_first': False, 'cmake_force_configure': False, 'cmake_target': None, 'cmake_target_skip_unavailable': False, 'install_base': '/home/akshar/eyrc_hb/hb_task_2_ws/install/my_robot_interfaces', 'merge_install': False, 'path': '/home/akshar/eyrc_hb/hb_task_2_ws/src/my_robot_interfaces', 'symlink_install': False, 'test_result_base': None}
[0.947s] INFO:colcon.colcon_core.executor:Executing jobs using 'parallel' executor
[0.957s] DEBUG:colcon.colcon_parallel_executor.executor.parallel:run_until_complete
[0.957s] INFO:colcon.colcon_ros.task.ament_cmake.build:Building ROS package in '/home/akshar/eyrc_hb/hb_task_2_ws/src/hb_bot' with build type 'ament_cmake'
[0.957s] INFO:colcon.colcon_cmake.task.cmake.build:Building CMake package in '/home/akshar/eyrc_hb/hb_task_2_ws/src/hb_bot'
[0.969s] INFO:colcon.colcon_core.plugin_system:Skipping extension 'colcon_core.shell.bat': Not used on non-Windows systems
[0.969s] INFO:colcon.colcon_core.shell:Skip shell extension 'powershell' for command environment: Not usable outside of PowerShell
[0.969s] DEBUG:colcon.colcon_core.shell:Skip shell extension 'dsv' for command environment
[1.002s] INFO:colcon.colcon_ros.task.ament_python.build:Building ROS package in '/home/akshar/eyrc_hb/hb_task_2_ws/src/hb_task2a' with build type 'ament_python'
[1.002s] Level 1:colcon.colcon_core.shell:create_environment_hook('hb_task2a', 'ament_prefix_path')
[1.012s] INFO:colcon.colcon_core.shell:Creating environment hook '/home/akshar/eyrc_hb/hb_task_2_ws/install/hb_task2a/share/hb_task2a/hook/ament_prefix_path.ps1'
[1.013s] INFO:colcon.colcon_core.shell:Creating environment descriptor '/home/akshar/eyrc_hb/hb_task_2_ws/install/hb_task2a/share/hb_task2a/hook/ament_prefix_path.dsv'
[1.013s] INFO:colcon.colcon_core.shell:Creating environment hook '/home/akshar/eyrc_hb/hb_task_2_ws/install/hb_task2a/share/hb_task2a/hook/ament_prefix_path.sh'
[1.024s] INFO:colcon.colcon_core.shell:Skip shell extension 'powershell' for command environment: Not usable outside of PowerShell
[1.024s] DEBUG:colcon.colcon_core.shell:Skip shell extension 'dsv' for command environment
[1.056s] INFO:colcon.colcon_ros.task.ament_python.build:Building ROS package in '/home/akshar/eyrc_hb/hb_task_2_ws/src/hb_task2b' with build type 'ament_python'
[1.057s] Level 1:colcon.colcon_core.shell:create_environment_hook('hb_task2b', 'ament_prefix_path')
[1.067s] INFO:colcon.colcon_core.shell:Creating environment hook '/home/akshar/eyrc_hb/hb_task_2_ws/install/hb_task2b/share/hb_task2b/hook/ament_prefix_path.ps1'
[1.067s] INFO:colcon.colcon_core.shell:Creating environment descriptor '/home/akshar/eyrc_hb/hb_task_2_ws/install/hb_task2b/share/hb_task2b/hook/ament_prefix_path.dsv'
[1.067s] INFO:colcon.colcon_core.shell:Creating environment hook '/home/akshar/eyrc_hb/hb_task_2_ws/install/hb_task2b/share/hb_task2b/hook/ament_prefix_path.sh'
[1.078s] INFO:colcon.colcon_core.shell:Skip shell extension 'powershell' for command environment: Not usable outside of PowerShell
[1.078s] DEBUG:colcon.colcon_core.shell:Skip shell extension 'dsv' for command environment
[1.110s] INFO:colcon.colcon_ros.task.ament_cmake.build:Building ROS package in '/home/akshar/eyrc_hb/hb_task_2_ws/src/hb_world' with build type 'ament_cmake'
[1.110s] INFO:colcon.colcon_cmake.task.cmake.build:Building CMake package in '/home/akshar/eyrc_hb/hb_task_2_ws/src/hb_world'
[1.120s] INFO:colcon.colcon_core.shell:Skip shell extension 'powershell' for command environment: Not usable outside of PowerShell
[1.120s] DEBUG:colcon.colcon_core.shell:Skip shell extension 'dsv' for command environment
[1.152s] INFO:colcon.colcon_ros.task.ament_cmake.build:Building ROS package in '/home/akshar/eyrc_hb/hb_task_2_ws/src/my_robot_interfaces' with build type 'ament_cmake'
[1.152s] INFO:colcon.colcon_cmake.task.cmake.build:Building CMake package in '/home/akshar/eyrc_hb/hb_task_2_ws/src/my_robot_interfaces'
[1.162s] INFO:colcon.colcon_core.shell:Skip shell extension 'powershell' for command environment: Not usable outside of PowerShell
[1.162s] DEBUG:colcon.colcon_core.shell:Skip shell extension 'dsv' for command environment
[1.225s] DEBUG:colcon.colcon_core.event_handler.log_command:Invoking command in '/home/akshar/eyrc_hb/hb_task_2_ws/build/hb_bot': CMAKE_PREFIX_PATH=${CMAKE_PREFIX_PATH}:/home/akshar/eyrc_hb/hb_task_2_ws/install/hb_task2b:/home/akshar/eyrc_hb/hb_task_2_ws/install/hb_task2a:/opt/ros/humble /usr/bin/cmake --build /home/akshar/eyrc_hb/hb_task_2_ws/build/hb_bot -- -j16 -l16
[1.443s] INFO:colcon.colcon_core.task.python.build:Building Python package in '/home/akshar/eyrc_hb/hb_task_2_ws/src/hb_task2a'
[1.453s] INFO:colcon.colcon_core.shell:Skip shell extension 'powershell' for command environment: Not usable outside of PowerShell
[1.453s] DEBUG:colcon.colcon_core.shell:Skip shell extension 'dsv' for command environment
[1.709s] INFO:colcon.colcon_core.task.python.build:Building Python package in '/home/akshar/eyrc_hb/hb_task_2_ws/src/hb_task2b'
[1.721s] INFO:colcon.colcon_core.shell:Skip shell extension 'powershell' for command environment: Not usable outside of PowerShell
[1.721s] DEBUG:colcon.colcon_core.shell:Skip shell extension 'dsv' for command environment
[1.756s] DEBUG:colcon.colcon_core.event_handler.log_command:Invoking command in '/home/akshar/eyrc_hb/hb_task_2_ws/build/hb_world': CMAKE_PREFIX_PATH=${CMAKE_PREFIX_PATH}:/home/akshar/eyrc_hb/hb_task_2_ws/install/hb_task2b:/home/akshar/eyrc_hb/hb_task_2_ws/install/hb_task2a:/opt/ros/humble /usr/bin/cmake --build /home/akshar/eyrc_hb/hb_task_2_ws/build/hb_world -- -j16 -l16
[1.757s] DEBUG:colcon.colcon_core.event_handler.log_command:Invoked command in '/home/akshar/eyrc_hb/hb_task_2_ws/build/hb_bot' returned '0': CMAKE_PREFIX_PATH=${CMAKE_PREFIX_PATH}:/home/akshar/eyrc_hb/hb_task_2_ws/install/hb_task2b:/home/akshar/eyrc_hb/hb_task_2_ws/install/hb_task2a:/opt/ros/humble /usr/bin/cmake --build /home/akshar/eyrc_hb/hb_task_2_ws/build/hb_bot -- -j16 -l16
[1.761s] DEBUG:colcon.colcon_core.event_handler.log_command:Invoking command in '/home/akshar/eyrc_hb/hb_task_2_ws/build/my_robot_interfaces': CMAKE_PREFIX_PATH=${CMAKE_PREFIX_PATH}:/home/akshar/eyrc_hb/hb_task_2_ws/install/hb_task2b:/home/akshar/eyrc_hb/hb_task_2_ws/install/hb_task2a:/opt/ros/humble /usr/bin/cmake --build /home/akshar/eyrc_hb/hb_task_2_ws/build/my_robot_interfaces -- -j16 -l16
[1.795s] DEBUG:colcon.colcon_core.event_handler.log_command:Invoking command in '/home/akshar/eyrc_hb/hb_task_2_ws/build/hb_bot': CMAKE_PREFIX_PATH=${CMAKE_PREFIX_PATH}:/home/akshar/eyrc_hb/hb_task_2_ws/install/hb_task2b:/home/akshar/eyrc_hb/hb_task_2_ws/install/hb_task2a:/opt/ros/humble /usr/bin/cmake --install /home/akshar/eyrc_hb/hb_task_2_ws/build/hb_bot
[1.810s] DEBUG:colcon.colcon_core.event_handler.log_command:Invoked command in '/home/akshar/eyrc_hb/hb_task_2_ws/build/hb_world' returned '0': CMAKE_PREFIX_PATH=${CMAKE_PREFIX_PATH}:/home/akshar/eyrc_hb/hb_task_2_ws/install/hb_task2b:/home/akshar/eyrc_hb/hb_task_2_ws/install/hb_task2a:/opt/ros/humble /usr/bin/cmake --build /home/akshar/eyrc_hb/hb_task_2_ws/build/hb_world -- -j16 -l16
[1.812s] Level 1:colcon.colcon_core.environment:create_environment_scripts_only(hb_bot)
[1.813s] DEBUG:colcon.colcon_core.event_handler.log_command:Invoked command in '/home/akshar/eyrc_hb/hb_task_2_ws/build/hb_bot' returned '0': CMAKE_PREFIX_PATH=${CMAKE_PREFIX_PATH}:/home/akshar/eyrc_hb/hb_task_2_ws/install/hb_task2b:/home/akshar/eyrc_hb/hb_task_2_ws/install/hb_task2a:/opt/ros/humble /usr/bin/cmake --install /home/akshar/eyrc_hb/hb_task_2_ws/build/hb_bot
[1.838s] Level 1:colcon.colcon_core.environment:checking '/home/akshar/eyrc_hb/hb_task_2_ws/install/hb_bot' for CMake module files
[1.839s] Level 1:colcon.colcon_core.environment:checking '/home/akshar/eyrc_hb/hb_task_2_ws/install/hb_bot' for CMake config files
[1.840s] Level 1:colcon.colcon_core.shell:create_environment_hook('hb_bot', 'cmake_prefix_path')
[1.861s] INFO:colcon.colcon_core.shell:Creating environment hook '/home/akshar/eyrc_hb/hb_task_2_ws/install/hb_bot/share/hb_bot/hook/cmake_prefix_path.ps1'
[1.862s] INFO:colcon.colcon_core.shell:Creating environment descriptor '/home/akshar/eyrc_hb/hb_task_2_ws/install/hb_bot/share/hb_bot/hook/cmake_prefix_path.dsv'
[1.862s] INFO:colcon.colcon_core.shell:Creating environment hook '/home/akshar/eyrc_hb/hb_task_2_ws/install/hb_bot/share/hb_bot/hook/cmake_prefix_path.sh'
[1.863s] Level 1:colcon.colcon_core.environment:checking '/home/akshar/eyrc_hb/hb_task_2_ws/install/hb_bot/bin'
[1.863s] Level 1:colcon.colcon_core.environment:checking '/home/akshar/eyrc_hb/hb_task_2_ws/install/hb_bot/lib/pkgconfig/hb_bot.pc'
[1.863s] Level 1:colcon.colcon_core.environment:checking '/home/akshar/eyrc_hb/hb_task_2_ws/install/hb_bot/lib/python3.10/site-packages'
[1.864s] Level 1:colcon.colcon_core.environment:checking '/home/akshar/eyrc_hb/hb_task_2_ws/install/hb_bot/bin'
[1.886s] INFO:colcon.colcon_core.shell:Creating package script '/home/akshar/eyrc_hb/hb_task_2_ws/install/hb_bot/share/hb_bot/package.ps1'
[1.887s] INFO:colcon.colcon_core.shell:Creating package descriptor '/home/akshar/eyrc_hb/hb_task_2_ws/install/hb_bot/share/hb_bot/package.dsv'
[1.888s] INFO:colcon.colcon_core.shell:Creating package script '/home/akshar/eyrc_hb/hb_task_2_ws/install/hb_bot/share/hb_bot/package.sh'
[1.889s] INFO:colcon.colcon_core.shell:Creating package script '/home/akshar/eyrc_hb/hb_task_2_ws/install/hb_bot/share/hb_bot/package.bash'
[1.890s] INFO:colcon.colcon_core.shell:Creating package script '/home/akshar/eyrc_hb/hb_task_2_ws/install/hb_bot/share/hb_bot/package.zsh'
[1.891s] Level 1:colcon.colcon_core.environment:create_file_with_runtime_dependencies(/home/akshar/eyrc_hb/hb_task_2_ws/install/hb_bot/share/colcon-core/packages/hb_bot)
[1.895s] DEBUG:colcon.colcon_core.event_handler.log_command:Invoking command in '/home/akshar/eyrc_hb/hb_task_2_ws/build/hb_world': CMAKE_PREFIX_PATH=${CMAKE_PREFIX_PATH}:/home/akshar/eyrc_hb/hb_task_2_ws/install/hb_task2b:/home/akshar/eyrc_hb/hb_task_2_ws/install/hb_task2a:/opt/ros/humble /usr/bin/cmake --install /home/akshar/eyrc_hb/hb_task_2_ws/build/hb_world
[1.908s] Level 1:colcon.colcon_core.environment:create_environment_scripts_only(hb_world)
[1.911s] DEBUG:colcon.colcon_core.event_handler.log_command:Invoked command in '/home/akshar/eyrc_hb/hb_task_2_ws/build/hb_world' returned '0': CMAKE_PREFIX_PATH=${CMAKE_PREFIX_PATH}:/home/akshar/eyrc_hb/hb_task_2_ws/install/hb_task2b:/home/akshar/eyrc_hb/hb_task_2_ws/install/hb_task2a:/opt/ros/humble /usr/bin/cmake --install /home/akshar/eyrc_hb/hb_task_2_ws/build/hb_world
[1.925s] Level 1:colcon.colcon_core.environment:checking '/home/akshar/eyrc_hb/hb_task_2_ws/install/hb_world' for CMake module files
[1.926s] Level 1:colcon.colcon_core.environment:checking '/home/akshar/eyrc_hb/hb_task_2_ws/install/hb_world' for CMake config files
[1.927s] Level 1:colcon.colcon_core.shell:create_environment_hook('hb_world', 'cmake_prefix_path')
[1.941s] INFO:colcon.colcon_core.shell:Creating environment hook '/home/akshar/eyrc_hb/hb_task_2_ws/install/hb_world/share/hb_world/hook/cmake_prefix_path.ps1'
[1.942s] INFO:colcon.colcon_core.shell:Creating environment descriptor '/home/akshar/eyrc_hb/hb_task_2_ws/install/hb_world/share/hb_world/hook/cmake_prefix_path.dsv'
[1.942s] INFO:colcon.colcon_core.shell:Creating environment hook '/home/akshar/eyrc_hb/hb_task_2_ws/install/hb_world/share/hb_world/hook/cmake_prefix_path.sh'
[1.943s] Level 1:colcon.colcon_core.environment:checking '/home/akshar/eyrc_hb/hb_task_2_ws/install/hb_world/bin'
[1.943s] Level 1:colcon.colcon_core.environment:checking '/home/akshar/eyrc_hb/hb_task_2_ws/install/hb_world/lib/pkgconfig/hb_world.pc'
[1.943s] Level 1:colcon.colcon_core.environment:checking '/home/akshar/eyrc_hb/hb_task_2_ws/install/hb_world/lib/python3.10/site-packages'
[1.943s] Level 1:colcon.colcon_core.environment:checking '/home/akshar/eyrc_hb/hb_task_2_ws/install/hb_world/bin'
[1.958s] INFO:colcon.colcon_core.shell:Creating package script '/home/akshar/eyrc_hb/hb_task_2_ws/install/hb_world/share/hb_world/package.ps1'
[1.959s] INFO:colcon.colcon_core.shell:Creating package descriptor '/home/akshar/eyrc_hb/hb_task_2_ws/install/hb_world/share/hb_world/package.dsv'
[1.959s] INFO:colcon.colcon_core.shell:Creating package script '/home/akshar/eyrc_hb/hb_task_2_ws/install/hb_world/share/hb_world/package.sh'
[1.960s] INFO:colcon.colcon_core.shell:Creating package script '/home/akshar/eyrc_hb/hb_task_2_ws/install/hb_world/share/hb_world/package.bash'
[1.960s] INFO:colcon.colcon_core.shell:Creating package script '/home/akshar/eyrc_hb/hb_task_2_ws/install/hb_world/share/hb_world/package.zsh'
[1.961s] Level 1:colcon.colcon_core.environment:create_file_with_runtime_dependencies(/home/akshar/eyrc_hb/hb_task_2_ws/install/hb_world/share/colcon-core/packages/hb_world)
[1.977s] Level 1:colcon.colcon_core.environment:create_environment_scripts_only(hb_bot)
[1.990s] Level 1:colcon.colcon_core.environment:checking '/home/akshar/eyrc_hb/hb_task_2_ws/install/hb_bot' for CMake module files
[1.991s] Level 1:colcon.colcon_core.environment:checking '/home/akshar/eyrc_hb/hb_task_2_ws/install/hb_bot' for CMake config files
[1.991s] Level 1:colcon.colcon_core.shell:create_environment_hook('hb_bot', 'cmake_prefix_path')
[2.003s] INFO:colcon.colcon_core.shell:Creating environment hook '/home/akshar/eyrc_hb/hb_task_2_ws/install/hb_bot/share/hb_bot/hook/cmake_prefix_path.ps1'
[2.003s] INFO:colcon.colcon_core.shell:Creating environment descriptor '/home/akshar/eyrc_hb/hb_task_2_ws/install/hb_bot/share/hb_bot/hook/cmake_prefix_path.dsv'
[2.004s] INFO:colcon.colcon_core.shell:Creating environment hook '/home/akshar/eyrc_hb/hb_task_2_ws/install/hb_bot/share/hb_bot/hook/cmake_prefix_path.sh'
[2.004s] Level 1:colcon.colcon_core.environment:checking '/home/akshar/eyrc_hb/hb_task_2_ws/install/hb_bot/bin'
[2.004s] Level 1:colcon.colcon_core.environment:checking '/home/akshar/eyrc_hb/hb_task_2_ws/install/hb_bot/lib/pkgconfig/hb_bot.pc'
[2.005s] Level 1:colcon.colcon_core.environment:checking '/home/akshar/eyrc_hb/hb_task_2_ws/install/hb_bot/lib/python3.10/site-packages'
[2.005s] Level 1:colcon.colcon_core.environment:checking '/home/akshar/eyrc_hb/hb_task_2_ws/install/hb_bot/bin'
[2.017s] INFO:colcon.colcon_core.shell:Creating package script '/home/akshar/eyrc_hb/hb_task_2_ws/install/hb_bot/share/hb_bot/package.ps1'
[2.017s] INFO:colcon.colcon_core.shell:Creating package descriptor '/home/akshar/eyrc_hb/hb_task_2_ws/install/hb_bot/share/hb_bot/package.dsv'
[2.018s] INFO:colcon.colcon_core.shell:Creating package script '/home/akshar/eyrc_hb/hb_task_2_ws/install/hb_bot/share/hb_bot/package.sh'
[2.018s] INFO:colcon.colcon_core.shell:Creating package script '/home/akshar/eyrc_hb/hb_task_2_ws/install/hb_bot/share/hb_bot/package.bash'
[2.019s] INFO:colcon.colcon_core.shell:Creating package script '/home/akshar/eyrc_hb/hb_task_2_ws/install/hb_bot/share/hb_bot/package.zsh'
[2.019s] Level 1:colcon.colcon_core.environment:create_file_with_runtime_dependencies(/home/akshar/eyrc_hb/hb_task_2_ws/install/hb_bot/share/colcon-core/packages/hb_bot)
[2.033s] Level 1:colcon.colcon_core.environment:create_environment_scripts_only(hb_world)
[2.046s] Level 1:colcon.colcon_core.environment:checking '/home/akshar/eyrc_hb/hb_task_2_ws/install/hb_world' for CMake module files
[2.046s] Level 1:colcon.colcon_core.environment:checking '/home/akshar/eyrc_hb/hb_task_2_ws/install/hb_world' for CMake config files
[2.047s] Level 1:colcon.colcon_core.shell:create_environment_hook('hb_world', 'cmake_prefix_path')
[2.059s] INFO:colcon.colcon_core.shell:Creating environment hook '/home/akshar/eyrc_hb/hb_task_2_ws/install/hb_world/share/hb_world/hook/cmake_prefix_path.ps1'
[2.060s] INFO:colcon.colcon_core.shell:Creating environment descriptor '/home/akshar/eyrc_hb/hb_task_2_ws/install/hb_world/share/hb_world/hook/cmake_prefix_path.dsv'
[2.060s] INFO:colcon.colcon_core.shell:Creating environment hook '/home/akshar/eyrc_hb/hb_task_2_ws/install/hb_world/share/hb_world/hook/cmake_prefix_path.sh'
[2.061s] Level 1:colcon.colcon_core.environment:checking '/home/akshar/eyrc_hb/hb_task_2_ws/install/hb_world/bin'
[2.061s] Level 1:colcon.colcon_core.environment:checking '/home/akshar/eyrc_hb/hb_task_2_ws/install/hb_world/lib/pkgconfig/hb_world.pc'
[2.061s] Level 1:colcon.colcon_core.environment:checking '/home/akshar/eyrc_hb/hb_task_2_ws/install/hb_world/lib/python3.10/site-packages'
[2.061s] Level 1:colcon.colcon_core.environment:checking '/home/akshar/eyrc_hb/hb_task_2_ws/install/hb_world/bin'
[2.076s] INFO:colcon.colcon_core.shell:Creating package script '/home/akshar/eyrc_hb/hb_task_2_ws/install/hb_world/share/hb_world/package.ps1'
[2.077s] INFO:colcon.colcon_core.shell:Creating package descriptor '/home/akshar/eyrc_hb/hb_task_2_ws/install/hb_world/share/hb_world/package.dsv'
[2.078s] INFO:colcon.colcon_core.shell:Creating package script '/home/akshar/eyrc_hb/hb_task_2_ws/install/hb_world/share/hb_world/package.sh'
[2.078s] INFO:colcon.colcon_core.shell:Creating package script '/home/akshar/eyrc_hb/hb_task_2_ws/install/hb_world/share/hb_world/package.bash'
[2.079s] INFO:colcon.colcon_core.shell:Creating package script '/home/akshar/eyrc_hb/hb_task_2_ws/install/hb_world/share/hb_world/package.zsh'
[2.079s] Level 1:colcon.colcon_core.environment:create_file_with_runtime_dependencies(/home/akshar/eyrc_hb/hb_task_2_ws/install/hb_world/share/colcon-core/packages/hb_world)
[2.114s] DEBUG:colcon.colcon_core.event_handler.log_command:Invoking command in '/home/akshar/eyrc_hb/hb_task_2_ws/src/hb_task2a': PYTHONPATH=/home/akshar/eyrc_hb/hb_task_2_ws/build/hb_task2a/prefix_override:/home/akshar/eyrc_hb/hb_task_2_ws/install/hb_task2a/lib/python3.10/site-packages:${PYTHONPATH} /usr/bin/python3 setup.py egg_info --egg-base ../../build/hb_task2a build --build-base /home/akshar/eyrc_hb/hb_task_2_ws/build/hb_task2a/build install --record /home/akshar/eyrc_hb/hb_task_2_ws/build/hb_task2a/install.log --single-version-externally-managed
[2.147s] DEBUG:colcon.colcon_core.event_handler.log_command:Invoking command in '/home/akshar/eyrc_hb/hb_task_2_ws/src/hb_task2b': PYTHONPATH=/home/akshar/eyrc_hb/hb_task_2_ws/build/hb_task2b/prefix_override:/home/akshar/eyrc_hb/hb_task_2_ws/install/hb_task2b/lib/python3.10/site-packages:${PYTHONPATH} /usr/bin/python3 setup.py egg_info --egg-base ../../build/hb_task2b build --build-base /home/akshar/eyrc_hb/hb_task_2_ws/build/hb_task2b/build install --record /home/akshar/eyrc_hb/hb_task_2_ws/build/hb_task2b/install.log --single-version-externally-managed
[2.149s] DEBUG:colcon.colcon_core.event_handler.log_command:Invoked command in '/home/akshar/eyrc_hb/hb_task_2_ws/build/my_robot_interfaces' returned '0': CMAKE_PREFIX_PATH=${CMAKE_PREFIX_PATH}:/home/akshar/eyrc_hb/hb_task_2_ws/install/hb_task2b:/home/akshar/eyrc_hb/hb_task_2_ws/install/hb_task2a:/opt/ros/humble /usr/bin/cmake --build /home/akshar/eyrc_hb/hb_task_2_ws/build/my_robot_interfaces -- -j16 -l16
[2.267s] DEBUG:colcon.colcon_core.event_handler.log_command:Invoking command in '/home/akshar/eyrc_hb/hb_task_2_ws/build/my_robot_interfaces': CMAKE_PREFIX_PATH=${CMAKE_PREFIX_PATH}:/home/akshar/eyrc_hb/hb_task_2_ws/install/hb_task2b:/home/akshar/eyrc_hb/hb_task_2_ws/install/hb_task2a:/opt/ros/humble /usr/bin/cmake --install /home/akshar/eyrc_hb/hb_task_2_ws/build/my_robot_interfaces
[2.328s] Level 1:colcon.colcon_core.environment:create_environment_scripts_only(my_robot_interfaces)
[2.330s] DEBUG:colcon.colcon_core.event_handler.log_command:Invoked command in '/home/akshar/eyrc_hb/hb_task_2_ws/build/my_robot_interfaces' returned '0': CMAKE_PREFIX_PATH=${CMAKE_PREFIX_PATH}:/home/akshar/eyrc_hb/hb_task_2_ws/install/hb_task2b:/home/akshar/eyrc_hb/hb_task_2_ws/install/hb_task2a:/opt/ros/humble /usr/bin/cmake --install /home/akshar/eyrc_hb/hb_task_2_ws/build/my_robot_interfaces
[2.354s] Level 1:colcon.colcon_core.environment:checking '/home/akshar/eyrc_hb/hb_task_2_ws/install/my_robot_interfaces' for CMake module files
[2.356s] Level 1:colcon.colcon_core.environment:checking '/home/akshar/eyrc_hb/hb_task_2_ws/install/my_robot_interfaces' for CMake config files
[2.357s] Level 1:colcon.colcon_core.shell:create_environment_hook('my_robot_interfaces', 'cmake_prefix_path')
[2.383s] INFO:colcon.colcon_core.shell:Creating environment hook '/home/akshar/eyrc_hb/hb_task_2_ws/install/my_robot_interfaces/share/my_robot_interfaces/hook/cmake_prefix_path.ps1'
[2.383s] INFO:colcon.colcon_core.shell:Creating environment descriptor '/home/akshar/eyrc_hb/hb_task_2_ws/install/my_robot_interfaces/share/my_robot_interfaces/hook/cmake_prefix_path.dsv'
[2.384s] INFO:colcon.colcon_core.shell:Creating environment hook '/home/akshar/eyrc_hb/hb_task_2_ws/install/my_robot_interfaces/share/my_robot_interfaces/hook/cmake_prefix_path.sh'
[2.385s] Level 1:colcon.colcon_core.environment:checking '/home/akshar/eyrc_hb/hb_task_2_ws/install/my_robot_interfaces/lib'
[2.385s] Level 1:colcon.colcon_core.shell:create_environment_hook('my_robot_interfaces', 'ld_library_path_lib')
[2.406s] INFO:colcon.colcon_core.shell:Creating environment hook '/home/akshar/eyrc_hb/hb_task_2_ws/install/my_robot_interfaces/share/my_robot_interfaces/hook/ld_library_path_lib.ps1'
[2.406s] INFO:colcon.colcon_core.shell:Creating environment descriptor '/home/akshar/eyrc_hb/hb_task_2_ws/install/my_robot_interfaces/share/my_robot_interfaces/hook/ld_library_path_lib.dsv'
[2.407s] INFO:colcon.colcon_core.shell:Creating environment hook '/home/akshar/eyrc_hb/hb_task_2_ws/install/my_robot_interfaces/share/my_robot_interfaces/hook/ld_library_path_lib.sh'
[2.407s] Level 1:colcon.colcon_core.environment:checking '/home/akshar/eyrc_hb/hb_task_2_ws/install/my_robot_interfaces/bin'
[2.407s] Level 1:colcon.colcon_core.environment:checking '/home/akshar/eyrc_hb/hb_task_2_ws/install/my_robot_interfaces/lib/pkgconfig/my_robot_interfaces.pc'
[2.407s] Level 1:colcon.colcon_core.environment:checking '/home/akshar/eyrc_hb/hb_task_2_ws/install/my_robot_interfaces/lib/python3.10/site-packages'
[2.408s] Level 1:colcon.colcon_core.environment:checking '/home/akshar/eyrc_hb/hb_task_2_ws/install/my_robot_interfaces/bin'
[2.425s] INFO:colcon.colcon_core.shell:Creating package script '/home/akshar/eyrc_hb/hb_task_2_ws/install/my_robot_interfaces/share/my_robot_interfaces/package.ps1'
[2.425s] INFO:colcon.colcon_core.shell:Creating package descriptor '/home/akshar/eyrc_hb/hb_task_2_ws/install/my_robot_interfaces/share/my_robot_interfaces/package.dsv'
[2.426s] INFO:colcon.colcon_core.shell:Creating package script '/home/akshar/eyrc_hb/hb_task_2_ws/install/my_robot_interfaces/share/my_robot_interfaces/package.sh'
[2.426s] INFO:colcon.colcon_core.shell:Creating package script '/home/akshar/eyrc_hb/hb_task_2_ws/install/my_robot_interfaces/share/my_robot_interfaces/package.bash'
[2.427s] INFO:colcon.colcon_core.shell:Creating package script '/home/akshar/eyrc_hb/hb_task_2_ws/install/my_robot_interfaces/share/my_robot_interfaces/package.zsh'
[2.427s] Level 1:colcon.colcon_core.environment:create_file_with_runtime_dependencies(/home/akshar/eyrc_hb/hb_task_2_ws/install/my_robot_interfaces/share/colcon-core/packages/my_robot_interfaces)
[2.430s] DEBUG:colcon.colcon_core.event_handler.log_command:Invoked command in '/home/akshar/eyrc_hb/hb_task_2_ws/src/hb_task2a' returned '0': PYTHONPATH=/home/akshar/eyrc_hb/hb_task_2_ws/build/hb_task2a/prefix_override:/home/akshar/eyrc_hb/hb_task_2_ws/install/hb_task2a/lib/python3.10/site-packages:${PYTHONPATH} /usr/bin/python3 setup.py egg_info --egg-base ../../build/hb_task2a build --build-base /home/akshar/eyrc_hb/hb_task_2_ws/build/hb_task2a/build install --record /home/akshar/eyrc_hb/hb_task_2_ws/build/hb_task2a/install.log --single-version-externally-managed
[2.440s] Level 1:colcon.colcon_core.environment:checking '/home/akshar/eyrc_hb/hb_task_2_ws/install/hb_task2a' for CMake module files
[2.441s] Level 1:colcon.colcon_core.environment:checking '/home/akshar/eyrc_hb/hb_task_2_ws/install/hb_task2a' for CMake config files
[2.441s] Level 1:colcon.colcon_core.environment:checking '/home/akshar/eyrc_hb/hb_task_2_ws/install/hb_task2a/lib'
[2.441s] Level 1:colcon.colcon_core.environment:checking '/home/akshar/eyrc_hb/hb_task_2_ws/install/hb_task2a/bin'
[2.441s] Level 1:colcon.colcon_core.environment:checking '/home/akshar/eyrc_hb/hb_task_2_ws/install/hb_task2a/lib/pkgconfig/hb_task2a.pc'
[2.442s] Level 1:colcon.colcon_core.environment:checking '/home/akshar/eyrc_hb/hb_task_2_ws/install/hb_task2a/lib/python3.10/site-packages'
[2.442s] Level 1:colcon.colcon_core.shell:create_environment_hook('hb_task2a', 'pythonpath')
[2.452s] INFO:colcon.colcon_core.shell:Creating environment hook '/home/akshar/eyrc_hb/hb_task_2_ws/install/hb_task2a/share/hb_task2a/hook/pythonpath.ps1'
[2.452s] INFO:colcon.colcon_core.shell:Creating environment descriptor '/home/akshar/eyrc_hb/hb_task_2_ws/install/hb_task2a/share/hb_task2a/hook/pythonpath.dsv'
[2.453s] INFO:colcon.colcon_core.shell:Creating environment hook '/home/akshar/eyrc_hb/hb_task_2_ws/install/hb_task2a/share/hb_task2a/hook/pythonpath.sh'
[2.453s] Level 1:colcon.colcon_core.environment:checking '/home/akshar/eyrc_hb/hb_task_2_ws/install/hb_task2a/bin'
[2.453s] Level 1:colcon.colcon_core.environment:create_environment_scripts_only(hb_task2a)
[2.464s] INFO:colcon.colcon_core.shell:Creating package script '/home/akshar/eyrc_hb/hb_task_2_ws/install/hb_task2a/share/hb_task2a/package.ps1'
[2.465s] INFO:colcon.colcon_core.shell:Creating package descriptor '/home/akshar/eyrc_hb/hb_task_2_ws/install/hb_task2a/share/hb_task2a/package.dsv'
[2.465s] INFO:colcon.colcon_core.shell:Creating package script '/home/akshar/eyrc_hb/hb_task_2_ws/install/hb_task2a/share/hb_task2a/package.sh'
[2.465s] INFO:colcon.colcon_core.shell:Creating package script '/home/akshar/eyrc_hb/hb_task_2_ws/install/hb_task2a/share/hb_task2a/package.bash'
[2.465s] INFO:colcon.colcon_core.shell:Creating package script '/home/akshar/eyrc_hb/hb_task_2_ws/install/hb_task2a/share/hb_task2a/package.zsh'
[2.466s] Level 1:colcon.colcon_core.environment:create_file_with_runtime_dependencies(/home/akshar/eyrc_hb/hb_task_2_ws/install/hb_task2a/share/colcon-core/packages/hb_task2a)
[2.467s] DEBUG:colcon.colcon_core.event_handler.log_command:Invoked command in '/home/akshar/eyrc_hb/hb_task_2_ws/src/hb_task2b' returned '0': PYTHONPATH=/home/akshar/eyrc_hb/hb_task_2_ws/build/hb_task2b/prefix_override:/home/akshar/eyrc_hb/hb_task_2_ws/install/hb_task2b/lib/python3.10/site-packages:${PYTHONPATH} /usr/bin/python3 setup.py egg_info --egg-base ../../build/hb_task2b build --build-base /home/akshar/eyrc_hb/hb_task_2_ws/build/hb_task2b/build install --record /home/akshar/eyrc_hb/hb_task_2_ws/build/hb_task2b/install.log --single-version-externally-managed
[2.479s] Level 1:colcon.colcon_core.environment:checking '/home/akshar/eyrc_hb/hb_task_2_ws/install/hb_task2b' for CMake module files
[2.480s] Level 1:colcon.colcon_core.environment:checking '/home/akshar/eyrc_hb/hb_task_2_ws/install/hb_task2b' for CMake config files
[2.480s] Level 1:colcon.colcon_core.environment:checking '/home/akshar/eyrc_hb/hb_task_2_ws/install/hb_task2b/lib'
[2.480s] Level 1:colcon.colcon_core.environment:checking '/home/akshar/eyrc_hb/hb_task_2_ws/install/hb_task2b/bin'
[2.480s] Level 1:colcon.colcon_core.environment:checking '/home/akshar/eyrc_hb/hb_task_2_ws/install/hb_task2b/lib/pkgconfig/hb_task2b.pc'
[2.480s] Level 1:colcon.colcon_core.environment:checking '/home/akshar/eyrc_hb/hb_task_2_ws/install/hb_task2b/lib/python3.10/site-packages'
[2.480s] Level 1:colcon.colcon_core.shell:create_environment_hook('hb_task2b', 'pythonpath')
[2.492s] INFO:colcon.colcon_core.shell:Creating environment hook '/home/akshar/eyrc_hb/hb_task_2_ws/install/hb_task2b/share/hb_task2b/hook/pythonpath.ps1'
[2.492s] INFO:colcon.colcon_core.shell:Creating environment descriptor '/home/akshar/eyrc_hb/hb_task_2_ws/install/hb_task2b/share/hb_task2b/hook/pythonpath.dsv'
[2.493s] INFO:colcon.colcon_core.shell:Creating environment hook '/home/akshar/eyrc_hb/hb_task_2_ws/install/hb_task2b/share/hb_task2b/hook/pythonpath.sh'
[2.493s] Level 1:colcon.colcon_core.environment:checking '/home/akshar/eyrc_hb/hb_task_2_ws/install/hb_task2b/bin'
[2.493s] Level 1:colcon.colcon_core.environment:create_environment_scripts_only(hb_task2b)
[2.504s] INFO:colcon.colcon_core.shell:Creating package script '/home/akshar/eyrc_hb/hb_task_2_ws/install/hb_task2b/share/hb_task2b/package.ps1'
[2.505s] INFO:colcon.colcon_core.shell:Creating package descriptor '/home/akshar/eyrc_hb/hb_task_2_ws/install/hb_task2b/share/hb_task2b/package.dsv'
[2.505s] INFO:colcon.colcon_core.shell:Creating package script '/home/akshar/eyrc_hb/hb_task_2_ws/install/hb_task2b/share/hb_task2b/package.sh'
[2.505s] INFO:colcon.colcon_core.shell:Creating package script '/home/akshar/eyrc_hb/hb_task_2_ws/install/hb_task2b/share/hb_task2b/package.bash'
[2.506s] INFO:colcon.colcon_core.shell:Creating package script '/home/akshar/eyrc_hb/hb_task_2_ws/install/hb_task2b/share/hb_task2b/package.zsh'
[2.506s] Level 1:colcon.colcon_core.environment:create_file_with_runtime_dependencies(/home/akshar/eyrc_hb/hb_task_2_ws/install/hb_task2b/share/colcon-core/packages/hb_task2b)
[2.547s] Level 1:colcon.colcon_core.environment:create_environment_scripts_only(my_robot_interfaces)
[2.559s] Level 1:colcon.colcon_core.environment:checking '/home/akshar/eyrc_hb/hb_task_2_ws/install/my_robot_interfaces' for CMake module files
[2.560s] Level 1:colcon.colcon_core.environment:checking '/home/akshar/eyrc_hb/hb_task_2_ws/install/my_robot_interfaces' for CMake config files
[2.561s] Level 1:colcon.colcon_core.shell:create_environment_hook('my_robot_interfaces', 'cmake_prefix_path')
[2.572s] INFO:colcon.colcon_core.shell:Creating environment hook '/home/akshar/eyrc_hb/hb_task_2_ws/install/my_robot_interfaces/share/my_robot_interfaces/hook/cmake_prefix_path.ps1'
[2.573s] INFO:colcon.colcon_core.shell:Creating environment descriptor '/home/akshar/eyrc_hb/hb_task_2_ws/install/my_robot_interfaces/share/my_robot_interfaces/hook/cmake_prefix_path.dsv'
[2.573s] INFO:colcon.colcon_core.shell:Creating environment hook '/home/akshar/eyrc_hb/hb_task_2_ws/install/my_robot_interfaces/share/my_robot_interfaces/hook/cmake_prefix_path.sh'
[2.574s] Level 1:colcon.colcon_core.environment:checking '/home/akshar/eyrc_hb/hb_task_2_ws/install/my_robot_interfaces/lib'
[2.574s] Level 1:colcon.colcon_core.shell:create_environment_hook('my_robot_interfaces', 'ld_library_path_lib')
[2.586s] INFO:colcon.colcon_core.shell:Creating environment hook '/home/akshar/eyrc_hb/hb_task_2_ws/install/my_robot_interfaces/share/my_robot_interfaces/hook/ld_library_path_lib.ps1'
[2.587s] INFO:colcon.colcon_core.shell:Creating environment descriptor '/home/akshar/eyrc_hb/hb_task_2_ws/install/my_robot_interfaces/share/my_robot_interfaces/hook/ld_library_path_lib.dsv'
[2.587s] INFO:colcon.colcon_core.shell:Creating environment hook '/home/akshar/eyrc_hb/hb_task_2_ws/install/my_robot_interfaces/share/my_robot_interfaces/hook/ld_library_path_lib.sh'
[2.588s] Level 1:colcon.colcon_core.environment:checking '/home/akshar/eyrc_hb/hb_task_2_ws/install/my_robot_interfaces/bin'
[2.588s] Level 1:colcon.colcon_core.environment:checking '/home/akshar/eyrc_hb/hb_task_2_ws/install/my_robot_interfaces/lib/pkgconfig/my_robot_interfaces.pc'
[2.588s] Level 1:colcon.colcon_core.environment:checking '/home/akshar/eyrc_hb/hb_task_2_ws/install/my_robot_interfaces/lib/python3.10/site-packages'
[2.588s] Level 1:colcon.colcon_core.environment:checking '/home/akshar/eyrc_hb/hb_task_2_ws/install/my_robot_interfaces/bin'
[2.601s] INFO:colcon.colcon_core.shell:Creating package script '/home/akshar/eyrc_hb/hb_task_2_ws/install/my_robot_interfaces/share/my_robot_interfaces/package.ps1'
[2.601s] INFO:colcon.colcon_core.shell:Creating package descriptor '/home/akshar/eyrc_hb/hb_task_2_ws/install/my_robot_interfaces/share/my_robot_interfaces/package.dsv'
[2.602s] INFO:colcon.colcon_core.shell:Creating package script '/home/akshar/eyrc_hb/hb_task_2_ws/install/my_robot_interfaces/share/my_robot_interfaces/package.sh'
[2.602s] INFO:colcon.colcon_core.shell:Creating package script '/home/akshar/eyrc_hb/hb_task_2_ws/install/my_robot_interfaces/share/my_robot_interfaces/package.bash'
[2.603s] INFO:colcon.colcon_core.shell:Creating package script '/home/akshar/eyrc_hb/hb_task_2_ws/install/my_robot_interfaces/share/my_robot_interfaces/package.zsh'
[2.603s] Level 1:colcon.colcon_core.environment:create_file_with_runtime_dependencies(/home/akshar/eyrc_hb/hb_task_2_ws/install/my_robot_interfaces/share/colcon-core/packages/my_robot_interfaces)
[2.603s] DEBUG:colcon.colcon_parallel_executor.executor.parallel:closing loop
[2.604s] DEBUG:colcon.colcon_parallel_executor.executor.parallel:loop closed
[2.604s] DEBUG:colcon.colcon_parallel_executor.executor.parallel:run_until_complete finished with '0'
[2.604s] DEBUG:colcon.colcon_core.event_reactor:joining thread
[2.622s] INFO:colcon.colcon_core.plugin_system:Skipping extension 'colcon_notification.desktop_notification.terminal_notifier': Not used on non-Darwin systems
[2.623s] INFO:colcon.colcon_core.plugin_system:Skipping extension 'colcon_notification.desktop_notification.win32': Not used on non-Windows systems
[2.623s] INFO:colcon.colcon_notification.desktop_notification:Sending desktop notification using 'notify2'
[2.634s] DEBUG:colcon.colcon_core.event_reactor:joined thread
[2.652s] INFO:colcon.colcon_core.shell:Creating prefix script '/home/akshar/eyrc_hb/hb_task_2_ws/install/local_setup.ps1'
[2.653s] INFO:colcon.colcon_core.shell:Creating prefix util module '/home/akshar/eyrc_hb/hb_task_2_ws/install/_local_setup_util_ps1.py'
[2.654s] INFO:colcon.colcon_core.shell:Creating prefix chain script '/home/akshar/eyrc_hb/hb_task_2_ws/install/setup.ps1'
[2.669s] INFO:colcon.colcon_core.shell:Creating prefix script '/home/akshar/eyrc_hb/hb_task_2_ws/install/local_setup.sh'
[2.670s] INFO:colcon.colcon_core.shell:Creating prefix util module '/home/akshar/eyrc_hb/hb_task_2_ws/install/_local_setup_util_sh.py'
[2.670s] INFO:colcon.colcon_core.shell:Creating prefix chain script '/home/akshar/eyrc_hb/hb_task_2_ws/install/setup.sh'
[2.684s] INFO:colcon.colcon_core.shell:Creating prefix script '/home/akshar/eyrc_hb/hb_task_2_ws/install/local_setup.bash'
[2.685s] INFO:colcon.colcon_core.shell:Creating prefix chain script '/home/akshar/eyrc_hb/hb_task_2_ws/install/setup.bash'
[2.696s] INFO:colcon.colcon_core.shell:Creating prefix script '/home/akshar/eyrc_hb/hb_task_2_ws/install/local_setup.zsh'
[2.697s] INFO:colcon.colcon_core.shell:Creating prefix chain script '/home/akshar/eyrc_hb/hb_task_2_ws/install/setup.zsh'
