[0.430s] Invoking command in '/home/premsai/eyrc23_HB_1282/hb_task6_ws/src/hb_task6': PYTHONPATH=/home/premsai/eyrc23_HB_1282/hb_task6_ws/build/hb_task6/prefix_override:/home/premsai/eyrc23_HB_1282/hb_task6_ws/install/hb_task6/lib/python3.10/site-packages:${PYTHONPATH} /usr/bin/python3 setup.py egg_info --egg-base ../../build/hb_task6 build --build-base /home/premsai/eyrc23_HB_1282/hb_task6_ws/build/hb_task6/build install --record /home/premsai/eyrc23_HB_1282/hb_task6_ws/build/hb_task6/install.log --single-version-externally-managed
[0.565s] running egg_info
[0.565s] writing ../../build/hb_task6/hb_task6.egg-info/PKG-INFO
[0.565s] writing dependency_links to ../../build/hb_task6/hb_task6.egg-info/dependency_links.txt
[0.565s] writing entry points to ../../build/hb_task6/hb_task6.egg-info/entry_points.txt
[0.565s] writing requirements to ../../build/hb_task6/hb_task6.egg-info/requires.txt
[0.566s] writing top-level names to ../../build/hb_task6/hb_task6.egg-info/top_level.txt
[0.566s] reading manifest file '../../build/hb_task6/hb_task6.egg-info/SOURCES.txt'
[0.567s] writing manifest file '../../build/hb_task6/hb_task6.egg-info/SOURCES.txt'
[0.568s] running build
[0.568s] running build_py
[0.568s] copying hb_task6/feedback.py -> /home/premsai/eyrc23_HB_1282/hb_task6_ws/build/hb_task6/build/lib/hb_task6
[0.569s] running install
[0.569s] /usr/lib/python3/dist-packages/setuptools/command/install.py:34: SetuptoolsDeprecationWarning: setup.py install is deprecated. Use build and pip and other standards-based tools.
[0.569s]   warnings.warn(
[0.569s] running install_lib
[0.570s] copying /home/premsai/eyrc23_HB_1282/hb_task6_ws/build/hb_task6/build/lib/hb_task6/feedback.py -> /home/premsai/eyrc23_HB_1282/hb_task6_ws/install/hb_task6/lib/python3.10/site-packages/hb_task6
[0.570s] byte-compiling /home/premsai/eyrc23_HB_1282/hb_task6_ws/install/hb_task6/lib/python3.10/site-packages/hb_task6/feedback.py to feedback.cpython-310.pyc
[0.570s] byte-compiling /home/premsai/eyrc23_HB_1282/hb_task6_ws/install/hb_task6/lib/python3.10/site-packages/hb_task6/mapping3.py to mapping3.cpython-310.pyc
[0.570s] byte-compiling /home/premsai/eyrc23_HB_1282/hb_task6_ws/install/hb_task6/lib/python3.10/site-packages/hb_task6/interpolation3.py to interpolation3.cpython-310.pyc
[0.571s] running install_data
[0.571s] running install_egg_info
[0.573s] removing '/home/premsai/eyrc23_HB_1282/hb_task6_ws/install/hb_task6/lib/python3.10/site-packages/hb_task6-0.0.0-py3.10.egg-info' (and everything under it)
[0.573s] Copying ../../build/hb_task6/hb_task6.egg-info to /home/premsai/eyrc23_HB_1282/hb_task6_ws/install/hb_task6/lib/python3.10/site-packages/hb_task6-0.0.0-py3.10.egg-info
[0.573s] running install_scripts
[0.586s] Installing StopFlag script to /home/premsai/eyrc23_HB_1282/hb_task6_ws/install/hb_task6/lib/hb_task6
[0.586s] Installing controller script to /home/premsai/eyrc23_HB_1282/hb_task6_ws/install/hb_task6/lib/hb_task6
[0.586s] Installing controllerik script to /home/premsai/eyrc23_HB_1282/hb_task6_ws/install/hb_task6/lib/hb_task6
[0.586s] Installing controllerik2 script to /home/premsai/eyrc23_HB_1282/hb_task6_ws/install/hb_task6/lib/hb_task6
[0.586s] Installing controllerik3 script to /home/premsai/eyrc23_HB_1282/hb_task6_ws/install/hb_task6/lib/hb_task6
[0.586s] Installing feedback script to /home/premsai/eyrc23_HB_1282/hb_task6_ws/install/hb_task6/lib/hb_task6
[0.586s] Installing img script to /home/premsai/eyrc23_HB_1282/hb_task6_ws/install/hb_task6/lib/hb_task6
[0.586s] Installing interp script to /home/premsai/eyrc23_HB_1282/hb_task6_ws/install/hb_task6/lib/hb_task6
[0.586s] Installing interp2 script to /home/premsai/eyrc23_HB_1282/hb_task6_ws/install/hb_task6/lib/hb_task6
[0.586s] Installing interp3 script to /home/premsai/eyrc23_HB_1282/hb_task6_ws/install/hb_task6/lib/hb_task6
[0.587s] Installing map script to /home/premsai/eyrc23_HB_1282/hb_task6_ws/install/hb_task6/lib/hb_task6
[0.587s] Installing map2 script to /home/premsai/eyrc23_HB_1282/hb_task6_ws/install/hb_task6/lib/hb_task6
[0.587s] Installing map3 script to /home/premsai/eyrc23_HB_1282/hb_task6_ws/install/hb_task6/lib/hb_task6
[0.587s] Installing nextgoal script to /home/premsai/eyrc23_HB_1282/hb_task6_ws/install/hb_task6/lib/hb_task6
[0.587s] Installing server script to /home/premsai/eyrc23_HB_1282/hb_task6_ws/install/hb_task6/lib/hb_task6
[0.587s] writing list of installed files to '/home/premsai/eyrc23_HB_1282/hb_task6_ws/build/hb_task6/install.log'
[0.603s] Invoked command in '/home/premsai/eyrc23_HB_1282/hb_task6_ws/src/hb_task6' returned '0': PYTHONPATH=/home/premsai/eyrc23_HB_1282/hb_task6_ws/build/hb_task6/prefix_override:/home/premsai/eyrc23_HB_1282/hb_task6_ws/install/hb_task6/lib/python3.10/site-packages:${PYTHONPATH} /usr/bin/python3 setup.py egg_info --egg-base ../../build/hb_task6 build --build-base /home/premsai/eyrc23_HB_1282/hb_task6_ws/build/hb_task6/build install --record /home/premsai/eyrc23_HB_1282/hb_task6_ws/build/hb_task6/install.log --single-version-externally-managed
