[0.519s] DEBUG:colcon:Command line arguments: ['/usr/bin/colcon', 'build']
[0.519s] DEBUG:colcon:Parsed command line arguments: Namespace(log_base=None, log_level=None, verb_name='build', build_base='build', install_base='install', merge_install=False, symlink_install=False, test_result_base=None, continue_on_error=False, executor='parallel', parallel_workers=12, event_handlers=None, ignore_user_meta=False, metas=['./colcon.meta'], base_paths=['.'], packages_ignore=None, packages_ignore_regex=None, paths=None, packages_up_to=None, packages_up_to_regex=None, packages_above=None, packages_above_and_dependencies=None, packages_above_depth=None, packages_select_by_dep=None, packages_skip_by_dep=None, packages_skip_up_to=None, packages_select_build_failed=False, packages_skip_build_finished=False, packages_select_test_failures=False, packages_skip_test_passed=False, packages_select=None, packages_skip=None, packages_select_regex=None, packages_skip_regex=None, packages_start=None, packages_end=None, allow_overriding=[], cmake_args=None, cmake_target=None, cmake_target_skip_unavailable=False, cmake_clean_cache=False, cmake_clean_first=False, cmake_force_configure=False, ament_cmake_args=None, catkin_cmake_args=None, catkin_skip_building_tests=False, verb_parser=<colcon_defaults.argument_parser.defaults.DefaultArgumentsDecorator object at 0x7fbfef54b040>, verb_extension=<colcon_core.verb.build.BuildVerb object at 0x7fbfef548850>, main=<bound method BuildVerb.main of <colcon_core.verb.build.BuildVerb object at 0x7fbfef548850>>)
[0.547s] Level 1:colcon.colcon_core.package_discovery:discover_packages(colcon_meta) check parameters
[0.547s] Level 1:colcon.colcon_core.package_discovery:discover_packages(recursive) check parameters
[0.547s] Level 1:colcon.colcon_core.package_discovery:discover_packages(ignore) check parameters
[0.547s] Level 1:colcon.colcon_core.package_discovery:discover_packages(path) check parameters
[0.547s] Level 1:colcon.colcon_core.package_discovery:discover_packages(colcon_meta) discover
[0.547s] Level 1:colcon.colcon_core.package_discovery:discover_packages(recursive) discover
[0.547s] INFO:colcon.colcon_core.package_discovery:Crawling recursively for packages in '/home/premsai/eyrc23_HB_1282/hb_task6_ws'
[0.547s] Level 1:colcon.colcon_core.package_identification:_identify(.) by extensions ['ignore', 'ignore_ament_install']
[0.547s] Level 1:colcon.colcon_core.package_identification:_identify(.) by extension 'ignore'
[0.547s] Level 1:colcon.colcon_core.package_identification:_identify(.) by extension 'ignore_ament_install'
[0.547s] Level 1:colcon.colcon_core.package_identification:_identify(.) by extensions ['colcon_pkg']
[0.547s] Level 1:colcon.colcon_core.package_identification:_identify(.) by extension 'colcon_pkg'
[0.547s] Level 1:colcon.colcon_core.package_identification:_identify(.) by extensions ['colcon_meta']
[0.547s] Level 1:colcon.colcon_core.package_identification:_identify(.) by extension 'colcon_meta'
[0.547s] Level 1:colcon.colcon_core.package_identification:_identify(.) by extensions ['ros']
[0.547s] Level 1:colcon.colcon_core.package_identification:_identify(.) by extension 'ros'
[0.554s] Level 1:colcon.colcon_core.package_identification:_identify(.) by extensions ['cmake', 'python']
[0.554s] Level 1:colcon.colcon_core.package_identification:_identify(.) by extension 'cmake'
[0.554s] Level 1:colcon.colcon_core.package_identification:_identify(.) by extension 'python'
[0.554s] Level 1:colcon.colcon_core.package_identification:_identify(.) by extensions ['python_setup_py']
[0.554s] Level 1:colcon.colcon_core.package_identification:_identify(.) by extension 'python_setup_py'
[0.554s] Level 1:colcon.colcon_core.package_identification:_identify(build) by extensions ['ignore', 'ignore_ament_install']
[0.554s] Level 1:colcon.colcon_core.package_identification:_identify(build) by extension 'ignore'
[0.554s] Level 1:colcon.colcon_core.package_identification:_identify(build) ignored
[0.554s] Level 1:colcon.colcon_core.package_identification:_identify(install) by extensions ['ignore', 'ignore_ament_install']
[0.555s] Level 1:colcon.colcon_core.package_identification:_identify(install) by extension 'ignore'
[0.555s] Level 1:colcon.colcon_core.package_identification:_identify(install) ignored
[0.555s] Level 1:colcon.colcon_core.package_identification:_identify(log) by extensions ['ignore', 'ignore_ament_install']
[0.555s] Level 1:colcon.colcon_core.package_identification:_identify(log) by extension 'ignore'
[0.555s] Level 1:colcon.colcon_core.package_identification:_identify(log) ignored
[0.555s] Level 1:colcon.colcon_core.package_identification:_identify(src) by extensions ['ignore', 'ignore_ament_install']
[0.555s] Level 1:colcon.colcon_core.package_identification:_identify(src) by extension 'ignore'
[0.555s] Level 1:colcon.colcon_core.package_identification:_identify(src) by extension 'ignore_ament_install'
[0.555s] Level 1:colcon.colcon_core.package_identification:_identify(src) by extensions ['colcon_pkg']
[0.555s] Level 1:colcon.colcon_core.package_identification:_identify(src) by extension 'colcon_pkg'
[0.555s] Level 1:colcon.colcon_core.package_identification:_identify(src) by extensions ['colcon_meta']
[0.555s] Level 1:colcon.colcon_core.package_identification:_identify(src) by extension 'colcon_meta'
[0.555s] Level 1:colcon.colcon_core.package_identification:_identify(src) by extensions ['ros']
[0.555s] Level 1:colcon.colcon_core.package_identification:_identify(src) by extension 'ros'
[0.555s] Level 1:colcon.colcon_core.package_identification:_identify(src) by extensions ['cmake', 'python']
[0.555s] Level 1:colcon.colcon_core.package_identification:_identify(src) by extension 'cmake'
[0.555s] Level 1:colcon.colcon_core.package_identification:_identify(src) by extension 'python'
[0.555s] Level 1:colcon.colcon_core.package_identification:_identify(src) by extensions ['python_setup_py']
[0.555s] Level 1:colcon.colcon_core.package_identification:_identify(src) by extension 'python_setup_py'
[0.555s] Level 1:colcon.colcon_core.package_identification:_identify(src/hb_task6) by extensions ['ignore', 'ignore_ament_install']
[0.555s] Level 1:colcon.colcon_core.package_identification:_identify(src/hb_task6) by extension 'ignore'
[0.555s] Level 1:colcon.colcon_core.package_identification:_identify(src/hb_task6) by extension 'ignore_ament_install'
[0.555s] Level 1:colcon.colcon_core.package_identification:_identify(src/hb_task6) by extensions ['colcon_pkg']
[0.555s] Level 1:colcon.colcon_core.package_identification:_identify(src/hb_task6) by extension 'colcon_pkg'
[0.555s] Level 1:colcon.colcon_core.package_identification:_identify(src/hb_task6) by extensions ['colcon_meta']
[0.555s] Level 1:colcon.colcon_core.package_identification:_identify(src/hb_task6) by extension 'colcon_meta'
[0.555s] Level 1:colcon.colcon_core.package_identification:_identify(src/hb_task6) by extensions ['ros']
[0.555s] Level 1:colcon.colcon_core.package_identification:_identify(src/hb_task6) by extension 'ros'
[0.557s] DEBUG:colcon.colcon_core.package_identification:Package 'src/hb_task6' with type 'ros.ament_python' and name 'hb_task6'
[0.557s] Level 1:colcon.colcon_core.package_identification:_identify(src/hb_taskbonus) by extensions ['ignore', 'ignore_ament_install']
[0.557s] Level 1:colcon.colcon_core.package_identification:_identify(src/hb_taskbonus) by extension 'ignore'
[0.557s] Level 1:colcon.colcon_core.package_identification:_identify(src/hb_taskbonus) by extension 'ignore_ament_install'
[0.558s] Level 1:colcon.colcon_core.package_identification:_identify(src/hb_taskbonus) by extensions ['colcon_pkg']
[0.558s] Level 1:colcon.colcon_core.package_identification:_identify(src/hb_taskbonus) by extension 'colcon_pkg'
[0.558s] Level 1:colcon.colcon_core.package_identification:_identify(src/hb_taskbonus) by extensions ['colcon_meta']
[0.558s] Level 1:colcon.colcon_core.package_identification:_identify(src/hb_taskbonus) by extension 'colcon_meta'
[0.558s] Level 1:colcon.colcon_core.package_identification:_identify(src/hb_taskbonus) by extensions ['ros']
[0.558s] Level 1:colcon.colcon_core.package_identification:_identify(src/hb_taskbonus) by extension 'ros'
[0.558s] DEBUG:colcon.colcon_core.package_identification:Package 'src/hb_taskbonus' with type 'ros.ament_python' and name 'hb_taskbonus'
[0.558s] Level 1:colcon.colcon_core.package_identification:_identify(src/my_robot_interfaces) by extensions ['ignore', 'ignore_ament_install']
[0.558s] Level 1:colcon.colcon_core.package_identification:_identify(src/my_robot_interfaces) by extension 'ignore'
[0.558s] Level 1:colcon.colcon_core.package_identification:_identify(src/my_robot_interfaces) by extension 'ignore_ament_install'
[0.559s] Level 1:colcon.colcon_core.package_identification:_identify(src/my_robot_interfaces) by extensions ['colcon_pkg']
[0.559s] Level 1:colcon.colcon_core.package_identification:_identify(src/my_robot_interfaces) by extension 'colcon_pkg'
[0.559s] Level 1:colcon.colcon_core.package_identification:_identify(src/my_robot_interfaces) by extensions ['colcon_meta']
[0.559s] Level 1:colcon.colcon_core.package_identification:_identify(src/my_robot_interfaces) by extension 'colcon_meta'
[0.559s] Level 1:colcon.colcon_core.package_identification:_identify(src/my_robot_interfaces) by extensions ['ros']
[0.559s] Level 1:colcon.colcon_core.package_identification:_identify(src/my_robot_interfaces) by extension 'ros'
[0.559s] DEBUG:colcon.colcon_core.package_identification:Package 'src/my_robot_interfaces' with type 'ros.ament_cmake' and name 'my_robot_interfaces'
[0.559s] Level 1:colcon.colcon_core.package_discovery:discover_packages(recursive) using defaults
[0.559s] Level 1:colcon.colcon_core.package_discovery:discover_packages(ignore) discover
[0.559s] Level 1:colcon.colcon_core.package_discovery:discover_packages(ignore) using defaults
[0.559s] Level 1:colcon.colcon_core.package_discovery:discover_packages(path) discover
[0.560s] Level 1:colcon.colcon_core.package_discovery:discover_packages(path) using defaults
[0.609s] Level 1:colcon.colcon_core.package_discovery:discover_packages(prefix_path) check parameters
[0.609s] Level 1:colcon.colcon_core.package_discovery:discover_packages(prefix_path) discover
[0.626s] DEBUG:colcon.colcon_installed_package_information.package_discovery:Found 4 installed packages in /home/premsai/eyrc23_HB_1282/hb_task6_ws/install
[0.634s] DEBUG:colcon.colcon_installed_package_information.package_discovery:Found 282 installed packages in /opt/ros/humble
[0.635s] Level 1:colcon.colcon_core.package_discovery:discover_packages(prefix_path) using defaults
[0.696s] Level 5:colcon.colcon_core.verb:set package 'hb_task6' build argument 'cmake_args' from command line to 'None'
[0.696s] Level 5:colcon.colcon_core.verb:set package 'hb_task6' build argument 'cmake_target' from command line to 'None'
[0.696s] Level 5:colcon.colcon_core.verb:set package 'hb_task6' build argument 'cmake_target_skip_unavailable' from command line to 'False'
[0.696s] Level 5:colcon.colcon_core.verb:set package 'hb_task6' build argument 'cmake_clean_cache' from command line to 'False'
[0.696s] Level 5:colcon.colcon_core.verb:set package 'hb_task6' build argument 'cmake_clean_first' from command line to 'False'
[0.696s] Level 5:colcon.colcon_core.verb:set package 'hb_task6' build argument 'cmake_force_configure' from command line to 'False'
[0.696s] Level 5:colcon.colcon_core.verb:set package 'hb_task6' build argument 'ament_cmake_args' from command line to 'None'
[0.696s] Level 5:colcon.colcon_core.verb:set package 'hb_task6' build argument 'catkin_cmake_args' from command line to 'None'
[0.696s] Level 5:colcon.colcon_core.verb:set package 'hb_task6' build argument 'catkin_skip_building_tests' from command line to 'False'
[0.696s] DEBUG:colcon.colcon_core.verb:Building package 'hb_task6' with the following arguments: {'ament_cmake_args': None, 'build_base': '/home/premsai/eyrc23_HB_1282/hb_task6_ws/build/hb_task6', 'catkin_cmake_args': None, 'catkin_skip_building_tests': False, 'cmake_args': None, 'cmake_clean_cache': False, 'cmake_clean_first': False, 'cmake_force_configure': False, 'cmake_target': None, 'cmake_target_skip_unavailable': False, 'install_base': '/home/premsai/eyrc23_HB_1282/hb_task6_ws/install/hb_task6', 'merge_install': False, 'path': '/home/premsai/eyrc23_HB_1282/hb_task6_ws/src/hb_task6', 'symlink_install': False, 'test_result_base': None}
[0.703s] Level 5:colcon.colcon_core.verb:set package 'hb_taskbonus' build argument 'cmake_args' from command line to 'None'
[0.704s] Level 5:colcon.colcon_core.verb:set package 'hb_taskbonus' build argument 'cmake_target' from command line to 'None'
[0.704s] Level 5:colcon.colcon_core.verb:set package 'hb_taskbonus' build argument 'cmake_target_skip_unavailable' from command line to 'False'
[0.704s] Level 5:colcon.colcon_core.verb:set package 'hb_taskbonus' build argument 'cmake_clean_cache' from command line to 'False'
[0.704s] Level 5:colcon.colcon_core.verb:set package 'hb_taskbonus' build argument 'cmake_clean_first' from command line to 'False'
[0.704s] Level 5:colcon.colcon_core.verb:set package 'hb_taskbonus' build argument 'cmake_force_configure' from command line to 'False'
[0.704s] Level 5:colcon.colcon_core.verb:set package 'hb_taskbonus' build argument 'ament_cmake_args' from command line to 'None'
[0.704s] Level 5:colcon.colcon_core.verb:set package 'hb_taskbonus' build argument 'catkin_cmake_args' from command line to 'None'
[0.704s] Level 5:colcon.colcon_core.verb:set package 'hb_taskbonus' build argument 'catkin_skip_building_tests' from command line to 'False'
[0.704s] DEBUG:colcon.colcon_core.verb:Building package 'hb_taskbonus' with the following arguments: {'ament_cmake_args': None, 'build_base': '/home/premsai/eyrc23_HB_1282/hb_task6_ws/build/hb_taskbonus', 'catkin_cmake_args': None, 'catkin_skip_building_tests': False, 'cmake_args': None, 'cmake_clean_cache': False, 'cmake_clean_first': False, 'cmake_force_configure': False, 'cmake_target': None, 'cmake_target_skip_unavailable': False, 'install_base': '/home/premsai/eyrc23_HB_1282/hb_task6_ws/install/hb_taskbonus', 'merge_install': False, 'path': '/home/premsai/eyrc23_HB_1282/hb_task6_ws/src/hb_taskbonus', 'symlink_install': False, 'test_result_base': None}
[0.711s] Level 5:colcon.colcon_core.verb:set package 'my_robot_interfaces' build argument 'cmake_args' from command line to 'None'
[0.711s] Level 5:colcon.colcon_core.verb:set package 'my_robot_interfaces' build argument 'cmake_target' from command line to 'None'
[0.711s] Level 5:colcon.colcon_core.verb:set package 'my_robot_interfaces' build argument 'cmake_target_skip_unavailable' from command line to 'False'
[0.711s] Level 5:colcon.colcon_core.verb:set package 'my_robot_interfaces' build argument 'cmake_clean_cache' from command line to 'False'
[0.711s] Level 5:colcon.colcon_core.verb:set package 'my_robot_interfaces' build argument 'cmake_clean_first' from command line to 'False'
[0.711s] Level 5:colcon.colcon_core.verb:set package 'my_robot_interfaces' build argument 'cmake_force_configure' from command line to 'False'
[0.711s] Level 5:colcon.colcon_core.verb:set package 'my_robot_interfaces' build argument 'ament_cmake_args' from command line to 'None'
[0.711s] Level 5:colcon.colcon_core.verb:set package 'my_robot_interfaces' build argument 'catkin_cmake_args' from command line to 'None'
[0.711s] Level 5:colcon.colcon_core.verb:set package 'my_robot_interfaces' build argument 'catkin_skip_building_tests' from command line to 'False'
[0.711s] DEBUG:colcon.colcon_core.verb:Building package 'my_robot_interfaces' with the following arguments: {'ament_cmake_args': None, 'build_base': '/home/premsai/eyrc23_HB_1282/hb_task6_ws/build/my_robot_interfaces', 'catkin_cmake_args': None, 'catkin_skip_building_tests': False, 'cmake_args': None, 'cmake_clean_cache': False, 'cmake_clean_first': False, 'cmake_force_configure': False, 'cmake_target': None, 'cmake_target_skip_unavailable': False, 'install_base': '/home/premsai/eyrc23_HB_1282/hb_task6_ws/install/my_robot_interfaces', 'merge_install': False, 'path': '/home/premsai/eyrc23_HB_1282/hb_task6_ws/src/my_robot_interfaces', 'symlink_install': False, 'test_result_base': None}
[0.719s] INFO:colcon.colcon_core.executor:Executing jobs using 'parallel' executor
[0.727s] DEBUG:colcon.colcon_parallel_executor.executor.parallel:run_until_complete
[0.727s] INFO:colcon.colcon_ros.task.ament_python.build:Building ROS package in '/home/premsai/eyrc23_HB_1282/hb_task6_ws/src/hb_task6' with build type 'ament_python'
[0.727s] Level 1:colcon.colcon_core.shell:create_environment_hook('hb_task6', 'ament_prefix_path')
[0.736s] INFO:colcon.colcon_core.plugin_system:Skipping extension 'colcon_core.shell.bat': Not used on non-Windows systems
[0.736s] INFO:colcon.colcon_core.shell:Creating environment hook '/home/premsai/eyrc23_HB_1282/hb_task6_ws/install/hb_task6/share/hb_task6/hook/ament_prefix_path.ps1'
[0.736s] INFO:colcon.colcon_core.shell:Creating environment descriptor '/home/premsai/eyrc23_HB_1282/hb_task6_ws/install/hb_task6/share/hb_task6/hook/ament_prefix_path.dsv'
[0.736s] INFO:colcon.colcon_core.shell:Creating environment hook '/home/premsai/eyrc23_HB_1282/hb_task6_ws/install/hb_task6/share/hb_task6/hook/ament_prefix_path.sh'
[0.744s] INFO:colcon.colcon_core.shell:Skip shell extension 'powershell' for command environment: Not usable outside of PowerShell
[0.744s] DEBUG:colcon.colcon_core.shell:Skip shell extension 'dsv' for command environment
[0.767s] INFO:colcon.colcon_ros.task.ament_python.build:Building ROS package in '/home/premsai/eyrc23_HB_1282/hb_task6_ws/src/hb_taskbonus' with build type 'ament_python'
[0.767s] Level 1:colcon.colcon_core.shell:create_environment_hook('hb_taskbonus', 'ament_prefix_path')
[0.775s] INFO:colcon.colcon_core.shell:Creating environment hook '/home/premsai/eyrc23_HB_1282/hb_task6_ws/install/hb_taskbonus/share/hb_taskbonus/hook/ament_prefix_path.ps1'
[0.776s] INFO:colcon.colcon_core.shell:Creating environment descriptor '/home/premsai/eyrc23_HB_1282/hb_task6_ws/install/hb_taskbonus/share/hb_taskbonus/hook/ament_prefix_path.dsv'
[0.776s] INFO:colcon.colcon_core.shell:Creating environment hook '/home/premsai/eyrc23_HB_1282/hb_task6_ws/install/hb_taskbonus/share/hb_taskbonus/hook/ament_prefix_path.sh'
[0.783s] INFO:colcon.colcon_core.shell:Skip shell extension 'powershell' for command environment: Not usable outside of PowerShell
[0.783s] DEBUG:colcon.colcon_core.shell:Skip shell extension 'dsv' for command environment
[0.807s] INFO:colcon.colcon_ros.task.ament_cmake.build:Building ROS package in '/home/premsai/eyrc23_HB_1282/hb_task6_ws/src/my_robot_interfaces' with build type 'ament_cmake'
[0.808s] INFO:colcon.colcon_cmake.task.cmake.build:Building CMake package in '/home/premsai/eyrc23_HB_1282/hb_task6_ws/src/my_robot_interfaces'
[0.815s] INFO:colcon.colcon_core.shell:Skip shell extension 'powershell' for command environment: Not usable outside of PowerShell
[0.815s] DEBUG:colcon.colcon_core.shell:Skip shell extension 'dsv' for command environment
[0.983s] INFO:colcon.colcon_core.task.python.build:Building Python package in '/home/premsai/eyrc23_HB_1282/hb_task6_ws/src/hb_task6'
[0.991s] INFO:colcon.colcon_core.shell:Skip shell extension 'powershell' for command environment: Not usable outside of PowerShell
[0.992s] DEBUG:colcon.colcon_core.shell:Skip shell extension 'dsv' for command environment
[1.163s] INFO:colcon.colcon_core.task.python.build:Building Python package in '/home/premsai/eyrc23_HB_1282/hb_task6_ws/src/hb_taskbonus'
[1.174s] INFO:colcon.colcon_core.shell:Skip shell extension 'powershell' for command environment: Not usable outside of PowerShell
[1.174s] DEBUG:colcon.colcon_core.shell:Skip shell extension 'dsv' for command environment
[1.204s] DEBUG:colcon.colcon_core.event_handler.log_command:Invoking command in '/home/premsai/eyrc23_HB_1282/hb_task6_ws/build/my_robot_interfaces': CMAKE_PREFIX_PATH=${CMAKE_PREFIX_PATH}:/home/premsai/eyrc23_HB_1282/hb_task6_ws/install/hb_taskbonus:/home/premsai/eyrc23_HB_1282/hb_task6_ws/install/hb_task_6:/home/premsai/eyrc23_HB_1282/hb_task6_ws/install/hb_task6:/opt/ros/humble /usr/bin/cmake --build /home/premsai/eyrc23_HB_1282/hb_task6_ws/build/my_robot_interfaces -- -j12 -l12
[1.457s] DEBUG:colcon.colcon_core.event_handler.log_command:Invoking command in '/home/premsai/eyrc23_HB_1282/hb_task6_ws/src/hb_task6': PYTHONPATH=/home/premsai/eyrc23_HB_1282/hb_task6_ws/build/hb_task6/prefix_override:/home/premsai/eyrc23_HB_1282/hb_task6_ws/install/hb_task6/lib/python3.10/site-packages:${PYTHONPATH} /usr/bin/python3 setup.py egg_info --egg-base ../../build/hb_task6 build --build-base /home/premsai/eyrc23_HB_1282/hb_task6_ws/build/hb_task6/build install --record /home/premsai/eyrc23_HB_1282/hb_task6_ws/build/hb_task6/install.log --single-version-externally-managed
[1.459s] DEBUG:colcon.colcon_core.event_handler.log_command:Invoking command in '/home/premsai/eyrc23_HB_1282/hb_task6_ws/src/hb_taskbonus': PYTHONPATH=/home/premsai/eyrc23_HB_1282/hb_task6_ws/build/hb_taskbonus/prefix_override:/home/premsai/eyrc23_HB_1282/hb_task6_ws/install/hb_taskbonus/lib/python3.10/site-packages:${PYTHONPATH} /usr/bin/python3 setup.py egg_info --egg-base ../../build/hb_taskbonus build --build-base /home/premsai/eyrc23_HB_1282/hb_task6_ws/build/hb_taskbonus/build install --record /home/premsai/eyrc23_HB_1282/hb_task6_ws/build/hb_taskbonus/install.log --single-version-externally-managed
[1.471s] DEBUG:colcon.colcon_core.event_handler.log_command:Invoked command in '/home/premsai/eyrc23_HB_1282/hb_task6_ws/build/my_robot_interfaces' returned '0': CMAKE_PREFIX_PATH=${CMAKE_PREFIX_PATH}:/home/premsai/eyrc23_HB_1282/hb_task6_ws/install/hb_taskbonus:/home/premsai/eyrc23_HB_1282/hb_task6_ws/install/hb_task_6:/home/premsai/eyrc23_HB_1282/hb_task6_ws/install/hb_task6:/opt/ros/humble /usr/bin/cmake --build /home/premsai/eyrc23_HB_1282/hb_task6_ws/build/my_robot_interfaces -- -j12 -l12
[1.534s] DEBUG:colcon.colcon_core.event_handler.log_command:Invoking command in '/home/premsai/eyrc23_HB_1282/hb_task6_ws/build/my_robot_interfaces': CMAKE_PREFIX_PATH=${CMAKE_PREFIX_PATH}:/home/premsai/eyrc23_HB_1282/hb_task6_ws/install/hb_taskbonus:/home/premsai/eyrc23_HB_1282/hb_task6_ws/install/hb_task_6:/home/premsai/eyrc23_HB_1282/hb_task6_ws/install/hb_task6:/opt/ros/humble /usr/bin/cmake --install /home/premsai/eyrc23_HB_1282/hb_task6_ws/build/my_robot_interfaces
[1.574s] Level 1:colcon.colcon_core.environment:create_environment_scripts_only(my_robot_interfaces)
[1.575s] DEBUG:colcon.colcon_core.event_handler.log_command:Invoked command in '/home/premsai/eyrc23_HB_1282/hb_task6_ws/build/my_robot_interfaces' returned '0': CMAKE_PREFIX_PATH=${CMAKE_PREFIX_PATH}:/home/premsai/eyrc23_HB_1282/hb_task6_ws/install/hb_taskbonus:/home/premsai/eyrc23_HB_1282/hb_task6_ws/install/hb_task_6:/home/premsai/eyrc23_HB_1282/hb_task6_ws/install/hb_task6:/opt/ros/humble /usr/bin/cmake --install /home/premsai/eyrc23_HB_1282/hb_task6_ws/build/my_robot_interfaces
[1.584s] Level 1:colcon.colcon_core.environment:checking '/home/premsai/eyrc23_HB_1282/hb_task6_ws/install/my_robot_interfaces' for CMake module files
[1.585s] Level 1:colcon.colcon_core.environment:checking '/home/premsai/eyrc23_HB_1282/hb_task6_ws/install/my_robot_interfaces' for CMake config files
[1.585s] Level 1:colcon.colcon_core.shell:create_environment_hook('my_robot_interfaces', 'cmake_prefix_path')
[1.593s] INFO:colcon.colcon_core.shell:Creating environment hook '/home/premsai/eyrc23_HB_1282/hb_task6_ws/install/my_robot_interfaces/share/my_robot_interfaces/hook/cmake_prefix_path.ps1'
[1.593s] INFO:colcon.colcon_core.shell:Creating environment descriptor '/home/premsai/eyrc23_HB_1282/hb_task6_ws/install/my_robot_interfaces/share/my_robot_interfaces/hook/cmake_prefix_path.dsv'
[1.593s] INFO:colcon.colcon_core.shell:Creating environment hook '/home/premsai/eyrc23_HB_1282/hb_task6_ws/install/my_robot_interfaces/share/my_robot_interfaces/hook/cmake_prefix_path.sh'
[1.594s] Level 1:colcon.colcon_core.environment:checking '/home/premsai/eyrc23_HB_1282/hb_task6_ws/install/my_robot_interfaces/lib'
[1.594s] Level 1:colcon.colcon_core.shell:create_environment_hook('my_robot_interfaces', 'ld_library_path_lib')
[1.603s] INFO:colcon.colcon_core.shell:Creating environment hook '/home/premsai/eyrc23_HB_1282/hb_task6_ws/install/my_robot_interfaces/share/my_robot_interfaces/hook/ld_library_path_lib.ps1'
[1.603s] INFO:colcon.colcon_core.shell:Creating environment descriptor '/home/premsai/eyrc23_HB_1282/hb_task6_ws/install/my_robot_interfaces/share/my_robot_interfaces/hook/ld_library_path_lib.dsv'
[1.603s] INFO:colcon.colcon_core.shell:Creating environment hook '/home/premsai/eyrc23_HB_1282/hb_task6_ws/install/my_robot_interfaces/share/my_robot_interfaces/hook/ld_library_path_lib.sh'
[1.604s] Level 1:colcon.colcon_core.environment:checking '/home/premsai/eyrc23_HB_1282/hb_task6_ws/install/my_robot_interfaces/bin'
[1.604s] Level 1:colcon.colcon_core.environment:checking '/home/premsai/eyrc23_HB_1282/hb_task6_ws/install/my_robot_interfaces/lib/pkgconfig/my_robot_interfaces.pc'
[1.604s] Level 1:colcon.colcon_core.environment:checking '/home/premsai/eyrc23_HB_1282/hb_task6_ws/install/my_robot_interfaces/lib/python3.10/site-packages'
[1.604s] Level 1:colcon.colcon_core.environment:checking '/home/premsai/eyrc23_HB_1282/hb_task6_ws/install/my_robot_interfaces/bin'
[1.614s] INFO:colcon.colcon_core.shell:Creating package script '/home/premsai/eyrc23_HB_1282/hb_task6_ws/install/my_robot_interfaces/share/my_robot_interfaces/package.ps1'
[1.615s] INFO:colcon.colcon_core.shell:Creating package descriptor '/home/premsai/eyrc23_HB_1282/hb_task6_ws/install/my_robot_interfaces/share/my_robot_interfaces/package.dsv'
[1.615s] INFO:colcon.colcon_core.shell:Creating package script '/home/premsai/eyrc23_HB_1282/hb_task6_ws/install/my_robot_interfaces/share/my_robot_interfaces/package.sh'
[1.616s] INFO:colcon.colcon_core.shell:Creating package script '/home/premsai/eyrc23_HB_1282/hb_task6_ws/install/my_robot_interfaces/share/my_robot_interfaces/package.bash'
[1.616s] INFO:colcon.colcon_core.shell:Creating package script '/home/premsai/eyrc23_HB_1282/hb_task6_ws/install/my_robot_interfaces/share/my_robot_interfaces/package.zsh'
[1.617s] Level 1:colcon.colcon_core.environment:create_file_with_runtime_dependencies(/home/premsai/eyrc23_HB_1282/hb_task6_ws/install/my_robot_interfaces/share/colcon-core/packages/my_robot_interfaces)
[1.662s] DEBUG:colcon.colcon_core.event_handler.log_command:Invoked command in '/home/premsai/eyrc23_HB_1282/hb_task6_ws/src/hb_task6' returned '0': PYTHONPATH=/home/premsai/eyrc23_HB_1282/hb_task6_ws/build/hb_task6/prefix_override:/home/premsai/eyrc23_HB_1282/hb_task6_ws/install/hb_task6/lib/python3.10/site-packages:${PYTHONPATH} /usr/bin/python3 setup.py egg_info --egg-base ../../build/hb_task6 build --build-base /home/premsai/eyrc23_HB_1282/hb_task6_ws/build/hb_task6/build install --record /home/premsai/eyrc23_HB_1282/hb_task6_ws/build/hb_task6/install.log --single-version-externally-managed
[1.674s] Level 1:colcon.colcon_core.environment:checking '/home/premsai/eyrc23_HB_1282/hb_task6_ws/install/hb_task6' for CMake module files
[1.675s] Level 1:colcon.colcon_core.environment:checking '/home/premsai/eyrc23_HB_1282/hb_task6_ws/install/hb_task6' for CMake config files
[1.675s] Level 1:colcon.colcon_core.environment:checking '/home/premsai/eyrc23_HB_1282/hb_task6_ws/install/hb_task6/lib'
[1.675s] Level 1:colcon.colcon_core.environment:checking '/home/premsai/eyrc23_HB_1282/hb_task6_ws/install/hb_task6/bin'
[1.675s] Level 1:colcon.colcon_core.environment:checking '/home/premsai/eyrc23_HB_1282/hb_task6_ws/install/hb_task6/lib/pkgconfig/hb_task6.pc'
[1.676s] Level 1:colcon.colcon_core.environment:checking '/home/premsai/eyrc23_HB_1282/hb_task6_ws/install/hb_task6/lib/python3.10/site-packages'
[1.676s] Level 1:colcon.colcon_core.shell:create_environment_hook('hb_task6', 'pythonpath')
[1.684s] INFO:colcon.colcon_core.shell:Creating environment hook '/home/premsai/eyrc23_HB_1282/hb_task6_ws/install/hb_task6/share/hb_task6/hook/pythonpath.ps1'
[1.684s] INFO:colcon.colcon_core.shell:Creating environment descriptor '/home/premsai/eyrc23_HB_1282/hb_task6_ws/install/hb_task6/share/hb_task6/hook/pythonpath.dsv'
[1.684s] INFO:colcon.colcon_core.shell:Creating environment hook '/home/premsai/eyrc23_HB_1282/hb_task6_ws/install/hb_task6/share/hb_task6/hook/pythonpath.sh'
[1.685s] Level 1:colcon.colcon_core.environment:checking '/home/premsai/eyrc23_HB_1282/hb_task6_ws/install/hb_task6/bin'
[1.685s] Level 1:colcon.colcon_core.environment:create_environment_scripts_only(hb_task6)
[1.693s] INFO:colcon.colcon_core.shell:Creating package script '/home/premsai/eyrc23_HB_1282/hb_task6_ws/install/hb_task6/share/hb_task6/package.ps1'
[1.693s] INFO:colcon.colcon_core.shell:Creating package descriptor '/home/premsai/eyrc23_HB_1282/hb_task6_ws/install/hb_task6/share/hb_task6/package.dsv'
[1.694s] INFO:colcon.colcon_core.shell:Creating package script '/home/premsai/eyrc23_HB_1282/hb_task6_ws/install/hb_task6/share/hb_task6/package.sh'
[1.694s] INFO:colcon.colcon_core.shell:Creating package script '/home/premsai/eyrc23_HB_1282/hb_task6_ws/install/hb_task6/share/hb_task6/package.bash'
[1.694s] INFO:colcon.colcon_core.shell:Creating package script '/home/premsai/eyrc23_HB_1282/hb_task6_ws/install/hb_task6/share/hb_task6/package.zsh'
[1.694s] Level 1:colcon.colcon_core.environment:create_file_with_runtime_dependencies(/home/premsai/eyrc23_HB_1282/hb_task6_ws/install/hb_task6/share/colcon-core/packages/hb_task6)
[1.702s] Level 1:colcon.colcon_core.environment:create_environment_scripts_only(my_robot_interfaces)
[1.710s] Level 1:colcon.colcon_core.environment:checking '/home/premsai/eyrc23_HB_1282/hb_task6_ws/install/my_robot_interfaces' for CMake module files
[1.710s] Level 1:colcon.colcon_core.environment:checking '/home/premsai/eyrc23_HB_1282/hb_task6_ws/install/my_robot_interfaces' for CMake config files
[1.710s] Level 1:colcon.colcon_core.shell:create_environment_hook('my_robot_interfaces', 'cmake_prefix_path')
[1.720s] INFO:colcon.colcon_core.shell:Creating environment hook '/home/premsai/eyrc23_HB_1282/hb_task6_ws/install/my_robot_interfaces/share/my_robot_interfaces/hook/cmake_prefix_path.ps1'
[1.720s] INFO:colcon.colcon_core.shell:Creating environment descriptor '/home/premsai/eyrc23_HB_1282/hb_task6_ws/install/my_robot_interfaces/share/my_robot_interfaces/hook/cmake_prefix_path.dsv'
[1.721s] INFO:colcon.colcon_core.shell:Creating environment hook '/home/premsai/eyrc23_HB_1282/hb_task6_ws/install/my_robot_interfaces/share/my_robot_interfaces/hook/cmake_prefix_path.sh'
[1.721s] Level 1:colcon.colcon_core.environment:checking '/home/premsai/eyrc23_HB_1282/hb_task6_ws/install/my_robot_interfaces/lib'
[1.721s] Level 1:colcon.colcon_core.shell:create_environment_hook('my_robot_interfaces', 'ld_library_path_lib')
[1.728s] INFO:colcon.colcon_core.shell:Creating environment hook '/home/premsai/eyrc23_HB_1282/hb_task6_ws/install/my_robot_interfaces/share/my_robot_interfaces/hook/ld_library_path_lib.ps1'
[1.729s] INFO:colcon.colcon_core.shell:Creating environment descriptor '/home/premsai/eyrc23_HB_1282/hb_task6_ws/install/my_robot_interfaces/share/my_robot_interfaces/hook/ld_library_path_lib.dsv'
[1.729s] INFO:colcon.colcon_core.shell:Creating environment hook '/home/premsai/eyrc23_HB_1282/hb_task6_ws/install/my_robot_interfaces/share/my_robot_interfaces/hook/ld_library_path_lib.sh'
[1.729s] Level 1:colcon.colcon_core.environment:checking '/home/premsai/eyrc23_HB_1282/hb_task6_ws/install/my_robot_interfaces/bin'
[1.729s] Level 1:colcon.colcon_core.environment:checking '/home/premsai/eyrc23_HB_1282/hb_task6_ws/install/my_robot_interfaces/lib/pkgconfig/my_robot_interfaces.pc'
[1.730s] Level 1:colcon.colcon_core.environment:checking '/home/premsai/eyrc23_HB_1282/hb_task6_ws/install/my_robot_interfaces/lib/python3.10/site-packages'
[1.730s] Level 1:colcon.colcon_core.environment:checking '/home/premsai/eyrc23_HB_1282/hb_task6_ws/install/my_robot_interfaces/bin'
[1.736s] INFO:colcon.colcon_core.shell:Creating package script '/home/premsai/eyrc23_HB_1282/hb_task6_ws/install/my_robot_interfaces/share/my_robot_interfaces/package.ps1'
[1.737s] INFO:colcon.colcon_core.shell:Creating package descriptor '/home/premsai/eyrc23_HB_1282/hb_task6_ws/install/my_robot_interfaces/share/my_robot_interfaces/package.dsv'
[1.737s] INFO:colcon.colcon_core.shell:Creating package script '/home/premsai/eyrc23_HB_1282/hb_task6_ws/install/my_robot_interfaces/share/my_robot_interfaces/package.sh'
[1.737s] INFO:colcon.colcon_core.shell:Creating package script '/home/premsai/eyrc23_HB_1282/hb_task6_ws/install/my_robot_interfaces/share/my_robot_interfaces/package.bash'
[1.737s] INFO:colcon.colcon_core.shell:Creating package script '/home/premsai/eyrc23_HB_1282/hb_task6_ws/install/my_robot_interfaces/share/my_robot_interfaces/package.zsh'
[1.738s] Level 1:colcon.colcon_core.environment:create_file_with_runtime_dependencies(/home/premsai/eyrc23_HB_1282/hb_task6_ws/install/my_robot_interfaces/share/colcon-core/packages/my_robot_interfaces)
[1.739s] DEBUG:colcon.colcon_core.event_handler.log_command:Invoked command in '/home/premsai/eyrc23_HB_1282/hb_task6_ws/src/hb_taskbonus' returned '0': PYTHONPATH=/home/premsai/eyrc23_HB_1282/hb_task6_ws/build/hb_taskbonus/prefix_override:/home/premsai/eyrc23_HB_1282/hb_task6_ws/install/hb_taskbonus/lib/python3.10/site-packages:${PYTHONPATH} /usr/bin/python3 setup.py egg_info --egg-base ../../build/hb_taskbonus build --build-base /home/premsai/eyrc23_HB_1282/hb_task6_ws/build/hb_taskbonus/build install --record /home/premsai/eyrc23_HB_1282/hb_task6_ws/build/hb_taskbonus/install.log --single-version-externally-managed
[1.748s] Level 1:colcon.colcon_core.environment:checking '/home/premsai/eyrc23_HB_1282/hb_task6_ws/install/hb_taskbonus' for CMake module files
[1.748s] Level 1:colcon.colcon_core.environment:checking '/home/premsai/eyrc23_HB_1282/hb_task6_ws/install/hb_taskbonus' for CMake config files
[1.748s] Level 1:colcon.colcon_core.environment:checking '/home/premsai/eyrc23_HB_1282/hb_task6_ws/install/hb_taskbonus/lib'
[1.748s] Level 1:colcon.colcon_core.environment:checking '/home/premsai/eyrc23_HB_1282/hb_task6_ws/install/hb_taskbonus/bin'
[1.748s] Level 1:colcon.colcon_core.environment:checking '/home/premsai/eyrc23_HB_1282/hb_task6_ws/install/hb_taskbonus/lib/pkgconfig/hb_taskbonus.pc'
[1.748s] Level 1:colcon.colcon_core.environment:checking '/home/premsai/eyrc23_HB_1282/hb_task6_ws/install/hb_taskbonus/lib/python3.10/site-packages'
[1.749s] Level 1:colcon.colcon_core.shell:create_environment_hook('hb_taskbonus', 'pythonpath')
[1.756s] INFO:colcon.colcon_core.shell:Creating environment hook '/home/premsai/eyrc23_HB_1282/hb_task6_ws/install/hb_taskbonus/share/hb_taskbonus/hook/pythonpath.ps1'
[1.756s] INFO:colcon.colcon_core.shell:Creating environment descriptor '/home/premsai/eyrc23_HB_1282/hb_task6_ws/install/hb_taskbonus/share/hb_taskbonus/hook/pythonpath.dsv'
[1.756s] INFO:colcon.colcon_core.shell:Creating environment hook '/home/premsai/eyrc23_HB_1282/hb_task6_ws/install/hb_taskbonus/share/hb_taskbonus/hook/pythonpath.sh'
[1.756s] Level 1:colcon.colcon_core.environment:checking '/home/premsai/eyrc23_HB_1282/hb_task6_ws/install/hb_taskbonus/bin'
[1.756s] Level 1:colcon.colcon_core.environment:create_environment_scripts_only(hb_taskbonus)
[1.763s] INFO:colcon.colcon_core.shell:Creating package script '/home/premsai/eyrc23_HB_1282/hb_task6_ws/install/hb_taskbonus/share/hb_taskbonus/package.ps1'
[1.764s] INFO:colcon.colcon_core.shell:Creating package descriptor '/home/premsai/eyrc23_HB_1282/hb_task6_ws/install/hb_taskbonus/share/hb_taskbonus/package.dsv'
[1.764s] INFO:colcon.colcon_core.shell:Creating package script '/home/premsai/eyrc23_HB_1282/hb_task6_ws/install/hb_taskbonus/share/hb_taskbonus/package.sh'
[1.764s] INFO:colcon.colcon_core.shell:Creating package script '/home/premsai/eyrc23_HB_1282/hb_task6_ws/install/hb_taskbonus/share/hb_taskbonus/package.bash'
[1.764s] INFO:colcon.colcon_core.shell:Creating package script '/home/premsai/eyrc23_HB_1282/hb_task6_ws/install/hb_taskbonus/share/hb_taskbonus/package.zsh'
[1.764s] Level 1:colcon.colcon_core.environment:create_file_with_runtime_dependencies(/home/premsai/eyrc23_HB_1282/hb_task6_ws/install/hb_taskbonus/share/colcon-core/packages/hb_taskbonus)
[1.764s] DEBUG:colcon.colcon_parallel_executor.executor.parallel:closing loop
[1.765s] DEBUG:colcon.colcon_parallel_executor.executor.parallel:loop closed
[1.765s] DEBUG:colcon.colcon_parallel_executor.executor.parallel:run_until_complete finished with '0'
[1.765s] DEBUG:colcon.colcon_core.event_reactor:joining thread
[1.775s] INFO:colcon.colcon_core.plugin_system:Skipping extension 'colcon_notification.desktop_notification.terminal_notifier': Not used on non-Darwin systems
[1.776s] INFO:colcon.colcon_core.plugin_system:Skipping extension 'colcon_notification.desktop_notification.win32': Not used on non-Windows systems
[1.776s] INFO:colcon.colcon_notification.desktop_notification:Sending desktop notification using 'notify2'
[1.787s] DEBUG:colcon.colcon_core.event_reactor:joined thread
[1.795s] INFO:colcon.colcon_core.shell:Creating prefix script '/home/premsai/eyrc23_HB_1282/hb_task6_ws/install/local_setup.ps1'
[1.795s] INFO:colcon.colcon_core.shell:Creating prefix util module '/home/premsai/eyrc23_HB_1282/hb_task6_ws/install/_local_setup_util_ps1.py'
[1.796s] INFO:colcon.colcon_core.shell:Creating prefix chain script '/home/premsai/eyrc23_HB_1282/hb_task6_ws/install/setup.ps1'
[1.803s] INFO:colcon.colcon_core.shell:Creating prefix script '/home/premsai/eyrc23_HB_1282/hb_task6_ws/install/local_setup.sh'
[1.804s] INFO:colcon.colcon_core.shell:Creating prefix util module '/home/premsai/eyrc23_HB_1282/hb_task6_ws/install/_local_setup_util_sh.py'
[1.804s] INFO:colcon.colcon_core.shell:Creating prefix chain script '/home/premsai/eyrc23_HB_1282/hb_task6_ws/install/setup.sh'
[1.816s] INFO:colcon.colcon_core.shell:Creating prefix script '/home/premsai/eyrc23_HB_1282/hb_task6_ws/install/local_setup.bash'
[1.816s] INFO:colcon.colcon_core.shell:Creating prefix chain script '/home/premsai/eyrc23_HB_1282/hb_task6_ws/install/setup.bash'
[1.823s] INFO:colcon.colcon_core.shell:Creating prefix script '/home/premsai/eyrc23_HB_1282/hb_task6_ws/install/local_setup.zsh'
[1.823s] INFO:colcon.colcon_core.shell:Creating prefix chain script '/home/premsai/eyrc23_HB_1282/hb_task6_ws/install/setup.zsh'
