[0.330s] Invoking command in '/home/akshar/eyrc_hb/hb_task_2_ws/build/hb_bot': CMAKE_PREFIX_PATH=${CMAKE_PREFIX_PATH}:/home/akshar/eyrc_hb/hb_task_2_ws/install/hb_task2b:/home/akshar/eyrc_hb/hb_task_2_ws/install/hb_task2a:/opt/ros/humble /usr/bin/cmake --build /home/akshar/eyrc_hb/hb_task_2_ws/build/hb_bot -- -j16 -l16
[0.904s] Invoked command in '/home/akshar/eyrc_hb/hb_task_2_ws/build/hb_bot' returned '0': CMAKE_PREFIX_PATH=${CMAKE_PREFIX_PATH}:/home/akshar/eyrc_hb/hb_task_2_ws/install/hb_task2b:/home/akshar/eyrc_hb/hb_task_2_ws/install/hb_task2a:/opt/ros/humble /usr/bin/cmake --build /home/akshar/eyrc_hb/hb_task_2_ws/build/hb_bot -- -j16 -l16
[0.941s] Invoking command in '/home/akshar/eyrc_hb/hb_task_2_ws/build/hb_bot': CMAKE_PREFIX_PATH=${CMAKE_PREFIX_PATH}:/home/akshar/eyrc_hb/hb_task_2_ws/install/hb_task2b:/home/akshar/eyrc_hb/hb_task_2_ws/install/hb_task2a:/opt/ros/humble /usr/bin/cmake --install /home/akshar/eyrc_hb/hb_task_2_ws/build/hb_bot
[0.954s] -- Install configuration: ""
[0.954s] -- Up-to-date: /home/akshar/eyrc_hb/hb_task_2_ws/install/hb_bot/share/hb_bot//launch
[0.954s] -- Up-to-date: /home/akshar/eyrc_hb/hb_task_2_ws/install/hb_bot/share/hb_bot//launch/multi_bot_spawn.launch.py
[0.954s] -- Up-to-date: /home/akshar/eyrc_hb/hb_task_2_ws/install/hb_bot/share/hb_bot//launch/Spawn_bot.launch.py
[0.955s] -- Up-to-date: /home/akshar/eyrc_hb/hb_task_2_ws/install/hb_bot/share/hb_bot//meshes
[0.955s] -- Up-to-date: /home/akshar/eyrc_hb/hb_task_2_ws/install/hb_bot/share/hb_bot//meshes/bot_1.jpg.001.jpg
[0.955s] -- Up-to-date: /home/akshar/eyrc_hb/hb_task_2_ws/install/hb_bot/share/hb_bot//meshes/bot_2.jpg.001.jpg
[0.955s] -- Up-to-date: /home/akshar/eyrc_hb/hb_task_2_ws/install/hb_bot/share/hb_bot//meshes/bot_1.dae
[0.955s] -- Up-to-date: /home/akshar/eyrc_hb/hb_task_2_ws/install/hb_bot/share/hb_bot//meshes/bot_3.jpg.001.jpg
[0.955s] -- Up-to-date: /home/akshar/eyrc_hb/hb_task_2_ws/install/hb_bot/share/hb_bot//meshes/bot_3.dae
[0.955s] -- Up-to-date: /home/akshar/eyrc_hb/hb_task_2_ws/install/hb_bot/share/hb_bot//meshes/bot_2.dae
[0.955s] -- Up-to-date: /home/akshar/eyrc_hb/hb_task_2_ws/install/hb_bot/share/hb_bot//meshes/bot_1.jpg
[0.955s] -- Up-to-date: /home/akshar/eyrc_hb/hb_task_2_ws/install/hb_bot/share/hb_bot//meshes/bot_3.jpg
[0.956s] -- Up-to-date: /home/akshar/eyrc_hb/hb_task_2_ws/install/hb_bot/share/hb_bot//meshes/bot_2.jpg
[0.956s] -- Up-to-date: /home/akshar/eyrc_hb/hb_task_2_ws/install/hb_bot/share/hb_bot//meshes/wheel.stl
[0.956s] -- Up-to-date: /home/akshar/eyrc_hb/hb_task_2_ws/install/hb_bot/share/hb_bot//urdf
[0.956s] -- Up-to-date: /home/akshar/eyrc_hb/hb_task_2_ws/install/hb_bot/share/hb_bot//urdf/materials.xacro
[0.956s] -- Up-to-date: /home/akshar/eyrc_hb/hb_task_2_ws/install/hb_bot/share/hb_bot//urdf/hb_bot_1.urdf.xacro
[0.956s] -- Up-to-date: /home/akshar/eyrc_hb/hb_task_2_ws/install/hb_bot/share/hb_bot//urdf/hb_bot_2.urdf.xacro
[0.956s] -- Up-to-date: /home/akshar/eyrc_hb/hb_task_2_ws/install/hb_bot/share/hb_bot//urdf/hb_bot_3.urdf.xacro
[0.956s] -- Up-to-date: /home/akshar/eyrc_hb/hb_task_2_ws/install/hb_bot/share/ament_index/resource_index/package_run_dependencies/hb_bot
[0.956s] -- Up-to-date: /home/akshar/eyrc_hb/hb_task_2_ws/install/hb_bot/share/ament_index/resource_index/parent_prefix_path/hb_bot
[0.956s] -- Up-to-date: /home/akshar/eyrc_hb/hb_task_2_ws/install/hb_bot/share/hb_bot/environment/ament_prefix_path.sh
[0.956s] -- Up-to-date: /home/akshar/eyrc_hb/hb_task_2_ws/install/hb_bot/share/hb_bot/environment/ament_prefix_path.dsv
[0.956s] -- Up-to-date: /home/akshar/eyrc_hb/hb_task_2_ws/install/hb_bot/share/hb_bot/environment/path.sh
[0.957s] -- Up-to-date: /home/akshar/eyrc_hb/hb_task_2_ws/install/hb_bot/share/hb_bot/environment/path.dsv
[0.957s] -- Up-to-date: /home/akshar/eyrc_hb/hb_task_2_ws/install/hb_bot/share/hb_bot/local_setup.bash
[0.957s] -- Up-to-date: /home/akshar/eyrc_hb/hb_task_2_ws/install/hb_bot/share/hb_bot/local_setup.sh
[0.957s] -- Up-to-date: /home/akshar/eyrc_hb/hb_task_2_ws/install/hb_bot/share/hb_bot/local_setup.zsh
[0.957s] -- Up-to-date: /home/akshar/eyrc_hb/hb_task_2_ws/install/hb_bot/share/hb_bot/local_setup.dsv
[0.957s] -- Installing: /home/akshar/eyrc_hb/hb_task_2_ws/install/hb_bot/share/hb_bot/package.dsv
[0.957s] -- Up-to-date: /home/akshar/eyrc_hb/hb_task_2_ws/install/hb_bot/share/ament_index/resource_index/packages/hb_bot
[0.957s] -- Up-to-date: /home/akshar/eyrc_hb/hb_task_2_ws/install/hb_bot/share/hb_bot/cmake/hb_botConfig.cmake
[0.957s] -- Up-to-date: /home/akshar/eyrc_hb/hb_task_2_ws/install/hb_bot/share/hb_bot/cmake/hb_botConfig-version.cmake
[0.958s] -- Up-to-date: /home/akshar/eyrc_hb/hb_task_2_ws/install/hb_bot/share/hb_bot/package.xml
[0.959s] Invoked command in '/home/akshar/eyrc_hb/hb_task_2_ws/build/hb_bot' returned '0': CMAKE_PREFIX_PATH=${CMAKE_PREFIX_PATH}:/home/akshar/eyrc_hb/hb_task_2_ws/install/hb_task2b:/home/akshar/eyrc_hb/hb_task_2_ws/install/hb_task2a:/opt/ros/humble /usr/bin/cmake --install /home/akshar/eyrc_hb/hb_task_2_ws/build/hb_bot
